[1.597s] Invoking command in '/home/samuele/dev/minar/minar-challenge-2/ros/build/rplidar_ros': CMAKE_PREFIX_PATH=${CMAKE_PREFIX_PATH}:/home/samuele/dev/minar/minar-challenge-2/ros/install/ct_teleop:/home/samuele/dev/minar/minar-challenge-2/ros/install/ct_sensors:/home/samuele/dev/minar/minar-challenge-2/ros/install/ct_navigation:/home/samuele/dev/minar/minar-challenge-2/ros/install/ct_control:/home/samuele/dev/minar/minar-challenge-2/ros/install/ct_bringup:/opt/ros/jazzy DEBUGINFOD_URLS=https://debuginfod.ubuntu.com /usr/bin/cmake --build /home/samuele/dev/minar/minar-challenge-2/ros/build/rplidar_ros -- -j8 -l8
[1.802s] [  5%] Built target rplidar_client
[1.815s] [ 52%] Built target rplidar_node
[1.851s] [100%] Built target rplidar_composition
[1.906s] Invoked command in '/home/samuele/dev/minar/minar-challenge-2/ros/build/rplidar_ros' returned '0': CMAKE_PREFIX_PATH=${CMAKE_PREFIX_PATH}:/home/samuele/dev/minar/minar-challenge-2/ros/install/ct_teleop:/home/samuele/dev/minar/minar-challenge-2/ros/install/ct_sensors:/home/samuele/dev/minar/minar-challenge-2/ros/install/ct_navigation:/home/samuele/dev/minar/minar-challenge-2/ros/install/ct_control:/home/samuele/dev/minar/minar-challenge-2/ros/install/ct_bringup:/opt/ros/jazzy DEBUGINFOD_URLS=https://debuginfod.ubuntu.com /usr/bin/cmake --build /home/samuele/dev/minar/minar-challenge-2/ros/build/rplidar_ros -- -j8 -l8
[1.909s] Invoking command in '/home/samuele/dev/minar/minar-challenge-2/ros/build/rplidar_ros': CMAKE_PREFIX_PATH=${CMAKE_PREFIX_PATH}:/home/samuele/dev/minar/minar-challenge-2/ros/install/ct_teleop:/home/samuele/dev/minar/minar-challenge-2/ros/install/ct_sensors:/home/samuele/dev/minar/minar-challenge-2/ros/install/ct_navigation:/home/samuele/dev/minar/minar-challenge-2/ros/install/ct_control:/home/samuele/dev/minar/minar-challenge-2/ros/install/ct_bringup:/opt/ros/jazzy DEBUGINFOD_URLS=https://debuginfod.ubuntu.com /usr/bin/cmake --install /home/samuele/dev/minar/minar-challenge-2/ros/build/rplidar_ros
[1.939s] -- Install configuration: ""
[1.940s] -- Up-to-date: /home/samuele/dev/minar/minar-challenge-2/ros/install/rplidar_ros/share/rplidar_ros/launch
[1.941s] -- Up-to-date: /home/samuele/dev/minar/minar-challenge-2/ros/install/rplidar_ros/share/rplidar_ros/launch/view_rplidar_a1_launch.py
[1.943s] -- Up-to-date: /home/samuele/dev/minar/minar-challenge-2/ros/install/rplidar_ros/share/rplidar_ros/launch/rplidar_s2_launch.py
[1.943s] -- Up-to-date: /home/samuele/dev/minar/minar-challenge-2/ros/install/rplidar_ros/share/rplidar_ros/launch/view_rplidar_a2m7_launch.py
[1.944s] -- Up-to-date: /home/samuele/dev/minar/minar-challenge-2/ros/install/rplidar_ros/share/rplidar_ros/launch/view_rplidar_s3_launch.py
[1.944s] -- Up-to-date: /home/samuele/dev/minar/minar-challenge-2/ros/install/rplidar_ros/share/rplidar_ros/launch/rplidar_a2m12_launch.py
[1.945s] -- Up-to-date: /home/samuele/dev/minar/minar-challenge-2/ros/install/rplidar_ros/share/rplidar_ros/launch/rplidar_c1_launch.py
[1.945s] -- Up-to-date: /home/samuele/dev/minar/minar-challenge-2/ros/install/rplidar_ros/share/rplidar_ros/launch/rplidar_s3_launch.py
[1.945s] -- Up-to-date: /home/samuele/dev/minar/minar-challenge-2/ros/install/rplidar_ros/share/rplidar_ros/launch/view_rplidar_c1_launch.py
[1.945s] -- Up-to-date: /home/samuele/dev/minar/minar-challenge-2/ros/install/rplidar_ros/share/rplidar_ros/launch/view_rplidar_a3_launch.py
[1.946s] -- Up-to-date: /home/samuele/dev/minar/minar-challenge-2/ros/install/rplidar_ros/share/rplidar_ros/launch/rplidar_a2m7_launch.py
[1.946s] -- Up-to-date: /home/samuele/dev/minar/minar-challenge-2/ros/install/rplidar_ros/share/rplidar_ros/launch/view_rplidar_s1_tcp_launch.py
[1.949s] -- Up-to-date: /home/samuele/dev/minar/minar-challenge-2/ros/install/rplidar_ros/share/rplidar_ros/launch/rplidar_s2e_launch.py
[1.950s] -- Up-to-date: /home/samuele/dev/minar/minar-challenge-2/ros/install/rplidar_ros/share/rplidar_ros/launch/view_rplidar_s1_launch.py
[1.950s] -- Up-to-date: /home/samuele/dev/minar/minar-challenge-2/ros/install/rplidar_ros/share/rplidar_ros/launch/rplidar_t1_launch.py
[1.950s] -- Up-to-date: /home/samuele/dev/minar/minar-challenge-2/ros/install/rplidar_ros/share/rplidar_ros/launch/rplidar_s1_launch.py
[1.950s] -- Up-to-date: /home/samuele/dev/minar/minar-challenge-2/ros/install/rplidar_ros/share/rplidar_ros/launch/view_rplidar_s2_launch.py
[1.950s] -- Up-to-date: /home/samuele/dev/minar/minar-challenge-2/ros/install/rplidar_ros/share/rplidar_ros/launch/rplidar_a3_launch.py
[1.951s] -- Up-to-date: /home/samuele/dev/minar/minar-challenge-2/ros/install/rplidar_ros/share/rplidar_ros/launch/view_rplidar_a2m12_launch.py
[1.951s] -- Up-to-date: /home/samuele/dev/minar/minar-challenge-2/ros/install/rplidar_ros/share/rplidar_ros/launch/rplidar_s1_tcp_launch.py
[1.951s] -- Up-to-date: /home/samuele/dev/minar/minar-challenge-2/ros/install/rplidar_ros/share/rplidar_ros/launch/view_rplidar_t1_launch.py
[1.951s] -- Up-to-date: /home/samuele/dev/minar/minar-challenge-2/ros/install/rplidar_ros/share/rplidar_ros/launch/view_rplidar_a2m8_launch.py
[1.952s] -- Up-to-date: /home/samuele/dev/minar/minar-challenge-2/ros/install/rplidar_ros/share/rplidar_ros/launch/rplidar_a1_launch.py
[1.952s] -- Up-to-date: /home/samuele/dev/minar/minar-challenge-2/ros/install/rplidar_ros/share/rplidar_ros/launch/rplidar_a2m8_launch.py
[1.955s] -- Up-to-date: /home/samuele/dev/minar/minar-challenge-2/ros/install/rplidar_ros/share/rplidar_ros/launch/view_rplidar_s2e_launch.py
[1.960s] -- Up-to-date: /home/samuele/dev/minar/minar-challenge-2/ros/install/rplidar_ros/share/rplidar_ros/rviz
[1.960s] -- Up-to-date: /home/samuele/dev/minar/minar-challenge-2/ros/install/rplidar_ros/share/rplidar_ros/rviz/rplidar_ros.rviz
[1.960s] -- Up-to-date: /home/samuele/dev/minar/minar-challenge-2/ros/install/rplidar_ros/lib/rplidar_ros/rplidar_node
[1.961s] -- Up-to-date: /home/samuele/dev/minar/minar-challenge-2/ros/install/rplidar_ros/lib/rplidar_ros/rplidar_composition
[1.961s] -- Up-to-date: /home/samuele/dev/minar/minar-challenge-2/ros/install/rplidar_ros/lib/rplidar_ros/rplidar_client
[1.961s] -- Up-to-date: /home/samuele/dev/minar/minar-challenge-2/ros/install/rplidar_ros/share/ament_index/resource_index/package_run_dependencies/rplidar_ros
[1.961s] -- Up-to-date: /home/samuele/dev/minar/minar-challenge-2/ros/install/rplidar_ros/share/ament_index/resource_index/parent_prefix_path/rplidar_ros
[1.962s] -- Up-to-date: /home/samuele/dev/minar/minar-challenge-2/ros/install/rplidar_ros/share/rplidar_ros/environment/ament_prefix_path.sh
[1.962s] -- Up-to-date: /home/samuele/dev/minar/minar-challenge-2/ros/install/rplidar_ros/share/rplidar_ros/environment/ament_prefix_path.dsv
[1.962s] -- Up-to-date: /home/samuele/dev/minar/minar-challenge-2/ros/install/rplidar_ros/share/rplidar_ros/environment/path.sh
[1.962s] -- Up-to-date: /home/samuele/dev/minar/minar-challenge-2/ros/install/rplidar_ros/share/rplidar_ros/environment/path.dsv
[1.962s] -- Up-to-date: /home/samuele/dev/minar/minar-challenge-2/ros/install/rplidar_ros/share/rplidar_ros/local_setup.bash
[1.963s] -- Up-to-date: /home/samuele/dev/minar/minar-challenge-2/ros/install/rplidar_ros/share/rplidar_ros/local_setup.sh
[1.963s] -- Up-to-date: /home/samuele/dev/minar/minar-challenge-2/ros/install/rplidar_ros/share/rplidar_ros/local_setup.zsh
[1.963s] -- Up-to-date: /home/samuele/dev/minar/minar-challenge-2/ros/install/rplidar_ros/share/rplidar_ros/local_setup.dsv
[1.979s] -- Installing: /home/samuele/dev/minar/minar-challenge-2/ros/install/rplidar_ros/share/rplidar_ros/package.dsv
[1.979s] -- Up-to-date: /home/samuele/dev/minar/minar-challenge-2/ros/install/rplidar_ros/share/ament_index/resource_index/packages/rplidar_ros
[1.979s] -- Up-to-date: /home/samuele/dev/minar/minar-challenge-2/ros/install/rplidar_ros/share/rplidar_ros/cmake/ament_cmake_export_dependencies-extras.cmake
[1.979s] -- Up-to-date: /home/samuele/dev/minar/minar-challenge-2/ros/install/rplidar_ros/share/rplidar_ros/cmake/ament_cmake_export_include_directories-extras.cmake
[1.979s] -- Up-to-date: /home/samuele/dev/minar/minar-challenge-2/ros/install/rplidar_ros/share/rplidar_ros/cmake/rplidar_rosConfig.cmake
[1.980s] -- Up-to-date: /home/samuele/dev/minar/minar-challenge-2/ros/install/rplidar_ros/share/rplidar_ros/cmake/rplidar_rosConfig-version.cmake
[1.980s] -- Up-to-date: /home/samuele/dev/minar/minar-challenge-2/ros/install/rplidar_ros/share/rplidar_ros/package.xml
[1.980s] Invoked command in '/home/samuele/dev/minar/minar-challenge-2/ros/build/rplidar_ros' returned '0': CMAKE_PREFIX_PATH=${CMAKE_PREFIX_PATH}:/home/samuele/dev/minar/minar-challenge-2/ros/install/ct_teleop:/home/samuele/dev/minar/minar-challenge-2/ros/install/ct_sensors:/home/samuele/dev/minar/minar-challenge-2/ros/install/ct_navigation:/home/samuele/dev/minar/minar-challenge-2/ros/install/ct_control:/home/samuele/dev/minar/minar-challenge-2/ros/install/ct_bringup:/opt/ros/jazzy DEBUGINFOD_URLS=https://debuginfod.ubuntu.com /usr/bin/cmake --install /home/samuele/dev/minar/minar-challenge-2/ros/build/rplidar_ros
