[0.087s] DEBUG:colcon:Command line arguments: ['/usr/bin/colcon', 'build']
[0.087s] DEBUG:colcon:Parsed command line arguments: Namespace(log_base=None, log_level=None, verb_name='build', build_base='build', install_base='install', merge_install=False, symlink_install=False, test_result_base=None, continue_on_error=False, executor='parallel', parallel_workers=8, event_handlers=None, base_paths=['.'], packages_ignore=None, packages_ignore_regex=None, paths=None, packages_up_to=None, packages_up_to_regex=None, packages_above=None, packages_above_and_dependencies=None, packages_above_depth=None, packages_select_by_dep=None, packages_skip_by_dep=None, packages_skip_up_to=None, packages_select_build_failed=False, packages_skip_build_finished=False, packages_select_test_failures=False, packages_skip_test_passed=False, packages_select=None, packages_skip=None, packages_select_regex=None, packages_skip_regex=None, packages_start=None, packages_end=None, cmake_args=None, cmake_target=None, cmake_target_skip_unavailable=False, cmake_clean_cache=False, cmake_clean_first=False, cmake_force_configure=False, ament_cmake_args=None, catkin_cmake_args=None, catkin_skip_building_tests=False, verb_parser=<colcon_argcomplete.argument_parser.argcomplete.ArgcompleteDecorator object at 0x7c4307496210>, verb_extension=<colcon_core.verb.build.BuildVerb object at 0x7c4307495fd0>, main=<bound method BuildVerb.main of <colcon_core.verb.build.BuildVerb object at 0x7c4307495fd0>>)
[0.125s] Level 1:colcon.colcon_core.package_discovery:discover_packages(recursive) check parameters
[0.125s] Level 1:colcon.colcon_core.package_discovery:discover_packages(ignore) check parameters
[0.125s] Level 1:colcon.colcon_core.package_discovery:discover_packages(path) check parameters
[0.125s] Level 1:colcon.colcon_core.package_discovery:discover_packages(recursive) discover
[0.125s] INFO:colcon.colcon_core.package_discovery:Crawling recursively for packages in '/home/samuele/dev/minar/minar-challenge-2/ros'
[0.125s] Level 1:colcon.colcon_core.package_identification:_identify(.) by extensions ['ignore', 'ignore_ament_install']
[0.125s] Level 1:colcon.colcon_core.package_identification:_identify(.) by extension 'ignore'
[0.126s] Level 1:colcon.colcon_core.package_identification:_identify(.) by extension 'ignore_ament_install'
[0.126s] Level 1:colcon.colcon_core.package_identification:_identify(.) by extensions ['ros']
[0.126s] Level 1:colcon.colcon_core.package_identification:_identify(.) by extension 'ros'
[0.150s] Level 1:colcon.colcon_core.package_identification:_identify(.) by extensions ['cmake', 'python']
[0.150s] Level 1:colcon.colcon_core.package_identification:_identify(.) by extension 'cmake'
[0.150s] Level 1:colcon.colcon_core.package_identification:_identify(.) by extension 'python'
[0.150s] Level 1:colcon.colcon_core.package_identification:_identify(.) by extensions ['python_setup_py']
[0.150s] Level 1:colcon.colcon_core.package_identification:_identify(.) by extension 'python_setup_py'
[0.151s] Level 1:colcon.colcon_core.package_identification:_identify(build) by extensions ['ignore', 'ignore_ament_install']
[0.151s] Level 1:colcon.colcon_core.package_identification:_identify(build) by extension 'ignore'
[0.151s] Level 1:colcon.colcon_core.package_identification:_identify(build) ignored
[0.151s] Level 1:colcon.colcon_core.package_identification:_identify(install) by extensions ['ignore', 'ignore_ament_install']
[0.151s] Level 1:colcon.colcon_core.package_identification:_identify(install) by extension 'ignore'
[0.151s] Level 1:colcon.colcon_core.package_identification:_identify(install) ignored
[0.151s] Level 1:colcon.colcon_core.package_identification:_identify(log) by extensions ['ignore', 'ignore_ament_install']
[0.151s] Level 1:colcon.colcon_core.package_identification:_identify(log) by extension 'ignore'
[0.151s] Level 1:colcon.colcon_core.package_identification:_identify(log) ignored
[0.151s] Level 1:colcon.colcon_core.package_identification:_identify(src) by extensions ['ignore', 'ignore_ament_install']
[0.151s] Level 1:colcon.colcon_core.package_identification:_identify(src) by extension 'ignore'
[0.151s] Level 1:colcon.colcon_core.package_identification:_identify(src) by extension 'ignore_ament_install'
[0.152s] Level 1:colcon.colcon_core.package_identification:_identify(src) by extensions ['ros']
[0.152s] Level 1:colcon.colcon_core.package_identification:_identify(src) by extension 'ros'
[0.152s] Level 1:colcon.colcon_core.package_identification:_identify(src) by extensions ['cmake', 'python']
[0.152s] Level 1:colcon.colcon_core.package_identification:_identify(src) by extension 'cmake'
[0.152s] Level 1:colcon.colcon_core.package_identification:_identify(src) by extension 'python'
[0.152s] Level 1:colcon.colcon_core.package_identification:_identify(src) by extensions ['python_setup_py']
[0.152s] Level 1:colcon.colcon_core.package_identification:_identify(src) by extension 'python_setup_py'
[0.152s] Level 1:colcon.colcon_core.package_identification:_identify(src/build) by extensions ['ignore', 'ignore_ament_install']
[0.152s] Level 1:colcon.colcon_core.package_identification:_identify(src/build) by extension 'ignore'
[0.152s] Level 1:colcon.colcon_core.package_identification:_identify(src/build) ignored
[0.152s] Level 1:colcon.colcon_core.package_identification:_identify(src/ct_bringup) by extensions ['ignore', 'ignore_ament_install']
[0.152s] Level 1:colcon.colcon_core.package_identification:_identify(src/ct_bringup) by extension 'ignore'
[0.152s] Level 1:colcon.colcon_core.package_identification:_identify(src/ct_bringup) by extension 'ignore_ament_install'
[0.152s] Level 1:colcon.colcon_core.package_identification:_identify(src/ct_bringup) by extensions ['ros']
[0.152s] Level 1:colcon.colcon_core.package_identification:_identify(src/ct_bringup) by extension 'ros'
[0.155s] DEBUG:colcon.colcon_core.package_identification:Package 'src/ct_bringup' with type 'ros.ament_python' and name 'ct_bringup'
[0.155s] Level 1:colcon.colcon_core.package_identification:_identify(src/ct_control) by extensions ['ignore', 'ignore_ament_install']
[0.155s] Level 1:colcon.colcon_core.package_identification:_identify(src/ct_control) by extension 'ignore'
[0.155s] Level 1:colcon.colcon_core.package_identification:_identify(src/ct_control) by extension 'ignore_ament_install'
[0.155s] Level 1:colcon.colcon_core.package_identification:_identify(src/ct_control) by extensions ['ros']
[0.155s] Level 1:colcon.colcon_core.package_identification:_identify(src/ct_control) by extension 'ros'
[0.156s] DEBUG:colcon.colcon_core.package_identification:Package 'src/ct_control' with type 'ros.ament_python' and name 'ct_control'
[0.156s] Level 1:colcon.colcon_core.package_identification:_identify(src/ct_description) by extensions ['ignore', 'ignore_ament_install']
[0.156s] Level 1:colcon.colcon_core.package_identification:_identify(src/ct_description) by extension 'ignore'
[0.156s] Level 1:colcon.colcon_core.package_identification:_identify(src/ct_description) by extension 'ignore_ament_install'
[0.156s] Level 1:colcon.colcon_core.package_identification:_identify(src/ct_description) by extensions ['ros']
[0.156s] Level 1:colcon.colcon_core.package_identification:_identify(src/ct_description) by extension 'ros'
[0.156s] DEBUG:colcon.colcon_core.package_identification:Package 'src/ct_description' with type 'ros.ament_cmake' and name 'ct_description'
[0.157s] Level 1:colcon.colcon_core.package_identification:_identify(src/ct_navigation) by extensions ['ignore', 'ignore_ament_install']
[0.157s] Level 1:colcon.colcon_core.package_identification:_identify(src/ct_navigation) by extension 'ignore'
[0.157s] Level 1:colcon.colcon_core.package_identification:_identify(src/ct_navigation) by extension 'ignore_ament_install'
[0.157s] Level 1:colcon.colcon_core.package_identification:_identify(src/ct_navigation) by extensions ['ros']
[0.157s] Level 1:colcon.colcon_core.package_identification:_identify(src/ct_navigation) by extension 'ros'
[0.157s] DEBUG:colcon.colcon_core.package_identification:Package 'src/ct_navigation' with type 'ros.ament_python' and name 'ct_navigation'
[0.157s] Level 1:colcon.colcon_core.package_identification:_identify(src/ct_sensors) by extensions ['ignore', 'ignore_ament_install']
[0.157s] Level 1:colcon.colcon_core.package_identification:_identify(src/ct_sensors) by extension 'ignore'
[0.158s] Level 1:colcon.colcon_core.package_identification:_identify(src/ct_sensors) by extension 'ignore_ament_install'
[0.158s] Level 1:colcon.colcon_core.package_identification:_identify(src/ct_sensors) by extensions ['ros']
[0.158s] Level 1:colcon.colcon_core.package_identification:_identify(src/ct_sensors) by extension 'ros'
[0.158s] DEBUG:colcon.colcon_core.package_identification:Package 'src/ct_sensors' with type 'ros.ament_python' and name 'ct_sensors'
[0.158s] Level 1:colcon.colcon_core.package_identification:_identify(src/ct_teleop) by extensions ['ignore', 'ignore_ament_install']
[0.158s] Level 1:colcon.colcon_core.package_identification:_identify(src/ct_teleop) by extension 'ignore'
[0.158s] Level 1:colcon.colcon_core.package_identification:_identify(src/ct_teleop) by extension 'ignore_ament_install'
[0.158s] Level 1:colcon.colcon_core.package_identification:_identify(src/ct_teleop) by extensions ['ros']
[0.158s] Level 1:colcon.colcon_core.package_identification:_identify(src/ct_teleop) by extension 'ros'
[0.159s] DEBUG:colcon.colcon_core.package_identification:Package 'src/ct_teleop' with type 'ros.ament_python' and name 'ct_teleop'
[0.159s] Level 1:colcon.colcon_core.package_identification:_identify(src/install) by extensions ['ignore', 'ignore_ament_install']
[0.159s] Level 1:colcon.colcon_core.package_identification:_identify(src/install) by extension 'ignore'
[0.160s] Level 1:colcon.colcon_core.package_identification:_identify(src/install) ignored
[0.160s] Level 1:colcon.colcon_core.package_identification:_identify(src/log) by extensions ['ignore', 'ignore_ament_install']
[0.160s] Level 1:colcon.colcon_core.package_identification:_identify(src/log) by extension 'ignore'
[0.160s] Level 1:colcon.colcon_core.package_identification:_identify(src/log) ignored
[0.160s] Level 1:colcon.colcon_core.package_identification:_identify(src/rplidar_ros) by extensions ['ignore', 'ignore_ament_install']
[0.160s] Level 1:colcon.colcon_core.package_identification:_identify(src/rplidar_ros) by extension 'ignore'
[0.160s] Level 1:colcon.colcon_core.package_identification:_identify(src/rplidar_ros) by extension 'ignore_ament_install'
[0.160s] Level 1:colcon.colcon_core.package_identification:_identify(src/rplidar_ros) by extensions ['ros']
[0.160s] Level 1:colcon.colcon_core.package_identification:_identify(src/rplidar_ros) by extension 'ros'
[0.161s] DEBUG:colcon.colcon_core.package_identification:Package 'src/rplidar_ros' with type 'ros.ament_cmake' and name 'rplidar_ros'
[0.161s] Level 1:colcon.colcon_core.package_discovery:discover_packages(recursive) using defaults
[0.161s] Level 1:colcon.colcon_core.package_discovery:discover_packages(ignore) discover
[0.161s] Level 1:colcon.colcon_core.package_discovery:discover_packages(ignore) using defaults
[0.161s] Level 1:colcon.colcon_core.package_discovery:discover_packages(path) discover
[0.161s] Level 1:colcon.colcon_core.package_discovery:discover_packages(path) using defaults
[0.180s] Level 5:colcon.colcon_core.verb:set package 'ct_bringup' build argument 'cmake_args' from command line to 'None'
[0.180s] Level 5:colcon.colcon_core.verb:set package 'ct_bringup' build argument 'cmake_target' from command line to 'None'
[0.180s] Level 5:colcon.colcon_core.verb:set package 'ct_bringup' build argument 'cmake_target_skip_unavailable' from command line to 'False'
[0.180s] Level 5:colcon.colcon_core.verb:set package 'ct_bringup' build argument 'cmake_clean_cache' from command line to 'False'
[0.180s] Level 5:colcon.colcon_core.verb:set package 'ct_bringup' build argument 'cmake_clean_first' from command line to 'False'
[0.180s] Level 5:colcon.colcon_core.verb:set package 'ct_bringup' build argument 'cmake_force_configure' from command line to 'False'
[0.180s] Level 5:colcon.colcon_core.verb:set package 'ct_bringup' build argument 'ament_cmake_args' from command line to 'None'
[0.180s] Level 5:colcon.colcon_core.verb:set package 'ct_bringup' build argument 'catkin_cmake_args' from command line to 'None'
[0.180s] Level 5:colcon.colcon_core.verb:set package 'ct_bringup' build argument 'catkin_skip_building_tests' from command line to 'False'
[0.180s] DEBUG:colcon.colcon_core.verb:Building package 'ct_bringup' with the following arguments: {'ament_cmake_args': None, 'build_base': '/home/samuele/dev/minar/minar-challenge-2/ros/build/ct_bringup', 'catkin_cmake_args': None, 'catkin_skip_building_tests': False, 'cmake_args': None, 'cmake_clean_cache': False, 'cmake_clean_first': False, 'cmake_force_configure': False, 'cmake_target': None, 'cmake_target_skip_unavailable': False, 'install_base': '/home/samuele/dev/minar/minar-challenge-2/ros/install/ct_bringup', 'merge_install': False, 'path': '/home/samuele/dev/minar/minar-challenge-2/ros/src/ct_bringup', 'symlink_install': False, 'test_result_base': None}
[0.180s] Level 5:colcon.colcon_core.verb:set package 'ct_control' build argument 'cmake_args' from command line to 'None'
[0.180s] Level 5:colcon.colcon_core.verb:set package 'ct_control' build argument 'cmake_target' from command line to 'None'
[0.181s] Level 5:colcon.colcon_core.verb:set package 'ct_control' build argument 'cmake_target_skip_unavailable' from command line to 'False'
[0.181s] Level 5:colcon.colcon_core.verb:set package 'ct_control' build argument 'cmake_clean_cache' from command line to 'False'
[0.181s] Level 5:colcon.colcon_core.verb:set package 'ct_control' build argument 'cmake_clean_first' from command line to 'False'
[0.181s] Level 5:colcon.colcon_core.verb:set package 'ct_control' build argument 'cmake_force_configure' from command line to 'False'
[0.181s] Level 5:colcon.colcon_core.verb:set package 'ct_control' build argument 'ament_cmake_args' from command line to 'None'
[0.181s] Level 5:colcon.colcon_core.verb:set package 'ct_control' build argument 'catkin_cmake_args' from command line to 'None'
[0.181s] Level 5:colcon.colcon_core.verb:set package 'ct_control' build argument 'catkin_skip_building_tests' from command line to 'False'
[0.181s] DEBUG:colcon.colcon_core.verb:Building package 'ct_control' with the following arguments: {'ament_cmake_args': None, 'build_base': '/home/samuele/dev/minar/minar-challenge-2/ros/build/ct_control', 'catkin_cmake_args': None, 'catkin_skip_building_tests': False, 'cmake_args': None, 'cmake_clean_cache': False, 'cmake_clean_first': False, 'cmake_force_configure': False, 'cmake_target': None, 'cmake_target_skip_unavailable': False, 'install_base': '/home/samuele/dev/minar/minar-challenge-2/ros/install/ct_control', 'merge_install': False, 'path': '/home/samuele/dev/minar/minar-challenge-2/ros/src/ct_control', 'symlink_install': False, 'test_result_base': None}
[0.181s] Level 5:colcon.colcon_core.verb:set package 'ct_description' build argument 'cmake_args' from command line to 'None'
[0.181s] Level 5:colcon.colcon_core.verb:set package 'ct_description' build argument 'cmake_target' from command line to 'None'
[0.181s] Level 5:colcon.colcon_core.verb:set package 'ct_description' build argument 'cmake_target_skip_unavailable' from command line to 'False'
[0.181s] Level 5:colcon.colcon_core.verb:set package 'ct_description' build argument 'cmake_clean_cache' from command line to 'False'
[0.181s] Level 5:colcon.colcon_core.verb:set package 'ct_description' build argument 'cmake_clean_first' from command line to 'False'
[0.181s] Level 5:colcon.colcon_core.verb:set package 'ct_description' build argument 'cmake_force_configure' from command line to 'False'
[0.181s] Level 5:colcon.colcon_core.verb:set package 'ct_description' build argument 'ament_cmake_args' from command line to 'None'
[0.181s] Level 5:colcon.colcon_core.verb:set package 'ct_description' build argument 'catkin_cmake_args' from command line to 'None'
[0.181s] Level 5:colcon.colcon_core.verb:set package 'ct_description' build argument 'catkin_skip_building_tests' from command line to 'False'
[0.181s] DEBUG:colcon.colcon_core.verb:Building package 'ct_description' with the following arguments: {'ament_cmake_args': None, 'build_base': '/home/samuele/dev/minar/minar-challenge-2/ros/build/ct_description', 'catkin_cmake_args': None, 'catkin_skip_building_tests': False, 'cmake_args': None, 'cmake_clean_cache': False, 'cmake_clean_first': False, 'cmake_force_configure': False, 'cmake_target': None, 'cmake_target_skip_unavailable': False, 'install_base': '/home/samuele/dev/minar/minar-challenge-2/ros/install/ct_description', 'merge_install': False, 'path': '/home/samuele/dev/minar/minar-challenge-2/ros/src/ct_description', 'symlink_install': False, 'test_result_base': None}
[0.181s] Level 5:colcon.colcon_core.verb:set package 'ct_navigation' build argument 'cmake_args' from command line to 'None'
[0.181s] Level 5:colcon.colcon_core.verb:set package 'ct_navigation' build argument 'cmake_target' from command line to 'None'
[0.181s] Level 5:colcon.colcon_core.verb:set package 'ct_navigation' build argument 'cmake_target_skip_unavailable' from command line to 'False'
[0.181s] Level 5:colcon.colcon_core.verb:set package 'ct_navigation' build argument 'cmake_clean_cache' from command line to 'False'
[0.181s] Level 5:colcon.colcon_core.verb:set package 'ct_navigation' build argument 'cmake_clean_first' from command line to 'False'
[0.181s] Level 5:colcon.colcon_core.verb:set package 'ct_navigation' build argument 'cmake_force_configure' from command line to 'False'
[0.181s] Level 5:colcon.colcon_core.verb:set package 'ct_navigation' build argument 'ament_cmake_args' from command line to 'None'
[0.181s] Level 5:colcon.colcon_core.verb:set package 'ct_navigation' build argument 'catkin_cmake_args' from command line to 'None'
[0.181s] Level 5:colcon.colcon_core.verb:set package 'ct_navigation' build argument 'catkin_skip_building_tests' from command line to 'False'
[0.181s] DEBUG:colcon.colcon_core.verb:Building package 'ct_navigation' with the following arguments: {'ament_cmake_args': None, 'build_base': '/home/samuele/dev/minar/minar-challenge-2/ros/build/ct_navigation', 'catkin_cmake_args': None, 'catkin_skip_building_tests': False, 'cmake_args': None, 'cmake_clean_cache': False, 'cmake_clean_first': False, 'cmake_force_configure': False, 'cmake_target': None, 'cmake_target_skip_unavailable': False, 'install_base': '/home/samuele/dev/minar/minar-challenge-2/ros/install/ct_navigation', 'merge_install': False, 'path': '/home/samuele/dev/minar/minar-challenge-2/ros/src/ct_navigation', 'symlink_install': False, 'test_result_base': None}
[0.182s] Level 5:colcon.colcon_core.verb:set package 'ct_sensors' build argument 'cmake_args' from command line to 'None'
[0.182s] Level 5:colcon.colcon_core.verb:set package 'ct_sensors' build argument 'cmake_target' from command line to 'None'
[0.182s] Level 5:colcon.colcon_core.verb:set package 'ct_sensors' build argument 'cmake_target_skip_unavailable' from command line to 'False'
[0.182s] Level 5:colcon.colcon_core.verb:set package 'ct_sensors' build argument 'cmake_clean_cache' from command line to 'False'
[0.182s] Level 5:colcon.colcon_core.verb:set package 'ct_sensors' build argument 'cmake_clean_first' from command line to 'False'
[0.182s] Level 5:colcon.colcon_core.verb:set package 'ct_sensors' build argument 'cmake_force_configure' from command line to 'False'
[0.182s] Level 5:colcon.colcon_core.verb:set package 'ct_sensors' build argument 'ament_cmake_args' from command line to 'None'
[0.182s] Level 5:colcon.colcon_core.verb:set package 'ct_sensors' build argument 'catkin_cmake_args' from command line to 'None'
[0.182s] Level 5:colcon.colcon_core.verb:set package 'ct_sensors' build argument 'catkin_skip_building_tests' from command line to 'False'
[0.182s] DEBUG:colcon.colcon_core.verb:Building package 'ct_sensors' with the following arguments: {'ament_cmake_args': None, 'build_base': '/home/samuele/dev/minar/minar-challenge-2/ros/build/ct_sensors', 'catkin_cmake_args': None, 'catkin_skip_building_tests': False, 'cmake_args': None, 'cmake_clean_cache': False, 'cmake_clean_first': False, 'cmake_force_configure': False, 'cmake_target': None, 'cmake_target_skip_unavailable': False, 'install_base': '/home/samuele/dev/minar/minar-challenge-2/ros/install/ct_sensors', 'merge_install': False, 'path': '/home/samuele/dev/minar/minar-challenge-2/ros/src/ct_sensors', 'symlink_install': False, 'test_result_base': None}
[0.182s] Level 5:colcon.colcon_core.verb:set package 'ct_teleop' build argument 'cmake_args' from command line to 'None'
[0.182s] Level 5:colcon.colcon_core.verb:set package 'ct_teleop' build argument 'cmake_target' from command line to 'None'
[0.182s] Level 5:colcon.colcon_core.verb:set package 'ct_teleop' build argument 'cmake_target_skip_unavailable' from command line to 'False'
[0.182s] Level 5:colcon.colcon_core.verb:set package 'ct_teleop' build argument 'cmake_clean_cache' from command line to 'False'
[0.182s] Level 5:colcon.colcon_core.verb:set package 'ct_teleop' build argument 'cmake_clean_first' from command line to 'False'
[0.182s] Level 5:colcon.colcon_core.verb:set package 'ct_teleop' build argument 'cmake_force_configure' from command line to 'False'
[0.182s] Level 5:colcon.colcon_core.verb:set package 'ct_teleop' build argument 'ament_cmake_args' from command line to 'None'
[0.182s] Level 5:colcon.colcon_core.verb:set package 'ct_teleop' build argument 'catkin_cmake_args' from command line to 'None'
[0.182s] Level 5:colcon.colcon_core.verb:set package 'ct_teleop' build argument 'catkin_skip_building_tests' from command line to 'False'
[0.182s] DEBUG:colcon.colcon_core.verb:Building package 'ct_teleop' with the following arguments: {'ament_cmake_args': None, 'build_base': '/home/samuele/dev/minar/minar-challenge-2/ros/build/ct_teleop', 'catkin_cmake_args': None, 'catkin_skip_building_tests': False, 'cmake_args': None, 'cmake_clean_cache': False, 'cmake_clean_first': False, 'cmake_force_configure': False, 'cmake_target': None, 'cmake_target_skip_unavailable': False, 'install_base': '/home/samuele/dev/minar/minar-challenge-2/ros/install/ct_teleop', 'merge_install': False, 'path': '/home/samuele/dev/minar/minar-challenge-2/ros/src/ct_teleop', 'symlink_install': False, 'test_result_base': None}
[0.182s] Level 5:colcon.colcon_core.verb:set package 'rplidar_ros' build argument 'cmake_args' from command line to 'None'
[0.182s] Level 5:colcon.colcon_core.verb:set package 'rplidar_ros' build argument 'cmake_target' from command line to 'None'
[0.183s] Level 5:colcon.colcon_core.verb:set package 'rplidar_ros' build argument 'cmake_target_skip_unavailable' from command line to 'False'
[0.183s] Level 5:colcon.colcon_core.verb:set package 'rplidar_ros' build argument 'cmake_clean_cache' from command line to 'False'
[0.183s] Level 5:colcon.colcon_core.verb:set package 'rplidar_ros' build argument 'cmake_clean_first' from command line to 'False'
[0.183s] Level 5:colcon.colcon_core.verb:set package 'rplidar_ros' build argument 'cmake_force_configure' from command line to 'False'
[0.183s] Level 5:colcon.colcon_core.verb:set package 'rplidar_ros' build argument 'ament_cmake_args' from command line to 'None'
[0.183s] Level 5:colcon.colcon_core.verb:set package 'rplidar_ros' build argument 'catkin_cmake_args' from command line to 'None'
[0.183s] Level 5:colcon.colcon_core.verb:set package 'rplidar_ros' build argument 'catkin_skip_building_tests' from command line to 'False'
[0.183s] DEBUG:colcon.colcon_core.verb:Building package 'rplidar_ros' with the following arguments: {'ament_cmake_args': None, 'build_base': '/home/samuele/dev/minar/minar-challenge-2/ros/build/rplidar_ros', 'catkin_cmake_args': None, 'catkin_skip_building_tests': False, 'cmake_args': None, 'cmake_clean_cache': False, 'cmake_clean_first': False, 'cmake_force_configure': False, 'cmake_target': None, 'cmake_target_skip_unavailable': False, 'install_base': '/home/samuele/dev/minar/minar-challenge-2/ros/install/rplidar_ros', 'merge_install': False, 'path': '/home/samuele/dev/minar/minar-challenge-2/ros/src/rplidar_ros', 'symlink_install': False, 'test_result_base': None}
[0.183s] INFO:colcon.colcon_core.executor:Executing jobs using 'parallel' executor
[0.183s] DEBUG:colcon.colcon_parallel_executor.executor.parallel:run_until_complete
[0.184s] INFO:colcon.colcon_ros.task.ament_python.build:Building ROS package in '/home/samuele/dev/minar/minar-challenge-2/ros/src/ct_bringup' with build type 'ament_python'
[0.184s] Level 1:colcon.colcon_core.shell:create_environment_hook('ct_bringup', 'ament_prefix_path')
[0.186s] INFO:colcon.colcon_core.plugin_system:Skipping extension 'colcon_core.shell.bat': Not used on non-Windows systems
[0.186s] INFO:colcon.colcon_core.shell:Creating environment descriptor '/home/samuele/dev/minar/minar-challenge-2/ros/install/ct_bringup/share/ct_bringup/hook/ament_prefix_path.dsv'
[0.187s] INFO:colcon.colcon_core.shell:Creating environment hook '/home/samuele/dev/minar/minar-challenge-2/ros/install/ct_bringup/share/ct_bringup/hook/ament_prefix_path.sh'
[0.188s] DEBUG:colcon.colcon_core.shell:Skip shell extension 'dsv' for command environment
[0.189s] WARNING:colcon.colcon_ros.prefix_path.ament:The path '/home/samuele/dev/minar/minar-challenge-2/ros/install/rf2o_laser_odometry' in the environment variable AMENT_PREFIX_PATH doesn't exist
[0.189s] WARNING:colcon.colcon_ros.prefix_path.catkin:The path '/home/samuele/dev/minar/minar-challenge-2/ros/install/rf2o_laser_odometry' in the environment variable CMAKE_PREFIX_PATH doesn't exist
[0.196s] INFO:colcon.colcon_ros.task.ament_python.build:Building ROS package in '/home/samuele/dev/minar/minar-challenge-2/ros/src/ct_control' with build type 'ament_python'
[0.197s] Level 1:colcon.colcon_core.shell:create_environment_hook('ct_control', 'ament_prefix_path')
[0.197s] INFO:colcon.colcon_core.shell:Creating environment descriptor '/home/samuele/dev/minar/minar-challenge-2/ros/install/ct_control/share/ct_control/hook/ament_prefix_path.dsv'
[0.198s] INFO:colcon.colcon_core.shell:Creating environment hook '/home/samuele/dev/minar/minar-challenge-2/ros/install/ct_control/share/ct_control/hook/ament_prefix_path.sh'
[0.199s] DEBUG:colcon.colcon_core.shell:Skip shell extension 'dsv' for command environment
[0.205s] INFO:colcon.colcon_ros.task.ament_cmake.build:Building ROS package in '/home/samuele/dev/minar/minar-challenge-2/ros/src/ct_description' with build type 'ament_cmake'
[0.205s] INFO:colcon.colcon_cmake.task.cmake.build:Building CMake package in '/home/samuele/dev/minar/minar-challenge-2/ros/src/ct_description'
[0.206s] DEBUG:colcon.colcon_core.shell:Skip shell extension 'dsv' for command environment
[0.212s] INFO:colcon.colcon_ros.task.ament_python.build:Building ROS package in '/home/samuele/dev/minar/minar-challenge-2/ros/src/ct_navigation' with build type 'ament_python'
[0.213s] Level 1:colcon.colcon_core.shell:create_environment_hook('ct_navigation', 'ament_prefix_path')
[0.213s] INFO:colcon.colcon_core.shell:Creating environment descriptor '/home/samuele/dev/minar/minar-challenge-2/ros/install/ct_navigation/share/ct_navigation/hook/ament_prefix_path.dsv'
[0.214s] INFO:colcon.colcon_core.shell:Creating environment hook '/home/samuele/dev/minar/minar-challenge-2/ros/install/ct_navigation/share/ct_navigation/hook/ament_prefix_path.sh'
[0.215s] DEBUG:colcon.colcon_core.shell:Skip shell extension 'dsv' for command environment
[0.220s] INFO:colcon.colcon_ros.task.ament_python.build:Building ROS package in '/home/samuele/dev/minar/minar-challenge-2/ros/src/ct_sensors' with build type 'ament_python'
[0.220s] Level 1:colcon.colcon_core.shell:create_environment_hook('ct_sensors', 'ament_prefix_path')
[0.220s] INFO:colcon.colcon_core.shell:Creating environment descriptor '/home/samuele/dev/minar/minar-challenge-2/ros/install/ct_sensors/share/ct_sensors/hook/ament_prefix_path.dsv'
[0.221s] INFO:colcon.colcon_core.shell:Creating environment hook '/home/samuele/dev/minar/minar-challenge-2/ros/install/ct_sensors/share/ct_sensors/hook/ament_prefix_path.sh'
[0.221s] DEBUG:colcon.colcon_core.shell:Skip shell extension 'dsv' for command environment
[0.226s] INFO:colcon.colcon_ros.task.ament_python.build:Building ROS package in '/home/samuele/dev/minar/minar-challenge-2/ros/src/ct_teleop' with build type 'ament_python'
[0.226s] Level 1:colcon.colcon_core.shell:create_environment_hook('ct_teleop', 'ament_prefix_path')
[0.226s] INFO:colcon.colcon_core.shell:Creating environment descriptor '/home/samuele/dev/minar/minar-challenge-2/ros/install/ct_teleop/share/ct_teleop/hook/ament_prefix_path.dsv'
[0.227s] INFO:colcon.colcon_core.shell:Creating environment hook '/home/samuele/dev/minar/minar-challenge-2/ros/install/ct_teleop/share/ct_teleop/hook/ament_prefix_path.sh'
[0.228s] DEBUG:colcon.colcon_core.shell:Skip shell extension 'dsv' for command environment
[0.232s] INFO:colcon.colcon_ros.task.ament_cmake.build:Building ROS package in '/home/samuele/dev/minar/minar-challenge-2/ros/src/rplidar_ros' with build type 'ament_cmake'
[0.232s] INFO:colcon.colcon_cmake.task.cmake.build:Building CMake package in '/home/samuele/dev/minar/minar-challenge-2/ros/src/rplidar_ros'
[0.232s] DEBUG:colcon.colcon_core.shell:Skip shell extension 'dsv' for command environment
[0.466s] INFO:colcon.colcon_core.task.python.build:Building Python package in '/home/samuele/dev/minar/minar-challenge-2/ros/src/ct_bringup'
[0.466s] DEBUG:colcon.colcon_core.shell:Skip shell extension 'dsv' for command environment
[0.821s] INFO:colcon.colcon_core.task.python.build:Building Python package in '/home/samuele/dev/minar/minar-challenge-2/ros/src/ct_control'
[0.822s] DEBUG:colcon.colcon_core.shell:Skip shell extension 'dsv' for command environment
[0.841s] DEBUG:colcon.colcon_core.event_handler.log_command:Invoking command in '/home/samuele/dev/minar/minar-challenge-2/ros/build/ct_description': CMAKE_PREFIX_PATH=${CMAKE_PREFIX_PATH}:/home/samuele/dev/minar/minar-challenge-2/ros/install/ct_teleop:/home/samuele/dev/minar/minar-challenge-2/ros/install/ct_sensors:/home/samuele/dev/minar/minar-challenge-2/ros/install/ct_navigation:/home/samuele/dev/minar/minar-challenge-2/ros/install/ct_control:/home/samuele/dev/minar/minar-challenge-2/ros/install/ct_bringup:/opt/ros/jazzy DEBUGINFOD_URLS=https://debuginfod.ubuntu.com /usr/bin/cmake --build /home/samuele/dev/minar/minar-challenge-2/ros/build/ct_description -- -j8 -l8
[1.120s] INFO:colcon.colcon_core.task.python.build:Building Python package in '/home/samuele/dev/minar/minar-challenge-2/ros/src/ct_navigation'
[1.120s] DEBUG:colcon.colcon_core.shell:Skip shell extension 'dsv' for command environment
[1.347s] INFO:colcon.colcon_core.task.python.build:Building Python package in '/home/samuele/dev/minar/minar-challenge-2/ros/src/ct_sensors'
[1.347s] DEBUG:colcon.colcon_core.shell:Skip shell extension 'dsv' for command environment
[1.572s] INFO:colcon.colcon_core.task.python.build:Building Python package in '/home/samuele/dev/minar/minar-challenge-2/ros/src/ct_teleop'
[1.572s] DEBUG:colcon.colcon_core.shell:Skip shell extension 'dsv' for command environment
[1.578s] DEBUG:colcon.colcon_core.event_handler.log_command:Invoked command in '/home/samuele/dev/minar/minar-challenge-2/ros/build/ct_description' returned '0': CMAKE_PREFIX_PATH=${CMAKE_PREFIX_PATH}:/home/samuele/dev/minar/minar-challenge-2/ros/install/ct_teleop:/home/samuele/dev/minar/minar-challenge-2/ros/install/ct_sensors:/home/samuele/dev/minar/minar-challenge-2/ros/install/ct_navigation:/home/samuele/dev/minar/minar-challenge-2/ros/install/ct_control:/home/samuele/dev/minar/minar-challenge-2/ros/install/ct_bringup:/opt/ros/jazzy DEBUGINFOD_URLS=https://debuginfod.ubuntu.com /usr/bin/cmake --build /home/samuele/dev/minar/minar-challenge-2/ros/build/ct_description -- -j8 -l8
[1.588s] DEBUG:colcon.colcon_core.event_handler.log_command:Invoking command in '/home/samuele/dev/minar/minar-challenge-2/ros/build/ct_description': CMAKE_PREFIX_PATH=${CMAKE_PREFIX_PATH}:/home/samuele/dev/minar/minar-challenge-2/ros/install/ct_teleop:/home/samuele/dev/minar/minar-challenge-2/ros/install/ct_sensors:/home/samuele/dev/minar/minar-challenge-2/ros/install/ct_navigation:/home/samuele/dev/minar/minar-challenge-2/ros/install/ct_control:/home/samuele/dev/minar/minar-challenge-2/ros/install/ct_bringup:/opt/ros/jazzy DEBUGINFOD_URLS=https://debuginfod.ubuntu.com /usr/bin/cmake --install /home/samuele/dev/minar/minar-challenge-2/ros/build/ct_description
[1.592s] DEBUG:colcon.colcon_core.event_handler.log_command:Invoking command in '/home/samuele/dev/minar/minar-challenge-2/ros/build/rplidar_ros': CMAKE_PREFIX_PATH=${CMAKE_PREFIX_PATH}:/home/samuele/dev/minar/minar-challenge-2/ros/install/ct_teleop:/home/samuele/dev/minar/minar-challenge-2/ros/install/ct_sensors:/home/samuele/dev/minar/minar-challenge-2/ros/install/ct_navigation:/home/samuele/dev/minar/minar-challenge-2/ros/install/ct_control:/home/samuele/dev/minar/minar-challenge-2/ros/install/ct_bringup:/opt/ros/jazzy DEBUGINFOD_URLS=https://debuginfod.ubuntu.com /usr/bin/cmake --build /home/samuele/dev/minar/minar-challenge-2/ros/build/rplidar_ros -- -j8 -l8
[1.618s] Level 1:colcon.colcon_core.environment:create_environment_scripts_only(ct_description)
[1.618s] DEBUG:colcon.colcon_core.event_handler.log_command:Invoked command in '/home/samuele/dev/minar/minar-challenge-2/ros/build/ct_description' returned '0': CMAKE_PREFIX_PATH=${CMAKE_PREFIX_PATH}:/home/samuele/dev/minar/minar-challenge-2/ros/install/ct_teleop:/home/samuele/dev/minar/minar-challenge-2/ros/install/ct_sensors:/home/samuele/dev/minar/minar-challenge-2/ros/install/ct_navigation:/home/samuele/dev/minar/minar-challenge-2/ros/install/ct_control:/home/samuele/dev/minar/minar-challenge-2/ros/install/ct_bringup:/opt/ros/jazzy DEBUGINFOD_URLS=https://debuginfod.ubuntu.com /usr/bin/cmake --install /home/samuele/dev/minar/minar-challenge-2/ros/build/ct_description
[1.624s] Level 1:colcon.colcon_core.environment:checking '/home/samuele/dev/minar/minar-challenge-2/ros/install/ct_description' for CMake module files
[1.626s] Level 1:colcon.colcon_core.environment:checking '/home/samuele/dev/minar/minar-challenge-2/ros/install/ct_description' for CMake config files
[1.626s] Level 1:colcon.colcon_core.shell:create_environment_hook('ct_description', 'cmake_prefix_path')
[1.627s] INFO:colcon.colcon_core.shell:Creating environment descriptor '/home/samuele/dev/minar/minar-challenge-2/ros/install/ct_description/share/ct_description/hook/cmake_prefix_path.dsv'
[1.628s] INFO:colcon.colcon_core.shell:Creating environment hook '/home/samuele/dev/minar/minar-challenge-2/ros/install/ct_description/share/ct_description/hook/cmake_prefix_path.sh'
[1.629s] Level 1:colcon.colcon_core.environment:checking '/home/samuele/dev/minar/minar-challenge-2/ros/install/ct_description/bin'
[1.630s] Level 1:colcon.colcon_core.environment:checking '/home/samuele/dev/minar/minar-challenge-2/ros/install/ct_description/lib/pkgconfig/ct_description.pc'
[1.630s] Level 1:colcon.colcon_core.environment:checking '/home/samuele/dev/minar/minar-challenge-2/ros/install/ct_description/lib/python3.12/site-packages'
[1.631s] Level 1:colcon.colcon_core.environment:checking '/home/samuele/dev/minar/minar-challenge-2/ros/install/ct_description/bin'
[1.631s] INFO:colcon.colcon_core.shell:Creating package descriptor '/home/samuele/dev/minar/minar-challenge-2/ros/install/ct_description/share/ct_description/package.dsv'
[1.632s] INFO:colcon.colcon_core.shell:Creating package script '/home/samuele/dev/minar/minar-challenge-2/ros/install/ct_description/share/ct_description/package.sh'
[1.634s] INFO:colcon.colcon_core.shell:Creating package script '/home/samuele/dev/minar/minar-challenge-2/ros/install/ct_description/share/ct_description/package.bash'
[1.636s] INFO:colcon.colcon_core.shell:Creating package script '/home/samuele/dev/minar/minar-challenge-2/ros/install/ct_description/share/ct_description/package.zsh'
[1.638s] Level 1:colcon.colcon_core.environment:create_file_with_runtime_dependencies(/home/samuele/dev/minar/minar-challenge-2/ros/install/ct_description/share/colcon-core/packages/ct_description)
[1.639s] Level 1:colcon.colcon_core.environment:create_environment_scripts_only(ct_description)
[1.639s] Level 1:colcon.colcon_core.environment:checking '/home/samuele/dev/minar/minar-challenge-2/ros/install/ct_description' for CMake module files
[1.641s] Level 1:colcon.colcon_core.environment:checking '/home/samuele/dev/minar/minar-challenge-2/ros/install/ct_description' for CMake config files
[1.641s] Level 1:colcon.colcon_core.shell:create_environment_hook('ct_description', 'cmake_prefix_path')
[1.641s] INFO:colcon.colcon_core.shell:Creating environment descriptor '/home/samuele/dev/minar/minar-challenge-2/ros/install/ct_description/share/ct_description/hook/cmake_prefix_path.dsv'
[1.643s] INFO:colcon.colcon_core.shell:Creating environment hook '/home/samuele/dev/minar/minar-challenge-2/ros/install/ct_description/share/ct_description/hook/cmake_prefix_path.sh'
[1.644s] Level 1:colcon.colcon_core.environment:checking '/home/samuele/dev/minar/minar-challenge-2/ros/install/ct_description/bin'
[1.644s] Level 1:colcon.colcon_core.environment:checking '/home/samuele/dev/minar/minar-challenge-2/ros/install/ct_description/lib/pkgconfig/ct_description.pc'
[1.645s] Level 1:colcon.colcon_core.environment:checking '/home/samuele/dev/minar/minar-challenge-2/ros/install/ct_description/lib/python3.12/site-packages'
[1.645s] Level 1:colcon.colcon_core.environment:checking '/home/samuele/dev/minar/minar-challenge-2/ros/install/ct_description/bin'
[1.646s] INFO:colcon.colcon_core.shell:Creating package descriptor '/home/samuele/dev/minar/minar-challenge-2/ros/install/ct_description/share/ct_description/package.dsv'
[1.647s] INFO:colcon.colcon_core.shell:Creating package script '/home/samuele/dev/minar/minar-challenge-2/ros/install/ct_description/share/ct_description/package.sh'
[1.648s] INFO:colcon.colcon_core.shell:Creating package script '/home/samuele/dev/minar/minar-challenge-2/ros/install/ct_description/share/ct_description/package.bash'
[1.649s] INFO:colcon.colcon_core.shell:Creating package script '/home/samuele/dev/minar/minar-challenge-2/ros/install/ct_description/share/ct_description/package.zsh'
[1.650s] Level 1:colcon.colcon_core.environment:create_file_with_runtime_dependencies(/home/samuele/dev/minar/minar-challenge-2/ros/install/ct_description/share/colcon-core/packages/ct_description)
[1.811s] DEBUG:colcon.colcon_core.event_handler.log_command:Invoked command in '/home/samuele/dev/minar/minar-challenge-2/ros/build/rplidar_ros' returned '0': CMAKE_PREFIX_PATH=${CMAKE_PREFIX_PATH}:/home/samuele/dev/minar/minar-challenge-2/ros/install/ct_teleop:/home/samuele/dev/minar/minar-challenge-2/ros/install/ct_sensors:/home/samuele/dev/minar/minar-challenge-2/ros/install/ct_navigation:/home/samuele/dev/minar/minar-challenge-2/ros/install/ct_control:/home/samuele/dev/minar/minar-challenge-2/ros/install/ct_bringup:/opt/ros/jazzy DEBUGINFOD_URLS=https://debuginfod.ubuntu.com /usr/bin/cmake --build /home/samuele/dev/minar/minar-challenge-2/ros/build/rplidar_ros -- -j8 -l8
[1.816s] DEBUG:colcon.colcon_core.event_handler.log_command:Invoking command in '/home/samuele/dev/minar/minar-challenge-2/ros/build/rplidar_ros': CMAKE_PREFIX_PATH=${CMAKE_PREFIX_PATH}:/home/samuele/dev/minar/minar-challenge-2/ros/install/ct_teleop:/home/samuele/dev/minar/minar-challenge-2/ros/install/ct_sensors:/home/samuele/dev/minar/minar-challenge-2/ros/install/ct_navigation:/home/samuele/dev/minar/minar-challenge-2/ros/install/ct_control:/home/samuele/dev/minar/minar-challenge-2/ros/install/ct_bringup:/opt/ros/jazzy DEBUGINFOD_URLS=https://debuginfod.ubuntu.com /usr/bin/cmake --install /home/samuele/dev/minar/minar-challenge-2/ros/build/rplidar_ros
[1.849s] Level 1:colcon.colcon_core.environment:create_environment_scripts_only(rplidar_ros)
[1.849s] Level 1:colcon.colcon_core.environment:checking '/home/samuele/dev/minar/minar-challenge-2/ros/install/rplidar_ros' for CMake module files
[1.854s] Level 1:colcon.colcon_core.environment:checking '/home/samuele/dev/minar/minar-challenge-2/ros/install/rplidar_ros' for CMake config files
[1.855s] Level 1:colcon.colcon_core.shell:create_environment_hook('rplidar_ros', 'cmake_prefix_path')
[1.855s] INFO:colcon.colcon_core.shell:Creating environment descriptor '/home/samuele/dev/minar/minar-challenge-2/ros/install/rplidar_ros/share/rplidar_ros/hook/cmake_prefix_path.dsv'
[1.856s] INFO:colcon.colcon_core.shell:Creating environment hook '/home/samuele/dev/minar/minar-challenge-2/ros/install/rplidar_ros/share/rplidar_ros/hook/cmake_prefix_path.sh'
[1.860s] DEBUG:colcon.colcon_core.event_handler.log_command:Invoked command in '/home/samuele/dev/minar/minar-challenge-2/ros/build/rplidar_ros' returned '0': CMAKE_PREFIX_PATH=${CMAKE_PREFIX_PATH}:/home/samuele/dev/minar/minar-challenge-2/ros/install/ct_teleop:/home/samuele/dev/minar/minar-challenge-2/ros/install/ct_sensors:/home/samuele/dev/minar/minar-challenge-2/ros/install/ct_navigation:/home/samuele/dev/minar/minar-challenge-2/ros/install/ct_control:/home/samuele/dev/minar/minar-challenge-2/ros/install/ct_bringup:/opt/ros/jazzy DEBUGINFOD_URLS=https://debuginfod.ubuntu.com /usr/bin/cmake --install /home/samuele/dev/minar/minar-challenge-2/ros/build/rplidar_ros
[1.860s] Level 1:colcon.colcon_core.environment:checking '/home/samuele/dev/minar/minar-challenge-2/ros/install/rplidar_ros/lib'
[1.861s] Level 1:colcon.colcon_core.environment:checking '/home/samuele/dev/minar/minar-challenge-2/ros/install/rplidar_ros/bin'
[1.861s] Level 1:colcon.colcon_core.environment:checking '/home/samuele/dev/minar/minar-challenge-2/ros/install/rplidar_ros/lib/pkgconfig/rplidar_ros.pc'
[1.861s] Level 1:colcon.colcon_core.environment:checking '/home/samuele/dev/minar/minar-challenge-2/ros/install/rplidar_ros/lib/python3.12/site-packages'
[1.862s] Level 1:colcon.colcon_core.environment:checking '/home/samuele/dev/minar/minar-challenge-2/ros/install/rplidar_ros/bin'
[1.862s] INFO:colcon.colcon_core.shell:Creating package descriptor '/home/samuele/dev/minar/minar-challenge-2/ros/install/rplidar_ros/share/rplidar_ros/package.dsv'
[1.863s] INFO:colcon.colcon_core.shell:Creating package script '/home/samuele/dev/minar/minar-challenge-2/ros/install/rplidar_ros/share/rplidar_ros/package.sh'
[1.864s] INFO:colcon.colcon_core.shell:Creating package script '/home/samuele/dev/minar/minar-challenge-2/ros/install/rplidar_ros/share/rplidar_ros/package.bash'
[1.865s] INFO:colcon.colcon_core.shell:Creating package script '/home/samuele/dev/minar/minar-challenge-2/ros/install/rplidar_ros/share/rplidar_ros/package.zsh'
[1.866s] Level 1:colcon.colcon_core.environment:create_file_with_runtime_dependencies(/home/samuele/dev/minar/minar-challenge-2/ros/install/rplidar_ros/share/colcon-core/packages/rplidar_ros)
[1.867s] Level 1:colcon.colcon_core.environment:create_environment_scripts_only(rplidar_ros)
[1.868s] Level 1:colcon.colcon_core.environment:checking '/home/samuele/dev/minar/minar-challenge-2/ros/install/rplidar_ros' for CMake module files
[1.869s] Level 1:colcon.colcon_core.environment:checking '/home/samuele/dev/minar/minar-challenge-2/ros/install/rplidar_ros' for CMake config files
[1.870s] Level 1:colcon.colcon_core.shell:create_environment_hook('rplidar_ros', 'cmake_prefix_path')
[1.870s] INFO:colcon.colcon_core.shell:Creating environment descriptor '/home/samuele/dev/minar/minar-challenge-2/ros/install/rplidar_ros/share/rplidar_ros/hook/cmake_prefix_path.dsv'
[1.871s] INFO:colcon.colcon_core.shell:Creating environment hook '/home/samuele/dev/minar/minar-challenge-2/ros/install/rplidar_ros/share/rplidar_ros/hook/cmake_prefix_path.sh'
[1.872s] Level 1:colcon.colcon_core.environment:checking '/home/samuele/dev/minar/minar-challenge-2/ros/install/rplidar_ros/lib'
[1.873s] Level 1:colcon.colcon_core.environment:checking '/home/samuele/dev/minar/minar-challenge-2/ros/install/rplidar_ros/bin'
[1.873s] Level 1:colcon.colcon_core.environment:checking '/home/samuele/dev/minar/minar-challenge-2/ros/install/rplidar_ros/lib/pkgconfig/rplidar_ros.pc'
[1.873s] Level 1:colcon.colcon_core.environment:checking '/home/samuele/dev/minar/minar-challenge-2/ros/install/rplidar_ros/lib/python3.12/site-packages'
[1.874s] Level 1:colcon.colcon_core.environment:checking '/home/samuele/dev/minar/minar-challenge-2/ros/install/rplidar_ros/bin'
[1.874s] INFO:colcon.colcon_core.shell:Creating package descriptor '/home/samuele/dev/minar/minar-challenge-2/ros/install/rplidar_ros/share/rplidar_ros/package.dsv'
[1.879s] INFO:colcon.colcon_core.shell:Creating package script '/home/samuele/dev/minar/minar-challenge-2/ros/install/rplidar_ros/share/rplidar_ros/package.sh'
[1.881s] INFO:colcon.colcon_core.shell:Creating package script '/home/samuele/dev/minar/minar-challenge-2/ros/install/rplidar_ros/share/rplidar_ros/package.bash'
[1.882s] INFO:colcon.colcon_core.shell:Creating package script '/home/samuele/dev/minar/minar-challenge-2/ros/install/rplidar_ros/share/rplidar_ros/package.zsh'
[1.883s] Level 1:colcon.colcon_core.environment:create_file_with_runtime_dependencies(/home/samuele/dev/minar/minar-challenge-2/ros/install/rplidar_ros/share/colcon-core/packages/rplidar_ros)
[2.814s] DEBUG:colcon.colcon_core.event_handler.log_command:Invoking command in '/home/samuele/dev/minar/minar-challenge-2/ros/src/ct_sensors': DEBUGINFOD_URLS=https://debuginfod.ubuntu.com PYTHONPATH=/home/samuele/dev/minar/minar-challenge-2/ros/build/ct_sensors/prefix_override:/usr/lib/python3/dist-packages/colcon_core/task/python/colcon_distutils_commands:/home/samuele/dev/minar/minar-challenge-2/ros/install/ct_sensors/lib/python3.12/site-packages:${PYTHONPATH} /usr/bin/python3 -W ignore:setup.py install is deprecated -W ignore:easy_install command is deprecated setup.py egg_info --egg-base ../../build/ct_sensors build --build-base /home/samuele/dev/minar/minar-challenge-2/ros/build/ct_sensors/build install --record /home/samuele/dev/minar/minar-challenge-2/ros/build/ct_sensors/install.log --single-version-externally-managed install_data
[2.835s] DEBUG:colcon.colcon_core.event_handler.log_command:Invoking command in '/home/samuele/dev/minar/minar-challenge-2/ros/src/ct_navigation': DEBUGINFOD_URLS=https://debuginfod.ubuntu.com PYTHONPATH=/home/samuele/dev/minar/minar-challenge-2/ros/build/ct_navigation/prefix_override:/usr/lib/python3/dist-packages/colcon_core/task/python/colcon_distutils_commands:/home/samuele/dev/minar/minar-challenge-2/ros/install/ct_navigation/lib/python3.12/site-packages:${PYTHONPATH} /usr/bin/python3 -W ignore:setup.py install is deprecated -W ignore:easy_install command is deprecated setup.py egg_info --egg-base ../../build/ct_navigation build --build-base /home/samuele/dev/minar/minar-challenge-2/ros/build/ct_navigation/build install --record /home/samuele/dev/minar/minar-challenge-2/ros/build/ct_navigation/install.log --single-version-externally-managed install_data
[2.840s] DEBUG:colcon.colcon_core.event_handler.log_command:Invoking command in '/home/samuele/dev/minar/minar-challenge-2/ros/src/ct_bringup': DEBUGINFOD_URLS=https://debuginfod.ubuntu.com PYTHONPATH=/home/samuele/dev/minar/minar-challenge-2/ros/build/ct_bringup/prefix_override:/usr/lib/python3/dist-packages/colcon_core/task/python/colcon_distutils_commands:/home/samuele/dev/minar/minar-challenge-2/ros/install/ct_bringup/lib/python3.12/site-packages:${PYTHONPATH} /usr/bin/python3 -W ignore:setup.py install is deprecated -W ignore:easy_install command is deprecated setup.py egg_info --egg-base ../../build/ct_bringup build --build-base /home/samuele/dev/minar/minar-challenge-2/ros/build/ct_bringup/build install --record /home/samuele/dev/minar/minar-challenge-2/ros/build/ct_bringup/install.log --single-version-externally-managed install_data
[3.214s] DEBUG:colcon.colcon_core.event_handler.log_command:Invoking command in '/home/samuele/dev/minar/minar-challenge-2/ros/src/ct_teleop': DEBUGINFOD_URLS=https://debuginfod.ubuntu.com PYTHONPATH=/home/samuele/dev/minar/minar-challenge-2/ros/build/ct_teleop/prefix_override:/usr/lib/python3/dist-packages/colcon_core/task/python/colcon_distutils_commands:/home/samuele/dev/minar/minar-challenge-2/ros/install/ct_teleop/lib/python3.12/site-packages:${PYTHONPATH} /usr/bin/python3 -W ignore:setup.py install is deprecated -W ignore:easy_install command is deprecated setup.py egg_info --egg-base ../../build/ct_teleop build --build-base /home/samuele/dev/minar/minar-challenge-2/ros/build/ct_teleop/build install --record /home/samuele/dev/minar/minar-challenge-2/ros/build/ct_teleop/install.log --single-version-externally-managed install_data
[3.238s] DEBUG:colcon.colcon_core.event_handler.log_command:Invoking command in '/home/samuele/dev/minar/minar-challenge-2/ros/src/ct_control': DEBUGINFOD_URLS=https://debuginfod.ubuntu.com PYTHONPATH=/home/samuele/dev/minar/minar-challenge-2/ros/build/ct_control/prefix_override:/usr/lib/python3/dist-packages/colcon_core/task/python/colcon_distutils_commands:/home/samuele/dev/minar/minar-challenge-2/ros/install/ct_control/lib/python3.12/site-packages:${PYTHONPATH} /usr/bin/python3 -W ignore:setup.py install is deprecated -W ignore:easy_install command is deprecated setup.py egg_info --egg-base ../../build/ct_control build --build-base /home/samuele/dev/minar/minar-challenge-2/ros/build/ct_control/build install --record /home/samuele/dev/minar/minar-challenge-2/ros/build/ct_control/install.log --single-version-externally-managed install_data
[3.991s] Level 1:colcon.colcon_core.environment:checking '/home/samuele/dev/minar/minar-challenge-2/ros/install/ct_bringup' for CMake module files
[3.992s] DEBUG:colcon.colcon_core.event_handler.log_command:Invoked command in '/home/samuele/dev/minar/minar-challenge-2/ros/src/ct_bringup' returned '0': DEBUGINFOD_URLS=https://debuginfod.ubuntu.com PYTHONPATH=/home/samuele/dev/minar/minar-challenge-2/ros/build/ct_bringup/prefix_override:/usr/lib/python3/dist-packages/colcon_core/task/python/colcon_distutils_commands:/home/samuele/dev/minar/minar-challenge-2/ros/install/ct_bringup/lib/python3.12/site-packages:${PYTHONPATH} /usr/bin/python3 -W ignore:setup.py install is deprecated -W ignore:easy_install command is deprecated setup.py egg_info --egg-base ../../build/ct_bringup build --build-base /home/samuele/dev/minar/minar-challenge-2/ros/build/ct_bringup/build install --record /home/samuele/dev/minar/minar-challenge-2/ros/build/ct_bringup/install.log --single-version-externally-managed install_data
[3.992s] Level 1:colcon.colcon_core.environment:checking '/home/samuele/dev/minar/minar-challenge-2/ros/install/ct_bringup' for CMake config files
[3.993s] Level 1:colcon.colcon_core.environment:checking '/home/samuele/dev/minar/minar-challenge-2/ros/install/ct_bringup/lib'
[3.994s] Level 1:colcon.colcon_core.environment:checking '/home/samuele/dev/minar/minar-challenge-2/ros/install/ct_bringup/bin'
[3.994s] Level 1:colcon.colcon_core.environment:checking '/home/samuele/dev/minar/minar-challenge-2/ros/install/ct_bringup/lib/pkgconfig/ct_bringup.pc'
[3.994s] Level 1:colcon.colcon_core.environment:checking '/home/samuele/dev/minar/minar-challenge-2/ros/install/ct_bringup/lib/python3.12/site-packages'
[3.994s] Level 1:colcon.colcon_core.shell:create_environment_hook('ct_bringup', 'pythonpath')
[3.995s] INFO:colcon.colcon_core.shell:Creating environment descriptor '/home/samuele/dev/minar/minar-challenge-2/ros/install/ct_bringup/share/ct_bringup/hook/pythonpath.dsv'
[3.995s] INFO:colcon.colcon_core.shell:Creating environment hook '/home/samuele/dev/minar/minar-challenge-2/ros/install/ct_bringup/share/ct_bringup/hook/pythonpath.sh'
[3.996s] Level 1:colcon.colcon_core.environment:checking '/home/samuele/dev/minar/minar-challenge-2/ros/install/ct_bringup/bin'
[3.996s] Level 1:colcon.colcon_core.environment:create_environment_scripts_only(ct_bringup)
[3.997s] INFO:colcon.colcon_core.shell:Creating package descriptor '/home/samuele/dev/minar/minar-challenge-2/ros/install/ct_bringup/share/ct_bringup/package.dsv'
[3.997s] INFO:colcon.colcon_core.shell:Creating package script '/home/samuele/dev/minar/minar-challenge-2/ros/install/ct_bringup/share/ct_bringup/package.sh'
[3.998s] INFO:colcon.colcon_core.shell:Creating package script '/home/samuele/dev/minar/minar-challenge-2/ros/install/ct_bringup/share/ct_bringup/package.bash'
[3.998s] INFO:colcon.colcon_core.shell:Creating package script '/home/samuele/dev/minar/minar-challenge-2/ros/install/ct_bringup/share/ct_bringup/package.zsh'
[3.999s] Level 1:colcon.colcon_core.environment:create_file_with_runtime_dependencies(/home/samuele/dev/minar/minar-challenge-2/ros/install/ct_bringup/share/colcon-core/packages/ct_bringup)
[4.001s] Level 1:colcon.colcon_core.environment:checking '/home/samuele/dev/minar/minar-challenge-2/ros/install/ct_navigation' for CMake module files
[4.004s] DEBUG:colcon.colcon_core.event_handler.log_command:Invoked command in '/home/samuele/dev/minar/minar-challenge-2/ros/src/ct_navigation' returned '0': DEBUGINFOD_URLS=https://debuginfod.ubuntu.com PYTHONPATH=/home/samuele/dev/minar/minar-challenge-2/ros/build/ct_navigation/prefix_override:/usr/lib/python3/dist-packages/colcon_core/task/python/colcon_distutils_commands:/home/samuele/dev/minar/minar-challenge-2/ros/install/ct_navigation/lib/python3.12/site-packages:${PYTHONPATH} /usr/bin/python3 -W ignore:setup.py install is deprecated -W ignore:easy_install command is deprecated setup.py egg_info --egg-base ../../build/ct_navigation build --build-base /home/samuele/dev/minar/minar-challenge-2/ros/build/ct_navigation/build install --record /home/samuele/dev/minar/minar-challenge-2/ros/build/ct_navigation/install.log --single-version-externally-managed install_data
[4.004s] Level 1:colcon.colcon_core.environment:checking '/home/samuele/dev/minar/minar-challenge-2/ros/install/ct_navigation' for CMake config files
[4.005s] Level 1:colcon.colcon_core.environment:checking '/home/samuele/dev/minar/minar-challenge-2/ros/install/ct_navigation/lib'
[4.005s] Level 1:colcon.colcon_core.environment:checking '/home/samuele/dev/minar/minar-challenge-2/ros/install/ct_navigation/bin'
[4.005s] Level 1:colcon.colcon_core.environment:checking '/home/samuele/dev/minar/minar-challenge-2/ros/install/ct_navigation/lib/pkgconfig/ct_navigation.pc'
[4.006s] Level 1:colcon.colcon_core.environment:checking '/home/samuele/dev/minar/minar-challenge-2/ros/install/ct_navigation/lib/python3.12/site-packages'
[4.006s] Level 1:colcon.colcon_core.shell:create_environment_hook('ct_navigation', 'pythonpath')
[4.006s] INFO:colcon.colcon_core.shell:Creating environment descriptor '/home/samuele/dev/minar/minar-challenge-2/ros/install/ct_navigation/share/ct_navigation/hook/pythonpath.dsv'
[4.007s] INFO:colcon.colcon_core.shell:Creating environment hook '/home/samuele/dev/minar/minar-challenge-2/ros/install/ct_navigation/share/ct_navigation/hook/pythonpath.sh'
[4.008s] Level 1:colcon.colcon_core.environment:checking '/home/samuele/dev/minar/minar-challenge-2/ros/install/ct_navigation/bin'
[4.009s] Level 1:colcon.colcon_core.environment:create_environment_scripts_only(ct_navigation)
[4.009s] INFO:colcon.colcon_core.shell:Creating package descriptor '/home/samuele/dev/minar/minar-challenge-2/ros/install/ct_navigation/share/ct_navigation/package.dsv'
[4.010s] INFO:colcon.colcon_core.shell:Creating package script '/home/samuele/dev/minar/minar-challenge-2/ros/install/ct_navigation/share/ct_navigation/package.sh'
[4.011s] INFO:colcon.colcon_core.shell:Creating package script '/home/samuele/dev/minar/minar-challenge-2/ros/install/ct_navigation/share/ct_navigation/package.bash'
[4.012s] INFO:colcon.colcon_core.shell:Creating package script '/home/samuele/dev/minar/minar-challenge-2/ros/install/ct_navigation/share/ct_navigation/package.zsh'
[4.013s] Level 1:colcon.colcon_core.environment:create_file_with_runtime_dependencies(/home/samuele/dev/minar/minar-challenge-2/ros/install/ct_navigation/share/colcon-core/packages/ct_navigation)
[4.053s] Level 1:colcon.colcon_core.environment:checking '/home/samuele/dev/minar/minar-challenge-2/ros/install/ct_sensors' for CMake module files
[4.054s] DEBUG:colcon.colcon_core.event_handler.log_command:Invoked command in '/home/samuele/dev/minar/minar-challenge-2/ros/src/ct_sensors' returned '0': DEBUGINFOD_URLS=https://debuginfod.ubuntu.com PYTHONPATH=/home/samuele/dev/minar/minar-challenge-2/ros/build/ct_sensors/prefix_override:/usr/lib/python3/dist-packages/colcon_core/task/python/colcon_distutils_commands:/home/samuele/dev/minar/minar-challenge-2/ros/install/ct_sensors/lib/python3.12/site-packages:${PYTHONPATH} /usr/bin/python3 -W ignore:setup.py install is deprecated -W ignore:easy_install command is deprecated setup.py egg_info --egg-base ../../build/ct_sensors build --build-base /home/samuele/dev/minar/minar-challenge-2/ros/build/ct_sensors/build install --record /home/samuele/dev/minar/minar-challenge-2/ros/build/ct_sensors/install.log --single-version-externally-managed install_data
[4.055s] Level 1:colcon.colcon_core.environment:checking '/home/samuele/dev/minar/minar-challenge-2/ros/install/ct_sensors' for CMake config files
[4.057s] Level 1:colcon.colcon_core.environment:checking '/home/samuele/dev/minar/minar-challenge-2/ros/install/ct_sensors/lib'
[4.057s] Level 1:colcon.colcon_core.environment:checking '/home/samuele/dev/minar/minar-challenge-2/ros/install/ct_sensors/bin'
[4.057s] Level 1:colcon.colcon_core.environment:checking '/home/samuele/dev/minar/minar-challenge-2/ros/install/ct_sensors/lib/pkgconfig/ct_sensors.pc'
[4.057s] Level 1:colcon.colcon_core.environment:checking '/home/samuele/dev/minar/minar-challenge-2/ros/install/ct_sensors/lib/python3.12/site-packages'
[4.058s] Level 1:colcon.colcon_core.shell:create_environment_hook('ct_sensors', 'pythonpath')
[4.058s] INFO:colcon.colcon_core.shell:Creating environment descriptor '/home/samuele/dev/minar/minar-challenge-2/ros/install/ct_sensors/share/ct_sensors/hook/pythonpath.dsv'
[4.059s] INFO:colcon.colcon_core.shell:Creating environment hook '/home/samuele/dev/minar/minar-challenge-2/ros/install/ct_sensors/share/ct_sensors/hook/pythonpath.sh'
[4.060s] Level 1:colcon.colcon_core.environment:checking '/home/samuele/dev/minar/minar-challenge-2/ros/install/ct_sensors/bin'
[4.060s] Level 1:colcon.colcon_core.environment:create_environment_scripts_only(ct_sensors)
[4.060s] INFO:colcon.colcon_core.shell:Creating package descriptor '/home/samuele/dev/minar/minar-challenge-2/ros/install/ct_sensors/share/ct_sensors/package.dsv'
[4.061s] INFO:colcon.colcon_core.shell:Creating package script '/home/samuele/dev/minar/minar-challenge-2/ros/install/ct_sensors/share/ct_sensors/package.sh'
[4.062s] INFO:colcon.colcon_core.shell:Creating package script '/home/samuele/dev/minar/minar-challenge-2/ros/install/ct_sensors/share/ct_sensors/package.bash'
[4.062s] INFO:colcon.colcon_core.shell:Creating package script '/home/samuele/dev/minar/minar-challenge-2/ros/install/ct_sensors/share/ct_sensors/package.zsh'
[4.063s] Level 1:colcon.colcon_core.environment:create_file_with_runtime_dependencies(/home/samuele/dev/minar/minar-challenge-2/ros/install/ct_sensors/share/colcon-core/packages/ct_sensors)
[4.447s] Level 1:colcon.colcon_core.environment:checking '/home/samuele/dev/minar/minar-challenge-2/ros/install/ct_teleop' for CMake module files
[4.448s] DEBUG:colcon.colcon_core.event_handler.log_command:Invoked command in '/home/samuele/dev/minar/minar-challenge-2/ros/src/ct_teleop' returned '0': DEBUGINFOD_URLS=https://debuginfod.ubuntu.com PYTHONPATH=/home/samuele/dev/minar/minar-challenge-2/ros/build/ct_teleop/prefix_override:/usr/lib/python3/dist-packages/colcon_core/task/python/colcon_distutils_commands:/home/samuele/dev/minar/minar-challenge-2/ros/install/ct_teleop/lib/python3.12/site-packages:${PYTHONPATH} /usr/bin/python3 -W ignore:setup.py install is deprecated -W ignore:easy_install command is deprecated setup.py egg_info --egg-base ../../build/ct_teleop build --build-base /home/samuele/dev/minar/minar-challenge-2/ros/build/ct_teleop/build install --record /home/samuele/dev/minar/minar-challenge-2/ros/build/ct_teleop/install.log --single-version-externally-managed install_data
[4.449s] Level 1:colcon.colcon_core.environment:checking '/home/samuele/dev/minar/minar-challenge-2/ros/install/ct_teleop' for CMake config files
[4.450s] Level 1:colcon.colcon_core.environment:checking '/home/samuele/dev/minar/minar-challenge-2/ros/install/ct_teleop/lib'
[4.450s] Level 1:colcon.colcon_core.environment:checking '/home/samuele/dev/minar/minar-challenge-2/ros/install/ct_teleop/bin'
[4.450s] Level 1:colcon.colcon_core.environment:checking '/home/samuele/dev/minar/minar-challenge-2/ros/install/ct_teleop/lib/pkgconfig/ct_teleop.pc'
[4.450s] Level 1:colcon.colcon_core.environment:checking '/home/samuele/dev/minar/minar-challenge-2/ros/install/ct_teleop/lib/python3.12/site-packages'
[4.451s] Level 1:colcon.colcon_core.shell:create_environment_hook('ct_teleop', 'pythonpath')
[4.451s] INFO:colcon.colcon_core.shell:Creating environment descriptor '/home/samuele/dev/minar/minar-challenge-2/ros/install/ct_teleop/share/ct_teleop/hook/pythonpath.dsv'
[4.452s] INFO:colcon.colcon_core.shell:Creating environment hook '/home/samuele/dev/minar/minar-challenge-2/ros/install/ct_teleop/share/ct_teleop/hook/pythonpath.sh'
[4.453s] Level 1:colcon.colcon_core.environment:checking '/home/samuele/dev/minar/minar-challenge-2/ros/install/ct_teleop/bin'
[4.453s] Level 1:colcon.colcon_core.environment:create_environment_scripts_only(ct_teleop)
[4.453s] INFO:colcon.colcon_core.shell:Creating package descriptor '/home/samuele/dev/minar/minar-challenge-2/ros/install/ct_teleop/share/ct_teleop/package.dsv'
[4.454s] INFO:colcon.colcon_core.shell:Creating package script '/home/samuele/dev/minar/minar-challenge-2/ros/install/ct_teleop/share/ct_teleop/package.sh'
[4.455s] INFO:colcon.colcon_core.shell:Creating package script '/home/samuele/dev/minar/minar-challenge-2/ros/install/ct_teleop/share/ct_teleop/package.bash'
[4.455s] INFO:colcon.colcon_core.shell:Creating package script '/home/samuele/dev/minar/minar-challenge-2/ros/install/ct_teleop/share/ct_teleop/package.zsh'
[4.456s] Level 1:colcon.colcon_core.environment:create_file_with_runtime_dependencies(/home/samuele/dev/minar/minar-challenge-2/ros/install/ct_teleop/share/colcon-core/packages/ct_teleop)
[4.474s] Level 1:colcon.colcon_core.environment:checking '/home/samuele/dev/minar/minar-challenge-2/ros/install/ct_control' for CMake module files
[4.474s] DEBUG:colcon.colcon_core.event_handler.log_command:Invoked command in '/home/samuele/dev/minar/minar-challenge-2/ros/src/ct_control' returned '0': DEBUGINFOD_URLS=https://debuginfod.ubuntu.com PYTHONPATH=/home/samuele/dev/minar/minar-challenge-2/ros/build/ct_control/prefix_override:/usr/lib/python3/dist-packages/colcon_core/task/python/colcon_distutils_commands:/home/samuele/dev/minar/minar-challenge-2/ros/install/ct_control/lib/python3.12/site-packages:${PYTHONPATH} /usr/bin/python3 -W ignore:setup.py install is deprecated -W ignore:easy_install command is deprecated setup.py egg_info --egg-base ../../build/ct_control build --build-base /home/samuele/dev/minar/minar-challenge-2/ros/build/ct_control/build install --record /home/samuele/dev/minar/minar-challenge-2/ros/build/ct_control/install.log --single-version-externally-managed install_data
[4.475s] Level 1:colcon.colcon_core.environment:checking '/home/samuele/dev/minar/minar-challenge-2/ros/install/ct_control' for CMake config files
[4.475s] Level 1:colcon.colcon_core.environment:checking '/home/samuele/dev/minar/minar-challenge-2/ros/install/ct_control/lib'
[4.476s] Level 1:colcon.colcon_core.environment:checking '/home/samuele/dev/minar/minar-challenge-2/ros/install/ct_control/bin'
[4.476s] Level 1:colcon.colcon_core.environment:checking '/home/samuele/dev/minar/minar-challenge-2/ros/install/ct_control/lib/pkgconfig/ct_control.pc'
[4.476s] Level 1:colcon.colcon_core.environment:checking '/home/samuele/dev/minar/minar-challenge-2/ros/install/ct_control/lib/python3.12/site-packages'
[4.476s] Level 1:colcon.colcon_core.shell:create_environment_hook('ct_control', 'pythonpath')
[4.477s] INFO:colcon.colcon_core.shell:Creating environment descriptor '/home/samuele/dev/minar/minar-challenge-2/ros/install/ct_control/share/ct_control/hook/pythonpath.dsv'
[4.477s] INFO:colcon.colcon_core.shell:Creating environment hook '/home/samuele/dev/minar/minar-challenge-2/ros/install/ct_control/share/ct_control/hook/pythonpath.sh'
[4.478s] Level 1:colcon.colcon_core.environment:checking '/home/samuele/dev/minar/minar-challenge-2/ros/install/ct_control/bin'
[4.478s] Level 1:colcon.colcon_core.environment:create_environment_scripts_only(ct_control)
[4.478s] INFO:colcon.colcon_core.shell:Creating package descriptor '/home/samuele/dev/minar/minar-challenge-2/ros/install/ct_control/share/ct_control/package.dsv'
[4.479s] INFO:colcon.colcon_core.shell:Creating package script '/home/samuele/dev/minar/minar-challenge-2/ros/install/ct_control/share/ct_control/package.sh'
[4.479s] INFO:colcon.colcon_core.shell:Creating package script '/home/samuele/dev/minar/minar-challenge-2/ros/install/ct_control/share/ct_control/package.bash'
[4.480s] INFO:colcon.colcon_core.shell:Creating package script '/home/samuele/dev/minar/minar-challenge-2/ros/install/ct_control/share/ct_control/package.zsh'
[4.480s] Level 1:colcon.colcon_core.environment:create_file_with_runtime_dependencies(/home/samuele/dev/minar/minar-challenge-2/ros/install/ct_control/share/colcon-core/packages/ct_control)
[4.481s] DEBUG:colcon.colcon_parallel_executor.executor.parallel:closing loop
[4.481s] DEBUG:colcon.colcon_parallel_executor.executor.parallel:loop closed
[4.481s] DEBUG:colcon.colcon_parallel_executor.executor.parallel:run_until_complete finished with '0'
[4.481s] DEBUG:colcon.colcon_core.event_reactor:joining thread
[4.493s] INFO:colcon.colcon_core.plugin_system:Skipping extension 'colcon_notification.desktop_notification.terminal_notifier': Not used on non-Darwin systems
[4.494s] INFO:colcon.colcon_core.plugin_system:Skipping extension 'colcon_notification.desktop_notification.win32': Not used on non-Windows systems
[4.494s] INFO:colcon.colcon_notification.desktop_notification:Sending desktop notification using 'notify2'
[4.516s] DEBUG:colcon.colcon_core.event_reactor:joined thread
[4.516s] INFO:colcon.colcon_core.shell:Creating prefix script '/home/samuele/dev/minar/minar-challenge-2/ros/install/local_setup.sh'
[4.517s] INFO:colcon.colcon_core.shell:Creating prefix util module '/home/samuele/dev/minar/minar-challenge-2/ros/install/_local_setup_util_sh.py'
[4.519s] INFO:colcon.colcon_core.shell:Creating prefix chain script '/home/samuele/dev/minar/minar-challenge-2/ros/install/setup.sh'
[4.521s] INFO:colcon.colcon_core.shell:Creating prefix script '/home/samuele/dev/minar/minar-challenge-2/ros/install/local_setup.bash'
[4.521s] INFO:colcon.colcon_core.shell:Creating prefix chain script '/home/samuele/dev/minar/minar-challenge-2/ros/install/setup.bash'
[4.523s] INFO:colcon.colcon_core.shell:Creating prefix script '/home/samuele/dev/minar/minar-challenge-2/ros/install/local_setup.zsh'
[4.524s] INFO:colcon.colcon_core.shell:Creating prefix chain script '/home/samuele/dev/minar/minar-challenge-2/ros/install/setup.zsh'
