[3.360s] Invoking command in '/home/samuele/dev/minar/minar-challenge-2/ros/src/build/ct_navigation': DEBUGINFOD_URLS=https://debuginfod.ubuntu.com PYTHONPATH=/home/samuele/dev/minar/minar-challenge-2/ros/src/build/ct_navigation/prefix_override:/usr/lib/python3/dist-packages/colcon_core/task/python/colcon_distutils_commands:/home/samuele/dev/minar/minar-challenge-2/ros/src/install/ct_navigation/lib/python3.12/site-packages:${PYTHONPATH} /usr/bin/python3 -W ignore:setup.py install is deprecated -W ignore:easy_install command is deprecated setup.py develop --editable --build-directory /home/samuele/dev/minar/minar-challenge-2/ros/src/build/ct_navigation/build --no-deps symlink_data
[4.279s] running develop
[4.821s] running egg_info
[4.821s] creating ct_navigation.egg-info
[4.857s] writing ct_navigation.egg-info/PKG-INFO
[4.857s] writing dependency_links to ct_navigation.egg-info/dependency_links.txt
[4.857s] writing requirements to ct_navigation.egg-info/requires.txt
[4.857s] writing top-level names to ct_navigation.egg-info/top_level.txt
[4.858s] writing manifest file 'ct_navigation.egg-info/SOURCES.txt'
[4.929s] reading manifest file 'ct_navigation.egg-info/SOURCES.txt'
[4.929s] writing manifest file 'ct_navigation.egg-info/SOURCES.txt'
[4.961s] running build_ext
[4.961s] Creating /home/samuele/dev/minar/minar-challenge-2/ros/src/install/ct_navigation/lib/python3.12/site-packages/ct-navigation.egg-link (link to .)
[4.962s] 
[4.962s] Installed /home/samuele/dev/minar/minar-challenge-2/ros/src/build/ct_navigation
[4.962s] running symlink_data
[4.963s] creating /home/samuele/dev/minar/minar-challenge-2/ros/src/install/ct_navigation/share/ament_index
[4.963s] creating /home/samuele/dev/minar/minar-challenge-2/ros/src/install/ct_navigation/share/ament_index/resource_index
[4.963s] creating /home/samuele/dev/minar/minar-challenge-2/ros/src/install/ct_navigation/share/ament_index/resource_index/packages
[4.963s] symbolically linking /home/samuele/dev/minar/minar-challenge-2/ros/src/build/ct_navigation/resource/ct_navigation -> /home/samuele/dev/minar/minar-challenge-2/ros/src/install/ct_navigation/share/ament_index/resource_index/packages
[4.963s] symbolically linking /home/samuele/dev/minar/minar-challenge-2/ros/src/build/ct_navigation/package.xml -> /home/samuele/dev/minar/minar-challenge-2/ros/src/install/ct_navigation/share/ct_navigation
[5.036s] Invoked command in '/home/samuele/dev/minar/minar-challenge-2/ros/src/build/ct_navigation' returned '0': DEBUGINFOD_URLS=https://debuginfod.ubuntu.com PYTHONPATH=/home/samuele/dev/minar/minar-challenge-2/ros/src/build/ct_navigation/prefix_override:/usr/lib/python3/dist-packages/colcon_core/task/python/colcon_distutils_commands:/home/samuele/dev/minar/minar-challenge-2/ros/src/install/ct_navigation/lib/python3.12/site-packages:${PYTHONPATH} /usr/bin/python3 -W ignore:setup.py install is deprecated -W ignore:easy_install command is deprecated setup.py develop --editable --build-directory /home/samuele/dev/minar/minar-challenge-2/ros/src/build/ct_navigation/build --no-deps symlink_data
