[1.239s] Invoking command in '/home/samuele/dev/minar/minar-challenge-2/ros/build/rplidar_ros': CMAKE_PREFIX_PATH=${CMAKE_PREFIX_PATH}:/home/samuele/dev/minar/minar-challenge-2/ros/install/ct_teleop:/home/samuele/dev/minar/minar-challenge-2/ros/install/ct_sensors:/home/samuele/dev/minar/minar-challenge-2/ros/install/ct_navigation:/home/samuele/dev/minar/minar-challenge-2/ros/install/ct_control:/home/samuele/dev/minar/minar-challenge-2/ros/install/ct_bringup:/opt/ros/jazzy DEBUGINFOD_URLS=https://debuginfod.ubuntu.com /usr/bin/cmake --build /home/samuele/dev/minar/minar-challenge-2/ros/build/rplidar_ros -- -j8 -l8
[1.431s] [ 47%] Built target rplidar_composition
[1.434s] [ 94%] Built target rplidar_node
[1.438s] [100%] Built target rplidar_client
[1.482s] Invoked command in '/home/samuele/dev/minar/minar-challenge-2/ros/build/rplidar_ros' returned '0': CMAKE_PREFIX_PATH=${CMAKE_PREFIX_PATH}:/home/samuele/dev/minar/minar-challenge-2/ros/install/ct_teleop:/home/samuele/dev/minar/minar-challenge-2/ros/install/ct_sensors:/home/samuele/dev/minar/minar-challenge-2/ros/install/ct_navigation:/home/samuele/dev/minar/minar-challenge-2/ros/install/ct_control:/home/samuele/dev/minar/minar-challenge-2/ros/install/ct_bringup:/opt/ros/jazzy DEBUGINFOD_URLS=https://debuginfod.ubuntu.com /usr/bin/cmake --build /home/samuele/dev/minar/minar-challenge-2/ros/build/rplidar_ros -- -j8 -l8
[1.484s] Invoking command in '/home/samuele/dev/minar/minar-challenge-2/ros/build/rplidar_ros': CMAKE_PREFIX_PATH=${CMAKE_PREFIX_PATH}:/home/samuele/dev/minar/minar-challenge-2/ros/install/ct_teleop:/home/samuele/dev/minar/minar-challenge-2/ros/install/ct_sensors:/home/samuele/dev/minar/minar-challenge-2/ros/install/ct_navigation:/home/samuele/dev/minar/minar-challenge-2/ros/install/ct_control:/home/samuele/dev/minar/minar-challenge-2/ros/install/ct_bringup:/opt/ros/jazzy DEBUGINFOD_URLS=https://debuginfod.ubuntu.com /usr/bin/cmake --install /home/samuele/dev/minar/minar-challenge-2/ros/build/rplidar_ros
[1.507s] -- Install configuration: ""
[1.507s] -- Up-to-date: /home/samuele/dev/minar/minar-challenge-2/ros/install/rplidar_ros/share/rplidar_ros/launch
[1.508s] -- Up-to-date: /home/samuele/dev/minar/minar-challenge-2/ros/install/rplidar_ros/share/rplidar_ros/launch/view_rplidar_a1_launch.py
[1.508s] -- Up-to-date: /home/samuele/dev/minar/minar-challenge-2/ros/install/rplidar_ros/share/rplidar_ros/launch/rplidar_s2_launch.py
[1.509s] -- Up-to-date: /home/samuele/dev/minar/minar-challenge-2/ros/install/rplidar_ros/share/rplidar_ros/launch/view_rplidar_a2m7_launch.py
[1.509s] -- Up-to-date: /home/samuele/dev/minar/minar-challenge-2/ros/install/rplidar_ros/share/rplidar_ros/launch/view_rplidar_s3_launch.py
[1.509s] -- Up-to-date: /home/samuele/dev/minar/minar-challenge-2/ros/install/rplidar_ros/share/rplidar_ros/launch/rplidar_a2m12_launch.py
[1.509s] -- Up-to-date: /home/samuele/dev/minar/minar-challenge-2/ros/install/rplidar_ros/share/rplidar_ros/launch/rplidar_c1_launch.py
[1.509s] -- Up-to-date: /home/samuele/dev/minar/minar-challenge-2/ros/install/rplidar_ros/share/rplidar_ros/launch/rplidar_s3_launch.py
[1.510s] -- Up-to-date: /home/samuele/dev/minar/minar-challenge-2/ros/install/rplidar_ros/share/rplidar_ros/launch/view_rplidar_c1_launch.py
[1.510s] -- Up-to-date: /home/samuele/dev/minar/minar-challenge-2/ros/install/rplidar_ros/share/rplidar_ros/launch/view_rplidar_a3_launch.py
[1.510s] -- Up-to-date: /home/samuele/dev/minar/minar-challenge-2/ros/install/rplidar_ros/share/rplidar_ros/launch/rplidar_a2m7_launch.py
[1.510s] -- Up-to-date: /home/samuele/dev/minar/minar-challenge-2/ros/install/rplidar_ros/share/rplidar_ros/launch/view_rplidar_s1_tcp_launch.py
[1.511s] -- Up-to-date: /home/samuele/dev/minar/minar-challenge-2/ros/install/rplidar_ros/share/rplidar_ros/launch/rplidar_s2e_launch.py
[1.511s] -- Up-to-date: /home/samuele/dev/minar/minar-challenge-2/ros/install/rplidar_ros/share/rplidar_ros/launch/view_rplidar_s1_launch.py
[1.512s] -- Up-to-date: /home/samuele/dev/minar/minar-challenge-2/ros/install/rplidar_ros/share/rplidar_ros/launch/rplidar_t1_launch.py
[1.512s] -- Up-to-date: /home/samuele/dev/minar/minar-challenge-2/ros/install/rplidar_ros/share/rplidar_ros/launch/rplidar_s1_launch.py
[1.513s] -- Up-to-date: /home/samuele/dev/minar/minar-challenge-2/ros/install/rplidar_ros/share/rplidar_ros/launch/view_rplidar_s2_launch.py
[1.513s] -- Up-to-date: /home/samuele/dev/minar/minar-challenge-2/ros/install/rplidar_ros/share/rplidar_ros/launch/rplidar_a3_launch.py
[1.513s] -- Up-to-date: /home/samuele/dev/minar/minar-challenge-2/ros/install/rplidar_ros/share/rplidar_ros/launch/view_rplidar_a2m12_launch.py
[1.514s] -- Up-to-date: /home/samuele/dev/minar/minar-challenge-2/ros/install/rplidar_ros/share/rplidar_ros/launch/rplidar_s1_tcp_launch.py
[1.514s] -- Up-to-date: /home/samuele/dev/minar/minar-challenge-2/ros/install/rplidar_ros/share/rplidar_ros/launch/view_rplidar_t1_launch.py
[1.514s] -- Up-to-date: /home/samuele/dev/minar/minar-challenge-2/ros/install/rplidar_ros/share/rplidar_ros/launch/view_rplidar_a2m8_launch.py
[1.514s] -- Up-to-date: /home/samuele/dev/minar/minar-challenge-2/ros/install/rplidar_ros/share/rplidar_ros/launch/rplidar_a1_launch.py
[1.515s] -- Up-to-date: /home/samuele/dev/minar/minar-challenge-2/ros/install/rplidar_ros/share/rplidar_ros/launch/rplidar_a2m8_launch.py
[1.515s] -- Up-to-date: /home/samuele/dev/minar/minar-challenge-2/ros/install/rplidar_ros/share/rplidar_ros/launch/view_rplidar_s2e_launch.py
[1.515s] -- Up-to-date: /home/samuele/dev/minar/minar-challenge-2/ros/install/rplidar_ros/share/rplidar_ros/rviz
[1.515s] -- Up-to-date: /home/samuele/dev/minar/minar-challenge-2/ros/install/rplidar_ros/share/rplidar_ros/rviz/rplidar_ros.rviz
[1.515s] -- Up-to-date: /home/samuele/dev/minar/minar-challenge-2/ros/install/rplidar_ros/lib/rplidar_ros/rplidar_node
[1.516s] -- Up-to-date: /home/samuele/dev/minar/minar-challenge-2/ros/install/rplidar_ros/lib/rplidar_ros/rplidar_composition
[1.516s] -- Up-to-date: /home/samuele/dev/minar/minar-challenge-2/ros/install/rplidar_ros/lib/rplidar_ros/rplidar_client
[1.516s] -- Up-to-date: /home/samuele/dev/minar/minar-challenge-2/ros/install/rplidar_ros/share/ament_index/resource_index/package_run_dependencies/rplidar_ros
[1.516s] -- Up-to-date: /home/samuele/dev/minar/minar-challenge-2/ros/install/rplidar_ros/share/ament_index/resource_index/parent_prefix_path/rplidar_ros
[1.516s] -- Up-to-date: /home/samuele/dev/minar/minar-challenge-2/ros/install/rplidar_ros/share/rplidar_ros/environment/ament_prefix_path.sh
[1.517s] -- Up-to-date: /home/samuele/dev/minar/minar-challenge-2/ros/install/rplidar_ros/share/rplidar_ros/environment/ament_prefix_path.dsv
[1.517s] -- Up-to-date: /home/samuele/dev/minar/minar-challenge-2/ros/install/rplidar_ros/share/rplidar_ros/environment/path.sh
[1.517s] -- Up-to-date: /home/samuele/dev/minar/minar-challenge-2/ros/install/rplidar_ros/share/rplidar_ros/environment/path.dsv
[1.517s] -- Up-to-date: /home/samuele/dev/minar/minar-challenge-2/ros/install/rplidar_ros/share/rplidar_ros/local_setup.bash
[1.517s] -- Up-to-date: /home/samuele/dev/minar/minar-challenge-2/ros/install/rplidar_ros/share/rplidar_ros/local_setup.sh
[1.518s] -- Up-to-date: /home/samuele/dev/minar/minar-challenge-2/ros/install/rplidar_ros/share/rplidar_ros/local_setup.zsh
[1.518s] -- Up-to-date: /home/samuele/dev/minar/minar-challenge-2/ros/install/rplidar_ros/share/rplidar_ros/local_setup.dsv
[1.518s] -- Installing: /home/samuele/dev/minar/minar-challenge-2/ros/install/rplidar_ros/share/rplidar_ros/package.dsv
[1.518s] -- Up-to-date: /home/samuele/dev/minar/minar-challenge-2/ros/install/rplidar_ros/share/ament_index/resource_index/packages/rplidar_ros
[1.519s] -- Up-to-date: /home/samuele/dev/minar/minar-challenge-2/ros/install/rplidar_ros/share/rplidar_ros/cmake/ament_cmake_export_dependencies-extras.cmake
[1.519s] -- Up-to-date: /home/samuele/dev/minar/minar-challenge-2/ros/install/rplidar_ros/share/rplidar_ros/cmake/ament_cmake_export_include_directories-extras.cmake
[1.519s] -- Up-to-date: /home/samuele/dev/minar/minar-challenge-2/ros/install/rplidar_ros/share/rplidar_ros/cmake/rplidar_rosConfig.cmake
[1.520s] -- Up-to-date: /home/samuele/dev/minar/minar-challenge-2/ros/install/rplidar_ros/share/rplidar_ros/cmake/rplidar_rosConfig-version.cmake
[1.520s] -- Up-to-date: /home/samuele/dev/minar/minar-challenge-2/ros/install/rplidar_ros/share/rplidar_ros/package.xml
[1.522s] Invoked command in '/home/samuele/dev/minar/minar-challenge-2/ros/build/rplidar_ros' returned '0': CMAKE_PREFIX_PATH=${CMAKE_PREFIX_PATH}:/home/samuele/dev/minar/minar-challenge-2/ros/install/ct_teleop:/home/samuele/dev/minar/minar-challenge-2/ros/install/ct_sensors:/home/samuele/dev/minar/minar-challenge-2/ros/install/ct_navigation:/home/samuele/dev/minar/minar-challenge-2/ros/install/ct_control:/home/samuele/dev/minar/minar-challenge-2/ros/install/ct_bringup:/opt/ros/jazzy DEBUGINFOD_URLS=https://debuginfod.ubuntu.com /usr/bin/cmake --install /home/samuele/dev/minar/minar-challenge-2/ros/build/rplidar_ros
