[2.315s] Invoking command in '/home/samuele/dev/minar/minar-challenge-2/ros/src/ct_sensors': DEBUGINFOD_URLS=https://debuginfod.ubuntu.com PYTHONPATH=/home/samuele/dev/minar/minar-challenge-2/ros/build/ct_sensors/prefix_override:/usr/lib/python3/dist-packages/colcon_core/task/python/colcon_distutils_commands:/home/samuele/dev/minar/minar-challenge-2/ros/install/ct_sensors/lib/python3.12/site-packages:${PYTHONPATH} /usr/bin/python3 -W ignore:setup.py install is deprecated -W ignore:easy_install command is deprecated setup.py egg_info --egg-base ../../build/ct_sensors build --build-base /home/samuele/dev/minar/minar-challenge-2/ros/build/ct_sensors/build install --record /home/samuele/dev/minar/minar-challenge-2/ros/build/ct_sensors/install.log --single-version-externally-managed install_data
[2.785s] running egg_info
[2.786s] creating ../../build/ct_sensors/ct_sensors.egg-info
[2.827s] writing ../../build/ct_sensors/ct_sensors.egg-info/PKG-INFO
[2.828s] writing dependency_links to ../../build/ct_sensors/ct_sensors.egg-info/dependency_links.txt
[2.828s] writing requirements to ../../build/ct_sensors/ct_sensors.egg-info/requires.txt
[2.828s] writing top-level names to ../../build/ct_sensors/ct_sensors.egg-info/top_level.txt
[2.829s] writing manifest file '../../build/ct_sensors/ct_sensors.egg-info/SOURCES.txt'
[2.915s] reading manifest file '../../build/ct_sensors/ct_sensors.egg-info/SOURCES.txt'
[2.916s] writing manifest file '../../build/ct_sensors/ct_sensors.egg-info/SOURCES.txt'
[2.917s] running build
[2.917s] running build_py
[2.917s] creating /home/samuele/dev/minar/minar-challenge-2/ros/build/ct_sensors/build
[2.918s] creating /home/samuele/dev/minar/minar-challenge-2/ros/build/ct_sensors/build/lib
[2.918s] creating /home/samuele/dev/minar/minar-challenge-2/ros/build/ct_sensors/build/lib/ct_sensors
[2.918s] copying ct_sensors/__init__.py -> /home/samuele/dev/minar/minar-challenge-2/ros/build/ct_sensors/build/lib/ct_sensors
[2.919s] running install
[2.932s] running install_lib
[2.973s] creating /home/samuele/dev/minar/minar-challenge-2/ros/install/ct_sensors/lib/python3.12/site-packages/ct_sensors
[2.973s] copying /home/samuele/dev/minar/minar-challenge-2/ros/build/ct_sensors/build/lib/ct_sensors/__init__.py -> /home/samuele/dev/minar/minar-challenge-2/ros/install/ct_sensors/lib/python3.12/site-packages/ct_sensors
[2.974s] byte-compiling /home/samuele/dev/minar/minar-challenge-2/ros/install/ct_sensors/lib/python3.12/site-packages/ct_sensors/__init__.py to __init__.cpython-312.pyc
[2.974s] running install_data
[2.975s] creating /home/samuele/dev/minar/minar-challenge-2/ros/install/ct_sensors/share/ament_index
[2.975s] creating /home/samuele/dev/minar/minar-challenge-2/ros/install/ct_sensors/share/ament_index/resource_index
[2.975s] creating /home/samuele/dev/minar/minar-challenge-2/ros/install/ct_sensors/share/ament_index/resource_index/packages
[2.975s] copying resource/ct_sensors -> /home/samuele/dev/minar/minar-challenge-2/ros/install/ct_sensors/share/ament_index/resource_index/packages
[2.975s] copying package.xml -> /home/samuele/dev/minar/minar-challenge-2/ros/install/ct_sensors/share/ct_sensors
[2.975s] creating /home/samuele/dev/minar/minar-challenge-2/ros/install/ct_sensors/share/ct_sensors/config
[2.975s] creating /home/samuele/dev/minar/minar-challenge-2/ros/install/ct_sensors/share/ct_sensors/launch
[2.975s] running install_egg_info
[3.023s] Copying ../../build/ct_sensors/ct_sensors.egg-info to /home/samuele/dev/minar/minar-challenge-2/ros/install/ct_sensors/lib/python3.12/site-packages/ct_sensors-0.0.0-py3.12.egg-info
[3.024s] running install_scripts
[3.214s] writing list of installed files to '/home/samuele/dev/minar/minar-challenge-2/ros/build/ct_sensors/install.log'
[3.257s] Invoked command in '/home/samuele/dev/minar/minar-challenge-2/ros/src/ct_sensors' returned '0': DEBUGINFOD_URLS=https://debuginfod.ubuntu.com PYTHONPATH=/home/samuele/dev/minar/minar-challenge-2/ros/build/ct_sensors/prefix_override:/usr/lib/python3/dist-packages/colcon_core/task/python/colcon_distutils_commands:/home/samuele/dev/minar/minar-challenge-2/ros/install/ct_sensors/lib/python3.12/site-packages:${PYTHONPATH} /usr/bin/python3 -W ignore:setup.py install is deprecated -W ignore:easy_install command is deprecated setup.py egg_info --egg-base ../../build/ct_sensors build --build-base /home/samuele/dev/minar/minar-challenge-2/ros/build/ct_sensors/build install --record /home/samuele/dev/minar/minar-challenge-2/ros/build/ct_sensors/install.log --single-version-externally-managed install_data
