-- The C compiler identification is GNU 13.3.0
-- The CXX compiler identification is GNU 13.3.0
-- Detecting C compiler ABI info
-- Detecting C compiler ABI info - done
-- Check for working C compiler: /usr/bin/cc - skipped
-- Detecting C compile features
-- Detecting C compile features - done
-- Detecting CXX compiler ABI info
-- Detecting CXX compiler ABI info - done
-- Check for working CXX compiler: /usr/bin/c++ - skipped
-- Detecting CXX compile features
-- Detecting CXX compile features - done
-- Found ament_cmake: 2.5.4 (/opt/ros/jazzy/share/ament_cmake/cmake)
-- Found Python3: /usr/bin/python3 (found version "3.12.3") found components: Interpreter 
-- Override CMake install command with custom implementation using symlinks instead of copying resources
-- Found rclcpp: 28.1.11 (/opt/ros/jazzy/share/rclcpp/cmake)
-- Found rosidl_generator_c: 4.6.6 (/opt/ros/jazzy/share/rosidl_generator_c/cmake)
-- Found rosidl_generator_cpp: 4.6.6 (/opt/ros/jazzy/share/rosidl_generator_cpp/cmake)
-- Using all available rosidl_typesupport_c: rosidl_typesupport_fastrtps_c;rosidl_typesupport_introspection_c
-- Using all available rosidl_typesupport_cpp: rosidl_typesupport_fastrtps_cpp;rosidl_typesupport_introspection_cpp
-- Found rmw_implementation_cmake: 7.3.2 (/opt/ros/jazzy/share/rmw_implementation_cmake/cmake)
-- Found rmw_fastrtps_cpp: 8.4.3 (/opt/ros/jazzy/share/rmw_fastrtps_cpp/cmake)
-- Found OpenSSL: /usr/lib/x86_64-linux-gnu/libcrypto.so (found version "3.0.13")  
-- Found FastRTPS: /opt/ros/jazzy/include (Required is at least version "2.13") 
-- Using RMW implementation 'rmw_fastrtps_cpp' as default
-- Found std_msgs: 5.3.6 (/opt/ros/jazzy/share/std_msgs/cmake)
-- Found geometry_msgs: 5.3.6 (/opt/ros/jazzy/share/geometry_msgs/cmake)
-- Found tf2_geometry_msgs: 0.36.14 (/opt/ros/jazzy/share/tf2_geometry_msgs/cmake)
-- Found eigen3_cmake_module: 0.3.0 (/opt/ros/jazzy/share/eigen3_cmake_module/cmake)
-- Found Eigen3: TRUE (found version "3.4.0") 
-- Ensuring Eigen3 include directory is part of orocos-kdl CMake target
-- Found sensor_msgs: 5.3.6 (/opt/ros/jazzy/share/sensor_msgs/cmake)
-- Found nav_msgs: 5.3.6 (/opt/ros/jazzy/share/nav_msgs/cmake)
-- Found Boost: /usr/lib/x86_64-linux-gnu/cmake/Boost-1.83.0/BoostConfig.cmake (found version "1.83.0")  
-- Configuring done (4.1s)
-- Generating done (0.0s)
-- Build files have been written to: /home/samuele/dev/minar/minar-challenge-2/src/build/rf2o_laser_odometry
[ 20%] [32mBuilding CXX object CMakeFiles/rf2o_laser_odometry.dir/src/CLaserOdometry2D.cpp.o[0m
[ 40%] [32mBuilding CXX object CMakeFiles/rf2o_laser_odometry_node.dir/src/CLaserOdometry2D.cpp.o[0m
[ 60%] [32mBuilding CXX object CMakeFiles/rf2o_laser_odometry_node.dir/src/CLaserOdometry2DNode.cpp.o[0m
[ 80%] [32m[1mLinking CXX executable rf2o_laser_odometry_node[0m
[100%] [32m[1mLinking CXX static library librf2o_laser_odometry.a[0m
[100%] Built target rf2o_laser_odometry_node
[100%] Built target rf2o_laser_odometry
-- Install configuration: ""
-- Execute custom install script
-- Symlinking: /home/samuele/dev/minar/minar-challenge-2/src/install/rf2o_laser_odometry/lib/rf2o_laser_odometry/rf2o_laser_odometry_node
-- Symlinking: /home/samuele/dev/minar/minar-challenge-2/src/install/rf2o_laser_odometry/share/rf2o_laser_odometry/launch/rf2o_laser_odometry.launch.py
-- Symlinking: /home/samuele/dev/minar/minar-challenge-2/src/install/rf2o_laser_odometry/share/ament_index/resource_index/package_run_dependencies/rf2o_laser_odometry
-- Symlinking: /home/samuele/dev/minar/minar-challenge-2/src/install/rf2o_laser_odometry/share/ament_index/resource_index/parent_prefix_path/rf2o_laser_odometry
-- Symlinking: /home/samuele/dev/minar/minar-challenge-2/src/install/rf2o_laser_odometry/share/rf2o_laser_odometry/environment/ament_prefix_path.sh
-- Symlinking: /home/samuele/dev/minar/minar-challenge-2/src/install/rf2o_laser_odometry/share/rf2o_laser_odometry/environment/ament_prefix_path.dsv
-- Symlinking: /home/samuele/dev/minar/minar-challenge-2/src/install/rf2o_laser_odometry/share/rf2o_laser_odometry/environment/path.sh
-- Symlinking: /home/samuele/dev/minar/minar-challenge-2/src/install/rf2o_laser_odometry/share/rf2o_laser_odometry/environment/path.dsv
-- Symlinking: /home/samuele/dev/minar/minar-challenge-2/src/install/rf2o_laser_odometry/share/rf2o_laser_odometry/local_setup.bash
-- Symlinking: /home/samuele/dev/minar/minar-challenge-2/src/install/rf2o_laser_odometry/share/rf2o_laser_odometry/local_setup.sh
-- Symlinking: /home/samuele/dev/minar/minar-challenge-2/src/install/rf2o_laser_odometry/share/rf2o_laser_odometry/local_setup.zsh
-- Symlinking: /home/samuele/dev/minar/minar-challenge-2/src/install/rf2o_laser_odometry/share/rf2o_laser_odometry/local_setup.dsv
-- Symlinking: /home/samuele/dev/minar/minar-challenge-2/src/install/rf2o_laser_odometry/share/rf2o_laser_odometry/package.dsv
-- Symlinking: /home/samuele/dev/minar/minar-challenge-2/src/install/rf2o_laser_odometry/share/ament_index/resource_index/packages/rf2o_laser_odometry
-- Symlinking: /home/samuele/dev/minar/minar-challenge-2/src/install/rf2o_laser_odometry/share/rf2o_laser_odometry/cmake/rf2o_laser_odometryConfig.cmake
-- Symlinking: /home/samuele/dev/minar/minar-challenge-2/src/install/rf2o_laser_odometry/share/rf2o_laser_odometry/cmake/rf2o_laser_odometryConfig-version.cmake
-- Symlinking: /home/samuele/dev/minar/minar-challenge-2/src/install/rf2o_laser_odometry/share/rf2o_laser_odometry/package.xml
