running egg_info
writing ../../build/ct_bringup/ct_bringup.egg-info/PKG-INFO
writing dependency_links to ../../build/ct_bringup/ct_bringup.egg-info/dependency_links.txt
writing requirements to ../../build/ct_bringup/ct_bringup.egg-info/requires.txt
writing top-level names to ../../build/ct_bringup/ct_bringup.egg-info/top_level.txt
reading manifest file '../../build/ct_bringup/ct_bringup.egg-info/SOURCES.txt'
writing manifest file '../../build/ct_bringup/ct_bringup.egg-info/SOURCES.txt'
running build
running build_py
copying ct_bringup/wheel_encoder_node.py -> /home/samuele/dev/minar/minar-challenge-2/ros/build/ct_bringup/build/lib/ct_bringup
running install
running install_lib
copying /home/samuele/dev/minar/minar-challenge-2/ros/build/ct_bringup/build/lib/ct_bringup/wheel_encoder_node.py -> /home/samuele/dev/minar/minar-challenge-2/ros/install/ct_bringup/lib/python3.12/site-packages/ct_bringup
byte-compiling /home/samuele/dev/minar/minar-challenge-2/ros/install/ct_bringup/lib/python3.12/site-packages/ct_bringup/wheel_encoder_node.py to wheel_encoder_node.cpython-312.pyc
running install_data
copying launch/bringup.launch.py -> /home/samuele/dev/minar/minar-challenge-2/ros/install/ct_bringup/share/ct_bringup/launch
running install_egg_info
removing '/home/samuele/dev/minar/minar-challenge-2/ros/install/ct_bringup/lib/python3.12/site-packages/ct_bringup-0.0.0-py3.12.egg-info' (and everything under it)
Copying ../../build/ct_bringup/ct_bringup.egg-info to /home/samuele/dev/minar/minar-challenge-2/ros/install/ct_bringup/lib/python3.12/site-packages/ct_bringup-0.0.0-py3.12.egg-info
running install_scripts
writing list of installed files to '/home/samuele/dev/minar/minar-challenge-2/ros/build/ct_bringup/install.log'
