[2.584s] Invoking command in '/home/samuele/dev/minar/minar-challenge-2/ros/build/ct_bringup': DEBUGINFOD_URLS=https://debuginfod.ubuntu.com PYTHONPATH=/home/samuele/dev/minar/minar-challenge-2/ros/build/ct_bringup/prefix_override:/usr/lib/python3/dist-packages/colcon_core/task/python/colcon_distutils_commands:/home/samuele/dev/minar/minar-challenge-2/ros/install/ct_bringup/lib/python3.12/site-packages:${PYTHONPATH} /usr/bin/python3 -W ignore:setup.py install is deprecated -W ignore:easy_install command is deprecated setup.py develop --uninstall --editable --build-directory /home/samuele/dev/minar/minar-challenge-2/ros/build/ct_bringup/build
[3.439s] running develop
[4.025s] Removing /home/samuele/dev/minar/minar-challenge-2/ros/install/ct_bringup/lib/python3.12/site-packages/ct-bringup.egg-link (link to .)
[4.109s] Invoked command in '/home/samuele/dev/minar/minar-challenge-2/ros/build/ct_bringup' returned '0': DEBUGINFOD_URLS=https://debuginfod.ubuntu.com PYTHONPATH=/home/samuele/dev/minar/minar-challenge-2/ros/build/ct_bringup/prefix_override:/usr/lib/python3/dist-packages/colcon_core/task/python/colcon_distutils_commands:/home/samuele/dev/minar/minar-challenge-2/ros/install/ct_bringup/lib/python3.12/site-packages:${PYTHONPATH} /usr/bin/python3 -W ignore:setup.py install is deprecated -W ignore:easy_install command is deprecated setup.py develop --uninstall --editable --build-directory /home/samuele/dev/minar/minar-challenge-2/ros/build/ct_bringup/build
[4.110s] Invoking command in '/home/samuele/dev/minar/minar-challenge-2/ros/src/ct_bringup': DEBUGINFOD_URLS=https://debuginfod.ubuntu.com PYTHONPATH=/home/samuele/dev/minar/minar-challenge-2/ros/build/ct_bringup/prefix_override:/usr/lib/python3/dist-packages/colcon_core/task/python/colcon_distutils_commands:/home/samuele/dev/minar/minar-challenge-2/ros/install/ct_bringup/lib/python3.12/site-packages:${PYTHONPATH} /usr/bin/python3 -W ignore:setup.py install is deprecated -W ignore:easy_install command is deprecated setup.py egg_info --egg-base ../../build/ct_bringup build --build-base /home/samuele/dev/minar/minar-challenge-2/ros/build/ct_bringup/build install --record /home/samuele/dev/minar/minar-challenge-2/ros/build/ct_bringup/install.log --single-version-externally-managed install_data --force
[4.406s] running egg_info
[4.429s] writing ../../build/ct_bringup/ct_bringup.egg-info/PKG-INFO
[4.430s] writing dependency_links to ../../build/ct_bringup/ct_bringup.egg-info/dependency_links.txt
[4.430s] writing entry points to ../../build/ct_bringup/ct_bringup.egg-info/entry_points.txt
[4.430s] writing requirements to ../../build/ct_bringup/ct_bringup.egg-info/requires.txt
[4.430s] writing top-level names to ../../build/ct_bringup/ct_bringup.egg-info/top_level.txt
[4.475s] reading manifest file '../../build/ct_bringup/ct_bringup.egg-info/SOURCES.txt'
[4.476s] writing manifest file '../../build/ct_bringup/ct_bringup.egg-info/SOURCES.txt'
[4.476s] running build
[4.476s] running build_py
[4.476s] running install
[4.483s] running install_lib
[4.504s] creating /home/samuele/dev/minar/minar-challenge-2/ros/install/ct_bringup/lib/python3.12/site-packages/ct_bringup
[4.505s] copying /home/samuele/dev/minar/minar-challenge-2/ros/build/ct_bringup/build/lib/ct_bringup/wheel_encoder_node.py -> /home/samuele/dev/minar/minar-challenge-2/ros/install/ct_bringup/lib/python3.12/site-packages/ct_bringup
[4.505s] copying /home/samuele/dev/minar/minar-challenge-2/ros/build/ct_bringup/build/lib/ct_bringup/__init__.py -> /home/samuele/dev/minar/minar-challenge-2/ros/install/ct_bringup/lib/python3.12/site-packages/ct_bringup
[4.505s] byte-compiling /home/samuele/dev/minar/minar-challenge-2/ros/install/ct_bringup/lib/python3.12/site-packages/ct_bringup/wheel_encoder_node.py to wheel_encoder_node.cpython-312.pyc
[4.506s] byte-compiling /home/samuele/dev/minar/minar-challenge-2/ros/install/ct_bringup/lib/python3.12/site-packages/ct_bringup/__init__.py to __init__.cpython-312.pyc
[4.506s] running install_data
[4.506s] copying resource/ct_bringup -> /home/samuele/dev/minar/minar-challenge-2/ros/install/ct_bringup/share/ament_index/resource_index/packages
[4.506s] copying package.xml -> /home/samuele/dev/minar/minar-challenge-2/ros/install/ct_bringup/share/ct_bringup
[4.507s] copying launch/bringup.launch.py -> /home/samuele/dev/minar/minar-challenge-2/ros/install/ct_bringup/share/ct_bringup/launch
[4.507s] copying config/slam_toolbox.yaml -> /home/samuele/dev/minar/minar-challenge-2/ros/install/ct_bringup/share/ct_bringup/config
[4.507s] running install_egg_info
[4.535s] Copying ../../build/ct_bringup/ct_bringup.egg-info to /home/samuele/dev/minar/minar-challenge-2/ros/install/ct_bringup/lib/python3.12/site-packages/ct_bringup-0.0.0-py3.12.egg-info
[4.536s] running install_scripts
[4.687s] Installing wheel_encoder_node script to /home/samuele/dev/minar/minar-challenge-2/ros/install/ct_bringup/lib/ct_bringup
[4.687s] writing list of installed files to '/home/samuele/dev/minar/minar-challenge-2/ros/build/ct_bringup/install.log'
[4.723s] Invoked command in '/home/samuele/dev/minar/minar-challenge-2/ros/src/ct_bringup' returned '0': DEBUGINFOD_URLS=https://debuginfod.ubuntu.com PYTHONPATH=/home/samuele/dev/minar/minar-challenge-2/ros/build/ct_bringup/prefix_override:/usr/lib/python3/dist-packages/colcon_core/task/python/colcon_distutils_commands:/home/samuele/dev/minar/minar-challenge-2/ros/install/ct_bringup/lib/python3.12/site-packages:${PYTHONPATH} /usr/bin/python3 -W ignore:setup.py install is deprecated -W ignore:easy_install command is deprecated setup.py egg_info --egg-base ../../build/ct_bringup build --build-base /home/samuele/dev/minar/minar-challenge-2/ros/build/ct_bringup/build install --record /home/samuele/dev/minar/minar-challenge-2/ros/build/ct_bringup/install.log --single-version-externally-managed install_data --force
