[0.174s] DEBUG:colcon:Command line arguments: ['/usr/bin/colcon', 'build', '--symlink-install']
[0.174s] DEBUG:colcon:Parsed command line arguments: Namespace(log_base=None, log_level=None, verb_name='build', build_base='build', install_base='install', merge_install=False, symlink_install=True, test_result_base=None, continue_on_error=False, executor='parallel', parallel_workers=8, event_handlers=None, ignore_user_meta=False, metas=['./colcon.meta'], base_paths=['.'], packages_ignore=None, packages_ignore_regex=None, paths=None, packages_up_to=None, packages_up_to_regex=None, packages_above=None, packages_above_and_dependencies=None, packages_above_depth=None, packages_select_by_dep=None, packages_skip_by_dep=None, packages_skip_up_to=None, packages_select_build_failed=False, packages_skip_build_finished=False, packages_select_test_failures=False, packages_skip_test_passed=False, packages_select=None, packages_skip=None, packages_select_regex=None, packages_skip_regex=None, packages_start=None, packages_end=None, cmake_args=None, cmake_target=None, cmake_target_skip_unavailable=False, cmake_clean_cache=False, cmake_clean_first=False, cmake_force_configure=False, ament_cmake_args=None, catkin_cmake_args=None, catkin_skip_building_tests=False, verb_parser=<colcon_defaults.argument_parser.defaults.DefaultArgumentsDecorator object at 0x7754e373bc80>, verb_extension=<colcon_core.verb.build.BuildVerb object at 0x7754e373b9b0>, main=<bound method BuildVerb.main of <colcon_core.verb.build.BuildVerb object at 0x7754e373b9b0>>)
[0.229s] Level 1:colcon.colcon_core.package_discovery:discover_packages(colcon_meta) check parameters
[0.229s] Level 1:colcon.colcon_core.package_discovery:discover_packages(recursive) check parameters
[0.229s] Level 1:colcon.colcon_core.package_discovery:discover_packages(ignore) check parameters
[0.229s] Level 1:colcon.colcon_core.package_discovery:discover_packages(path) check parameters
[0.229s] Level 1:colcon.colcon_core.package_discovery:discover_packages(colcon_meta) discover
[0.229s] Level 1:colcon.colcon_core.package_discovery:discover_packages(recursive) discover
[0.229s] INFO:colcon.colcon_core.package_discovery:Crawling recursively for packages in '/home/samuele/dev/minar/minar-challenge-2'
[0.229s] Level 1:colcon.colcon_core.package_identification:_identify(.) by extensions ['ignore', 'ignore_ament_install']
[0.229s] Level 1:colcon.colcon_core.package_identification:_identify(.) by extension 'ignore'
[0.230s] Level 1:colcon.colcon_core.package_identification:_identify(.) by extension 'ignore_ament_install'
[0.230s] Level 1:colcon.colcon_core.package_identification:_identify(.) by extensions ['colcon_pkg']
[0.230s] Level 1:colcon.colcon_core.package_identification:_identify(.) by extension 'colcon_pkg'
[0.230s] Level 1:colcon.colcon_core.package_identification:_identify(.) by extensions ['colcon_meta']
[0.230s] Level 1:colcon.colcon_core.package_identification:_identify(.) by extension 'colcon_meta'
[0.230s] Level 1:colcon.colcon_core.package_identification:_identify(.) by extensions ['ros']
[0.230s] Level 1:colcon.colcon_core.package_identification:_identify(.) by extension 'ros'
[0.261s] Level 1:colcon.colcon_core.package_identification:_identify(.) by extensions ['cmake', 'python']
[0.261s] Level 1:colcon.colcon_core.package_identification:_identify(.) by extension 'cmake'
[0.262s] Level 1:colcon.colcon_core.package_identification:_identify(.) by extension 'python'
[0.262s] Level 1:colcon.colcon_core.package_identification:_identify(.) by extensions ['python_setup_py']
[0.262s] Level 1:colcon.colcon_core.package_identification:_identify(.) by extension 'python_setup_py'
[0.262s] Level 1:colcon.colcon_core.package_identification:_identify(build) by extensions ['ignore', 'ignore_ament_install']
[0.262s] Level 1:colcon.colcon_core.package_identification:_identify(build) by extension 'ignore'
[0.262s] Level 1:colcon.colcon_core.package_identification:_identify(build) ignored
[0.262s] Level 1:colcon.colcon_core.package_identification:_identify(install) by extensions ['ignore', 'ignore_ament_install']
[0.262s] Level 1:colcon.colcon_core.package_identification:_identify(install) by extension 'ignore'
[0.262s] Level 1:colcon.colcon_core.package_identification:_identify(install) ignored
[0.262s] Level 1:colcon.colcon_core.package_identification:_identify(log) by extensions ['ignore', 'ignore_ament_install']
[0.262s] Level 1:colcon.colcon_core.package_identification:_identify(log) by extension 'ignore'
[0.262s] Level 1:colcon.colcon_core.package_identification:_identify(log) ignored
[0.262s] Level 1:colcon.colcon_core.package_identification:_identify(src) by extensions ['ignore', 'ignore_ament_install']
[0.262s] Level 1:colcon.colcon_core.package_identification:_identify(src) by extension 'ignore'
[0.263s] Level 1:colcon.colcon_core.package_identification:_identify(src) by extension 'ignore_ament_install'
[0.263s] Level 1:colcon.colcon_core.package_identification:_identify(src) by extensions ['colcon_pkg']
[0.263s] Level 1:colcon.colcon_core.package_identification:_identify(src) by extension 'colcon_pkg'
[0.263s] Level 1:colcon.colcon_core.package_identification:_identify(src) by extensions ['colcon_meta']
[0.263s] Level 1:colcon.colcon_core.package_identification:_identify(src) by extension 'colcon_meta'
[0.263s] Level 1:colcon.colcon_core.package_identification:_identify(src) by extensions ['ros']
[0.263s] Level 1:colcon.colcon_core.package_identification:_identify(src) by extension 'ros'
[0.263s] Level 1:colcon.colcon_core.package_identification:_identify(src) by extensions ['cmake', 'python']
[0.263s] Level 1:colcon.colcon_core.package_identification:_identify(src) by extension 'cmake'
[0.263s] Level 1:colcon.colcon_core.package_identification:_identify(src) by extension 'python'
[0.263s] Level 1:colcon.colcon_core.package_identification:_identify(src) by extensions ['python_setup_py']
[0.263s] Level 1:colcon.colcon_core.package_identification:_identify(src) by extension 'python_setup_py'
[0.263s] Level 1:colcon.colcon_core.package_identification:_identify(src/ct_bringup) by extensions ['ignore', 'ignore_ament_install']
[0.263s] Level 1:colcon.colcon_core.package_identification:_identify(src/ct_bringup) by extension 'ignore'
[0.263s] Level 1:colcon.colcon_core.package_identification:_identify(src/ct_bringup) by extension 'ignore_ament_install'
[0.263s] Level 1:colcon.colcon_core.package_identification:_identify(src/ct_bringup) by extensions ['colcon_pkg']
[0.263s] Level 1:colcon.colcon_core.package_identification:_identify(src/ct_bringup) by extension 'colcon_pkg'
[0.263s] Level 1:colcon.colcon_core.package_identification:_identify(src/ct_bringup) by extensions ['colcon_meta']
[0.263s] Level 1:colcon.colcon_core.package_identification:_identify(src/ct_bringup) by extension 'colcon_meta'
[0.263s] Level 1:colcon.colcon_core.package_identification:_identify(src/ct_bringup) by extensions ['ros']
[0.263s] Level 1:colcon.colcon_core.package_identification:_identify(src/ct_bringup) by extension 'ros'
[0.266s] DEBUG:colcon.colcon_core.package_identification:Package 'src/ct_bringup' with type 'ros.ament_python' and name 'ct_bringup'
[0.266s] Level 1:colcon.colcon_core.package_identification:_identify(src/ct_control) by extensions ['ignore', 'ignore_ament_install']
[0.266s] Level 1:colcon.colcon_core.package_identification:_identify(src/ct_control) by extension 'ignore'
[0.266s] Level 1:colcon.colcon_core.package_identification:_identify(src/ct_control) by extension 'ignore_ament_install'
[0.267s] Level 1:colcon.colcon_core.package_identification:_identify(src/ct_control) by extensions ['colcon_pkg']
[0.267s] Level 1:colcon.colcon_core.package_identification:_identify(src/ct_control) by extension 'colcon_pkg'
[0.267s] Level 1:colcon.colcon_core.package_identification:_identify(src/ct_control) by extensions ['colcon_meta']
[0.267s] Level 1:colcon.colcon_core.package_identification:_identify(src/ct_control) by extension 'colcon_meta'
[0.267s] Level 1:colcon.colcon_core.package_identification:_identify(src/ct_control) by extensions ['ros']
[0.267s] Level 1:colcon.colcon_core.package_identification:_identify(src/ct_control) by extension 'ros'
[0.267s] DEBUG:colcon.colcon_core.package_identification:Package 'src/ct_control' with type 'ros.ament_python' and name 'ct_control'
[0.267s] Level 1:colcon.colcon_core.package_identification:_identify(src/ct_description) by extensions ['ignore', 'ignore_ament_install']
[0.267s] Level 1:colcon.colcon_core.package_identification:_identify(src/ct_description) by extension 'ignore'
[0.268s] Level 1:colcon.colcon_core.package_identification:_identify(src/ct_description) by extension 'ignore_ament_install'
[0.268s] Level 1:colcon.colcon_core.package_identification:_identify(src/ct_description) by extensions ['colcon_pkg']
[0.268s] Level 1:colcon.colcon_core.package_identification:_identify(src/ct_description) by extension 'colcon_pkg'
[0.268s] Level 1:colcon.colcon_core.package_identification:_identify(src/ct_description) by extensions ['colcon_meta']
[0.268s] Level 1:colcon.colcon_core.package_identification:_identify(src/ct_description) by extension 'colcon_meta'
[0.268s] Level 1:colcon.colcon_core.package_identification:_identify(src/ct_description) by extensions ['ros']
[0.268s] Level 1:colcon.colcon_core.package_identification:_identify(src/ct_description) by extension 'ros'
[0.268s] DEBUG:colcon.colcon_core.package_identification:Package 'src/ct_description' with type 'ros.ament_cmake' and name 'ct_description'
[0.268s] Level 1:colcon.colcon_core.package_identification:_identify(src/ct_navigation) by extensions ['ignore', 'ignore_ament_install']
[0.268s] Level 1:colcon.colcon_core.package_identification:_identify(src/ct_navigation) by extension 'ignore'
[0.268s] Level 1:colcon.colcon_core.package_identification:_identify(src/ct_navigation) by extension 'ignore_ament_install'
[0.269s] Level 1:colcon.colcon_core.package_identification:_identify(src/ct_navigation) by extensions ['colcon_pkg']
[0.269s] Level 1:colcon.colcon_core.package_identification:_identify(src/ct_navigation) by extension 'colcon_pkg'
[0.269s] Level 1:colcon.colcon_core.package_identification:_identify(src/ct_navigation) by extensions ['colcon_meta']
[0.269s] Level 1:colcon.colcon_core.package_identification:_identify(src/ct_navigation) by extension 'colcon_meta'
[0.269s] Level 1:colcon.colcon_core.package_identification:_identify(src/ct_navigation) by extensions ['ros']
[0.269s] Level 1:colcon.colcon_core.package_identification:_identify(src/ct_navigation) by extension 'ros'
[0.269s] DEBUG:colcon.colcon_core.package_identification:Package 'src/ct_navigation' with type 'ros.ament_python' and name 'ct_navigation'
[0.269s] Level 1:colcon.colcon_core.package_identification:_identify(src/ct_sensors) by extensions ['ignore', 'ignore_ament_install']
[0.270s] Level 1:colcon.colcon_core.package_identification:_identify(src/ct_sensors) by extension 'ignore'
[0.270s] Level 1:colcon.colcon_core.package_identification:_identify(src/ct_sensors) by extension 'ignore_ament_install'
[0.270s] Level 1:colcon.colcon_core.package_identification:_identify(src/ct_sensors) by extensions ['colcon_pkg']
[0.270s] Level 1:colcon.colcon_core.package_identification:_identify(src/ct_sensors) by extension 'colcon_pkg'
[0.270s] Level 1:colcon.colcon_core.package_identification:_identify(src/ct_sensors) by extensions ['colcon_meta']
[0.270s] Level 1:colcon.colcon_core.package_identification:_identify(src/ct_sensors) by extension 'colcon_meta'
[0.270s] Level 1:colcon.colcon_core.package_identification:_identify(src/ct_sensors) by extensions ['ros']
[0.270s] Level 1:colcon.colcon_core.package_identification:_identify(src/ct_sensors) by extension 'ros'
[0.270s] DEBUG:colcon.colcon_core.package_identification:Package 'src/ct_sensors' with type 'ros.ament_python' and name 'ct_sensors'
[0.270s] Level 1:colcon.colcon_core.package_identification:_identify(src/ct_teleop) by extensions ['ignore', 'ignore_ament_install']
[0.271s] Level 1:colcon.colcon_core.package_identification:_identify(src/ct_teleop) by extension 'ignore'
[0.271s] Level 1:colcon.colcon_core.package_identification:_identify(src/ct_teleop) by extension 'ignore_ament_install'
[0.271s] Level 1:colcon.colcon_core.package_identification:_identify(src/ct_teleop) by extensions ['colcon_pkg']
[0.271s] Level 1:colcon.colcon_core.package_identification:_identify(src/ct_teleop) by extension 'colcon_pkg'
[0.271s] Level 1:colcon.colcon_core.package_identification:_identify(src/ct_teleop) by extensions ['colcon_meta']
[0.271s] Level 1:colcon.colcon_core.package_identification:_identify(src/ct_teleop) by extension 'colcon_meta'
[0.271s] Level 1:colcon.colcon_core.package_identification:_identify(src/ct_teleop) by extensions ['ros']
[0.271s] Level 1:colcon.colcon_core.package_identification:_identify(src/ct_teleop) by extension 'ros'
[0.271s] DEBUG:colcon.colcon_core.package_identification:Package 'src/ct_teleop' with type 'ros.ament_python' and name 'ct_teleop'
[0.272s] Level 1:colcon.colcon_core.package_identification:_identify(src/rplidar_ros) by extensions ['ignore', 'ignore_ament_install']
[0.272s] Level 1:colcon.colcon_core.package_identification:_identify(src/rplidar_ros) by extension 'ignore'
[0.272s] Level 1:colcon.colcon_core.package_identification:_identify(src/rplidar_ros) by extension 'ignore_ament_install'
[0.272s] Level 1:colcon.colcon_core.package_identification:_identify(src/rplidar_ros) by extensions ['colcon_pkg']
[0.272s] Level 1:colcon.colcon_core.package_identification:_identify(src/rplidar_ros) by extension 'colcon_pkg'
[0.272s] Level 1:colcon.colcon_core.package_identification:_identify(src/rplidar_ros) by extensions ['colcon_meta']
[0.272s] Level 1:colcon.colcon_core.package_identification:_identify(src/rplidar_ros) by extension 'colcon_meta'
[0.272s] Level 1:colcon.colcon_core.package_identification:_identify(src/rplidar_ros) by extensions ['ros']
[0.272s] Level 1:colcon.colcon_core.package_identification:_identify(src/rplidar_ros) by extension 'ros'
[0.272s] DEBUG:colcon.colcon_core.package_identification:Package 'src/rplidar_ros' with type 'ros.ament_cmake' and name 'rplidar_ros'
[0.272s] Level 1:colcon.colcon_core.package_discovery:discover_packages(recursive) using defaults
[0.272s] Level 1:colcon.colcon_core.package_discovery:discover_packages(ignore) discover
[0.273s] Level 1:colcon.colcon_core.package_discovery:discover_packages(ignore) using defaults
[0.273s] Level 1:colcon.colcon_core.package_discovery:discover_packages(path) discover
[0.273s] Level 1:colcon.colcon_core.package_discovery:discover_packages(path) using defaults
[0.296s] Level 5:colcon.colcon_core.verb:set package 'ct_bringup' build argument 'cmake_args' from command line to 'None'
[0.296s] Level 5:colcon.colcon_core.verb:set package 'ct_bringup' build argument 'cmake_target' from command line to 'None'
[0.296s] Level 5:colcon.colcon_core.verb:set package 'ct_bringup' build argument 'cmake_target_skip_unavailable' from command line to 'False'
[0.296s] Level 5:colcon.colcon_core.verb:set package 'ct_bringup' build argument 'cmake_clean_cache' from command line to 'False'
[0.296s] Level 5:colcon.colcon_core.verb:set package 'ct_bringup' build argument 'cmake_clean_first' from command line to 'False'
[0.296s] Level 5:colcon.colcon_core.verb:set package 'ct_bringup' build argument 'cmake_force_configure' from command line to 'False'
[0.296s] Level 5:colcon.colcon_core.verb:set package 'ct_bringup' build argument 'ament_cmake_args' from command line to 'None'
[0.296s] Level 5:colcon.colcon_core.verb:set package 'ct_bringup' build argument 'catkin_cmake_args' from command line to 'None'
[0.296s] Level 5:colcon.colcon_core.verb:set package 'ct_bringup' build argument 'catkin_skip_building_tests' from command line to 'False'
[0.297s] DEBUG:colcon.colcon_core.verb:Building package 'ct_bringup' with the following arguments: {'ament_cmake_args': None, 'build_base': '/home/samuele/dev/minar/minar-challenge-2/build/ct_bringup', 'catkin_cmake_args': None, 'catkin_skip_building_tests': False, 'cmake_args': None, 'cmake_clean_cache': False, 'cmake_clean_first': False, 'cmake_force_configure': False, 'cmake_target': None, 'cmake_target_skip_unavailable': False, 'install_base': '/home/samuele/dev/minar/minar-challenge-2/install/ct_bringup', 'merge_install': False, 'path': '/home/samuele/dev/minar/minar-challenge-2/src/ct_bringup', 'symlink_install': True, 'test_result_base': None}
[0.297s] Level 5:colcon.colcon_core.verb:set package 'ct_control' build argument 'cmake_args' from command line to 'None'
[0.297s] Level 5:colcon.colcon_core.verb:set package 'ct_control' build argument 'cmake_target' from command line to 'None'
[0.297s] Level 5:colcon.colcon_core.verb:set package 'ct_control' build argument 'cmake_target_skip_unavailable' from command line to 'False'
[0.297s] Level 5:colcon.colcon_core.verb:set package 'ct_control' build argument 'cmake_clean_cache' from command line to 'False'
[0.297s] Level 5:colcon.colcon_core.verb:set package 'ct_control' build argument 'cmake_clean_first' from command line to 'False'
[0.297s] Level 5:colcon.colcon_core.verb:set package 'ct_control' build argument 'cmake_force_configure' from command line to 'False'
[0.297s] Level 5:colcon.colcon_core.verb:set package 'ct_control' build argument 'ament_cmake_args' from command line to 'None'
[0.297s] Level 5:colcon.colcon_core.verb:set package 'ct_control' build argument 'catkin_cmake_args' from command line to 'None'
[0.297s] Level 5:colcon.colcon_core.verb:set package 'ct_control' build argument 'catkin_skip_building_tests' from command line to 'False'
[0.297s] DEBUG:colcon.colcon_core.verb:Building package 'ct_control' with the following arguments: {'ament_cmake_args': None, 'build_base': '/home/samuele/dev/minar/minar-challenge-2/build/ct_control', 'catkin_cmake_args': None, 'catkin_skip_building_tests': False, 'cmake_args': None, 'cmake_clean_cache': False, 'cmake_clean_first': False, 'cmake_force_configure': False, 'cmake_target': None, 'cmake_target_skip_unavailable': False, 'install_base': '/home/samuele/dev/minar/minar-challenge-2/install/ct_control', 'merge_install': False, 'path': '/home/samuele/dev/minar/minar-challenge-2/src/ct_control', 'symlink_install': True, 'test_result_base': None}
[0.297s] Level 5:colcon.colcon_core.verb:set package 'ct_description' build argument 'cmake_args' from command line to 'None'
[0.297s] Level 5:colcon.colcon_core.verb:set package 'ct_description' build argument 'cmake_target' from command line to 'None'
[0.297s] Level 5:colcon.colcon_core.verb:set package 'ct_description' build argument 'cmake_target_skip_unavailable' from command line to 'False'
[0.297s] Level 5:colcon.colcon_core.verb:set package 'ct_description' build argument 'cmake_clean_cache' from command line to 'False'
[0.297s] Level 5:colcon.colcon_core.verb:set package 'ct_description' build argument 'cmake_clean_first' from command line to 'False'
[0.297s] Level 5:colcon.colcon_core.verb:set package 'ct_description' build argument 'cmake_force_configure' from command line to 'False'
[0.297s] Level 5:colcon.colcon_core.verb:set package 'ct_description' build argument 'ament_cmake_args' from command line to 'None'
[0.297s] Level 5:colcon.colcon_core.verb:set package 'ct_description' build argument 'catkin_cmake_args' from command line to 'None'
[0.297s] Level 5:colcon.colcon_core.verb:set package 'ct_description' build argument 'catkin_skip_building_tests' from command line to 'False'
[0.297s] DEBUG:colcon.colcon_core.verb:Building package 'ct_description' with the following arguments: {'ament_cmake_args': None, 'build_base': '/home/samuele/dev/minar/minar-challenge-2/build/ct_description', 'catkin_cmake_args': None, 'catkin_skip_building_tests': False, 'cmake_args': None, 'cmake_clean_cache': False, 'cmake_clean_first': False, 'cmake_force_configure': False, 'cmake_target': None, 'cmake_target_skip_unavailable': False, 'install_base': '/home/samuele/dev/minar/minar-challenge-2/install/ct_description', 'merge_install': False, 'path': '/home/samuele/dev/minar/minar-challenge-2/src/ct_description', 'symlink_install': True, 'test_result_base': None}
[0.298s] Level 5:colcon.colcon_core.verb:set package 'ct_navigation' build argument 'cmake_args' from command line to 'None'
[0.298s] Level 5:colcon.colcon_core.verb:set package 'ct_navigation' build argument 'cmake_target' from command line to 'None'
[0.298s] Level 5:colcon.colcon_core.verb:set package 'ct_navigation' build argument 'cmake_target_skip_unavailable' from command line to 'False'
[0.298s] Level 5:colcon.colcon_core.verb:set package 'ct_navigation' build argument 'cmake_clean_cache' from command line to 'False'
[0.298s] Level 5:colcon.colcon_core.verb:set package 'ct_navigation' build argument 'cmake_clean_first' from command line to 'False'
[0.298s] Level 5:colcon.colcon_core.verb:set package 'ct_navigation' build argument 'cmake_force_configure' from command line to 'False'
[0.298s] Level 5:colcon.colcon_core.verb:set package 'ct_navigation' build argument 'ament_cmake_args' from command line to 'None'
[0.298s] Level 5:colcon.colcon_core.verb:set package 'ct_navigation' build argument 'catkin_cmake_args' from command line to 'None'
[0.298s] Level 5:colcon.colcon_core.verb:set package 'ct_navigation' build argument 'catkin_skip_building_tests' from command line to 'False'
[0.298s] DEBUG:colcon.colcon_core.verb:Building package 'ct_navigation' with the following arguments: {'ament_cmake_args': None, 'build_base': '/home/samuele/dev/minar/minar-challenge-2/build/ct_navigation', 'catkin_cmake_args': None, 'catkin_skip_building_tests': False, 'cmake_args': None, 'cmake_clean_cache': False, 'cmake_clean_first': False, 'cmake_force_configure': False, 'cmake_target': None, 'cmake_target_skip_unavailable': False, 'install_base': '/home/samuele/dev/minar/minar-challenge-2/install/ct_navigation', 'merge_install': False, 'path': '/home/samuele/dev/minar/minar-challenge-2/src/ct_navigation', 'symlink_install': True, 'test_result_base': None}
[0.298s] Level 5:colcon.colcon_core.verb:set package 'ct_sensors' build argument 'cmake_args' from command line to 'None'
[0.298s] Level 5:colcon.colcon_core.verb:set package 'ct_sensors' build argument 'cmake_target' from command line to 'None'
[0.298s] Level 5:colcon.colcon_core.verb:set package 'ct_sensors' build argument 'cmake_target_skip_unavailable' from command line to 'False'
[0.298s] Level 5:colcon.colcon_core.verb:set package 'ct_sensors' build argument 'cmake_clean_cache' from command line to 'False'
[0.298s] Level 5:colcon.colcon_core.verb:set package 'ct_sensors' build argument 'cmake_clean_first' from command line to 'False'
[0.298s] Level 5:colcon.colcon_core.verb:set package 'ct_sensors' build argument 'cmake_force_configure' from command line to 'False'
[0.298s] Level 5:colcon.colcon_core.verb:set package 'ct_sensors' build argument 'ament_cmake_args' from command line to 'None'
[0.298s] Level 5:colcon.colcon_core.verb:set package 'ct_sensors' build argument 'catkin_cmake_args' from command line to 'None'
[0.298s] Level 5:colcon.colcon_core.verb:set package 'ct_sensors' build argument 'catkin_skip_building_tests' from command line to 'False'
[0.298s] DEBUG:colcon.colcon_core.verb:Building package 'ct_sensors' with the following arguments: {'ament_cmake_args': None, 'build_base': '/home/samuele/dev/minar/minar-challenge-2/build/ct_sensors', 'catkin_cmake_args': None, 'catkin_skip_building_tests': False, 'cmake_args': None, 'cmake_clean_cache': False, 'cmake_clean_first': False, 'cmake_force_configure': False, 'cmake_target': None, 'cmake_target_skip_unavailable': False, 'install_base': '/home/samuele/dev/minar/minar-challenge-2/install/ct_sensors', 'merge_install': False, 'path': '/home/samuele/dev/minar/minar-challenge-2/src/ct_sensors', 'symlink_install': True, 'test_result_base': None}
[0.298s] Level 5:colcon.colcon_core.verb:set package 'ct_teleop' build argument 'cmake_args' from command line to 'None'
[0.298s] Level 5:colcon.colcon_core.verb:set package 'ct_teleop' build argument 'cmake_target' from command line to 'None'
[0.298s] Level 5:colcon.colcon_core.verb:set package 'ct_teleop' build argument 'cmake_target_skip_unavailable' from command line to 'False'
[0.298s] Level 5:colcon.colcon_core.verb:set package 'ct_teleop' build argument 'cmake_clean_cache' from command line to 'False'
[0.298s] Level 5:colcon.colcon_core.verb:set package 'ct_teleop' build argument 'cmake_clean_first' from command line to 'False'
[0.298s] Level 5:colcon.colcon_core.verb:set package 'ct_teleop' build argument 'cmake_force_configure' from command line to 'False'
[0.298s] Level 5:colcon.colcon_core.verb:set package 'ct_teleop' build argument 'ament_cmake_args' from command line to 'None'
[0.299s] Level 5:colcon.colcon_core.verb:set package 'ct_teleop' build argument 'catkin_cmake_args' from command line to 'None'
[0.299s] Level 5:colcon.colcon_core.verb:set package 'ct_teleop' build argument 'catkin_skip_building_tests' from command line to 'False'
[0.299s] DEBUG:colcon.colcon_core.verb:Building package 'ct_teleop' with the following arguments: {'ament_cmake_args': None, 'build_base': '/home/samuele/dev/minar/minar-challenge-2/build/ct_teleop', 'catkin_cmake_args': None, 'catkin_skip_building_tests': False, 'cmake_args': None, 'cmake_clean_cache': False, 'cmake_clean_first': False, 'cmake_force_configure': False, 'cmake_target': None, 'cmake_target_skip_unavailable': False, 'install_base': '/home/samuele/dev/minar/minar-challenge-2/install/ct_teleop', 'merge_install': False, 'path': '/home/samuele/dev/minar/minar-challenge-2/src/ct_teleop', 'symlink_install': True, 'test_result_base': None}
[0.299s] Level 5:colcon.colcon_core.verb:set package 'rplidar_ros' build argument 'cmake_args' from command line to 'None'
[0.299s] Level 5:colcon.colcon_core.verb:set package 'rplidar_ros' build argument 'cmake_target' from command line to 'None'
[0.299s] Level 5:colcon.colcon_core.verb:set package 'rplidar_ros' build argument 'cmake_target_skip_unavailable' from command line to 'False'
[0.299s] Level 5:colcon.colcon_core.verb:set package 'rplidar_ros' build argument 'cmake_clean_cache' from command line to 'False'
[0.299s] Level 5:colcon.colcon_core.verb:set package 'rplidar_ros' build argument 'cmake_clean_first' from command line to 'False'
[0.299s] Level 5:colcon.colcon_core.verb:set package 'rplidar_ros' build argument 'cmake_force_configure' from command line to 'False'
[0.299s] Level 5:colcon.colcon_core.verb:set package 'rplidar_ros' build argument 'ament_cmake_args' from command line to 'None'
[0.299s] Level 5:colcon.colcon_core.verb:set package 'rplidar_ros' build argument 'catkin_cmake_args' from command line to 'None'
[0.299s] Level 5:colcon.colcon_core.verb:set package 'rplidar_ros' build argument 'catkin_skip_building_tests' from command line to 'False'
[0.299s] DEBUG:colcon.colcon_core.verb:Building package 'rplidar_ros' with the following arguments: {'ament_cmake_args': None, 'build_base': '/home/samuele/dev/minar/minar-challenge-2/build/rplidar_ros', 'catkin_cmake_args': None, 'catkin_skip_building_tests': False, 'cmake_args': None, 'cmake_clean_cache': False, 'cmake_clean_first': False, 'cmake_force_configure': False, 'cmake_target': None, 'cmake_target_skip_unavailable': False, 'install_base': '/home/samuele/dev/minar/minar-challenge-2/install/rplidar_ros', 'merge_install': False, 'path': '/home/samuele/dev/minar/minar-challenge-2/src/rplidar_ros', 'symlink_install': True, 'test_result_base': None}
[0.299s] INFO:colcon.colcon_core.executor:Executing jobs using 'parallel' executor
[0.300s] DEBUG:colcon.colcon_parallel_executor.executor.parallel:run_until_complete
[0.300s] INFO:colcon.colcon_ros.task.ament_python.build:Building ROS package in '/home/samuele/dev/minar/minar-challenge-2/src/ct_bringup' with build type 'ament_python'
[0.300s] Level 1:colcon.colcon_core.shell:create_environment_hook('ct_bringup', 'ament_prefix_path')
[0.304s] INFO:colcon.colcon_core.plugin_system:Skipping extension 'colcon_core.shell.bat': Not used on non-Windows systems
[0.304s] INFO:colcon.colcon_core.shell:Creating environment descriptor '/home/samuele/dev/minar/minar-challenge-2/install/ct_bringup/share/ct_bringup/hook/ament_prefix_path.dsv'
[0.304s] INFO:colcon.colcon_core.shell:Creating environment hook '/home/samuele/dev/minar/minar-challenge-2/install/ct_bringup/share/ct_bringup/hook/ament_prefix_path.sh'
[0.305s] DEBUG:colcon.colcon_core.shell:Skip shell extension 'dsv' for command environment
[0.307s] WARNING:colcon.colcon_core.prefix_path.colcon:The path '/home/samuele/dev/minar/minar-challenge-2/src/install' in the environment variable COLCON_PREFIX_PATH doesn't exist
[0.308s] WARNING:colcon.colcon_core.prefix_path.colcon:The path '/home/samuele/cha2_ws/install' in the environment variable COLCON_PREFIX_PATH doesn't exist
[0.308s] WARNING:colcon.colcon_ros.prefix_path.ament:The path '/home/samuele/dev/minar/minar-challenge-2/src/install/rplidar_ros' in the environment variable AMENT_PREFIX_PATH doesn't exist
[0.308s] WARNING:colcon.colcon_ros.prefix_path.ament:The path '/home/samuele/dev/minar/minar-challenge-2/src/install/ct_teleop' in the environment variable AMENT_PREFIX_PATH doesn't exist
[0.308s] WARNING:colcon.colcon_ros.prefix_path.ament:The path '/home/samuele/dev/minar/minar-challenge-2/src/install/ct_sensors' in the environment variable AMENT_PREFIX_PATH doesn't exist
[0.308s] WARNING:colcon.colcon_ros.prefix_path.ament:The path '/home/samuele/dev/minar/minar-challenge-2/src/install/ct_navigation' in the environment variable AMENT_PREFIX_PATH doesn't exist
[0.308s] WARNING:colcon.colcon_ros.prefix_path.ament:The path '/home/samuele/dev/minar/minar-challenge-2/src/install/ct_description' in the environment variable AMENT_PREFIX_PATH doesn't exist
[0.308s] WARNING:colcon.colcon_ros.prefix_path.ament:The path '/home/samuele/dev/minar/minar-challenge-2/src/install/ct_control' in the environment variable AMENT_PREFIX_PATH doesn't exist
[0.308s] WARNING:colcon.colcon_ros.prefix_path.ament:The path '/home/samuele/dev/minar/minar-challenge-2/src/install/ct_bringup' in the environment variable AMENT_PREFIX_PATH doesn't exist
[0.309s] WARNING:colcon.colcon_ros.prefix_path.catkin:The path '/home/samuele/dev/minar/minar-challenge-2/src/install/rplidar_ros' in the environment variable CMAKE_PREFIX_PATH doesn't exist
[0.309s] WARNING:colcon.colcon_ros.prefix_path.catkin:The path '/home/samuele/dev/minar/minar-challenge-2/src/install/ct_description' in the environment variable CMAKE_PREFIX_PATH doesn't exist
[0.316s] INFO:colcon.colcon_ros.task.ament_python.build:Building ROS package in '/home/samuele/dev/minar/minar-challenge-2/src/ct_control' with build type 'ament_python'
[0.316s] Level 1:colcon.colcon_core.shell:create_environment_hook('ct_control', 'ament_prefix_path')
[0.316s] INFO:colcon.colcon_core.shell:Creating environment descriptor '/home/samuele/dev/minar/minar-challenge-2/install/ct_control/share/ct_control/hook/ament_prefix_path.dsv'
[0.317s] INFO:colcon.colcon_core.shell:Creating environment hook '/home/samuele/dev/minar/minar-challenge-2/install/ct_control/share/ct_control/hook/ament_prefix_path.sh'
[0.318s] DEBUG:colcon.colcon_core.shell:Skip shell extension 'dsv' for command environment
[0.323s] INFO:colcon.colcon_ros.task.ament_cmake.build:Building ROS package in '/home/samuele/dev/minar/minar-challenge-2/src/ct_description' with build type 'ament_cmake'
[0.323s] INFO:colcon.colcon_cmake.task.cmake.build:Building CMake package in '/home/samuele/dev/minar/minar-challenge-2/src/ct_description'
[0.324s] DEBUG:colcon.colcon_core.shell:Skip shell extension 'dsv' for command environment
[0.328s] INFO:colcon.colcon_ros.task.ament_python.build:Building ROS package in '/home/samuele/dev/minar/minar-challenge-2/src/ct_navigation' with build type 'ament_python'
[0.328s] Level 1:colcon.colcon_core.shell:create_environment_hook('ct_navigation', 'ament_prefix_path')
[0.328s] INFO:colcon.colcon_core.shell:Creating environment descriptor '/home/samuele/dev/minar/minar-challenge-2/install/ct_navigation/share/ct_navigation/hook/ament_prefix_path.dsv'
[0.329s] INFO:colcon.colcon_core.shell:Creating environment hook '/home/samuele/dev/minar/minar-challenge-2/install/ct_navigation/share/ct_navigation/hook/ament_prefix_path.sh'
[0.329s] DEBUG:colcon.colcon_core.shell:Skip shell extension 'dsv' for command environment
[0.333s] INFO:colcon.colcon_ros.task.ament_python.build:Building ROS package in '/home/samuele/dev/minar/minar-challenge-2/src/ct_sensors' with build type 'ament_python'
[0.333s] Level 1:colcon.colcon_core.shell:create_environment_hook('ct_sensors', 'ament_prefix_path')
[0.334s] INFO:colcon.colcon_core.shell:Creating environment descriptor '/home/samuele/dev/minar/minar-challenge-2/install/ct_sensors/share/ct_sensors/hook/ament_prefix_path.dsv'
[0.334s] INFO:colcon.colcon_core.shell:Creating environment hook '/home/samuele/dev/minar/minar-challenge-2/install/ct_sensors/share/ct_sensors/hook/ament_prefix_path.sh'
[0.335s] DEBUG:colcon.colcon_core.shell:Skip shell extension 'dsv' for command environment
[0.341s] INFO:colcon.colcon_ros.task.ament_python.build:Building ROS package in '/home/samuele/dev/minar/minar-challenge-2/src/ct_teleop' with build type 'ament_python'
[0.342s] Level 1:colcon.colcon_core.shell:create_environment_hook('ct_teleop', 'ament_prefix_path')
[0.342s] INFO:colcon.colcon_core.shell:Creating environment descriptor '/home/samuele/dev/minar/minar-challenge-2/install/ct_teleop/share/ct_teleop/hook/ament_prefix_path.dsv'
[0.343s] INFO:colcon.colcon_core.shell:Creating environment hook '/home/samuele/dev/minar/minar-challenge-2/install/ct_teleop/share/ct_teleop/hook/ament_prefix_path.sh'
[0.343s] DEBUG:colcon.colcon_core.shell:Skip shell extension 'dsv' for command environment
[0.348s] INFO:colcon.colcon_ros.task.ament_cmake.build:Building ROS package in '/home/samuele/dev/minar/minar-challenge-2/src/rplidar_ros' with build type 'ament_cmake'
[0.348s] INFO:colcon.colcon_cmake.task.cmake.build:Building CMake package in '/home/samuele/dev/minar/minar-challenge-2/src/rplidar_ros'
[0.348s] DEBUG:colcon.colcon_core.shell:Skip shell extension 'dsv' for command environment
[0.617s] INFO:colcon.colcon_core.task.python.build:Building Python package in '/home/samuele/dev/minar/minar-challenge-2/src/ct_bringup'
[0.617s] DEBUG:colcon.colcon_core.shell:Skip shell extension 'dsv' for command environment
[0.859s] INFO:colcon.colcon_core.task.python.build:Building Python package in '/home/samuele/dev/minar/minar-challenge-2/src/ct_control'
[0.859s] DEBUG:colcon.colcon_core.shell:Skip shell extension 'dsv' for command environment
[0.866s] DEBUG:colcon.colcon_core.event_handler.log_command:Invoking command in '/home/samuele/dev/minar/minar-challenge-2/build/ct_description': CMAKE_PREFIX_PATH=${CMAKE_PREFIX_PATH}:/home/samuele/dev/minar/minar-challenge-2/src/install/ct_teleop:/home/samuele/dev/minar/minar-challenge-2/src/install/ct_sensors:/home/samuele/dev/minar/minar-challenge-2/src/install/ct_navigation:/home/samuele/dev/minar/minar-challenge-2/src/install/ct_control:/home/samuele/dev/minar/minar-challenge-2/src/install/ct_bringup:/home/samuele/dev/minar/minar-challenge-2/install/ct_teleop:/home/samuele/dev/minar/minar-challenge-2/install/ct_sensors:/home/samuele/dev/minar/minar-challenge-2/install/ct_navigation:/home/samuele/dev/minar/minar-challenge-2/install/ct_control:/home/samuele/dev/minar/minar-challenge-2/install/ct_bringup:/opt/ros/jazzy DEBUGINFOD_URLS=https://debuginfod.ubuntu.com /usr/bin/cmake --build /home/samuele/dev/minar/minar-challenge-2/build/ct_description -- -j8 -l8
[1.102s] INFO:colcon.colcon_core.task.python.build:Building Python package in '/home/samuele/dev/minar/minar-challenge-2/src/ct_navigation'
[1.102s] DEBUG:colcon.colcon_core.shell:Skip shell extension 'dsv' for command environment
[1.350s] INFO:colcon.colcon_core.task.python.build:Building Python package in '/home/samuele/dev/minar/minar-challenge-2/src/ct_sensors'
[1.350s] DEBUG:colcon.colcon_core.shell:Skip shell extension 'dsv' for command environment
[1.599s] INFO:colcon.colcon_core.task.python.build:Building Python package in '/home/samuele/dev/minar/minar-challenge-2/src/ct_teleop'
[1.599s] DEBUG:colcon.colcon_core.shell:Skip shell extension 'dsv' for command environment
[1.607s] DEBUG:colcon.colcon_core.event_handler.log_command:Invoking command in '/home/samuele/dev/minar/minar-challenge-2/build/rplidar_ros': CMAKE_PREFIX_PATH=${CMAKE_PREFIX_PATH}:/home/samuele/dev/minar/minar-challenge-2/src/install/ct_teleop:/home/samuele/dev/minar/minar-challenge-2/src/install/ct_sensors:/home/samuele/dev/minar/minar-challenge-2/src/install/ct_navigation:/home/samuele/dev/minar/minar-challenge-2/src/install/ct_control:/home/samuele/dev/minar/minar-challenge-2/src/install/ct_bringup:/home/samuele/dev/minar/minar-challenge-2/install/ct_teleop:/home/samuele/dev/minar/minar-challenge-2/install/ct_sensors:/home/samuele/dev/minar/minar-challenge-2/install/ct_navigation:/home/samuele/dev/minar/minar-challenge-2/install/ct_control:/home/samuele/dev/minar/minar-challenge-2/install/ct_bringup:/opt/ros/jazzy DEBUGINFOD_URLS=https://debuginfod.ubuntu.com /usr/bin/cmake --build /home/samuele/dev/minar/minar-challenge-2/build/rplidar_ros -- -j8 -l8
[1.612s] DEBUG:colcon.colcon_core.event_handler.log_command:Invoked command in '/home/samuele/dev/minar/minar-challenge-2/build/ct_description' returned '0': CMAKE_PREFIX_PATH=${CMAKE_PREFIX_PATH}:/home/samuele/dev/minar/minar-challenge-2/src/install/ct_teleop:/home/samuele/dev/minar/minar-challenge-2/src/install/ct_sensors:/home/samuele/dev/minar/minar-challenge-2/src/install/ct_navigation:/home/samuele/dev/minar/minar-challenge-2/src/install/ct_control:/home/samuele/dev/minar/minar-challenge-2/src/install/ct_bringup:/home/samuele/dev/minar/minar-challenge-2/install/ct_teleop:/home/samuele/dev/minar/minar-challenge-2/install/ct_sensors:/home/samuele/dev/minar/minar-challenge-2/install/ct_navigation:/home/samuele/dev/minar/minar-challenge-2/install/ct_control:/home/samuele/dev/minar/minar-challenge-2/install/ct_bringup:/opt/ros/jazzy DEBUGINFOD_URLS=https://debuginfod.ubuntu.com /usr/bin/cmake --build /home/samuele/dev/minar/minar-challenge-2/build/ct_description -- -j8 -l8
[1.624s] DEBUG:colcon.colcon_core.event_handler.log_command:Invoking command in '/home/samuele/dev/minar/minar-challenge-2/build/ct_description': CMAKE_PREFIX_PATH=${CMAKE_PREFIX_PATH}:/home/samuele/dev/minar/minar-challenge-2/src/install/ct_teleop:/home/samuele/dev/minar/minar-challenge-2/src/install/ct_sensors:/home/samuele/dev/minar/minar-challenge-2/src/install/ct_navigation:/home/samuele/dev/minar/minar-challenge-2/src/install/ct_control:/home/samuele/dev/minar/minar-challenge-2/src/install/ct_bringup:/home/samuele/dev/minar/minar-challenge-2/install/ct_teleop:/home/samuele/dev/minar/minar-challenge-2/install/ct_sensors:/home/samuele/dev/minar/minar-challenge-2/install/ct_navigation:/home/samuele/dev/minar/minar-challenge-2/install/ct_control:/home/samuele/dev/minar/minar-challenge-2/install/ct_bringup:/opt/ros/jazzy DEBUGINFOD_URLS=https://debuginfod.ubuntu.com /usr/bin/cmake --install /home/samuele/dev/minar/minar-challenge-2/build/ct_description
[1.664s] Level 1:colcon.colcon_core.environment:create_environment_scripts_only(ct_description)
[1.666s] DEBUG:colcon.colcon_core.event_handler.log_command:Invoked command in '/home/samuele/dev/minar/minar-challenge-2/build/ct_description' returned '0': CMAKE_PREFIX_PATH=${CMAKE_PREFIX_PATH}:/home/samuele/dev/minar/minar-challenge-2/src/install/ct_teleop:/home/samuele/dev/minar/minar-challenge-2/src/install/ct_sensors:/home/samuele/dev/minar/minar-challenge-2/src/install/ct_navigation:/home/samuele/dev/minar/minar-challenge-2/src/install/ct_control:/home/samuele/dev/minar/minar-challenge-2/src/install/ct_bringup:/home/samuele/dev/minar/minar-challenge-2/install/ct_teleop:/home/samuele/dev/minar/minar-challenge-2/install/ct_sensors:/home/samuele/dev/minar/minar-challenge-2/install/ct_navigation:/home/samuele/dev/minar/minar-challenge-2/install/ct_control:/home/samuele/dev/minar/minar-challenge-2/install/ct_bringup:/opt/ros/jazzy DEBUGINFOD_URLS=https://debuginfod.ubuntu.com /usr/bin/cmake --install /home/samuele/dev/minar/minar-challenge-2/build/ct_description
[1.673s] Level 1:colcon.colcon_core.environment:checking '/home/samuele/dev/minar/minar-challenge-2/install/ct_description' for CMake module files
[1.675s] Level 1:colcon.colcon_core.environment:checking '/home/samuele/dev/minar/minar-challenge-2/install/ct_description' for CMake config files
[1.675s] Level 1:colcon.colcon_core.shell:create_environment_hook('ct_description', 'cmake_prefix_path')
[1.676s] INFO:colcon.colcon_core.shell:Creating environment descriptor '/home/samuele/dev/minar/minar-challenge-2/install/ct_description/share/ct_description/hook/cmake_prefix_path.dsv'
[1.677s] INFO:colcon.colcon_core.shell:Creating environment hook '/home/samuele/dev/minar/minar-challenge-2/install/ct_description/share/ct_description/hook/cmake_prefix_path.sh'
[1.678s] Level 1:colcon.colcon_core.environment:checking '/home/samuele/dev/minar/minar-challenge-2/install/ct_description/bin'
[1.679s] Level 1:colcon.colcon_core.environment:checking '/home/samuele/dev/minar/minar-challenge-2/install/ct_description/lib/pkgconfig/ct_description.pc'
[1.679s] Level 1:colcon.colcon_core.environment:checking '/home/samuele/dev/minar/minar-challenge-2/install/ct_description/lib/python3.12/site-packages'
[1.679s] Level 1:colcon.colcon_core.environment:checking '/home/samuele/dev/minar/minar-challenge-2/install/ct_description/bin'
[1.680s] INFO:colcon.colcon_core.shell:Creating package descriptor '/home/samuele/dev/minar/minar-challenge-2/install/ct_description/share/ct_description/package.dsv'
[1.681s] INFO:colcon.colcon_core.shell:Creating package script '/home/samuele/dev/minar/minar-challenge-2/install/ct_description/share/ct_description/package.sh'
[1.683s] INFO:colcon.colcon_core.shell:Creating package script '/home/samuele/dev/minar/minar-challenge-2/install/ct_description/share/ct_description/package.bash'
[1.685s] INFO:colcon.colcon_core.shell:Creating package script '/home/samuele/dev/minar/minar-challenge-2/install/ct_description/share/ct_description/package.zsh'
[1.707s] Level 1:colcon.colcon_core.environment:create_file_with_runtime_dependencies(/home/samuele/dev/minar/minar-challenge-2/install/ct_description/share/colcon-core/packages/ct_description)
[1.710s] Level 1:colcon.colcon_core.environment:create_environment_scripts_only(ct_description)
[1.711s] Level 1:colcon.colcon_core.environment:checking '/home/samuele/dev/minar/minar-challenge-2/install/ct_description' for CMake module files
[1.714s] Level 1:colcon.colcon_core.environment:checking '/home/samuele/dev/minar/minar-challenge-2/install/ct_description' for CMake config files
[1.722s] Level 1:colcon.colcon_core.shell:create_environment_hook('ct_description', 'cmake_prefix_path')
[1.723s] INFO:colcon.colcon_core.shell:Creating environment descriptor '/home/samuele/dev/minar/minar-challenge-2/install/ct_description/share/ct_description/hook/cmake_prefix_path.dsv'
[1.724s] INFO:colcon.colcon_core.shell:Creating environment hook '/home/samuele/dev/minar/minar-challenge-2/install/ct_description/share/ct_description/hook/cmake_prefix_path.sh'
[1.725s] Level 1:colcon.colcon_core.environment:checking '/home/samuele/dev/minar/minar-challenge-2/install/ct_description/bin'
[1.726s] Level 1:colcon.colcon_core.environment:checking '/home/samuele/dev/minar/minar-challenge-2/install/ct_description/lib/pkgconfig/ct_description.pc'
[1.726s] Level 1:colcon.colcon_core.environment:checking '/home/samuele/dev/minar/minar-challenge-2/install/ct_description/lib/python3.12/site-packages'
[1.726s] Level 1:colcon.colcon_core.environment:checking '/home/samuele/dev/minar/minar-challenge-2/install/ct_description/bin'
[1.727s] INFO:colcon.colcon_core.shell:Creating package descriptor '/home/samuele/dev/minar/minar-challenge-2/install/ct_description/share/ct_description/package.dsv'
[1.728s] INFO:colcon.colcon_core.shell:Creating package script '/home/samuele/dev/minar/minar-challenge-2/install/ct_description/share/ct_description/package.sh'
[1.729s] INFO:colcon.colcon_core.shell:Creating package script '/home/samuele/dev/minar/minar-challenge-2/install/ct_description/share/ct_description/package.bash'
[1.730s] INFO:colcon.colcon_core.shell:Creating package script '/home/samuele/dev/minar/minar-challenge-2/install/ct_description/share/ct_description/package.zsh'
[1.731s] Level 1:colcon.colcon_core.environment:create_file_with_runtime_dependencies(/home/samuele/dev/minar/minar-challenge-2/install/ct_description/share/colcon-core/packages/ct_description)
[1.822s] DEBUG:colcon.colcon_core.event_handler.log_command:Invoked command in '/home/samuele/dev/minar/minar-challenge-2/build/rplidar_ros' returned '0': CMAKE_PREFIX_PATH=${CMAKE_PREFIX_PATH}:/home/samuele/dev/minar/minar-challenge-2/src/install/ct_teleop:/home/samuele/dev/minar/minar-challenge-2/src/install/ct_sensors:/home/samuele/dev/minar/minar-challenge-2/src/install/ct_navigation:/home/samuele/dev/minar/minar-challenge-2/src/install/ct_control:/home/samuele/dev/minar/minar-challenge-2/src/install/ct_bringup:/home/samuele/dev/minar/minar-challenge-2/install/ct_teleop:/home/samuele/dev/minar/minar-challenge-2/install/ct_sensors:/home/samuele/dev/minar/minar-challenge-2/install/ct_navigation:/home/samuele/dev/minar/minar-challenge-2/install/ct_control:/home/samuele/dev/minar/minar-challenge-2/install/ct_bringup:/opt/ros/jazzy DEBUGINFOD_URLS=https://debuginfod.ubuntu.com /usr/bin/cmake --build /home/samuele/dev/minar/minar-challenge-2/build/rplidar_ros -- -j8 -l8
[1.827s] DEBUG:colcon.colcon_core.event_handler.log_command:Invoking command in '/home/samuele/dev/minar/minar-challenge-2/build/rplidar_ros': CMAKE_PREFIX_PATH=${CMAKE_PREFIX_PATH}:/home/samuele/dev/minar/minar-challenge-2/src/install/ct_teleop:/home/samuele/dev/minar/minar-challenge-2/src/install/ct_sensors:/home/samuele/dev/minar/minar-challenge-2/src/install/ct_navigation:/home/samuele/dev/minar/minar-challenge-2/src/install/ct_control:/home/samuele/dev/minar/minar-challenge-2/src/install/ct_bringup:/home/samuele/dev/minar/minar-challenge-2/install/ct_teleop:/home/samuele/dev/minar/minar-challenge-2/install/ct_sensors:/home/samuele/dev/minar/minar-challenge-2/install/ct_navigation:/home/samuele/dev/minar/minar-challenge-2/install/ct_control:/home/samuele/dev/minar/minar-challenge-2/install/ct_bringup:/opt/ros/jazzy DEBUGINFOD_URLS=https://debuginfod.ubuntu.com /usr/bin/cmake --install /home/samuele/dev/minar/minar-challenge-2/build/rplidar_ros
[1.867s] Level 1:colcon.colcon_core.environment:create_environment_scripts_only(rplidar_ros)
[1.867s] Level 1:colcon.colcon_core.environment:checking '/home/samuele/dev/minar/minar-challenge-2/install/rplidar_ros' for CMake module files
[1.868s] DEBUG:colcon.colcon_core.event_handler.log_command:Invoked command in '/home/samuele/dev/minar/minar-challenge-2/build/rplidar_ros' returned '0': CMAKE_PREFIX_PATH=${CMAKE_PREFIX_PATH}:/home/samuele/dev/minar/minar-challenge-2/src/install/ct_teleop:/home/samuele/dev/minar/minar-challenge-2/src/install/ct_sensors:/home/samuele/dev/minar/minar-challenge-2/src/install/ct_navigation:/home/samuele/dev/minar/minar-challenge-2/src/install/ct_control:/home/samuele/dev/minar/minar-challenge-2/src/install/ct_bringup:/home/samuele/dev/minar/minar-challenge-2/install/ct_teleop:/home/samuele/dev/minar/minar-challenge-2/install/ct_sensors:/home/samuele/dev/minar/minar-challenge-2/install/ct_navigation:/home/samuele/dev/minar/minar-challenge-2/install/ct_control:/home/samuele/dev/minar/minar-challenge-2/install/ct_bringup:/opt/ros/jazzy DEBUGINFOD_URLS=https://debuginfod.ubuntu.com /usr/bin/cmake --install /home/samuele/dev/minar/minar-challenge-2/build/rplidar_ros
[1.868s] Level 1:colcon.colcon_core.environment:checking '/home/samuele/dev/minar/minar-challenge-2/install/rplidar_ros' for CMake config files
[1.869s] Level 1:colcon.colcon_core.shell:create_environment_hook('rplidar_ros', 'cmake_prefix_path')
[1.869s] INFO:colcon.colcon_core.shell:Creating environment descriptor '/home/samuele/dev/minar/minar-challenge-2/install/rplidar_ros/share/rplidar_ros/hook/cmake_prefix_path.dsv'
[1.869s] INFO:colcon.colcon_core.shell:Creating environment hook '/home/samuele/dev/minar/minar-challenge-2/install/rplidar_ros/share/rplidar_ros/hook/cmake_prefix_path.sh'
[1.870s] Level 1:colcon.colcon_core.environment:checking '/home/samuele/dev/minar/minar-challenge-2/install/rplidar_ros/lib'
[1.870s] Level 1:colcon.colcon_core.environment:checking '/home/samuele/dev/minar/minar-challenge-2/install/rplidar_ros/bin'
[1.870s] Level 1:colcon.colcon_core.environment:checking '/home/samuele/dev/minar/minar-challenge-2/install/rplidar_ros/lib/pkgconfig/rplidar_ros.pc'
[1.871s] Level 1:colcon.colcon_core.environment:checking '/home/samuele/dev/minar/minar-challenge-2/install/rplidar_ros/lib/python3.12/site-packages'
[1.871s] Level 1:colcon.colcon_core.environment:checking '/home/samuele/dev/minar/minar-challenge-2/install/rplidar_ros/bin'
[1.871s] INFO:colcon.colcon_core.shell:Creating package descriptor '/home/samuele/dev/minar/minar-challenge-2/install/rplidar_ros/share/rplidar_ros/package.dsv'
[1.872s] INFO:colcon.colcon_core.shell:Creating package script '/home/samuele/dev/minar/minar-challenge-2/install/rplidar_ros/share/rplidar_ros/package.sh'
[1.872s] INFO:colcon.colcon_core.shell:Creating package script '/home/samuele/dev/minar/minar-challenge-2/install/rplidar_ros/share/rplidar_ros/package.bash'
[1.872s] INFO:colcon.colcon_core.shell:Creating package script '/home/samuele/dev/minar/minar-challenge-2/install/rplidar_ros/share/rplidar_ros/package.zsh'
[1.873s] Level 1:colcon.colcon_core.environment:create_file_with_runtime_dependencies(/home/samuele/dev/minar/minar-challenge-2/install/rplidar_ros/share/colcon-core/packages/rplidar_ros)
[1.873s] Level 1:colcon.colcon_core.environment:create_environment_scripts_only(rplidar_ros)
[1.874s] Level 1:colcon.colcon_core.environment:checking '/home/samuele/dev/minar/minar-challenge-2/install/rplidar_ros' for CMake module files
[1.874s] Level 1:colcon.colcon_core.environment:checking '/home/samuele/dev/minar/minar-challenge-2/install/rplidar_ros' for CMake config files
[1.874s] Level 1:colcon.colcon_core.shell:create_environment_hook('rplidar_ros', 'cmake_prefix_path')
[1.875s] INFO:colcon.colcon_core.shell:Creating environment descriptor '/home/samuele/dev/minar/minar-challenge-2/install/rplidar_ros/share/rplidar_ros/hook/cmake_prefix_path.dsv'
[1.875s] INFO:colcon.colcon_core.shell:Creating environment hook '/home/samuele/dev/minar/minar-challenge-2/install/rplidar_ros/share/rplidar_ros/hook/cmake_prefix_path.sh'
[1.876s] Level 1:colcon.colcon_core.environment:checking '/home/samuele/dev/minar/minar-challenge-2/install/rplidar_ros/lib'
[1.876s] Level 1:colcon.colcon_core.environment:checking '/home/samuele/dev/minar/minar-challenge-2/install/rplidar_ros/bin'
[1.876s] Level 1:colcon.colcon_core.environment:checking '/home/samuele/dev/minar/minar-challenge-2/install/rplidar_ros/lib/pkgconfig/rplidar_ros.pc'
[1.876s] Level 1:colcon.colcon_core.environment:checking '/home/samuele/dev/minar/minar-challenge-2/install/rplidar_ros/lib/python3.12/site-packages'
[1.876s] Level 1:colcon.colcon_core.environment:checking '/home/samuele/dev/minar/minar-challenge-2/install/rplidar_ros/bin'
[1.877s] INFO:colcon.colcon_core.shell:Creating package descriptor '/home/samuele/dev/minar/minar-challenge-2/install/rplidar_ros/share/rplidar_ros/package.dsv'
[1.877s] INFO:colcon.colcon_core.shell:Creating package script '/home/samuele/dev/minar/minar-challenge-2/install/rplidar_ros/share/rplidar_ros/package.sh'
[1.878s] INFO:colcon.colcon_core.shell:Creating package script '/home/samuele/dev/minar/minar-challenge-2/install/rplidar_ros/share/rplidar_ros/package.bash'
[1.878s] INFO:colcon.colcon_core.shell:Creating package script '/home/samuele/dev/minar/minar-challenge-2/install/rplidar_ros/share/rplidar_ros/package.zsh'
[1.879s] Level 1:colcon.colcon_core.environment:create_file_with_runtime_dependencies(/home/samuele/dev/minar/minar-challenge-2/install/rplidar_ros/share/colcon-core/packages/rplidar_ros)
[2.792s] DEBUG:colcon.colcon_core.event_handler.log_command:Invoking command in '/home/samuele/dev/minar/minar-challenge-2/build/ct_teleop': DEBUGINFOD_URLS=https://debuginfod.ubuntu.com PYTHONPATH=/home/samuele/dev/minar/minar-challenge-2/build/ct_teleop/prefix_override:/usr/lib/python3/dist-packages/colcon_core/task/python/colcon_distutils_commands:/home/samuele/dev/minar/minar-challenge-2/install/ct_teleop/lib/python3.12/site-packages:${PYTHONPATH} /usr/bin/python3 -W ignore:setup.py install is deprecated -W ignore:easy_install command is deprecated setup.py develop --editable --build-directory /home/samuele/dev/minar/minar-challenge-2/build/ct_teleop/build --no-deps symlink_data
[2.794s] DEBUG:colcon.colcon_core.event_handler.log_command:Invoking command in '/home/samuele/dev/minar/minar-challenge-2/build/ct_control': DEBUGINFOD_URLS=https://debuginfod.ubuntu.com PYTHONPATH=/home/samuele/dev/minar/minar-challenge-2/build/ct_control/prefix_override:/usr/lib/python3/dist-packages/colcon_core/task/python/colcon_distutils_commands:/home/samuele/dev/minar/minar-challenge-2/install/ct_control/lib/python3.12/site-packages:${PYTHONPATH} /usr/bin/python3 -W ignore:setup.py install is deprecated -W ignore:easy_install command is deprecated setup.py develop --editable --build-directory /home/samuele/dev/minar/minar-challenge-2/build/ct_control/build --no-deps symlink_data
[2.810s] DEBUG:colcon.colcon_core.event_handler.log_command:Invoking command in '/home/samuele/dev/minar/minar-challenge-2/build/ct_navigation': DEBUGINFOD_URLS=https://debuginfod.ubuntu.com PYTHONPATH=/home/samuele/dev/minar/minar-challenge-2/build/ct_navigation/prefix_override:/usr/lib/python3/dist-packages/colcon_core/task/python/colcon_distutils_commands:/home/samuele/dev/minar/minar-challenge-2/install/ct_navigation/lib/python3.12/site-packages:${PYTHONPATH} /usr/bin/python3 -W ignore:setup.py install is deprecated -W ignore:easy_install command is deprecated setup.py develop --editable --build-directory /home/samuele/dev/minar/minar-challenge-2/build/ct_navigation/build --no-deps symlink_data
[2.932s] DEBUG:colcon.colcon_core.event_handler.log_command:Invoking command in '/home/samuele/dev/minar/minar-challenge-2/build/ct_sensors': DEBUGINFOD_URLS=https://debuginfod.ubuntu.com PYTHONPATH=/home/samuele/dev/minar/minar-challenge-2/build/ct_sensors/prefix_override:/usr/lib/python3/dist-packages/colcon_core/task/python/colcon_distutils_commands:/home/samuele/dev/minar/minar-challenge-2/install/ct_sensors/lib/python3.12/site-packages:${PYTHONPATH} /usr/bin/python3 -W ignore:setup.py install is deprecated -W ignore:easy_install command is deprecated setup.py develop --editable --build-directory /home/samuele/dev/minar/minar-challenge-2/build/ct_sensors/build --no-deps symlink_data
[2.936s] DEBUG:colcon.colcon_core.event_handler.log_command:Invoking command in '/home/samuele/dev/minar/minar-challenge-2/build/ct_bringup': DEBUGINFOD_URLS=https://debuginfod.ubuntu.com PYTHONPATH=/home/samuele/dev/minar/minar-challenge-2/build/ct_bringup/prefix_override:/usr/lib/python3/dist-packages/colcon_core/task/python/colcon_distutils_commands:/home/samuele/dev/minar/minar-challenge-2/install/ct_bringup/lib/python3.12/site-packages:${PYTHONPATH} /usr/bin/python3 -W ignore:setup.py install is deprecated -W ignore:easy_install command is deprecated setup.py develop --editable --build-directory /home/samuele/dev/minar/minar-challenge-2/build/ct_bringup/build --no-deps symlink_data
[3.857s] Level 1:colcon.colcon_core.shell:create_environment_hook('ct_sensors', 'pythonpath_develop')
[3.857s] INFO:colcon.colcon_core.shell:Creating environment descriptor '/home/samuele/dev/minar/minar-challenge-2/build/ct_sensors/share/ct_sensors/hook/pythonpath_develop.dsv'
[3.857s] DEBUG:colcon.colcon_core.event_handler.log_command:Invoked command in '/home/samuele/dev/minar/minar-challenge-2/build/ct_sensors' returned '0': DEBUGINFOD_URLS=https://debuginfod.ubuntu.com PYTHONPATH=/home/samuele/dev/minar/minar-challenge-2/build/ct_sensors/prefix_override:/usr/lib/python3/dist-packages/colcon_core/task/python/colcon_distutils_commands:/home/samuele/dev/minar/minar-challenge-2/install/ct_sensors/lib/python3.12/site-packages:${PYTHONPATH} /usr/bin/python3 -W ignore:setup.py install is deprecated -W ignore:easy_install command is deprecated setup.py develop --editable --build-directory /home/samuele/dev/minar/minar-challenge-2/build/ct_sensors/build --no-deps symlink_data
[3.858s] INFO:colcon.colcon_core.shell:Creating environment hook '/home/samuele/dev/minar/minar-challenge-2/build/ct_sensors/share/ct_sensors/hook/pythonpath_develop.sh'
[3.859s] Level 1:colcon.colcon_core.environment:checking '/home/samuele/dev/minar/minar-challenge-2/install/ct_sensors' for CMake module files
[3.859s] Level 1:colcon.colcon_core.environment:checking '/home/samuele/dev/minar/minar-challenge-2/install/ct_sensors' for CMake config files
[3.860s] Level 1:colcon.colcon_core.environment:checking '/home/samuele/dev/minar/minar-challenge-2/install/ct_sensors/lib'
[3.860s] Level 1:colcon.colcon_core.environment:checking '/home/samuele/dev/minar/minar-challenge-2/install/ct_sensors/bin'
[3.860s] Level 1:colcon.colcon_core.environment:checking '/home/samuele/dev/minar/minar-challenge-2/install/ct_sensors/lib/pkgconfig/ct_sensors.pc'
[3.860s] Level 1:colcon.colcon_core.environment:checking '/home/samuele/dev/minar/minar-challenge-2/install/ct_sensors/lib/python3.12/site-packages'
[3.860s] Level 1:colcon.colcon_core.shell:create_environment_hook('ct_sensors', 'pythonpath')
[3.860s] INFO:colcon.colcon_core.shell:Creating environment descriptor '/home/samuele/dev/minar/minar-challenge-2/install/ct_sensors/share/ct_sensors/hook/pythonpath.dsv'
[3.861s] INFO:colcon.colcon_core.shell:Creating environment hook '/home/samuele/dev/minar/minar-challenge-2/install/ct_sensors/share/ct_sensors/hook/pythonpath.sh'
[3.861s] Level 1:colcon.colcon_core.environment:checking '/home/samuele/dev/minar/minar-challenge-2/install/ct_sensors/bin'
[3.861s] Level 1:colcon.colcon_core.environment:create_environment_scripts_only(ct_sensors)
[3.862s] INFO:colcon.colcon_core.shell:Creating package descriptor '/home/samuele/dev/minar/minar-challenge-2/install/ct_sensors/share/ct_sensors/package.dsv'
[3.862s] INFO:colcon.colcon_core.shell:Creating package script '/home/samuele/dev/minar/minar-challenge-2/install/ct_sensors/share/ct_sensors/package.sh'
[3.863s] INFO:colcon.colcon_core.shell:Creating package script '/home/samuele/dev/minar/minar-challenge-2/install/ct_sensors/share/ct_sensors/package.bash'
[3.863s] INFO:colcon.colcon_core.shell:Creating package script '/home/samuele/dev/minar/minar-challenge-2/install/ct_sensors/share/ct_sensors/package.zsh'
[3.863s] Level 1:colcon.colcon_core.environment:create_file_with_runtime_dependencies(/home/samuele/dev/minar/minar-challenge-2/install/ct_sensors/share/colcon-core/packages/ct_sensors)
[4.147s] Level 1:colcon.colcon_core.shell:create_environment_hook('ct_control', 'pythonpath_develop')
[4.148s] INFO:colcon.colcon_core.shell:Creating environment descriptor '/home/samuele/dev/minar/minar-challenge-2/build/ct_control/share/ct_control/hook/pythonpath_develop.dsv'
[4.149s] DEBUG:colcon.colcon_core.event_handler.log_command:Invoked command in '/home/samuele/dev/minar/minar-challenge-2/build/ct_control' returned '0': DEBUGINFOD_URLS=https://debuginfod.ubuntu.com PYTHONPATH=/home/samuele/dev/minar/minar-challenge-2/build/ct_control/prefix_override:/usr/lib/python3/dist-packages/colcon_core/task/python/colcon_distutils_commands:/home/samuele/dev/minar/minar-challenge-2/install/ct_control/lib/python3.12/site-packages:${PYTHONPATH} /usr/bin/python3 -W ignore:setup.py install is deprecated -W ignore:easy_install command is deprecated setup.py develop --editable --build-directory /home/samuele/dev/minar/minar-challenge-2/build/ct_control/build --no-deps symlink_data
[4.150s] INFO:colcon.colcon_core.shell:Creating environment hook '/home/samuele/dev/minar/minar-challenge-2/build/ct_control/share/ct_control/hook/pythonpath_develop.sh'
[4.151s] Level 1:colcon.colcon_core.environment:checking '/home/samuele/dev/minar/minar-challenge-2/install/ct_control' for CMake module files
[4.152s] Level 1:colcon.colcon_core.environment:checking '/home/samuele/dev/minar/minar-challenge-2/install/ct_control' for CMake config files
[4.152s] Level 1:colcon.colcon_core.environment:checking '/home/samuele/dev/minar/minar-challenge-2/install/ct_control/lib'
[4.152s] Level 1:colcon.colcon_core.environment:checking '/home/samuele/dev/minar/minar-challenge-2/install/ct_control/bin'
[4.153s] Level 1:colcon.colcon_core.environment:checking '/home/samuele/dev/minar/minar-challenge-2/install/ct_control/lib/pkgconfig/ct_control.pc'
[4.153s] Level 1:colcon.colcon_core.environment:checking '/home/samuele/dev/minar/minar-challenge-2/install/ct_control/lib/python3.12/site-packages'
[4.153s] Level 1:colcon.colcon_core.shell:create_environment_hook('ct_control', 'pythonpath')
[4.153s] INFO:colcon.colcon_core.shell:Creating environment descriptor '/home/samuele/dev/minar/minar-challenge-2/install/ct_control/share/ct_control/hook/pythonpath.dsv'
[4.154s] INFO:colcon.colcon_core.shell:Creating environment hook '/home/samuele/dev/minar/minar-challenge-2/install/ct_control/share/ct_control/hook/pythonpath.sh'
[4.155s] Level 1:colcon.colcon_core.environment:checking '/home/samuele/dev/minar/minar-challenge-2/install/ct_control/bin'
[4.155s] Level 1:colcon.colcon_core.environment:create_environment_scripts_only(ct_control)
[4.155s] INFO:colcon.colcon_core.shell:Creating package descriptor '/home/samuele/dev/minar/minar-challenge-2/install/ct_control/share/ct_control/package.dsv'
[4.156s] INFO:colcon.colcon_core.shell:Creating package script '/home/samuele/dev/minar/minar-challenge-2/install/ct_control/share/ct_control/package.sh'
[4.156s] INFO:colcon.colcon_core.shell:Creating package script '/home/samuele/dev/minar/minar-challenge-2/install/ct_control/share/ct_control/package.bash'
[4.157s] INFO:colcon.colcon_core.shell:Creating package script '/home/samuele/dev/minar/minar-challenge-2/install/ct_control/share/ct_control/package.zsh'
[4.157s] Level 1:colcon.colcon_core.environment:create_file_with_runtime_dependencies(/home/samuele/dev/minar/minar-challenge-2/install/ct_control/share/colcon-core/packages/ct_control)
[4.225s] Level 1:colcon.colcon_core.shell:create_environment_hook('ct_teleop', 'pythonpath_develop')
[4.225s] INFO:colcon.colcon_core.shell:Creating environment descriptor '/home/samuele/dev/minar/minar-challenge-2/build/ct_teleop/share/ct_teleop/hook/pythonpath_develop.dsv'
[4.226s] DEBUG:colcon.colcon_core.event_handler.log_command:Invoked command in '/home/samuele/dev/minar/minar-challenge-2/build/ct_teleop' returned '0': DEBUGINFOD_URLS=https://debuginfod.ubuntu.com PYTHONPATH=/home/samuele/dev/minar/minar-challenge-2/build/ct_teleop/prefix_override:/usr/lib/python3/dist-packages/colcon_core/task/python/colcon_distutils_commands:/home/samuele/dev/minar/minar-challenge-2/install/ct_teleop/lib/python3.12/site-packages:${PYTHONPATH} /usr/bin/python3 -W ignore:setup.py install is deprecated -W ignore:easy_install command is deprecated setup.py develop --editable --build-directory /home/samuele/dev/minar/minar-challenge-2/build/ct_teleop/build --no-deps symlink_data
[4.227s] INFO:colcon.colcon_core.shell:Creating environment hook '/home/samuele/dev/minar/minar-challenge-2/build/ct_teleop/share/ct_teleop/hook/pythonpath_develop.sh'
[4.228s] Level 1:colcon.colcon_core.environment:checking '/home/samuele/dev/minar/minar-challenge-2/install/ct_teleop' for CMake module files
[4.228s] Level 1:colcon.colcon_core.environment:checking '/home/samuele/dev/minar/minar-challenge-2/install/ct_teleop' for CMake config files
[4.229s] Level 1:colcon.colcon_core.environment:checking '/home/samuele/dev/minar/minar-challenge-2/install/ct_teleop/lib'
[4.229s] Level 1:colcon.colcon_core.environment:checking '/home/samuele/dev/minar/minar-challenge-2/install/ct_teleop/bin'
[4.229s] Level 1:colcon.colcon_core.environment:checking '/home/samuele/dev/minar/minar-challenge-2/install/ct_teleop/lib/pkgconfig/ct_teleop.pc'
[4.230s] Level 1:colcon.colcon_core.environment:checking '/home/samuele/dev/minar/minar-challenge-2/install/ct_teleop/lib/python3.12/site-packages'
[4.230s] Level 1:colcon.colcon_core.shell:create_environment_hook('ct_teleop', 'pythonpath')
[4.230s] INFO:colcon.colcon_core.shell:Creating environment descriptor '/home/samuele/dev/minar/minar-challenge-2/install/ct_teleop/share/ct_teleop/hook/pythonpath.dsv'
[4.231s] INFO:colcon.colcon_core.shell:Creating environment hook '/home/samuele/dev/minar/minar-challenge-2/install/ct_teleop/share/ct_teleop/hook/pythonpath.sh'
[4.231s] Level 1:colcon.colcon_core.environment:checking '/home/samuele/dev/minar/minar-challenge-2/install/ct_teleop/bin'
[4.231s] Level 1:colcon.colcon_core.environment:create_environment_scripts_only(ct_teleop)
[4.232s] INFO:colcon.colcon_core.shell:Creating package descriptor '/home/samuele/dev/minar/minar-challenge-2/install/ct_teleop/share/ct_teleop/package.dsv'
[4.232s] INFO:colcon.colcon_core.shell:Creating package script '/home/samuele/dev/minar/minar-challenge-2/install/ct_teleop/share/ct_teleop/package.sh'
[4.233s] INFO:colcon.colcon_core.shell:Creating package script '/home/samuele/dev/minar/minar-challenge-2/install/ct_teleop/share/ct_teleop/package.bash'
[4.234s] INFO:colcon.colcon_core.shell:Creating package script '/home/samuele/dev/minar/minar-challenge-2/install/ct_teleop/share/ct_teleop/package.zsh'
[4.234s] Level 1:colcon.colcon_core.environment:create_file_with_runtime_dependencies(/home/samuele/dev/minar/minar-challenge-2/install/ct_teleop/share/colcon-core/packages/ct_teleop)
[4.236s] Level 1:colcon.colcon_core.shell:create_environment_hook('ct_navigation', 'pythonpath_develop')
[4.236s] INFO:colcon.colcon_core.shell:Creating environment descriptor '/home/samuele/dev/minar/minar-challenge-2/build/ct_navigation/share/ct_navigation/hook/pythonpath_develop.dsv'
[4.237s] DEBUG:colcon.colcon_core.event_handler.log_command:Invoked command in '/home/samuele/dev/minar/minar-challenge-2/build/ct_navigation' returned '0': DEBUGINFOD_URLS=https://debuginfod.ubuntu.com PYTHONPATH=/home/samuele/dev/minar/minar-challenge-2/build/ct_navigation/prefix_override:/usr/lib/python3/dist-packages/colcon_core/task/python/colcon_distutils_commands:/home/samuele/dev/minar/minar-challenge-2/install/ct_navigation/lib/python3.12/site-packages:${PYTHONPATH} /usr/bin/python3 -W ignore:setup.py install is deprecated -W ignore:easy_install command is deprecated setup.py develop --editable --build-directory /home/samuele/dev/minar/minar-challenge-2/build/ct_navigation/build --no-deps symlink_data
[4.237s] INFO:colcon.colcon_core.shell:Creating environment hook '/home/samuele/dev/minar/minar-challenge-2/build/ct_navigation/share/ct_navigation/hook/pythonpath_develop.sh'
[4.238s] Level 1:colcon.colcon_core.environment:checking '/home/samuele/dev/minar/minar-challenge-2/install/ct_navigation' for CMake module files
[4.238s] Level 1:colcon.colcon_core.environment:checking '/home/samuele/dev/minar/minar-challenge-2/install/ct_navigation' for CMake config files
[4.239s] Level 1:colcon.colcon_core.environment:checking '/home/samuele/dev/minar/minar-challenge-2/install/ct_navigation/lib'
[4.239s] Level 1:colcon.colcon_core.environment:checking '/home/samuele/dev/minar/minar-challenge-2/install/ct_navigation/bin'
[4.239s] Level 1:colcon.colcon_core.environment:checking '/home/samuele/dev/minar/minar-challenge-2/install/ct_navigation/lib/pkgconfig/ct_navigation.pc'
[4.239s] Level 1:colcon.colcon_core.environment:checking '/home/samuele/dev/minar/minar-challenge-2/install/ct_navigation/lib/python3.12/site-packages'
[4.239s] Level 1:colcon.colcon_core.shell:create_environment_hook('ct_navigation', 'pythonpath')
[4.239s] INFO:colcon.colcon_core.shell:Creating environment descriptor '/home/samuele/dev/minar/minar-challenge-2/install/ct_navigation/share/ct_navigation/hook/pythonpath.dsv'
[4.240s] INFO:colcon.colcon_core.shell:Creating environment hook '/home/samuele/dev/minar/minar-challenge-2/install/ct_navigation/share/ct_navigation/hook/pythonpath.sh'
[4.240s] Level 1:colcon.colcon_core.environment:checking '/home/samuele/dev/minar/minar-challenge-2/install/ct_navigation/bin'
[4.240s] Level 1:colcon.colcon_core.environment:create_environment_scripts_only(ct_navigation)
[4.241s] INFO:colcon.colcon_core.shell:Creating package descriptor '/home/samuele/dev/minar/minar-challenge-2/install/ct_navigation/share/ct_navigation/package.dsv'
[4.241s] INFO:colcon.colcon_core.shell:Creating package script '/home/samuele/dev/minar/minar-challenge-2/install/ct_navigation/share/ct_navigation/package.sh'
[4.242s] INFO:colcon.colcon_core.shell:Creating package script '/home/samuele/dev/minar/minar-challenge-2/install/ct_navigation/share/ct_navigation/package.bash'
[4.242s] INFO:colcon.colcon_core.shell:Creating package script '/home/samuele/dev/minar/minar-challenge-2/install/ct_navigation/share/ct_navigation/package.zsh'
[4.242s] Level 1:colcon.colcon_core.environment:create_file_with_runtime_dependencies(/home/samuele/dev/minar/minar-challenge-2/install/ct_navigation/share/colcon-core/packages/ct_navigation)
[4.291s] Level 1:colcon.colcon_core.shell:create_environment_hook('ct_bringup', 'pythonpath_develop')
[4.291s] INFO:colcon.colcon_core.shell:Creating environment descriptor '/home/samuele/dev/minar/minar-challenge-2/build/ct_bringup/share/ct_bringup/hook/pythonpath_develop.dsv'
[4.292s] DEBUG:colcon.colcon_core.event_handler.log_command:Invoked command in '/home/samuele/dev/minar/minar-challenge-2/build/ct_bringup' returned '0': DEBUGINFOD_URLS=https://debuginfod.ubuntu.com PYTHONPATH=/home/samuele/dev/minar/minar-challenge-2/build/ct_bringup/prefix_override:/usr/lib/python3/dist-packages/colcon_core/task/python/colcon_distutils_commands:/home/samuele/dev/minar/minar-challenge-2/install/ct_bringup/lib/python3.12/site-packages:${PYTHONPATH} /usr/bin/python3 -W ignore:setup.py install is deprecated -W ignore:easy_install command is deprecated setup.py develop --editable --build-directory /home/samuele/dev/minar/minar-challenge-2/build/ct_bringup/build --no-deps symlink_data
[4.292s] INFO:colcon.colcon_core.shell:Creating environment hook '/home/samuele/dev/minar/minar-challenge-2/build/ct_bringup/share/ct_bringup/hook/pythonpath_develop.sh'
[4.293s] Level 1:colcon.colcon_core.environment:checking '/home/samuele/dev/minar/minar-challenge-2/install/ct_bringup' for CMake module files
[4.293s] Level 1:colcon.colcon_core.environment:checking '/home/samuele/dev/minar/minar-challenge-2/install/ct_bringup' for CMake config files
[4.294s] Level 1:colcon.colcon_core.environment:checking '/home/samuele/dev/minar/minar-challenge-2/install/ct_bringup/lib'
[4.294s] Level 1:colcon.colcon_core.environment:checking '/home/samuele/dev/minar/minar-challenge-2/install/ct_bringup/bin'
[4.294s] Level 1:colcon.colcon_core.environment:checking '/home/samuele/dev/minar/minar-challenge-2/install/ct_bringup/lib/pkgconfig/ct_bringup.pc'
[4.294s] Level 1:colcon.colcon_core.environment:checking '/home/samuele/dev/minar/minar-challenge-2/install/ct_bringup/lib/python3.12/site-packages'
[4.294s] Level 1:colcon.colcon_core.shell:create_environment_hook('ct_bringup', 'pythonpath')
[4.294s] INFO:colcon.colcon_core.shell:Creating environment descriptor '/home/samuele/dev/minar/minar-challenge-2/install/ct_bringup/share/ct_bringup/hook/pythonpath.dsv'
[4.295s] INFO:colcon.colcon_core.shell:Creating environment hook '/home/samuele/dev/minar/minar-challenge-2/install/ct_bringup/share/ct_bringup/hook/pythonpath.sh'
[4.295s] Level 1:colcon.colcon_core.environment:checking '/home/samuele/dev/minar/minar-challenge-2/install/ct_bringup/bin'
[4.295s] Level 1:colcon.colcon_core.environment:create_environment_scripts_only(ct_bringup)
[4.295s] INFO:colcon.colcon_core.shell:Creating package descriptor '/home/samuele/dev/minar/minar-challenge-2/install/ct_bringup/share/ct_bringup/package.dsv'
[4.296s] INFO:colcon.colcon_core.shell:Creating package script '/home/samuele/dev/minar/minar-challenge-2/install/ct_bringup/share/ct_bringup/package.sh'
[4.296s] INFO:colcon.colcon_core.shell:Creating package script '/home/samuele/dev/minar/minar-challenge-2/install/ct_bringup/share/ct_bringup/package.bash'
[4.296s] INFO:colcon.colcon_core.shell:Creating package script '/home/samuele/dev/minar/minar-challenge-2/install/ct_bringup/share/ct_bringup/package.zsh'
[4.297s] Level 1:colcon.colcon_core.environment:create_file_with_runtime_dependencies(/home/samuele/dev/minar/minar-challenge-2/install/ct_bringup/share/colcon-core/packages/ct_bringup)
[4.297s] DEBUG:colcon.colcon_parallel_executor.executor.parallel:closing loop
[4.297s] DEBUG:colcon.colcon_parallel_executor.executor.parallel:loop closed
[4.297s] DEBUG:colcon.colcon_parallel_executor.executor.parallel:run_until_complete finished with '0'
[4.297s] DEBUG:colcon.colcon_core.event_reactor:joining thread
[4.307s] INFO:colcon.colcon_core.plugin_system:Skipping extension 'colcon_notification.desktop_notification.terminal_notifier': Not used on non-Darwin systems
[4.308s] INFO:colcon.colcon_core.plugin_system:Skipping extension 'colcon_notification.desktop_notification.win32': Not used on non-Windows systems
[4.308s] INFO:colcon.colcon_notification.desktop_notification:Sending desktop notification using 'notify2'
[4.326s] DEBUG:colcon.colcon_core.event_reactor:joined thread
[4.326s] INFO:colcon.colcon_core.shell:Creating prefix script '/home/samuele/dev/minar/minar-challenge-2/install/local_setup.sh'
[4.327s] INFO:colcon.colcon_core.shell:Creating prefix util module '/home/samuele/dev/minar/minar-challenge-2/install/_local_setup_util_sh.py'
[4.329s] INFO:colcon.colcon_core.shell:Creating prefix chain script '/home/samuele/dev/minar/minar-challenge-2/install/setup.sh'
[4.331s] INFO:colcon.colcon_core.shell:Creating prefix script '/home/samuele/dev/minar/minar-challenge-2/install/local_setup.bash'
[4.332s] INFO:colcon.colcon_core.shell:Creating prefix chain script '/home/samuele/dev/minar/minar-challenge-2/install/setup.bash'
[4.334s] INFO:colcon.colcon_core.shell:Creating prefix script '/home/samuele/dev/minar/minar-challenge-2/install/local_setup.zsh'
[4.335s] INFO:colcon.colcon_core.shell:Creating prefix chain script '/home/samuele/dev/minar/minar-challenge-2/install/setup.zsh'
