[3.318s] Invoking command in '/home/samuele/dev/minar/minar-challenge-2/ros/src/build/ct_control': DEBUGINFOD_URLS=https://debuginfod.ubuntu.com PYTHONPATH=/home/samuele/dev/minar/minar-challenge-2/ros/src/build/ct_control/prefix_override:/usr/lib/python3/dist-packages/colcon_core/task/python/colcon_distutils_commands:/home/samuele/dev/minar/minar-challenge-2/ros/src/install/ct_control/lib/python3.12/site-packages:${PYTHONPATH} /usr/bin/python3 -W ignore:setup.py install is deprecated -W ignore:easy_install command is deprecated setup.py develop --editable --build-directory /home/samuele/dev/minar/minar-challenge-2/ros/src/build/ct_control/build --no-deps symlink_data
[4.252s] running develop
[4.862s] running egg_info
[4.862s] creating ct_control.egg-info
[4.901s] writing ct_control.egg-info/PKG-INFO
[4.902s] writing dependency_links to ct_control.egg-info/dependency_links.txt
[4.902s] writing requirements to ct_control.egg-info/requires.txt
[4.902s] writing top-level names to ct_control.egg-info/top_level.txt
[4.903s] writing manifest file 'ct_control.egg-info/SOURCES.txt'
[4.967s] reading manifest file 'ct_control.egg-info/SOURCES.txt'
[4.968s] writing manifest file 'ct_control.egg-info/SOURCES.txt'
[5.005s] running build_ext
[5.005s] Creating /home/samuele/dev/minar/minar-challenge-2/ros/src/install/ct_control/lib/python3.12/site-packages/ct-control.egg-link (link to .)
[5.006s] 
[5.006s] Installed /home/samuele/dev/minar/minar-challenge-2/ros/src/build/ct_control
[5.006s] running symlink_data
[5.006s] creating /home/samuele/dev/minar/minar-challenge-2/ros/src/install/ct_control/share/ament_index
[5.006s] creating /home/samuele/dev/minar/minar-challenge-2/ros/src/install/ct_control/share/ament_index/resource_index
[5.007s] creating /home/samuele/dev/minar/minar-challenge-2/ros/src/install/ct_control/share/ament_index/resource_index/packages
[5.008s] symbolically linking /home/samuele/dev/minar/minar-challenge-2/ros/src/build/ct_control/resource/ct_control -> /home/samuele/dev/minar/minar-challenge-2/ros/src/install/ct_control/share/ament_index/resource_index/packages
[5.008s] symbolically linking /home/samuele/dev/minar/minar-challenge-2/ros/src/build/ct_control/package.xml -> /home/samuele/dev/minar/minar-challenge-2/ros/src/install/ct_control/share/ct_control
[5.082s] Invoked command in '/home/samuele/dev/minar/minar-challenge-2/ros/src/build/ct_control' returned '0': DEBUGINFOD_URLS=https://debuginfod.ubuntu.com PYTHONPATH=/home/samuele/dev/minar/minar-challenge-2/ros/src/build/ct_control/prefix_override:/usr/lib/python3/dist-packages/colcon_core/task/python/colcon_distutils_commands:/home/samuele/dev/minar/minar-challenge-2/ros/src/install/ct_control/lib/python3.12/site-packages:${PYTHONPATH} /usr/bin/python3 -W ignore:setup.py install is deprecated -W ignore:easy_install command is deprecated setup.py develop --editable --build-directory /home/samuele/dev/minar/minar-challenge-2/ros/src/build/ct_control/build --no-deps symlink_data
