[1.126s] Invoking command in '/home/samuele/dev/minar/minar-challenge-2/ros/build/rplidar_ros': CMAKE_PREFIX_PATH=${CMAKE_PREFIX_PATH}:/home/samuele/dev/minar/minar-challenge-2/ros/install/ct_teleop:/home/samuele/dev/minar/minar-challenge-2/ros/install/ct_sensors:/home/samuele/dev/minar/minar-challenge-2/ros/install/ct_navigation:/home/samuele/dev/minar/minar-challenge-2/ros/install/ct_control:/home/samuele/dev/minar/minar-challenge-2/ros/install/ct_bringup:/opt/ros/jazzy DEBUGINFOD_URLS=https://debuginfod.ubuntu.com /usr/bin/cmake --build /home/samuele/dev/minar/minar-challenge-2/ros/build/rplidar_ros -- -j8 -l8
[1.261s] [  5%] Built target rplidar_client
[1.265s] [ 52%] Built target rplidar_node
[1.276s] [100%] Built target rplidar_composition
[1.305s] Invoked command in '/home/samuele/dev/minar/minar-challenge-2/ros/build/rplidar_ros' returned '0': CMAKE_PREFIX_PATH=${CMAKE_PREFIX_PATH}:/home/samuele/dev/minar/minar-challenge-2/ros/install/ct_teleop:/home/samuele/dev/minar/minar-challenge-2/ros/install/ct_sensors:/home/samuele/dev/minar/minar-challenge-2/ros/install/ct_navigation:/home/samuele/dev/minar/minar-challenge-2/ros/install/ct_control:/home/samuele/dev/minar/minar-challenge-2/ros/install/ct_bringup:/opt/ros/jazzy DEBUGINFOD_URLS=https://debuginfod.ubuntu.com /usr/bin/cmake --build /home/samuele/dev/minar/minar-challenge-2/ros/build/rplidar_ros -- -j8 -l8
[1.308s] Invoking command in '/home/samuele/dev/minar/minar-challenge-2/ros/build/rplidar_ros': CMAKE_PREFIX_PATH=${CMAKE_PREFIX_PATH}:/home/samuele/dev/minar/minar-challenge-2/ros/install/ct_teleop:/home/samuele/dev/minar/minar-challenge-2/ros/install/ct_sensors:/home/samuele/dev/minar/minar-challenge-2/ros/install/ct_navigation:/home/samuele/dev/minar/minar-challenge-2/ros/install/ct_control:/home/samuele/dev/minar/minar-challenge-2/ros/install/ct_bringup:/opt/ros/jazzy DEBUGINFOD_URLS=https://debuginfod.ubuntu.com /usr/bin/cmake --install /home/samuele/dev/minar/minar-challenge-2/ros/build/rplidar_ros
[1.327s] -- Install configuration: ""
[1.328s] -- Up-to-date: /home/samuele/dev/minar/minar-challenge-2/ros/install/rplidar_ros/share/rplidar_ros/launch
[1.328s] -- Up-to-date: /home/samuele/dev/minar/minar-challenge-2/ros/install/rplidar_ros/share/rplidar_ros/launch/view_rplidar_a1_launch.py
[1.328s] -- Up-to-date: /home/samuele/dev/minar/minar-challenge-2/ros/install/rplidar_ros/share/rplidar_ros/launch/rplidar_s2_launch.py
[1.328s] -- Up-to-date: /home/samuele/dev/minar/minar-challenge-2/ros/install/rplidar_ros/share/rplidar_ros/launch/view_rplidar_a2m7_launch.py
[1.329s] -- Up-to-date: /home/samuele/dev/minar/minar-challenge-2/ros/install/rplidar_ros/share/rplidar_ros/launch/view_rplidar_s3_launch.py
[1.329s] -- Up-to-date: /home/samuele/dev/minar/minar-challenge-2/ros/install/rplidar_ros/share/rplidar_ros/launch/rplidar_a2m12_launch.py
[1.329s] -- Up-to-date: /home/samuele/dev/minar/minar-challenge-2/ros/install/rplidar_ros/share/rplidar_ros/launch/rplidar_c1_launch.py
[1.329s] -- Up-to-date: /home/samuele/dev/minar/minar-challenge-2/ros/install/rplidar_ros/share/rplidar_ros/launch/rplidar_s3_launch.py
[1.329s] -- Up-to-date: /home/samuele/dev/minar/minar-challenge-2/ros/install/rplidar_ros/share/rplidar_ros/launch/view_rplidar_c1_launch.py
[1.330s] -- Up-to-date: /home/samuele/dev/minar/minar-challenge-2/ros/install/rplidar_ros/share/rplidar_ros/launch/view_rplidar_a3_launch.py
[1.330s] -- Up-to-date: /home/samuele/dev/minar/minar-challenge-2/ros/install/rplidar_ros/share/rplidar_ros/launch/rplidar_a2m7_launch.py
[1.330s] -- Up-to-date: /home/samuele/dev/minar/minar-challenge-2/ros/install/rplidar_ros/share/rplidar_ros/launch/view_rplidar_s1_tcp_launch.py
[1.331s] -- Up-to-date: /home/samuele/dev/minar/minar-challenge-2/ros/install/rplidar_ros/share/rplidar_ros/launch/rplidar_s2e_launch.py
[1.331s] -- Up-to-date: /home/samuele/dev/minar/minar-challenge-2/ros/install/rplidar_ros/share/rplidar_ros/launch/view_rplidar_s1_launch.py
[1.331s] -- Up-to-date: /home/samuele/dev/minar/minar-challenge-2/ros/install/rplidar_ros/share/rplidar_ros/launch/rplidar_t1_launch.py
[1.332s] -- Up-to-date: /home/samuele/dev/minar/minar-challenge-2/ros/install/rplidar_ros/share/rplidar_ros/launch/rplidar_s1_launch.py
[1.332s] -- Up-to-date: /home/samuele/dev/minar/minar-challenge-2/ros/install/rplidar_ros/share/rplidar_ros/launch/view_rplidar_s2_launch.py
[1.332s] -- Up-to-date: /home/samuele/dev/minar/minar-challenge-2/ros/install/rplidar_ros/share/rplidar_ros/launch/rplidar_a3_launch.py
[1.333s] -- Up-to-date: /home/samuele/dev/minar/minar-challenge-2/ros/install/rplidar_ros/share/rplidar_ros/launch/view_rplidar_a2m12_launch.py
[1.333s] -- Up-to-date: /home/samuele/dev/minar/minar-challenge-2/ros/install/rplidar_ros/share/rplidar_ros/launch/rplidar_s1_tcp_launch.py
[1.333s] -- Up-to-date: /home/samuele/dev/minar/minar-challenge-2/ros/install/rplidar_ros/share/rplidar_ros/launch/view_rplidar_t1_launch.py
[1.334s] -- Up-to-date: /home/samuele/dev/minar/minar-challenge-2/ros/install/rplidar_ros/share/rplidar_ros/launch/view_rplidar_a2m8_launch.py
[1.334s] -- Up-to-date: /home/samuele/dev/minar/minar-challenge-2/ros/install/rplidar_ros/share/rplidar_ros/launch/rplidar_a1_launch.py
[1.334s] -- Up-to-date: /home/samuele/dev/minar/minar-challenge-2/ros/install/rplidar_ros/share/rplidar_ros/launch/rplidar_a2m8_launch.py
[1.334s] -- Up-to-date: /home/samuele/dev/minar/minar-challenge-2/ros/install/rplidar_ros/share/rplidar_ros/launch/view_rplidar_s2e_launch.py
[1.334s] -- Up-to-date: /home/samuele/dev/minar/minar-challenge-2/ros/install/rplidar_ros/share/rplidar_ros/rviz
[1.335s] -- Up-to-date: /home/samuele/dev/minar/minar-challenge-2/ros/install/rplidar_ros/share/rplidar_ros/rviz/rplidar_ros.rviz
[1.335s] -- Up-to-date: /home/samuele/dev/minar/minar-challenge-2/ros/install/rplidar_ros/lib/rplidar_ros/rplidar_node
[1.335s] -- Up-to-date: /home/samuele/dev/minar/minar-challenge-2/ros/install/rplidar_ros/lib/rplidar_ros/rplidar_composition
[1.335s] -- Up-to-date: /home/samuele/dev/minar/minar-challenge-2/ros/install/rplidar_ros/lib/rplidar_ros/rplidar_client
[1.335s] -- Up-to-date: /home/samuele/dev/minar/minar-challenge-2/ros/install/rplidar_ros/share/ament_index/resource_index/package_run_dependencies/rplidar_ros
[1.336s] -- Up-to-date: /home/samuele/dev/minar/minar-challenge-2/ros/install/rplidar_ros/share/ament_index/resource_index/parent_prefix_path/rplidar_ros
[1.336s] -- Up-to-date: /home/samuele/dev/minar/minar-challenge-2/ros/install/rplidar_ros/share/rplidar_ros/environment/ament_prefix_path.sh
[1.338s] -- Up-to-date: /home/samuele/dev/minar/minar-challenge-2/ros/install/rplidar_ros/share/rplidar_ros/environment/ament_prefix_path.dsv
[1.338s] -- Up-to-date: /home/samuele/dev/minar/minar-challenge-2/ros/install/rplidar_ros/share/rplidar_ros/environment/path.sh
[1.339s] -- Up-to-date: /home/samuele/dev/minar/minar-challenge-2/ros/install/rplidar_ros/share/rplidar_ros/environment/path.dsv
[1.339s] -- Up-to-date: /home/samuele/dev/minar/minar-challenge-2/ros/install/rplidar_ros/share/rplidar_ros/local_setup.bash
[1.339s] -- Up-to-date: /home/samuele/dev/minar/minar-challenge-2/ros/install/rplidar_ros/share/rplidar_ros/local_setup.sh
[1.339s] -- Up-to-date: /home/samuele/dev/minar/minar-challenge-2/ros/install/rplidar_ros/share/rplidar_ros/local_setup.zsh
[1.340s] -- Up-to-date: /home/samuele/dev/minar/minar-challenge-2/ros/install/rplidar_ros/share/rplidar_ros/local_setup.dsv
[1.340s] -- Installing: /home/samuele/dev/minar/minar-challenge-2/ros/install/rplidar_ros/share/rplidar_ros/package.dsv
[1.340s] -- Up-to-date: /home/samuele/dev/minar/minar-challenge-2/ros/install/rplidar_ros/share/ament_index/resource_index/packages/rplidar_ros
[1.343s] -- Up-to-date: /home/samuele/dev/minar/minar-challenge-2/ros/install/rplidar_ros/share/rplidar_ros/cmake/ament_cmake_export_dependencies-extras.cmake
[1.343s] -- Up-to-date: /home/samuele/dev/minar/minar-challenge-2/ros/install/rplidar_ros/share/rplidar_ros/cmake/ament_cmake_export_include_directories-extras.cmake
[1.344s] -- Up-to-date: /home/samuele/dev/minar/minar-challenge-2/ros/install/rplidar_ros/share/rplidar_ros/cmake/rplidar_rosConfig.cmake
[1.344s] -- Up-to-date: /home/samuele/dev/minar/minar-challenge-2/ros/install/rplidar_ros/share/rplidar_ros/cmake/rplidar_rosConfig-version.cmake
[1.344s] -- Up-to-date: /home/samuele/dev/minar/minar-challenge-2/ros/install/rplidar_ros/share/rplidar_ros/package.xml
[1.345s] Invoked command in '/home/samuele/dev/minar/minar-challenge-2/ros/build/rplidar_ros' returned '0': CMAKE_PREFIX_PATH=${CMAKE_PREFIX_PATH}:/home/samuele/dev/minar/minar-challenge-2/ros/install/ct_teleop:/home/samuele/dev/minar/minar-challenge-2/ros/install/ct_sensors:/home/samuele/dev/minar/minar-challenge-2/ros/install/ct_navigation:/home/samuele/dev/minar/minar-challenge-2/ros/install/ct_control:/home/samuele/dev/minar/minar-challenge-2/ros/install/ct_bringup:/opt/ros/jazzy DEBUGINFOD_URLS=https://debuginfod.ubuntu.com /usr/bin/cmake --install /home/samuele/dev/minar/minar-challenge-2/ros/build/rplidar_ros
