[0.520s] Invoking command in '/home/samuele/dev/minar/minar-challenge-2/src/build/ct_description': CMAKE_PREFIX_PATH=${CMAKE_PREFIX_PATH}:/home/samuele/dev/minar/minar-challenge-2/install/ct_teleop:/home/samuele/dev/minar/minar-challenge-2/install/ct_sensors:/home/samuele/dev/minar/minar-challenge-2/install/ct_navigation:/home/samuele/dev/minar/minar-challenge-2/install/ct_control:/home/samuele/dev/minar/minar-challenge-2/install/ct_bringup:/opt/ros/jazzy DEBUGINFOD_URLS=https://debuginfod.ubuntu.com /usr/bin/cmake --build /home/samuele/dev/minar/minar-challenge-2/src/build/ct_description -- -j8 -l8
[1.244s] Invoked command in '/home/samuele/dev/minar/minar-challenge-2/src/build/ct_description' returned '0': CMAKE_PREFIX_PATH=${CMAKE_PREFIX_PATH}:/home/samuele/dev/minar/minar-challenge-2/install/ct_teleop:/home/samuele/dev/minar/minar-challenge-2/install/ct_sensors:/home/samuele/dev/minar/minar-challenge-2/install/ct_navigation:/home/samuele/dev/minar/minar-challenge-2/install/ct_control:/home/samuele/dev/minar/minar-challenge-2/install/ct_bringup:/opt/ros/jazzy DEBUGINFOD_URLS=https://debuginfod.ubuntu.com /usr/bin/cmake --build /home/samuele/dev/minar/minar-challenge-2/src/build/ct_description -- -j8 -l8
[1.255s] Invoking command in '/home/samuele/dev/minar/minar-challenge-2/src/build/ct_description': CMAKE_PREFIX_PATH=${CMAKE_PREFIX_PATH}:/home/samuele/dev/minar/minar-challenge-2/install/ct_teleop:/home/samuele/dev/minar/minar-challenge-2/install/ct_sensors:/home/samuele/dev/minar/minar-challenge-2/install/ct_navigation:/home/samuele/dev/minar/minar-challenge-2/install/ct_control:/home/samuele/dev/minar/minar-challenge-2/install/ct_bringup:/opt/ros/jazzy DEBUGINFOD_URLS=https://debuginfod.ubuntu.com /usr/bin/cmake --install /home/samuele/dev/minar/minar-challenge-2/src/build/ct_description
[1.267s] -- Install configuration: ""
[1.268s] -- Execute custom install script
[1.268s] -- Up-to-date symlink: /home/samuele/dev/minar/minar-challenge-2/src/install/ct_description/share/ct_description/urdf/ct.urdf
[1.270s] -- Up-to-date symlink: /home/samuele/dev/minar/minar-challenge-2/src/install/ct_description/share/ament_index/resource_index/package_run_dependencies/ct_description
[1.270s] -- Up-to-date symlink: /home/samuele/dev/minar/minar-challenge-2/src/install/ct_description/share/ament_index/resource_index/parent_prefix_path/ct_description
[1.271s] -- Up-to-date symlink: /home/samuele/dev/minar/minar-challenge-2/src/install/ct_description/share/ct_description/environment/ament_prefix_path.sh
[1.272s] -- Up-to-date symlink: /home/samuele/dev/minar/minar-challenge-2/src/install/ct_description/share/ct_description/environment/ament_prefix_path.dsv
[1.272s] -- Up-to-date symlink: /home/samuele/dev/minar/minar-challenge-2/src/install/ct_description/share/ct_description/environment/path.sh
[1.272s] -- Up-to-date symlink: /home/samuele/dev/minar/minar-challenge-2/src/install/ct_description/share/ct_description/environment/path.dsv
[1.272s] -- Up-to-date symlink: /home/samuele/dev/minar/minar-challenge-2/src/install/ct_description/share/ct_description/local_setup.bash
[1.272s] -- Up-to-date symlink: /home/samuele/dev/minar/minar-challenge-2/src/install/ct_description/share/ct_description/local_setup.sh
[1.272s] -- Up-to-date symlink: /home/samuele/dev/minar/minar-challenge-2/src/install/ct_description/share/ct_description/local_setup.zsh
[1.273s] -- Up-to-date symlink: /home/samuele/dev/minar/minar-challenge-2/src/install/ct_description/share/ct_description/local_setup.dsv
[1.273s] -- Symlinking: /home/samuele/dev/minar/minar-challenge-2/src/install/ct_description/share/ct_description/package.dsv
[1.287s] -- Up-to-date symlink: /home/samuele/dev/minar/minar-challenge-2/src/install/ct_description/share/ament_index/resource_index/packages/ct_description
[1.288s] -- Up-to-date symlink: /home/samuele/dev/minar/minar-challenge-2/src/install/ct_description/share/ct_description/cmake/ct_descriptionConfig.cmake
[1.288s] -- Up-to-date symlink: /home/samuele/dev/minar/minar-challenge-2/src/install/ct_description/share/ct_description/cmake/ct_descriptionConfig-version.cmake
[1.288s] -- Up-to-date symlink: /home/samuele/dev/minar/minar-challenge-2/src/install/ct_description/share/ct_description/package.xml
[1.292s] Invoked command in '/home/samuele/dev/minar/minar-challenge-2/src/build/ct_description' returned '0': CMAKE_PREFIX_PATH=${CMAKE_PREFIX_PATH}:/home/samuele/dev/minar/minar-challenge-2/install/ct_teleop:/home/samuele/dev/minar/minar-challenge-2/install/ct_sensors:/home/samuele/dev/minar/minar-challenge-2/install/ct_navigation:/home/samuele/dev/minar/minar-challenge-2/install/ct_control:/home/samuele/dev/minar/minar-challenge-2/install/ct_bringup:/opt/ros/jazzy DEBUGINFOD_URLS=https://debuginfod.ubuntu.com /usr/bin/cmake --install /home/samuele/dev/minar/minar-challenge-2/src/build/ct_description
