[3.259s] Invoking command in '/home/samuele/dev/minar/minar-challenge-2/src/ct_bringup': DEBUGINFOD_URLS=https://debuginfod.ubuntu.com PYTHONPATH=/home/samuele/dev/minar/minar-challenge-2/build/ct_bringup/prefix_override:/usr/lib/python3/dist-packages/colcon_core/task/python/colcon_distutils_commands:/home/samuele/dev/minar/minar-challenge-2/install/ct_bringup/lib/python3.12/site-packages:${PYTHONPATH} /usr/bin/python3 -W ignore:setup.py install is deprecated -W ignore:easy_install command is deprecated setup.py egg_info --egg-base ../../build/ct_bringup build --build-base /home/samuele/dev/minar/minar-challenge-2/build/ct_bringup/build install --record /home/samuele/dev/minar/minar-challenge-2/build/ct_bringup/install.log --single-version-externally-managed install_data
[4.067s] running egg_info
[4.115s] writing ../../build/ct_bringup/ct_bringup.egg-info/PKG-INFO
[4.115s] writing dependency_links to ../../build/ct_bringup/ct_bringup.egg-info/dependency_links.txt
[4.116s] writing requirements to ../../build/ct_bringup/ct_bringup.egg-info/requires.txt
[4.116s] writing top-level names to ../../build/ct_bringup/ct_bringup.egg-info/top_level.txt
[4.210s] reading manifest file '../../build/ct_bringup/ct_bringup.egg-info/SOURCES.txt'
[4.212s] writing manifest file '../../build/ct_bringup/ct_bringup.egg-info/SOURCES.txt'
[4.212s] running build
[4.212s] running build_py
[4.213s] running install
[4.228s] running install_lib
[4.272s] running install_data
[4.272s] copying launch/bringup.launch.py -> /home/samuele/dev/minar/minar-challenge-2/install/ct_bringup/share/ct_bringup/launch
[4.273s] running install_egg_info
[4.319s] removing '/home/samuele/dev/minar/minar-challenge-2/install/ct_bringup/lib/python3.12/site-packages/ct_bringup-0.0.0-py3.12.egg-info' (and everything under it)
[4.319s] Copying ../../build/ct_bringup/ct_bringup.egg-info to /home/samuele/dev/minar/minar-challenge-2/install/ct_bringup/lib/python3.12/site-packages/ct_bringup-0.0.0-py3.12.egg-info
[4.321s] running install_scripts
[4.588s] writing list of installed files to '/home/samuele/dev/minar/minar-challenge-2/build/ct_bringup/install.log'
[4.646s] Invoked command in '/home/samuele/dev/minar/minar-challenge-2/src/ct_bringup' returned '0': DEBUGINFOD_URLS=https://debuginfod.ubuntu.com PYTHONPATH=/home/samuele/dev/minar/minar-challenge-2/build/ct_bringup/prefix_override:/usr/lib/python3/dist-packages/colcon_core/task/python/colcon_distutils_commands:/home/samuele/dev/minar/minar-challenge-2/install/ct_bringup/lib/python3.12/site-packages:${PYTHONPATH} /usr/bin/python3 -W ignore:setup.py install is deprecated -W ignore:easy_install command is deprecated setup.py egg_info --egg-base ../../build/ct_bringup build --build-base /home/samuele/dev/minar/minar-challenge-2/build/ct_bringup/build install --record /home/samuele/dev/minar/minar-challenge-2/build/ct_bringup/install.log --single-version-externally-managed install_data
