[3.524s] Invoking command in '/home/samuele/dev/minar/minar-challenge-2/ros/src/ct_bringup': DEBUGINFOD_URLS=https://debuginfod.ubuntu.com PYTHONPATH=/home/samuele/dev/minar/minar-challenge-2/ros/build/ct_bringup/prefix_override:/usr/lib/python3/dist-packages/colcon_core/task/python/colcon_distutils_commands:/home/samuele/dev/minar/minar-challenge-2/ros/install/ct_bringup/lib/python3.12/site-packages:${PYTHONPATH} /usr/bin/python3 -W ignore:setup.py install is deprecated -W ignore:easy_install command is deprecated setup.py egg_info --egg-base ../../build/ct_bringup build --build-base /home/samuele/dev/minar/minar-challenge-2/ros/build/ct_bringup/build install --record /home/samuele/dev/minar/minar-challenge-2/ros/build/ct_bringup/install.log --single-version-externally-managed install_data
[4.102s] running egg_info
[4.144s] writing ../../build/ct_bringup/ct_bringup.egg-info/PKG-INFO
[4.145s] writing dependency_links to ../../build/ct_bringup/ct_bringup.egg-info/dependency_links.txt
[4.145s] writing entry points to ../../build/ct_bringup/ct_bringup.egg-info/entry_points.txt
[4.145s] writing requirements to ../../build/ct_bringup/ct_bringup.egg-info/requires.txt
[4.146s] writing top-level names to ../../build/ct_bringup/ct_bringup.egg-info/top_level.txt
[4.260s] reading manifest file '../../build/ct_bringup/ct_bringup.egg-info/SOURCES.txt'
[4.262s] writing manifest file '../../build/ct_bringup/ct_bringup.egg-info/SOURCES.txt'
[4.262s] running build
[4.264s] running build_py
[4.264s] running install
[4.287s] running install_lib
[4.332s] running install_data
[4.332s] copying launch/bringup.launch.py -> /home/samuele/dev/minar/minar-challenge-2/ros/install/ct_bringup/share/ct_bringup/launch
[4.333s] running install_egg_info
[4.384s] removing '/home/samuele/dev/minar/minar-challenge-2/ros/install/ct_bringup/lib/python3.12/site-packages/ct_bringup-0.0.0-py3.12.egg-info' (and everything under it)
[4.385s] Copying ../../build/ct_bringup/ct_bringup.egg-info to /home/samuele/dev/minar/minar-challenge-2/ros/install/ct_bringup/lib/python3.12/site-packages/ct_bringup-0.0.0-py3.12.egg-info
[4.387s] running install_scripts
[4.781s] Installing wheel_encoder_node script to /home/samuele/dev/minar/minar-challenge-2/ros/install/ct_bringup/lib/ct_bringup
[4.783s] writing list of installed files to '/home/samuele/dev/minar/minar-challenge-2/ros/build/ct_bringup/install.log'
[4.913s] Invoked command in '/home/samuele/dev/minar/minar-challenge-2/ros/src/ct_bringup' returned '0': DEBUGINFOD_URLS=https://debuginfod.ubuntu.com PYTHONPATH=/home/samuele/dev/minar/minar-challenge-2/ros/build/ct_bringup/prefix_override:/usr/lib/python3/dist-packages/colcon_core/task/python/colcon_distutils_commands:/home/samuele/dev/minar/minar-challenge-2/ros/install/ct_bringup/lib/python3.12/site-packages:${PYTHONPATH} /usr/bin/python3 -W ignore:setup.py install is deprecated -W ignore:easy_install command is deprecated setup.py egg_info --egg-base ../../build/ct_bringup build --build-base /home/samuele/dev/minar/minar-challenge-2/ros/build/ct_bringup/build install --record /home/samuele/dev/minar/minar-challenge-2/ros/build/ct_bringup/install.log --single-version-externally-managed install_data
