[0.087s] DEBUG:colcon:Command line arguments: ['/usr/bin/colcon', 'build']
[0.087s] DEBUG:colcon:Parsed command line arguments: Namespace(log_base=None, log_level=None, verb_name='build', build_base='build', install_base='install', merge_install=False, symlink_install=False, test_result_base=None, continue_on_error=False, executor='parallel', parallel_workers=8, event_handlers=None, base_paths=['.'], packages_ignore=None, packages_ignore_regex=None, paths=None, packages_up_to=None, packages_up_to_regex=None, packages_above=None, packages_above_and_dependencies=None, packages_above_depth=None, packages_select_by_dep=None, packages_skip_by_dep=None, packages_skip_up_to=None, packages_select_build_failed=False, packages_skip_build_finished=False, packages_select_test_failures=False, packages_skip_test_passed=False, packages_select=None, packages_skip=None, packages_select_regex=None, packages_skip_regex=None, packages_start=None, packages_end=None, cmake_args=None, cmake_target=None, cmake_target_skip_unavailable=False, cmake_clean_cache=False, cmake_clean_first=False, cmake_force_configure=False, ament_cmake_args=None, catkin_cmake_args=None, catkin_skip_building_tests=False, verb_parser=<colcon_argcomplete.argument_parser.argcomplete.ArgcompleteDecorator object at 0x7e9391ca63c0>, verb_extension=<colcon_core.verb.build.BuildVerb object at 0x7e9391ca60c0>, main=<bound method BuildVerb.main of <colcon_core.verb.build.BuildVerb object at 0x7e9391ca60c0>>)
[0.123s] Level 1:colcon.colcon_core.package_discovery:discover_packages(recursive) check parameters
[0.123s] Level 1:colcon.colcon_core.package_discovery:discover_packages(ignore) check parameters
[0.123s] Level 1:colcon.colcon_core.package_discovery:discover_packages(path) check parameters
[0.124s] Level 1:colcon.colcon_core.package_discovery:discover_packages(recursive) discover
[0.124s] INFO:colcon.colcon_core.package_discovery:Crawling recursively for packages in '/home/samuele/dev/minar/minar-challenge-2/ros'
[0.124s] Level 1:colcon.colcon_core.package_identification:_identify(.) by extensions ['ignore', 'ignore_ament_install']
[0.124s] Level 1:colcon.colcon_core.package_identification:_identify(.) by extension 'ignore'
[0.124s] Level 1:colcon.colcon_core.package_identification:_identify(.) by extension 'ignore_ament_install'
[0.124s] Level 1:colcon.colcon_core.package_identification:_identify(.) by extensions ['ros']
[0.124s] Level 1:colcon.colcon_core.package_identification:_identify(.) by extension 'ros'
[0.149s] Level 1:colcon.colcon_core.package_identification:_identify(.) by extensions ['cmake', 'python']
[0.149s] Level 1:colcon.colcon_core.package_identification:_identify(.) by extension 'cmake'
[0.149s] Level 1:colcon.colcon_core.package_identification:_identify(.) by extension 'python'
[0.149s] Level 1:colcon.colcon_core.package_identification:_identify(.) by extensions ['python_setup_py']
[0.149s] Level 1:colcon.colcon_core.package_identification:_identify(.) by extension 'python_setup_py'
[0.149s] Level 1:colcon.colcon_core.package_identification:_identify(build) by extensions ['ignore', 'ignore_ament_install']
[0.149s] Level 1:colcon.colcon_core.package_identification:_identify(build) by extension 'ignore'
[0.149s] Level 1:colcon.colcon_core.package_identification:_identify(build) ignored
[0.149s] Level 1:colcon.colcon_core.package_identification:_identify(install) by extensions ['ignore', 'ignore_ament_install']
[0.149s] Level 1:colcon.colcon_core.package_identification:_identify(install) by extension 'ignore'
[0.149s] Level 1:colcon.colcon_core.package_identification:_identify(install) ignored
[0.150s] Level 1:colcon.colcon_core.package_identification:_identify(log) by extensions ['ignore', 'ignore_ament_install']
[0.150s] Level 1:colcon.colcon_core.package_identification:_identify(log) by extension 'ignore'
[0.150s] Level 1:colcon.colcon_core.package_identification:_identify(log) ignored
[0.150s] Level 1:colcon.colcon_core.package_identification:_identify(src) by extensions ['ignore', 'ignore_ament_install']
[0.150s] Level 1:colcon.colcon_core.package_identification:_identify(src) by extension 'ignore'
[0.150s] Level 1:colcon.colcon_core.package_identification:_identify(src) by extension 'ignore_ament_install'
[0.150s] Level 1:colcon.colcon_core.package_identification:_identify(src) by extensions ['ros']
[0.150s] Level 1:colcon.colcon_core.package_identification:_identify(src) by extension 'ros'
[0.150s] Level 1:colcon.colcon_core.package_identification:_identify(src) by extensions ['cmake', 'python']
[0.150s] Level 1:colcon.colcon_core.package_identification:_identify(src) by extension 'cmake'
[0.150s] Level 1:colcon.colcon_core.package_identification:_identify(src) by extension 'python'
[0.150s] Level 1:colcon.colcon_core.package_identification:_identify(src) by extensions ['python_setup_py']
[0.150s] Level 1:colcon.colcon_core.package_identification:_identify(src) by extension 'python_setup_py'
[0.150s] Level 1:colcon.colcon_core.package_identification:_identify(src/build) by extensions ['ignore', 'ignore_ament_install']
[0.150s] Level 1:colcon.colcon_core.package_identification:_identify(src/build) by extension 'ignore'
[0.151s] Level 1:colcon.colcon_core.package_identification:_identify(src/build) ignored
[0.151s] Level 1:colcon.colcon_core.package_identification:_identify(src/ct_bringup) by extensions ['ignore', 'ignore_ament_install']
[0.151s] Level 1:colcon.colcon_core.package_identification:_identify(src/ct_bringup) by extension 'ignore'
[0.151s] Level 1:colcon.colcon_core.package_identification:_identify(src/ct_bringup) by extension 'ignore_ament_install'
[0.151s] Level 1:colcon.colcon_core.package_identification:_identify(src/ct_bringup) by extensions ['ros']
[0.151s] Level 1:colcon.colcon_core.package_identification:_identify(src/ct_bringup) by extension 'ros'
[0.154s] DEBUG:colcon.colcon_core.package_identification:Package 'src/ct_bringup' with type 'ros.ament_python' and name 'ct_bringup'
[0.154s] Level 1:colcon.colcon_core.package_identification:_identify(src/ct_control) by extensions ['ignore', 'ignore_ament_install']
[0.154s] Level 1:colcon.colcon_core.package_identification:_identify(src/ct_control) by extension 'ignore'
[0.154s] Level 1:colcon.colcon_core.package_identification:_identify(src/ct_control) by extension 'ignore_ament_install'
[0.154s] Level 1:colcon.colcon_core.package_identification:_identify(src/ct_control) by extensions ['ros']
[0.154s] Level 1:colcon.colcon_core.package_identification:_identify(src/ct_control) by extension 'ros'
[0.155s] DEBUG:colcon.colcon_core.package_identification:Package 'src/ct_control' with type 'ros.ament_python' and name 'ct_control'
[0.155s] Level 1:colcon.colcon_core.package_identification:_identify(src/ct_description) by extensions ['ignore', 'ignore_ament_install']
[0.155s] Level 1:colcon.colcon_core.package_identification:_identify(src/ct_description) by extension 'ignore'
[0.155s] Level 1:colcon.colcon_core.package_identification:_identify(src/ct_description) by extension 'ignore_ament_install'
[0.155s] Level 1:colcon.colcon_core.package_identification:_identify(src/ct_description) by extensions ['ros']
[0.155s] Level 1:colcon.colcon_core.package_identification:_identify(src/ct_description) by extension 'ros'
[0.156s] DEBUG:colcon.colcon_core.package_identification:Package 'src/ct_description' with type 'ros.ament_cmake' and name 'ct_description'
[0.156s] Level 1:colcon.colcon_core.package_identification:_identify(src/ct_navigation) by extensions ['ignore', 'ignore_ament_install']
[0.156s] Level 1:colcon.colcon_core.package_identification:_identify(src/ct_navigation) by extension 'ignore'
[0.156s] Level 1:colcon.colcon_core.package_identification:_identify(src/ct_navigation) by extension 'ignore_ament_install'
[0.156s] Level 1:colcon.colcon_core.package_identification:_identify(src/ct_navigation) by extensions ['ros']
[0.156s] Level 1:colcon.colcon_core.package_identification:_identify(src/ct_navigation) by extension 'ros'
[0.156s] DEBUG:colcon.colcon_core.package_identification:Package 'src/ct_navigation' with type 'ros.ament_python' and name 'ct_navigation'
[0.156s] Level 1:colcon.colcon_core.package_identification:_identify(src/ct_sensors) by extensions ['ignore', 'ignore_ament_install']
[0.157s] Level 1:colcon.colcon_core.package_identification:_identify(src/ct_sensors) by extension 'ignore'
[0.157s] Level 1:colcon.colcon_core.package_identification:_identify(src/ct_sensors) by extension 'ignore_ament_install'
[0.157s] Level 1:colcon.colcon_core.package_identification:_identify(src/ct_sensors) by extensions ['ros']
[0.157s] Level 1:colcon.colcon_core.package_identification:_identify(src/ct_sensors) by extension 'ros'
[0.157s] DEBUG:colcon.colcon_core.package_identification:Package 'src/ct_sensors' with type 'ros.ament_python' and name 'ct_sensors'
[0.157s] Level 1:colcon.colcon_core.package_identification:_identify(src/ct_teleop) by extensions ['ignore', 'ignore_ament_install']
[0.157s] Level 1:colcon.colcon_core.package_identification:_identify(src/ct_teleop) by extension 'ignore'
[0.158s] Level 1:colcon.colcon_core.package_identification:_identify(src/ct_teleop) by extension 'ignore_ament_install'
[0.158s] Level 1:colcon.colcon_core.package_identification:_identify(src/ct_teleop) by extensions ['ros']
[0.158s] Level 1:colcon.colcon_core.package_identification:_identify(src/ct_teleop) by extension 'ros'
[0.158s] DEBUG:colcon.colcon_core.package_identification:Package 'src/ct_teleop' with type 'ros.ament_python' and name 'ct_teleop'
[0.158s] Level 1:colcon.colcon_core.package_identification:_identify(src/install) by extensions ['ignore', 'ignore_ament_install']
[0.158s] Level 1:colcon.colcon_core.package_identification:_identify(src/install) by extension 'ignore'
[0.158s] Level 1:colcon.colcon_core.package_identification:_identify(src/install) ignored
[0.158s] Level 1:colcon.colcon_core.package_identification:_identify(src/log) by extensions ['ignore', 'ignore_ament_install']
[0.158s] Level 1:colcon.colcon_core.package_identification:_identify(src/log) by extension 'ignore'
[0.159s] Level 1:colcon.colcon_core.package_identification:_identify(src/log) ignored
[0.159s] Level 1:colcon.colcon_core.package_identification:_identify(src/rplidar_ros) by extensions ['ignore', 'ignore_ament_install']
[0.159s] Level 1:colcon.colcon_core.package_identification:_identify(src/rplidar_ros) by extension 'ignore'
[0.159s] Level 1:colcon.colcon_core.package_identification:_identify(src/rplidar_ros) by extension 'ignore_ament_install'
[0.159s] Level 1:colcon.colcon_core.package_identification:_identify(src/rplidar_ros) by extensions ['ros']
[0.159s] Level 1:colcon.colcon_core.package_identification:_identify(src/rplidar_ros) by extension 'ros'
[0.159s] DEBUG:colcon.colcon_core.package_identification:Package 'src/rplidar_ros' with type 'ros.ament_cmake' and name 'rplidar_ros'
[0.159s] Level 1:colcon.colcon_core.package_discovery:discover_packages(recursive) using defaults
[0.159s] Level 1:colcon.colcon_core.package_discovery:discover_packages(ignore) discover
[0.159s] Level 1:colcon.colcon_core.package_discovery:discover_packages(ignore) using defaults
[0.159s] Level 1:colcon.colcon_core.package_discovery:discover_packages(path) discover
[0.159s] Level 1:colcon.colcon_core.package_discovery:discover_packages(path) using defaults
[0.179s] Level 5:colcon.colcon_core.verb:set package 'ct_bringup' build argument 'cmake_args' from command line to 'None'
[0.179s] Level 5:colcon.colcon_core.verb:set package 'ct_bringup' build argument 'cmake_target' from command line to 'None'
[0.180s] Level 5:colcon.colcon_core.verb:set package 'ct_bringup' build argument 'cmake_target_skip_unavailable' from command line to 'False'
[0.180s] Level 5:colcon.colcon_core.verb:set package 'ct_bringup' build argument 'cmake_clean_cache' from command line to 'False'
[0.180s] Level 5:colcon.colcon_core.verb:set package 'ct_bringup' build argument 'cmake_clean_first' from command line to 'False'
[0.180s] Level 5:colcon.colcon_core.verb:set package 'ct_bringup' build argument 'cmake_force_configure' from command line to 'False'
[0.180s] Level 5:colcon.colcon_core.verb:set package 'ct_bringup' build argument 'ament_cmake_args' from command line to 'None'
[0.180s] Level 5:colcon.colcon_core.verb:set package 'ct_bringup' build argument 'catkin_cmake_args' from command line to 'None'
[0.180s] Level 5:colcon.colcon_core.verb:set package 'ct_bringup' build argument 'catkin_skip_building_tests' from command line to 'False'
[0.180s] DEBUG:colcon.colcon_core.verb:Building package 'ct_bringup' with the following arguments: {'ament_cmake_args': None, 'build_base': '/home/samuele/dev/minar/minar-challenge-2/ros/build/ct_bringup', 'catkin_cmake_args': None, 'catkin_skip_building_tests': False, 'cmake_args': None, 'cmake_clean_cache': False, 'cmake_clean_first': False, 'cmake_force_configure': False, 'cmake_target': None, 'cmake_target_skip_unavailable': False, 'install_base': '/home/samuele/dev/minar/minar-challenge-2/ros/install/ct_bringup', 'merge_install': False, 'path': '/home/samuele/dev/minar/minar-challenge-2/ros/src/ct_bringup', 'symlink_install': False, 'test_result_base': None}
[0.180s] Level 5:colcon.colcon_core.verb:set package 'ct_control' build argument 'cmake_args' from command line to 'None'
[0.180s] Level 5:colcon.colcon_core.verb:set package 'ct_control' build argument 'cmake_target' from command line to 'None'
[0.180s] Level 5:colcon.colcon_core.verb:set package 'ct_control' build argument 'cmake_target_skip_unavailable' from command line to 'False'
[0.180s] Level 5:colcon.colcon_core.verb:set package 'ct_control' build argument 'cmake_clean_cache' from command line to 'False'
[0.180s] Level 5:colcon.colcon_core.verb:set package 'ct_control' build argument 'cmake_clean_first' from command line to 'False'
[0.180s] Level 5:colcon.colcon_core.verb:set package 'ct_control' build argument 'cmake_force_configure' from command line to 'False'
[0.180s] Level 5:colcon.colcon_core.verb:set package 'ct_control' build argument 'ament_cmake_args' from command line to 'None'
[0.180s] Level 5:colcon.colcon_core.verb:set package 'ct_control' build argument 'catkin_cmake_args' from command line to 'None'
[0.180s] Level 5:colcon.colcon_core.verb:set package 'ct_control' build argument 'catkin_skip_building_tests' from command line to 'False'
[0.180s] DEBUG:colcon.colcon_core.verb:Building package 'ct_control' with the following arguments: {'ament_cmake_args': None, 'build_base': '/home/samuele/dev/minar/minar-challenge-2/ros/build/ct_control', 'catkin_cmake_args': None, 'catkin_skip_building_tests': False, 'cmake_args': None, 'cmake_clean_cache': False, 'cmake_clean_first': False, 'cmake_force_configure': False, 'cmake_target': None, 'cmake_target_skip_unavailable': False, 'install_base': '/home/samuele/dev/minar/minar-challenge-2/ros/install/ct_control', 'merge_install': False, 'path': '/home/samuele/dev/minar/minar-challenge-2/ros/src/ct_control', 'symlink_install': False, 'test_result_base': None}
[0.181s] Level 5:colcon.colcon_core.verb:set package 'ct_description' build argument 'cmake_args' from command line to 'None'
[0.181s] Level 5:colcon.colcon_core.verb:set package 'ct_description' build argument 'cmake_target' from command line to 'None'
[0.181s] Level 5:colcon.colcon_core.verb:set package 'ct_description' build argument 'cmake_target_skip_unavailable' from command line to 'False'
[0.181s] Level 5:colcon.colcon_core.verb:set package 'ct_description' build argument 'cmake_clean_cache' from command line to 'False'
[0.181s] Level 5:colcon.colcon_core.verb:set package 'ct_description' build argument 'cmake_clean_first' from command line to 'False'
[0.181s] Level 5:colcon.colcon_core.verb:set package 'ct_description' build argument 'cmake_force_configure' from command line to 'False'
[0.181s] Level 5:colcon.colcon_core.verb:set package 'ct_description' build argument 'ament_cmake_args' from command line to 'None'
[0.181s] Level 5:colcon.colcon_core.verb:set package 'ct_description' build argument 'catkin_cmake_args' from command line to 'None'
[0.181s] Level 5:colcon.colcon_core.verb:set package 'ct_description' build argument 'catkin_skip_building_tests' from command line to 'False'
[0.181s] DEBUG:colcon.colcon_core.verb:Building package 'ct_description' with the following arguments: {'ament_cmake_args': None, 'build_base': '/home/samuele/dev/minar/minar-challenge-2/ros/build/ct_description', 'catkin_cmake_args': None, 'catkin_skip_building_tests': False, 'cmake_args': None, 'cmake_clean_cache': False, 'cmake_clean_first': False, 'cmake_force_configure': False, 'cmake_target': None, 'cmake_target_skip_unavailable': False, 'install_base': '/home/samuele/dev/minar/minar-challenge-2/ros/install/ct_description', 'merge_install': False, 'path': '/home/samuele/dev/minar/minar-challenge-2/ros/src/ct_description', 'symlink_install': False, 'test_result_base': None}
[0.181s] Level 5:colcon.colcon_core.verb:set package 'ct_navigation' build argument 'cmake_args' from command line to 'None'
[0.181s] Level 5:colcon.colcon_core.verb:set package 'ct_navigation' build argument 'cmake_target' from command line to 'None'
[0.181s] Level 5:colcon.colcon_core.verb:set package 'ct_navigation' build argument 'cmake_target_skip_unavailable' from command line to 'False'
[0.181s] Level 5:colcon.colcon_core.verb:set package 'ct_navigation' build argument 'cmake_clean_cache' from command line to 'False'
[0.181s] Level 5:colcon.colcon_core.verb:set package 'ct_navigation' build argument 'cmake_clean_first' from command line to 'False'
[0.181s] Level 5:colcon.colcon_core.verb:set package 'ct_navigation' build argument 'cmake_force_configure' from command line to 'False'
[0.181s] Level 5:colcon.colcon_core.verb:set package 'ct_navigation' build argument 'ament_cmake_args' from command line to 'None'
[0.181s] Level 5:colcon.colcon_core.verb:set package 'ct_navigation' build argument 'catkin_cmake_args' from command line to 'None'
[0.181s] Level 5:colcon.colcon_core.verb:set package 'ct_navigation' build argument 'catkin_skip_building_tests' from command line to 'False'
[0.181s] DEBUG:colcon.colcon_core.verb:Building package 'ct_navigation' with the following arguments: {'ament_cmake_args': None, 'build_base': '/home/samuele/dev/minar/minar-challenge-2/ros/build/ct_navigation', 'catkin_cmake_args': None, 'catkin_skip_building_tests': False, 'cmake_args': None, 'cmake_clean_cache': False, 'cmake_clean_first': False, 'cmake_force_configure': False, 'cmake_target': None, 'cmake_target_skip_unavailable': False, 'install_base': '/home/samuele/dev/minar/minar-challenge-2/ros/install/ct_navigation', 'merge_install': False, 'path': '/home/samuele/dev/minar/minar-challenge-2/ros/src/ct_navigation', 'symlink_install': False, 'test_result_base': None}
[0.181s] Level 5:colcon.colcon_core.verb:set package 'ct_sensors' build argument 'cmake_args' from command line to 'None'
[0.181s] Level 5:colcon.colcon_core.verb:set package 'ct_sensors' build argument 'cmake_target' from command line to 'None'
[0.181s] Level 5:colcon.colcon_core.verb:set package 'ct_sensors' build argument 'cmake_target_skip_unavailable' from command line to 'False'
[0.181s] Level 5:colcon.colcon_core.verb:set package 'ct_sensors' build argument 'cmake_clean_cache' from command line to 'False'
[0.181s] Level 5:colcon.colcon_core.verb:set package 'ct_sensors' build argument 'cmake_clean_first' from command line to 'False'
[0.181s] Level 5:colcon.colcon_core.verb:set package 'ct_sensors' build argument 'cmake_force_configure' from command line to 'False'
[0.181s] Level 5:colcon.colcon_core.verb:set package 'ct_sensors' build argument 'ament_cmake_args' from command line to 'None'
[0.182s] Level 5:colcon.colcon_core.verb:set package 'ct_sensors' build argument 'catkin_cmake_args' from command line to 'None'
[0.182s] Level 5:colcon.colcon_core.verb:set package 'ct_sensors' build argument 'catkin_skip_building_tests' from command line to 'False'
[0.182s] DEBUG:colcon.colcon_core.verb:Building package 'ct_sensors' with the following arguments: {'ament_cmake_args': None, 'build_base': '/home/samuele/dev/minar/minar-challenge-2/ros/build/ct_sensors', 'catkin_cmake_args': None, 'catkin_skip_building_tests': False, 'cmake_args': None, 'cmake_clean_cache': False, 'cmake_clean_first': False, 'cmake_force_configure': False, 'cmake_target': None, 'cmake_target_skip_unavailable': False, 'install_base': '/home/samuele/dev/minar/minar-challenge-2/ros/install/ct_sensors', 'merge_install': False, 'path': '/home/samuele/dev/minar/minar-challenge-2/ros/src/ct_sensors', 'symlink_install': False, 'test_result_base': None}
[0.182s] Level 5:colcon.colcon_core.verb:set package 'ct_teleop' build argument 'cmake_args' from command line to 'None'
[0.182s] Level 5:colcon.colcon_core.verb:set package 'ct_teleop' build argument 'cmake_target' from command line to 'None'
[0.182s] Level 5:colcon.colcon_core.verb:set package 'ct_teleop' build argument 'cmake_target_skip_unavailable' from command line to 'False'
[0.182s] Level 5:colcon.colcon_core.verb:set package 'ct_teleop' build argument 'cmake_clean_cache' from command line to 'False'
[0.182s] Level 5:colcon.colcon_core.verb:set package 'ct_teleop' build argument 'cmake_clean_first' from command line to 'False'
[0.182s] Level 5:colcon.colcon_core.verb:set package 'ct_teleop' build argument 'cmake_force_configure' from command line to 'False'
[0.182s] Level 5:colcon.colcon_core.verb:set package 'ct_teleop' build argument 'ament_cmake_args' from command line to 'None'
[0.182s] Level 5:colcon.colcon_core.verb:set package 'ct_teleop' build argument 'catkin_cmake_args' from command line to 'None'
[0.182s] Level 5:colcon.colcon_core.verb:set package 'ct_teleop' build argument 'catkin_skip_building_tests' from command line to 'False'
[0.182s] DEBUG:colcon.colcon_core.verb:Building package 'ct_teleop' with the following arguments: {'ament_cmake_args': None, 'build_base': '/home/samuele/dev/minar/minar-challenge-2/ros/build/ct_teleop', 'catkin_cmake_args': None, 'catkin_skip_building_tests': False, 'cmake_args': None, 'cmake_clean_cache': False, 'cmake_clean_first': False, 'cmake_force_configure': False, 'cmake_target': None, 'cmake_target_skip_unavailable': False, 'install_base': '/home/samuele/dev/minar/minar-challenge-2/ros/install/ct_teleop', 'merge_install': False, 'path': '/home/samuele/dev/minar/minar-challenge-2/ros/src/ct_teleop', 'symlink_install': False, 'test_result_base': None}
[0.182s] Level 5:colcon.colcon_core.verb:set package 'rplidar_ros' build argument 'cmake_args' from command line to 'None'
[0.182s] Level 5:colcon.colcon_core.verb:set package 'rplidar_ros' build argument 'cmake_target' from command line to 'None'
[0.182s] Level 5:colcon.colcon_core.verb:set package 'rplidar_ros' build argument 'cmake_target_skip_unavailable' from command line to 'False'
[0.182s] Level 5:colcon.colcon_core.verb:set package 'rplidar_ros' build argument 'cmake_clean_cache' from command line to 'False'
[0.182s] Level 5:colcon.colcon_core.verb:set package 'rplidar_ros' build argument 'cmake_clean_first' from command line to 'False'
[0.182s] Level 5:colcon.colcon_core.verb:set package 'rplidar_ros' build argument 'cmake_force_configure' from command line to 'False'
[0.182s] Level 5:colcon.colcon_core.verb:set package 'rplidar_ros' build argument 'ament_cmake_args' from command line to 'None'
[0.182s] Level 5:colcon.colcon_core.verb:set package 'rplidar_ros' build argument 'catkin_cmake_args' from command line to 'None'
[0.182s] Level 5:colcon.colcon_core.verb:set package 'rplidar_ros' build argument 'catkin_skip_building_tests' from command line to 'False'
[0.182s] DEBUG:colcon.colcon_core.verb:Building package 'rplidar_ros' with the following arguments: {'ament_cmake_args': None, 'build_base': '/home/samuele/dev/minar/minar-challenge-2/ros/build/rplidar_ros', 'catkin_cmake_args': None, 'catkin_skip_building_tests': False, 'cmake_args': None, 'cmake_clean_cache': False, 'cmake_clean_first': False, 'cmake_force_configure': False, 'cmake_target': None, 'cmake_target_skip_unavailable': False, 'install_base': '/home/samuele/dev/minar/minar-challenge-2/ros/install/rplidar_ros', 'merge_install': False, 'path': '/home/samuele/dev/minar/minar-challenge-2/ros/src/rplidar_ros', 'symlink_install': False, 'test_result_base': None}
[0.182s] INFO:colcon.colcon_core.executor:Executing jobs using 'parallel' executor
[0.183s] DEBUG:colcon.colcon_parallel_executor.executor.parallel:run_until_complete
[0.184s] INFO:colcon.colcon_ros.task.ament_python.build:Building ROS package in '/home/samuele/dev/minar/minar-challenge-2/ros/src/ct_bringup' with build type 'ament_python'
[0.184s] Level 1:colcon.colcon_core.shell:create_environment_hook('ct_bringup', 'ament_prefix_path')
[0.186s] INFO:colcon.colcon_core.plugin_system:Skipping extension 'colcon_core.shell.bat': Not used on non-Windows systems
[0.186s] INFO:colcon.colcon_core.shell:Creating environment descriptor '/home/samuele/dev/minar/minar-challenge-2/ros/install/ct_bringup/share/ct_bringup/hook/ament_prefix_path.dsv'
[0.187s] INFO:colcon.colcon_core.shell:Creating environment hook '/home/samuele/dev/minar/minar-challenge-2/ros/install/ct_bringup/share/ct_bringup/hook/ament_prefix_path.sh'
[0.188s] DEBUG:colcon.colcon_core.shell:Skip shell extension 'dsv' for command environment
[0.193s] INFO:colcon.colcon_ros.task.ament_python.build:Building ROS package in '/home/samuele/dev/minar/minar-challenge-2/ros/src/ct_control' with build type 'ament_python'
[0.193s] Level 1:colcon.colcon_core.shell:create_environment_hook('ct_control', 'ament_prefix_path')
[0.193s] INFO:colcon.colcon_core.shell:Creating environment descriptor '/home/samuele/dev/minar/minar-challenge-2/ros/install/ct_control/share/ct_control/hook/ament_prefix_path.dsv'
[0.194s] INFO:colcon.colcon_core.shell:Creating environment hook '/home/samuele/dev/minar/minar-challenge-2/ros/install/ct_control/share/ct_control/hook/ament_prefix_path.sh'
[0.194s] DEBUG:colcon.colcon_core.shell:Skip shell extension 'dsv' for command environment
[0.198s] INFO:colcon.colcon_ros.task.ament_cmake.build:Building ROS package in '/home/samuele/dev/minar/minar-challenge-2/ros/src/ct_description' with build type 'ament_cmake'
[0.198s] INFO:colcon.colcon_cmake.task.cmake.build:Building CMake package in '/home/samuele/dev/minar/minar-challenge-2/ros/src/ct_description'
[0.198s] DEBUG:colcon.colcon_core.shell:Skip shell extension 'dsv' for command environment
[0.201s] INFO:colcon.colcon_ros.task.ament_python.build:Building ROS package in '/home/samuele/dev/minar/minar-challenge-2/ros/src/ct_navigation' with build type 'ament_python'
[0.202s] Level 1:colcon.colcon_core.shell:create_environment_hook('ct_navigation', 'ament_prefix_path')
[0.202s] INFO:colcon.colcon_core.shell:Creating environment descriptor '/home/samuele/dev/minar/minar-challenge-2/ros/install/ct_navigation/share/ct_navigation/hook/ament_prefix_path.dsv'
[0.203s] INFO:colcon.colcon_core.shell:Creating environment hook '/home/samuele/dev/minar/minar-challenge-2/ros/install/ct_navigation/share/ct_navigation/hook/ament_prefix_path.sh'
[0.203s] DEBUG:colcon.colcon_core.shell:Skip shell extension 'dsv' for command environment
[0.208s] INFO:colcon.colcon_ros.task.ament_python.build:Building ROS package in '/home/samuele/dev/minar/minar-challenge-2/ros/src/ct_sensors' with build type 'ament_python'
[0.208s] Level 1:colcon.colcon_core.shell:create_environment_hook('ct_sensors', 'ament_prefix_path')
[0.208s] INFO:colcon.colcon_core.shell:Creating environment descriptor '/home/samuele/dev/minar/minar-challenge-2/ros/install/ct_sensors/share/ct_sensors/hook/ament_prefix_path.dsv'
[0.209s] INFO:colcon.colcon_core.shell:Creating environment hook '/home/samuele/dev/minar/minar-challenge-2/ros/install/ct_sensors/share/ct_sensors/hook/ament_prefix_path.sh'
[0.210s] DEBUG:colcon.colcon_core.shell:Skip shell extension 'dsv' for command environment
[0.213s] INFO:colcon.colcon_ros.task.ament_python.build:Building ROS package in '/home/samuele/dev/minar/minar-challenge-2/ros/src/ct_teleop' with build type 'ament_python'
[0.213s] Level 1:colcon.colcon_core.shell:create_environment_hook('ct_teleop', 'ament_prefix_path')
[0.213s] INFO:colcon.colcon_core.shell:Creating environment descriptor '/home/samuele/dev/minar/minar-challenge-2/ros/install/ct_teleop/share/ct_teleop/hook/ament_prefix_path.dsv'
[0.214s] INFO:colcon.colcon_core.shell:Creating environment hook '/home/samuele/dev/minar/minar-challenge-2/ros/install/ct_teleop/share/ct_teleop/hook/ament_prefix_path.sh'
[0.214s] DEBUG:colcon.colcon_core.shell:Skip shell extension 'dsv' for command environment
[0.217s] INFO:colcon.colcon_ros.task.ament_cmake.build:Building ROS package in '/home/samuele/dev/minar/minar-challenge-2/ros/src/rplidar_ros' with build type 'ament_cmake'
[0.217s] INFO:colcon.colcon_cmake.task.cmake.build:Building CMake package in '/home/samuele/dev/minar/minar-challenge-2/ros/src/rplidar_ros'
[0.218s] DEBUG:colcon.colcon_core.shell:Skip shell extension 'dsv' for command environment
[0.455s] INFO:colcon.colcon_core.task.python.build:Building Python package in '/home/samuele/dev/minar/minar-challenge-2/ros/src/ct_bringup'
[0.456s] DEBUG:colcon.colcon_core.shell:Skip shell extension 'dsv' for command environment
[0.691s] INFO:colcon.colcon_core.task.python.build:Building Python package in '/home/samuele/dev/minar/minar-challenge-2/ros/src/ct_control'
[0.691s] DEBUG:colcon.colcon_core.shell:Skip shell extension 'dsv' for command environment
[0.699s] DEBUG:colcon.colcon_core.event_handler.log_command:Invoking command in '/home/samuele/dev/minar/minar-challenge-2/ros/build/ct_description': CMAKE_PREFIX_PATH=${CMAKE_PREFIX_PATH}:/home/samuele/dev/minar/minar-challenge-2/ros/install/ct_teleop:/home/samuele/dev/minar/minar-challenge-2/ros/install/ct_sensors:/home/samuele/dev/minar/minar-challenge-2/ros/install/ct_navigation:/home/samuele/dev/minar/minar-challenge-2/ros/install/ct_control:/home/samuele/dev/minar/minar-challenge-2/ros/install/ct_bringup:/opt/ros/jazzy DEBUGINFOD_URLS=https://debuginfod.ubuntu.com /usr/bin/cmake --build /home/samuele/dev/minar/minar-challenge-2/ros/build/ct_description -- -j8 -l8
[0.938s] INFO:colcon.colcon_core.task.python.build:Building Python package in '/home/samuele/dev/minar/minar-challenge-2/ros/src/ct_navigation'
[0.939s] DEBUG:colcon.colcon_core.shell:Skip shell extension 'dsv' for command environment
[1.153s] INFO:colcon.colcon_core.task.python.build:Building Python package in '/home/samuele/dev/minar/minar-challenge-2/ros/src/ct_sensors'
[1.154s] DEBUG:colcon.colcon_core.shell:Skip shell extension 'dsv' for command environment
[1.364s] INFO:colcon.colcon_core.task.python.build:Building Python package in '/home/samuele/dev/minar/minar-challenge-2/ros/src/ct_teleop'
[1.364s] DEBUG:colcon.colcon_core.shell:Skip shell extension 'dsv' for command environment
[1.370s] DEBUG:colcon.colcon_core.event_handler.log_command:Invoked command in '/home/samuele/dev/minar/minar-challenge-2/ros/build/ct_description' returned '0': CMAKE_PREFIX_PATH=${CMAKE_PREFIX_PATH}:/home/samuele/dev/minar/minar-challenge-2/ros/install/ct_teleop:/home/samuele/dev/minar/minar-challenge-2/ros/install/ct_sensors:/home/samuele/dev/minar/minar-challenge-2/ros/install/ct_navigation:/home/samuele/dev/minar/minar-challenge-2/ros/install/ct_control:/home/samuele/dev/minar/minar-challenge-2/ros/install/ct_bringup:/opt/ros/jazzy DEBUGINFOD_URLS=https://debuginfod.ubuntu.com /usr/bin/cmake --build /home/samuele/dev/minar/minar-challenge-2/ros/build/ct_description -- -j8 -l8
[1.379s] DEBUG:colcon.colcon_core.event_handler.log_command:Invoking command in '/home/samuele/dev/minar/minar-challenge-2/ros/build/ct_description': CMAKE_PREFIX_PATH=${CMAKE_PREFIX_PATH}:/home/samuele/dev/minar/minar-challenge-2/ros/install/ct_teleop:/home/samuele/dev/minar/minar-challenge-2/ros/install/ct_sensors:/home/samuele/dev/minar/minar-challenge-2/ros/install/ct_navigation:/home/samuele/dev/minar/minar-challenge-2/ros/install/ct_control:/home/samuele/dev/minar/minar-challenge-2/ros/install/ct_bringup:/opt/ros/jazzy DEBUGINFOD_URLS=https://debuginfod.ubuntu.com /usr/bin/cmake --install /home/samuele/dev/minar/minar-challenge-2/ros/build/ct_description
[1.382s] DEBUG:colcon.colcon_core.event_handler.log_command:Invoking command in '/home/samuele/dev/minar/minar-challenge-2/ros/build/rplidar_ros': CMAKE_PREFIX_PATH=${CMAKE_PREFIX_PATH}:/home/samuele/dev/minar/minar-challenge-2/ros/install/ct_teleop:/home/samuele/dev/minar/minar-challenge-2/ros/install/ct_sensors:/home/samuele/dev/minar/minar-challenge-2/ros/install/ct_navigation:/home/samuele/dev/minar/minar-challenge-2/ros/install/ct_control:/home/samuele/dev/minar/minar-challenge-2/ros/install/ct_bringup:/opt/ros/jazzy DEBUGINFOD_URLS=https://debuginfod.ubuntu.com /usr/bin/cmake --build /home/samuele/dev/minar/minar-challenge-2/ros/build/rplidar_ros -- -j8 -l8
[1.405s] Level 1:colcon.colcon_core.environment:create_environment_scripts_only(ct_description)
[1.406s] DEBUG:colcon.colcon_core.event_handler.log_command:Invoked command in '/home/samuele/dev/minar/minar-challenge-2/ros/build/ct_description' returned '0': CMAKE_PREFIX_PATH=${CMAKE_PREFIX_PATH}:/home/samuele/dev/minar/minar-challenge-2/ros/install/ct_teleop:/home/samuele/dev/minar/minar-challenge-2/ros/install/ct_sensors:/home/samuele/dev/minar/minar-challenge-2/ros/install/ct_navigation:/home/samuele/dev/minar/minar-challenge-2/ros/install/ct_control:/home/samuele/dev/minar/minar-challenge-2/ros/install/ct_bringup:/opt/ros/jazzy DEBUGINFOD_URLS=https://debuginfod.ubuntu.com /usr/bin/cmake --install /home/samuele/dev/minar/minar-challenge-2/ros/build/ct_description
[1.410s] Level 1:colcon.colcon_core.environment:checking '/home/samuele/dev/minar/minar-challenge-2/ros/install/ct_description' for CMake module files
[1.411s] Level 1:colcon.colcon_core.environment:checking '/home/samuele/dev/minar/minar-challenge-2/ros/install/ct_description' for CMake config files
[1.412s] Level 1:colcon.colcon_core.shell:create_environment_hook('ct_description', 'cmake_prefix_path')
[1.412s] INFO:colcon.colcon_core.shell:Creating environment descriptor '/home/samuele/dev/minar/minar-challenge-2/ros/install/ct_description/share/ct_description/hook/cmake_prefix_path.dsv'
[1.413s] INFO:colcon.colcon_core.shell:Creating environment hook '/home/samuele/dev/minar/minar-challenge-2/ros/install/ct_description/share/ct_description/hook/cmake_prefix_path.sh'
[1.414s] Level 1:colcon.colcon_core.environment:checking '/home/samuele/dev/minar/minar-challenge-2/ros/install/ct_description/bin'
[1.414s] Level 1:colcon.colcon_core.environment:checking '/home/samuele/dev/minar/minar-challenge-2/ros/install/ct_description/lib/pkgconfig/ct_description.pc'
[1.415s] Level 1:colcon.colcon_core.environment:checking '/home/samuele/dev/minar/minar-challenge-2/ros/install/ct_description/lib/python3.12/site-packages'
[1.415s] Level 1:colcon.colcon_core.environment:checking '/home/samuele/dev/minar/minar-challenge-2/ros/install/ct_description/bin'
[1.415s] INFO:colcon.colcon_core.shell:Creating package descriptor '/home/samuele/dev/minar/minar-challenge-2/ros/install/ct_description/share/ct_description/package.dsv'
[1.416s] INFO:colcon.colcon_core.shell:Creating package script '/home/samuele/dev/minar/minar-challenge-2/ros/install/ct_description/share/ct_description/package.sh'
[1.417s] INFO:colcon.colcon_core.shell:Creating package script '/home/samuele/dev/minar/minar-challenge-2/ros/install/ct_description/share/ct_description/package.bash'
[1.419s] INFO:colcon.colcon_core.shell:Creating package script '/home/samuele/dev/minar/minar-challenge-2/ros/install/ct_description/share/ct_description/package.zsh'
[1.420s] Level 1:colcon.colcon_core.environment:create_file_with_runtime_dependencies(/home/samuele/dev/minar/minar-challenge-2/ros/install/ct_description/share/colcon-core/packages/ct_description)
[1.420s] Level 1:colcon.colcon_core.environment:create_environment_scripts_only(ct_description)
[1.421s] Level 1:colcon.colcon_core.environment:checking '/home/samuele/dev/minar/minar-challenge-2/ros/install/ct_description' for CMake module files
[1.422s] Level 1:colcon.colcon_core.environment:checking '/home/samuele/dev/minar/minar-challenge-2/ros/install/ct_description' for CMake config files
[1.422s] Level 1:colcon.colcon_core.shell:create_environment_hook('ct_description', 'cmake_prefix_path')
[1.422s] INFO:colcon.colcon_core.shell:Creating environment descriptor '/home/samuele/dev/minar/minar-challenge-2/ros/install/ct_description/share/ct_description/hook/cmake_prefix_path.dsv'
[1.423s] INFO:colcon.colcon_core.shell:Creating environment hook '/home/samuele/dev/minar/minar-challenge-2/ros/install/ct_description/share/ct_description/hook/cmake_prefix_path.sh'
[1.424s] Level 1:colcon.colcon_core.environment:checking '/home/samuele/dev/minar/minar-challenge-2/ros/install/ct_description/bin'
[1.424s] Level 1:colcon.colcon_core.environment:checking '/home/samuele/dev/minar/minar-challenge-2/ros/install/ct_description/lib/pkgconfig/ct_description.pc'
[1.424s] Level 1:colcon.colcon_core.environment:checking '/home/samuele/dev/minar/minar-challenge-2/ros/install/ct_description/lib/python3.12/site-packages'
[1.424s] Level 1:colcon.colcon_core.environment:checking '/home/samuele/dev/minar/minar-challenge-2/ros/install/ct_description/bin'
[1.425s] INFO:colcon.colcon_core.shell:Creating package descriptor '/home/samuele/dev/minar/minar-challenge-2/ros/install/ct_description/share/ct_description/package.dsv'
[1.426s] INFO:colcon.colcon_core.shell:Creating package script '/home/samuele/dev/minar/minar-challenge-2/ros/install/ct_description/share/ct_description/package.sh'
[1.427s] INFO:colcon.colcon_core.shell:Creating package script '/home/samuele/dev/minar/minar-challenge-2/ros/install/ct_description/share/ct_description/package.bash'
[1.428s] INFO:colcon.colcon_core.shell:Creating package script '/home/samuele/dev/minar/minar-challenge-2/ros/install/ct_description/share/ct_description/package.zsh'
[1.429s] Level 1:colcon.colcon_core.environment:create_file_with_runtime_dependencies(/home/samuele/dev/minar/minar-challenge-2/ros/install/ct_description/share/colcon-core/packages/ct_description)
[1.518s] DEBUG:colcon.colcon_core.event_handler.log_command:Invoked command in '/home/samuele/dev/minar/minar-challenge-2/ros/build/rplidar_ros' returned '0': CMAKE_PREFIX_PATH=${CMAKE_PREFIX_PATH}:/home/samuele/dev/minar/minar-challenge-2/ros/install/ct_teleop:/home/samuele/dev/minar/minar-challenge-2/ros/install/ct_sensors:/home/samuele/dev/minar/minar-challenge-2/ros/install/ct_navigation:/home/samuele/dev/minar/minar-challenge-2/ros/install/ct_control:/home/samuele/dev/minar/minar-challenge-2/ros/install/ct_bringup:/opt/ros/jazzy DEBUGINFOD_URLS=https://debuginfod.ubuntu.com /usr/bin/cmake --build /home/samuele/dev/minar/minar-challenge-2/ros/build/rplidar_ros -- -j8 -l8
[1.520s] DEBUG:colcon.colcon_core.event_handler.log_command:Invoking command in '/home/samuele/dev/minar/minar-challenge-2/ros/build/rplidar_ros': CMAKE_PREFIX_PATH=${CMAKE_PREFIX_PATH}:/home/samuele/dev/minar/minar-challenge-2/ros/install/ct_teleop:/home/samuele/dev/minar/minar-challenge-2/ros/install/ct_sensors:/home/samuele/dev/minar/minar-challenge-2/ros/install/ct_navigation:/home/samuele/dev/minar/minar-challenge-2/ros/install/ct_control:/home/samuele/dev/minar/minar-challenge-2/ros/install/ct_bringup:/opt/ros/jazzy DEBUGINFOD_URLS=https://debuginfod.ubuntu.com /usr/bin/cmake --install /home/samuele/dev/minar/minar-challenge-2/ros/build/rplidar_ros
[1.541s] Level 1:colcon.colcon_core.environment:create_environment_scripts_only(rplidar_ros)
[1.542s] Level 1:colcon.colcon_core.environment:checking '/home/samuele/dev/minar/minar-challenge-2/ros/install/rplidar_ros' for CMake module files
[1.542s] DEBUG:colcon.colcon_core.event_handler.log_command:Invoked command in '/home/samuele/dev/minar/minar-challenge-2/ros/build/rplidar_ros' returned '0': CMAKE_PREFIX_PATH=${CMAKE_PREFIX_PATH}:/home/samuele/dev/minar/minar-challenge-2/ros/install/ct_teleop:/home/samuele/dev/minar/minar-challenge-2/ros/install/ct_sensors:/home/samuele/dev/minar/minar-challenge-2/ros/install/ct_navigation:/home/samuele/dev/minar/minar-challenge-2/ros/install/ct_control:/home/samuele/dev/minar/minar-challenge-2/ros/install/ct_bringup:/opt/ros/jazzy DEBUGINFOD_URLS=https://debuginfod.ubuntu.com /usr/bin/cmake --install /home/samuele/dev/minar/minar-challenge-2/ros/build/rplidar_ros
[1.543s] Level 1:colcon.colcon_core.environment:checking '/home/samuele/dev/minar/minar-challenge-2/ros/install/rplidar_ros' for CMake config files
[1.543s] Level 1:colcon.colcon_core.shell:create_environment_hook('rplidar_ros', 'cmake_prefix_path')
[1.544s] INFO:colcon.colcon_core.shell:Creating environment descriptor '/home/samuele/dev/minar/minar-challenge-2/ros/install/rplidar_ros/share/rplidar_ros/hook/cmake_prefix_path.dsv'
[1.544s] INFO:colcon.colcon_core.shell:Creating environment hook '/home/samuele/dev/minar/minar-challenge-2/ros/install/rplidar_ros/share/rplidar_ros/hook/cmake_prefix_path.sh'
[1.545s] Level 1:colcon.colcon_core.environment:checking '/home/samuele/dev/minar/minar-challenge-2/ros/install/rplidar_ros/lib'
[1.545s] Level 1:colcon.colcon_core.environment:checking '/home/samuele/dev/minar/minar-challenge-2/ros/install/rplidar_ros/bin'
[1.546s] Level 1:colcon.colcon_core.environment:checking '/home/samuele/dev/minar/minar-challenge-2/ros/install/rplidar_ros/lib/pkgconfig/rplidar_ros.pc'
[1.546s] Level 1:colcon.colcon_core.environment:checking '/home/samuele/dev/minar/minar-challenge-2/ros/install/rplidar_ros/lib/python3.12/site-packages'
[1.546s] Level 1:colcon.colcon_core.environment:checking '/home/samuele/dev/minar/minar-challenge-2/ros/install/rplidar_ros/bin'
[1.546s] INFO:colcon.colcon_core.shell:Creating package descriptor '/home/samuele/dev/minar/minar-challenge-2/ros/install/rplidar_ros/share/rplidar_ros/package.dsv'
[1.547s] INFO:colcon.colcon_core.shell:Creating package script '/home/samuele/dev/minar/minar-challenge-2/ros/install/rplidar_ros/share/rplidar_ros/package.sh'
[1.548s] INFO:colcon.colcon_core.shell:Creating package script '/home/samuele/dev/minar/minar-challenge-2/ros/install/rplidar_ros/share/rplidar_ros/package.bash'
[1.549s] INFO:colcon.colcon_core.shell:Creating package script '/home/samuele/dev/minar/minar-challenge-2/ros/install/rplidar_ros/share/rplidar_ros/package.zsh'
[1.549s] Level 1:colcon.colcon_core.environment:create_file_with_runtime_dependencies(/home/samuele/dev/minar/minar-challenge-2/ros/install/rplidar_ros/share/colcon-core/packages/rplidar_ros)
[1.550s] Level 1:colcon.colcon_core.environment:create_environment_scripts_only(rplidar_ros)
[1.550s] Level 1:colcon.colcon_core.environment:checking '/home/samuele/dev/minar/minar-challenge-2/ros/install/rplidar_ros' for CMake module files
[1.551s] Level 1:colcon.colcon_core.environment:checking '/home/samuele/dev/minar/minar-challenge-2/ros/install/rplidar_ros' for CMake config files
[1.552s] Level 1:colcon.colcon_core.shell:create_environment_hook('rplidar_ros', 'cmake_prefix_path')
[1.552s] INFO:colcon.colcon_core.shell:Creating environment descriptor '/home/samuele/dev/minar/minar-challenge-2/ros/install/rplidar_ros/share/rplidar_ros/hook/cmake_prefix_path.dsv'
[1.553s] INFO:colcon.colcon_core.shell:Creating environment hook '/home/samuele/dev/minar/minar-challenge-2/ros/install/rplidar_ros/share/rplidar_ros/hook/cmake_prefix_path.sh'
[1.554s] Level 1:colcon.colcon_core.environment:checking '/home/samuele/dev/minar/minar-challenge-2/ros/install/rplidar_ros/lib'
[1.554s] Level 1:colcon.colcon_core.environment:checking '/home/samuele/dev/minar/minar-challenge-2/ros/install/rplidar_ros/bin'
[1.554s] Level 1:colcon.colcon_core.environment:checking '/home/samuele/dev/minar/minar-challenge-2/ros/install/rplidar_ros/lib/pkgconfig/rplidar_ros.pc'
[1.554s] Level 1:colcon.colcon_core.environment:checking '/home/samuele/dev/minar/minar-challenge-2/ros/install/rplidar_ros/lib/python3.12/site-packages'
[1.555s] Level 1:colcon.colcon_core.environment:checking '/home/samuele/dev/minar/minar-challenge-2/ros/install/rplidar_ros/bin'
[1.555s] INFO:colcon.colcon_core.shell:Creating package descriptor '/home/samuele/dev/minar/minar-challenge-2/ros/install/rplidar_ros/share/rplidar_ros/package.dsv'
[1.556s] INFO:colcon.colcon_core.shell:Creating package script '/home/samuele/dev/minar/minar-challenge-2/ros/install/rplidar_ros/share/rplidar_ros/package.sh'
[1.556s] INFO:colcon.colcon_core.shell:Creating package script '/home/samuele/dev/minar/minar-challenge-2/ros/install/rplidar_ros/share/rplidar_ros/package.bash'
[1.557s] INFO:colcon.colcon_core.shell:Creating package script '/home/samuele/dev/minar/minar-challenge-2/ros/install/rplidar_ros/share/rplidar_ros/package.zsh'
[1.558s] Level 1:colcon.colcon_core.environment:create_file_with_runtime_dependencies(/home/samuele/dev/minar/minar-challenge-2/ros/install/rplidar_ros/share/colcon-core/packages/rplidar_ros)
[2.179s] DEBUG:colcon.colcon_core.event_handler.log_command:Invoking command in '/home/samuele/dev/minar/minar-challenge-2/ros/src/ct_control': DEBUGINFOD_URLS=https://debuginfod.ubuntu.com PYTHONPATH=/home/samuele/dev/minar/minar-challenge-2/ros/build/ct_control/prefix_override:/usr/lib/python3/dist-packages/colcon_core/task/python/colcon_distutils_commands:/home/samuele/dev/minar/minar-challenge-2/ros/install/ct_control/lib/python3.12/site-packages:${PYTHONPATH} /usr/bin/python3 -W ignore:setup.py install is deprecated -W ignore:easy_install command is deprecated setup.py egg_info --egg-base ../../build/ct_control build --build-base /home/samuele/dev/minar/minar-challenge-2/ros/build/ct_control/build install --record /home/samuele/dev/minar/minar-challenge-2/ros/build/ct_control/install.log --single-version-externally-managed install_data
[2.183s] DEBUG:colcon.colcon_core.event_handler.log_command:Invoking command in '/home/samuele/dev/minar/minar-challenge-2/ros/src/ct_navigation': DEBUGINFOD_URLS=https://debuginfod.ubuntu.com PYTHONPATH=/home/samuele/dev/minar/minar-challenge-2/ros/build/ct_navigation/prefix_override:/usr/lib/python3/dist-packages/colcon_core/task/python/colcon_distutils_commands:/home/samuele/dev/minar/minar-challenge-2/ros/install/ct_navigation/lib/python3.12/site-packages:${PYTHONPATH} /usr/bin/python3 -W ignore:setup.py install is deprecated -W ignore:easy_install command is deprecated setup.py egg_info --egg-base ../../build/ct_navigation build --build-base /home/samuele/dev/minar/minar-challenge-2/ros/build/ct_navigation/build install --record /home/samuele/dev/minar/minar-challenge-2/ros/build/ct_navigation/install.log --single-version-externally-managed install_data
[2.210s] DEBUG:colcon.colcon_core.event_handler.log_command:Invoking command in '/home/samuele/dev/minar/minar-challenge-2/ros/src/ct_teleop': DEBUGINFOD_URLS=https://debuginfod.ubuntu.com PYTHONPATH=/home/samuele/dev/minar/minar-challenge-2/ros/build/ct_teleop/prefix_override:/usr/lib/python3/dist-packages/colcon_core/task/python/colcon_distutils_commands:/home/samuele/dev/minar/minar-challenge-2/ros/install/ct_teleop/lib/python3.12/site-packages:${PYTHONPATH} /usr/bin/python3 -W ignore:setup.py install is deprecated -W ignore:easy_install command is deprecated setup.py egg_info --egg-base ../../build/ct_teleop build --build-base /home/samuele/dev/minar/minar-challenge-2/ros/build/ct_teleop/build install --record /home/samuele/dev/minar/minar-challenge-2/ros/build/ct_teleop/install.log --single-version-externally-managed install_data
[2.449s] DEBUG:colcon.colcon_core.event_handler.log_command:Invoking command in '/home/samuele/dev/minar/minar-challenge-2/ros/src/ct_bringup': DEBUGINFOD_URLS=https://debuginfod.ubuntu.com PYTHONPATH=/home/samuele/dev/minar/minar-challenge-2/ros/build/ct_bringup/prefix_override:/usr/lib/python3/dist-packages/colcon_core/task/python/colcon_distutils_commands:/home/samuele/dev/minar/minar-challenge-2/ros/install/ct_bringup/lib/python3.12/site-packages:${PYTHONPATH} /usr/bin/python3 -W ignore:setup.py install is deprecated -W ignore:easy_install command is deprecated setup.py egg_info --egg-base ../../build/ct_bringup build --build-base /home/samuele/dev/minar/minar-challenge-2/ros/build/ct_bringup/build install --record /home/samuele/dev/minar/minar-challenge-2/ros/build/ct_bringup/install.log --single-version-externally-managed install_data
[2.462s] DEBUG:colcon.colcon_core.event_handler.log_command:Invoking command in '/home/samuele/dev/minar/minar-challenge-2/ros/src/ct_sensors': DEBUGINFOD_URLS=https://debuginfod.ubuntu.com PYTHONPATH=/home/samuele/dev/minar/minar-challenge-2/ros/build/ct_sensors/prefix_override:/usr/lib/python3/dist-packages/colcon_core/task/python/colcon_distutils_commands:/home/samuele/dev/minar/minar-challenge-2/ros/install/ct_sensors/lib/python3.12/site-packages:${PYTHONPATH} /usr/bin/python3 -W ignore:setup.py install is deprecated -W ignore:easy_install command is deprecated setup.py egg_info --egg-base ../../build/ct_sensors build --build-base /home/samuele/dev/minar/minar-challenge-2/ros/build/ct_sensors/build install --record /home/samuele/dev/minar/minar-challenge-2/ros/build/ct_sensors/install.log --single-version-externally-managed install_data
[2.887s] Level 1:colcon.colcon_core.environment:checking '/home/samuele/dev/minar/minar-challenge-2/ros/install/ct_control' for CMake module files
[2.888s] DEBUG:colcon.colcon_core.event_handler.log_command:Invoked command in '/home/samuele/dev/minar/minar-challenge-2/ros/src/ct_control' returned '0': DEBUGINFOD_URLS=https://debuginfod.ubuntu.com PYTHONPATH=/home/samuele/dev/minar/minar-challenge-2/ros/build/ct_control/prefix_override:/usr/lib/python3/dist-packages/colcon_core/task/python/colcon_distutils_commands:/home/samuele/dev/minar/minar-challenge-2/ros/install/ct_control/lib/python3.12/site-packages:${PYTHONPATH} /usr/bin/python3 -W ignore:setup.py install is deprecated -W ignore:easy_install command is deprecated setup.py egg_info --egg-base ../../build/ct_control build --build-base /home/samuele/dev/minar/minar-challenge-2/ros/build/ct_control/build install --record /home/samuele/dev/minar/minar-challenge-2/ros/build/ct_control/install.log --single-version-externally-managed install_data
[2.888s] Level 1:colcon.colcon_core.environment:checking '/home/samuele/dev/minar/minar-challenge-2/ros/install/ct_control' for CMake config files
[2.888s] Level 1:colcon.colcon_core.environment:checking '/home/samuele/dev/minar/minar-challenge-2/ros/install/ct_control/lib'
[2.889s] Level 1:colcon.colcon_core.environment:checking '/home/samuele/dev/minar/minar-challenge-2/ros/install/ct_control/bin'
[2.889s] Level 1:colcon.colcon_core.environment:checking '/home/samuele/dev/minar/minar-challenge-2/ros/install/ct_control/lib/pkgconfig/ct_control.pc'
[2.889s] Level 1:colcon.colcon_core.environment:checking '/home/samuele/dev/minar/minar-challenge-2/ros/install/ct_control/lib/python3.12/site-packages'
[2.889s] Level 1:colcon.colcon_core.shell:create_environment_hook('ct_control', 'pythonpath')
[2.890s] INFO:colcon.colcon_core.shell:Creating environment descriptor '/home/samuele/dev/minar/minar-challenge-2/ros/install/ct_control/share/ct_control/hook/pythonpath.dsv'
[2.890s] INFO:colcon.colcon_core.shell:Creating environment hook '/home/samuele/dev/minar/minar-challenge-2/ros/install/ct_control/share/ct_control/hook/pythonpath.sh'
[2.892s] Level 1:colcon.colcon_core.environment:checking '/home/samuele/dev/minar/minar-challenge-2/ros/install/ct_control/bin'
[2.892s] Level 1:colcon.colcon_core.environment:create_environment_scripts_only(ct_control)
[2.893s] INFO:colcon.colcon_core.shell:Creating package descriptor '/home/samuele/dev/minar/minar-challenge-2/ros/install/ct_control/share/ct_control/package.dsv'
[2.896s] INFO:colcon.colcon_core.shell:Creating package script '/home/samuele/dev/minar/minar-challenge-2/ros/install/ct_control/share/ct_control/package.sh'
[2.897s] INFO:colcon.colcon_core.shell:Creating package script '/home/samuele/dev/minar/minar-challenge-2/ros/install/ct_control/share/ct_control/package.bash'
[2.898s] INFO:colcon.colcon_core.shell:Creating package script '/home/samuele/dev/minar/minar-challenge-2/ros/install/ct_control/share/ct_control/package.zsh'
[2.898s] Level 1:colcon.colcon_core.environment:create_file_with_runtime_dependencies(/home/samuele/dev/minar/minar-challenge-2/ros/install/ct_control/share/colcon-core/packages/ct_control)
[3.198s] Level 1:colcon.colcon_core.environment:checking '/home/samuele/dev/minar/minar-challenge-2/ros/install/ct_bringup' for CMake module files
[3.202s] DEBUG:colcon.colcon_core.event_handler.log_command:Invoked command in '/home/samuele/dev/minar/minar-challenge-2/ros/src/ct_bringup' returned '0': DEBUGINFOD_URLS=https://debuginfod.ubuntu.com PYTHONPATH=/home/samuele/dev/minar/minar-challenge-2/ros/build/ct_bringup/prefix_override:/usr/lib/python3/dist-packages/colcon_core/task/python/colcon_distutils_commands:/home/samuele/dev/minar/minar-challenge-2/ros/install/ct_bringup/lib/python3.12/site-packages:${PYTHONPATH} /usr/bin/python3 -W ignore:setup.py install is deprecated -W ignore:easy_install command is deprecated setup.py egg_info --egg-base ../../build/ct_bringup build --build-base /home/samuele/dev/minar/minar-challenge-2/ros/build/ct_bringup/build install --record /home/samuele/dev/minar/minar-challenge-2/ros/build/ct_bringup/install.log --single-version-externally-managed install_data
[3.204s] Level 1:colcon.colcon_core.environment:checking '/home/samuele/dev/minar/minar-challenge-2/ros/install/ct_bringup' for CMake config files
[3.205s] Level 1:colcon.colcon_core.environment:checking '/home/samuele/dev/minar/minar-challenge-2/ros/install/ct_bringup/lib'
[3.206s] Level 1:colcon.colcon_core.environment:checking '/home/samuele/dev/minar/minar-challenge-2/ros/install/ct_bringup/bin'
[3.206s] Level 1:colcon.colcon_core.environment:checking '/home/samuele/dev/minar/minar-challenge-2/ros/install/ct_bringup/lib/pkgconfig/ct_bringup.pc'
[3.207s] Level 1:colcon.colcon_core.environment:checking '/home/samuele/dev/minar/minar-challenge-2/ros/install/ct_bringup/lib/python3.12/site-packages'
[3.207s] Level 1:colcon.colcon_core.shell:create_environment_hook('ct_bringup', 'pythonpath')
[3.208s] INFO:colcon.colcon_core.shell:Creating environment descriptor '/home/samuele/dev/minar/minar-challenge-2/ros/install/ct_bringup/share/ct_bringup/hook/pythonpath.dsv'
[3.209s] INFO:colcon.colcon_core.shell:Creating environment hook '/home/samuele/dev/minar/minar-challenge-2/ros/install/ct_bringup/share/ct_bringup/hook/pythonpath.sh'
[3.211s] Level 1:colcon.colcon_core.environment:checking '/home/samuele/dev/minar/minar-challenge-2/ros/install/ct_bringup/bin'
[3.211s] Level 1:colcon.colcon_core.environment:create_environment_scripts_only(ct_bringup)
[3.212s] INFO:colcon.colcon_core.shell:Creating package descriptor '/home/samuele/dev/minar/minar-challenge-2/ros/install/ct_bringup/share/ct_bringup/package.dsv'
[3.213s] INFO:colcon.colcon_core.shell:Creating package script '/home/samuele/dev/minar/minar-challenge-2/ros/install/ct_bringup/share/ct_bringup/package.sh'
[3.214s] INFO:colcon.colcon_core.shell:Creating package script '/home/samuele/dev/minar/minar-challenge-2/ros/install/ct_bringup/share/ct_bringup/package.bash'
[3.215s] INFO:colcon.colcon_core.shell:Creating package script '/home/samuele/dev/minar/minar-challenge-2/ros/install/ct_bringup/share/ct_bringup/package.zsh'
[3.216s] Level 1:colcon.colcon_core.environment:create_file_with_runtime_dependencies(/home/samuele/dev/minar/minar-challenge-2/ros/install/ct_bringup/share/colcon-core/packages/ct_bringup)
[3.245s] Level 1:colcon.colcon_core.environment:checking '/home/samuele/dev/minar/minar-challenge-2/ros/install/ct_navigation' for CMake module files
[3.246s] Level 1:colcon.colcon_core.environment:checking '/home/samuele/dev/minar/minar-challenge-2/ros/install/ct_navigation' for CMake config files
[3.247s] DEBUG:colcon.colcon_core.event_handler.log_command:Invoked command in '/home/samuele/dev/minar/minar-challenge-2/ros/src/ct_navigation' returned '0': DEBUGINFOD_URLS=https://debuginfod.ubuntu.com PYTHONPATH=/home/samuele/dev/minar/minar-challenge-2/ros/build/ct_navigation/prefix_override:/usr/lib/python3/dist-packages/colcon_core/task/python/colcon_distutils_commands:/home/samuele/dev/minar/minar-challenge-2/ros/install/ct_navigation/lib/python3.12/site-packages:${PYTHONPATH} /usr/bin/python3 -W ignore:setup.py install is deprecated -W ignore:easy_install command is deprecated setup.py egg_info --egg-base ../../build/ct_navigation build --build-base /home/samuele/dev/minar/minar-challenge-2/ros/build/ct_navigation/build install --record /home/samuele/dev/minar/minar-challenge-2/ros/build/ct_navigation/install.log --single-version-externally-managed install_data
[3.248s] Level 1:colcon.colcon_core.environment:checking '/home/samuele/dev/minar/minar-challenge-2/ros/install/ct_navigation/lib'
[3.248s] Level 1:colcon.colcon_core.environment:checking '/home/samuele/dev/minar/minar-challenge-2/ros/install/ct_navigation/bin'
[3.249s] Level 1:colcon.colcon_core.environment:checking '/home/samuele/dev/minar/minar-challenge-2/ros/install/ct_navigation/lib/pkgconfig/ct_navigation.pc'
[3.249s] Level 1:colcon.colcon_core.environment:checking '/home/samuele/dev/minar/minar-challenge-2/ros/install/ct_navigation/lib/python3.12/site-packages'
[3.249s] Level 1:colcon.colcon_core.shell:create_environment_hook('ct_navigation', 'pythonpath')
[3.250s] INFO:colcon.colcon_core.shell:Creating environment descriptor '/home/samuele/dev/minar/minar-challenge-2/ros/install/ct_navigation/share/ct_navigation/hook/pythonpath.dsv'
[3.250s] INFO:colcon.colcon_core.shell:Creating environment hook '/home/samuele/dev/minar/minar-challenge-2/ros/install/ct_navigation/share/ct_navigation/hook/pythonpath.sh'
[3.251s] Level 1:colcon.colcon_core.environment:checking '/home/samuele/dev/minar/minar-challenge-2/ros/install/ct_navigation/bin'
[3.251s] Level 1:colcon.colcon_core.environment:create_environment_scripts_only(ct_navigation)
[3.252s] INFO:colcon.colcon_core.shell:Creating package descriptor '/home/samuele/dev/minar/minar-challenge-2/ros/install/ct_navigation/share/ct_navigation/package.dsv'
[3.252s] INFO:colcon.colcon_core.shell:Creating package script '/home/samuele/dev/minar/minar-challenge-2/ros/install/ct_navigation/share/ct_navigation/package.sh'
[3.253s] INFO:colcon.colcon_core.shell:Creating package script '/home/samuele/dev/minar/minar-challenge-2/ros/install/ct_navigation/share/ct_navigation/package.bash'
[3.253s] INFO:colcon.colcon_core.shell:Creating package script '/home/samuele/dev/minar/minar-challenge-2/ros/install/ct_navigation/share/ct_navigation/package.zsh'
[3.253s] Level 1:colcon.colcon_core.environment:create_file_with_runtime_dependencies(/home/samuele/dev/minar/minar-challenge-2/ros/install/ct_navigation/share/colcon-core/packages/ct_navigation)
[3.277s] Level 1:colcon.colcon_core.environment:checking '/home/samuele/dev/minar/minar-challenge-2/ros/install/ct_teleop' for CMake module files
[3.278s] DEBUG:colcon.colcon_core.event_handler.log_command:Invoked command in '/home/samuele/dev/minar/minar-challenge-2/ros/src/ct_teleop' returned '0': DEBUGINFOD_URLS=https://debuginfod.ubuntu.com PYTHONPATH=/home/samuele/dev/minar/minar-challenge-2/ros/build/ct_teleop/prefix_override:/usr/lib/python3/dist-packages/colcon_core/task/python/colcon_distutils_commands:/home/samuele/dev/minar/minar-challenge-2/ros/install/ct_teleop/lib/python3.12/site-packages:${PYTHONPATH} /usr/bin/python3 -W ignore:setup.py install is deprecated -W ignore:easy_install command is deprecated setup.py egg_info --egg-base ../../build/ct_teleop build --build-base /home/samuele/dev/minar/minar-challenge-2/ros/build/ct_teleop/build install --record /home/samuele/dev/minar/minar-challenge-2/ros/build/ct_teleop/install.log --single-version-externally-managed install_data
[3.278s] Level 1:colcon.colcon_core.environment:checking '/home/samuele/dev/minar/minar-challenge-2/ros/install/ct_teleop' for CMake config files
[3.279s] Level 1:colcon.colcon_core.environment:checking '/home/samuele/dev/minar/minar-challenge-2/ros/install/ct_teleop/lib'
[3.279s] Level 1:colcon.colcon_core.environment:checking '/home/samuele/dev/minar/minar-challenge-2/ros/install/ct_teleop/bin'
[3.279s] Level 1:colcon.colcon_core.environment:checking '/home/samuele/dev/minar/minar-challenge-2/ros/install/ct_teleop/lib/pkgconfig/ct_teleop.pc'
[3.280s] Level 1:colcon.colcon_core.environment:checking '/home/samuele/dev/minar/minar-challenge-2/ros/install/ct_teleop/lib/python3.12/site-packages'
[3.280s] Level 1:colcon.colcon_core.shell:create_environment_hook('ct_teleop', 'pythonpath')
[3.280s] INFO:colcon.colcon_core.shell:Creating environment descriptor '/home/samuele/dev/minar/minar-challenge-2/ros/install/ct_teleop/share/ct_teleop/hook/pythonpath.dsv'
[3.281s] INFO:colcon.colcon_core.shell:Creating environment hook '/home/samuele/dev/minar/minar-challenge-2/ros/install/ct_teleop/share/ct_teleop/hook/pythonpath.sh'
[3.282s] Level 1:colcon.colcon_core.environment:checking '/home/samuele/dev/minar/minar-challenge-2/ros/install/ct_teleop/bin'
[3.282s] Level 1:colcon.colcon_core.environment:create_environment_scripts_only(ct_teleop)
[3.283s] INFO:colcon.colcon_core.shell:Creating package descriptor '/home/samuele/dev/minar/minar-challenge-2/ros/install/ct_teleop/share/ct_teleop/package.dsv'
[3.284s] INFO:colcon.colcon_core.shell:Creating package script '/home/samuele/dev/minar/minar-challenge-2/ros/install/ct_teleop/share/ct_teleop/package.sh'
[3.284s] INFO:colcon.colcon_core.shell:Creating package script '/home/samuele/dev/minar/minar-challenge-2/ros/install/ct_teleop/share/ct_teleop/package.bash'
[3.285s] INFO:colcon.colcon_core.shell:Creating package script '/home/samuele/dev/minar/minar-challenge-2/ros/install/ct_teleop/share/ct_teleop/package.zsh'
[3.286s] Level 1:colcon.colcon_core.environment:create_file_with_runtime_dependencies(/home/samuele/dev/minar/minar-challenge-2/ros/install/ct_teleop/share/colcon-core/packages/ct_teleop)
[3.322s] Level 1:colcon.colcon_core.environment:checking '/home/samuele/dev/minar/minar-challenge-2/ros/install/ct_sensors' for CMake module files
[3.323s] DEBUG:colcon.colcon_core.event_handler.log_command:Invoked command in '/home/samuele/dev/minar/minar-challenge-2/ros/src/ct_sensors' returned '0': DEBUGINFOD_URLS=https://debuginfod.ubuntu.com PYTHONPATH=/home/samuele/dev/minar/minar-challenge-2/ros/build/ct_sensors/prefix_override:/usr/lib/python3/dist-packages/colcon_core/task/python/colcon_distutils_commands:/home/samuele/dev/minar/minar-challenge-2/ros/install/ct_sensors/lib/python3.12/site-packages:${PYTHONPATH} /usr/bin/python3 -W ignore:setup.py install is deprecated -W ignore:easy_install command is deprecated setup.py egg_info --egg-base ../../build/ct_sensors build --build-base /home/samuele/dev/minar/minar-challenge-2/ros/build/ct_sensors/build install --record /home/samuele/dev/minar/minar-challenge-2/ros/build/ct_sensors/install.log --single-version-externally-managed install_data
[3.323s] Level 1:colcon.colcon_core.environment:checking '/home/samuele/dev/minar/minar-challenge-2/ros/install/ct_sensors' for CMake config files
[3.324s] Level 1:colcon.colcon_core.environment:checking '/home/samuele/dev/minar/minar-challenge-2/ros/install/ct_sensors/lib'
[3.324s] Level 1:colcon.colcon_core.environment:checking '/home/samuele/dev/minar/minar-challenge-2/ros/install/ct_sensors/bin'
[3.324s] Level 1:colcon.colcon_core.environment:checking '/home/samuele/dev/minar/minar-challenge-2/ros/install/ct_sensors/lib/pkgconfig/ct_sensors.pc'
[3.325s] Level 1:colcon.colcon_core.environment:checking '/home/samuele/dev/minar/minar-challenge-2/ros/install/ct_sensors/lib/python3.12/site-packages'
[3.325s] Level 1:colcon.colcon_core.shell:create_environment_hook('ct_sensors', 'pythonpath')
[3.325s] INFO:colcon.colcon_core.shell:Creating environment descriptor '/home/samuele/dev/minar/minar-challenge-2/ros/install/ct_sensors/share/ct_sensors/hook/pythonpath.dsv'
[3.326s] INFO:colcon.colcon_core.shell:Creating environment hook '/home/samuele/dev/minar/minar-challenge-2/ros/install/ct_sensors/share/ct_sensors/hook/pythonpath.sh'
[3.327s] Level 1:colcon.colcon_core.environment:checking '/home/samuele/dev/minar/minar-challenge-2/ros/install/ct_sensors/bin'
[3.327s] Level 1:colcon.colcon_core.environment:create_environment_scripts_only(ct_sensors)
[3.327s] INFO:colcon.colcon_core.shell:Creating package descriptor '/home/samuele/dev/minar/minar-challenge-2/ros/install/ct_sensors/share/ct_sensors/package.dsv'
[3.328s] INFO:colcon.colcon_core.shell:Creating package script '/home/samuele/dev/minar/minar-challenge-2/ros/install/ct_sensors/share/ct_sensors/package.sh'
[3.328s] INFO:colcon.colcon_core.shell:Creating package script '/home/samuele/dev/minar/minar-challenge-2/ros/install/ct_sensors/share/ct_sensors/package.bash'
[3.329s] INFO:colcon.colcon_core.shell:Creating package script '/home/samuele/dev/minar/minar-challenge-2/ros/install/ct_sensors/share/ct_sensors/package.zsh'
[3.329s] Level 1:colcon.colcon_core.environment:create_file_with_runtime_dependencies(/home/samuele/dev/minar/minar-challenge-2/ros/install/ct_sensors/share/colcon-core/packages/ct_sensors)
[3.329s] DEBUG:colcon.colcon_parallel_executor.executor.parallel:closing loop
[3.330s] DEBUG:colcon.colcon_parallel_executor.executor.parallel:loop closed
[3.330s] DEBUG:colcon.colcon_parallel_executor.executor.parallel:run_until_complete finished with '0'
[3.330s] DEBUG:colcon.colcon_core.event_reactor:joining thread
[3.340s] INFO:colcon.colcon_core.plugin_system:Skipping extension 'colcon_notification.desktop_notification.terminal_notifier': Not used on non-Darwin systems
[3.340s] INFO:colcon.colcon_core.plugin_system:Skipping extension 'colcon_notification.desktop_notification.win32': Not used on non-Windows systems
[3.340s] INFO:colcon.colcon_notification.desktop_notification:Sending desktop notification using 'notify2'
[3.359s] DEBUG:colcon.colcon_core.event_reactor:joined thread
[3.359s] INFO:colcon.colcon_core.shell:Creating prefix script '/home/samuele/dev/minar/minar-challenge-2/ros/install/local_setup.sh'
[3.360s] INFO:colcon.colcon_core.shell:Creating prefix util module '/home/samuele/dev/minar/minar-challenge-2/ros/install/_local_setup_util_sh.py'
[3.362s] INFO:colcon.colcon_core.shell:Creating prefix chain script '/home/samuele/dev/minar/minar-challenge-2/ros/install/setup.sh'
[3.366s] INFO:colcon.colcon_core.shell:Creating prefix script '/home/samuele/dev/minar/minar-challenge-2/ros/install/local_setup.bash'
[3.368s] INFO:colcon.colcon_core.shell:Creating prefix chain script '/home/samuele/dev/minar/minar-challenge-2/ros/install/setup.bash'
[3.372s] INFO:colcon.colcon_core.shell:Creating prefix script '/home/samuele/dev/minar/minar-challenge-2/ros/install/local_setup.zsh'
[3.374s] INFO:colcon.colcon_core.shell:Creating prefix chain script '/home/samuele/dev/minar/minar-challenge-2/ros/install/setup.zsh'
