[0.508s] Invoking command in '/home/samuele/dev/minar/minar-challenge-2/src/build/ct_description': CMAKE_PREFIX_PATH=${CMAKE_PREFIX_PATH}:/opt/ros/jazzy DEBUGINFOD_URLS=https://debuginfod.ubuntu.com /usr/bin/cmake /home/samuele/dev/minar/minar-challenge-2/src/ct_description -DAMENT_CMAKE_SYMLINK_INSTALL=1 -DCMAKE_INSTALL_PREFIX=/home/samuele/dev/minar/minar-challenge-2/src/install/ct_description
[1.295s] -- The C compiler identification is GNU 13.3.0
[1.295s] -- The CXX compiler identification is GNU 13.3.0
[1.295s] -- Detecting C compiler ABI info
[1.295s] -- Detecting C compiler ABI info - done
[1.296s] -- Check for working C compiler: /usr/bin/cc - skipped
[1.296s] -- Detecting C compile features
[1.296s] -- Detecting C compile features - done
[1.296s] -- Detecting CXX compiler ABI info
[1.296s] -- Detecting CXX compiler ABI info - done
[1.296s] -- Check for working CXX compiler: /usr/bin/c++ - skipped
[1.297s] -- Detecting CXX compile features
[1.297s] -- Detecting CXX compile features - done
[1.297s] -- Found ament_cmake: 2.5.4 (/opt/ros/jazzy/share/ament_cmake/cmake)
[1.297s] -- Found Python3: /usr/bin/python3 (found version "3.12.3") found components: Interpreter 
[1.360s] -- Override CMake install command with custom implementation using symlinks instead of copying resources
[1.520s] -- Found ament_lint_auto: 0.17.3 (/opt/ros/jazzy/share/ament_lint_auto/cmake)
[1.832s] -- Added test 'lint_cmake' to check CMake code style
[1.836s] -- Added test 'xmllint' to check XML markup files
[1.846s] -- Configuring done (1.3s)
[1.853s] -- Generating done (0.0s)
[1.857s] -- Build files have been written to: /home/samuele/dev/minar/minar-challenge-2/src/build/ct_description
[1.868s] Invoked command in '/home/samuele/dev/minar/minar-challenge-2/src/build/ct_description' returned '0': CMAKE_PREFIX_PATH=${CMAKE_PREFIX_PATH}:/opt/ros/jazzy DEBUGINFOD_URLS=https://debuginfod.ubuntu.com /usr/bin/cmake /home/samuele/dev/minar/minar-challenge-2/src/ct_description -DAMENT_CMAKE_SYMLINK_INSTALL=1 -DCMAKE_INSTALL_PREFIX=/home/samuele/dev/minar/minar-challenge-2/src/install/ct_description
[1.869s] Invoking command in '/home/samuele/dev/minar/minar-challenge-2/src/build/ct_description': CMAKE_PREFIX_PATH=${CMAKE_PREFIX_PATH}:/opt/ros/jazzy DEBUGINFOD_URLS=https://debuginfod.ubuntu.com /usr/bin/cmake --build /home/samuele/dev/minar/minar-challenge-2/src/build/ct_description -- -j8 -l8
[1.930s] Invoked command in '/home/samuele/dev/minar/minar-challenge-2/src/build/ct_description' returned '0': CMAKE_PREFIX_PATH=${CMAKE_PREFIX_PATH}:/opt/ros/jazzy DEBUGINFOD_URLS=https://debuginfod.ubuntu.com /usr/bin/cmake --build /home/samuele/dev/minar/minar-challenge-2/src/build/ct_description -- -j8 -l8
[1.943s] Invoking command in '/home/samuele/dev/minar/minar-challenge-2/src/build/ct_description': CMAKE_PREFIX_PATH=${CMAKE_PREFIX_PATH}:/opt/ros/jazzy DEBUGINFOD_URLS=https://debuginfod.ubuntu.com /usr/bin/cmake --install /home/samuele/dev/minar/minar-challenge-2/src/build/ct_description
[1.955s] -- Install configuration: ""
[1.956s] -- Execute custom install script
[1.957s] -- Symlinking: /home/samuele/dev/minar/minar-challenge-2/src/install/ct_description/share/ct_description/urdf/ct.urdf
[1.971s] -- Symlinking: /home/samuele/dev/minar/minar-challenge-2/src/install/ct_description/share/ament_index/resource_index/package_run_dependencies/ct_description
[1.989s] -- Symlinking: /home/samuele/dev/minar/minar-challenge-2/src/install/ct_description/share/ament_index/resource_index/parent_prefix_path/ct_description
[2.002s] -- Symlinking: /home/samuele/dev/minar/minar-challenge-2/src/install/ct_description/share/ct_description/environment/ament_prefix_path.sh
[2.020s] -- Symlinking: /home/samuele/dev/minar/minar-challenge-2/src/install/ct_description/share/ct_description/environment/ament_prefix_path.dsv
[2.036s] -- Symlinking: /home/samuele/dev/minar/minar-challenge-2/src/install/ct_description/share/ct_description/environment/path.sh
[2.052s] -- Symlinking: /home/samuele/dev/minar/minar-challenge-2/src/install/ct_description/share/ct_description/environment/path.dsv
[2.073s] -- Symlinking: /home/samuele/dev/minar/minar-challenge-2/src/install/ct_description/share/ct_description/local_setup.bash
[2.095s] -- Symlinking: /home/samuele/dev/minar/minar-challenge-2/src/install/ct_description/share/ct_description/local_setup.sh
[2.117s] -- Symlinking: /home/samuele/dev/minar/minar-challenge-2/src/install/ct_description/share/ct_description/local_setup.zsh
[2.137s] -- Symlinking: /home/samuele/dev/minar/minar-challenge-2/src/install/ct_description/share/ct_description/local_setup.dsv
[2.157s] -- Symlinking: /home/samuele/dev/minar/minar-challenge-2/src/install/ct_description/share/ct_description/package.dsv
[2.180s] -- Symlinking: /home/samuele/dev/minar/minar-challenge-2/src/install/ct_description/share/ament_index/resource_index/packages/ct_description
[2.205s] -- Symlinking: /home/samuele/dev/minar/minar-challenge-2/src/install/ct_description/share/ct_description/cmake/ct_descriptionConfig.cmake
[2.225s] -- Symlinking: /home/samuele/dev/minar/minar-challenge-2/src/install/ct_description/share/ct_description/cmake/ct_descriptionConfig-version.cmake
[2.247s] -- Symlinking: /home/samuele/dev/minar/minar-challenge-2/src/install/ct_description/share/ct_description/package.xml
[2.268s] Invoked command in '/home/samuele/dev/minar/minar-challenge-2/src/build/ct_description' returned '0': CMAKE_PREFIX_PATH=${CMAKE_PREFIX_PATH}:/opt/ros/jazzy DEBUGINFOD_URLS=https://debuginfod.ubuntu.com /usr/bin/cmake --install /home/samuele/dev/minar/minar-challenge-2/src/build/ct_description
