[0.458s] Invoking command in '/home/samuele/dev/minar/minar-challenge-2/ros/build/ct_description': CMAKE_PREFIX_PATH=${CMAKE_PREFIX_PATH}:/home/samuele/dev/minar/minar-challenge-2/ros/install/ct_teleop:/home/samuele/dev/minar/minar-challenge-2/ros/install/ct_sensors:/home/samuele/dev/minar/minar-challenge-2/ros/install/ct_navigation:/home/samuele/dev/minar/minar-challenge-2/ros/install/ct_control:/home/samuele/dev/minar/minar-challenge-2/ros/install/ct_bringup:/opt/ros/jazzy DEBUGINFOD_URLS=https://debuginfod.ubuntu.com /usr/bin/cmake --build /home/samuele/dev/minar/minar-challenge-2/ros/build/ct_description -- -j8 -l8
[1.145s] Invoked command in '/home/samuele/dev/minar/minar-challenge-2/ros/build/ct_description' returned '0': CMAKE_PREFIX_PATH=${CMAKE_PREFIX_PATH}:/home/samuele/dev/minar/minar-challenge-2/ros/install/ct_teleop:/home/samuele/dev/minar/minar-challenge-2/ros/install/ct_sensors:/home/samuele/dev/minar/minar-challenge-2/ros/install/ct_navigation:/home/samuele/dev/minar/minar-challenge-2/ros/install/ct_control:/home/samuele/dev/minar/minar-challenge-2/ros/install/ct_bringup:/opt/ros/jazzy DEBUGINFOD_URLS=https://debuginfod.ubuntu.com /usr/bin/cmake --build /home/samuele/dev/minar/minar-challenge-2/ros/build/ct_description -- -j8 -l8
[1.154s] Invoking command in '/home/samuele/dev/minar/minar-challenge-2/ros/build/ct_description': CMAKE_PREFIX_PATH=${CMAKE_PREFIX_PATH}:/home/samuele/dev/minar/minar-challenge-2/ros/install/ct_teleop:/home/samuele/dev/minar/minar-challenge-2/ros/install/ct_sensors:/home/samuele/dev/minar/minar-challenge-2/ros/install/ct_navigation:/home/samuele/dev/minar/minar-challenge-2/ros/install/ct_control:/home/samuele/dev/minar/minar-challenge-2/ros/install/ct_bringup:/opt/ros/jazzy DEBUGINFOD_URLS=https://debuginfod.ubuntu.com /usr/bin/cmake --install /home/samuele/dev/minar/minar-challenge-2/ros/build/ct_description
[1.163s] -- Install configuration: ""
[1.163s] -- Up-to-date: /home/samuele/dev/minar/minar-challenge-2/ros/install/ct_description/share/ct_description/urdf
[1.164s] -- Up-to-date: /home/samuele/dev/minar/minar-challenge-2/ros/install/ct_description/share/ct_description/urdf/ct.urdf
[1.164s] -- Up-to-date: /home/samuele/dev/minar/minar-challenge-2/ros/install/ct_description/share/ct_description/meshes
[1.165s] -- Up-to-date: /home/samuele/dev/minar/minar-challenge-2/ros/install/ct_description/share/ct_description/launch
[1.165s] -- Up-to-date: /home/samuele/dev/minar/minar-challenge-2/ros/install/ct_description/share/ament_index/resource_index/package_run_dependencies/ct_description
[1.165s] -- Up-to-date: /home/samuele/dev/minar/minar-challenge-2/ros/install/ct_description/share/ament_index/resource_index/parent_prefix_path/ct_description
[1.165s] -- Up-to-date: /home/samuele/dev/minar/minar-challenge-2/ros/install/ct_description/share/ct_description/environment/ament_prefix_path.sh
[1.166s] -- Up-to-date: /home/samuele/dev/minar/minar-challenge-2/ros/install/ct_description/share/ct_description/environment/ament_prefix_path.dsv
[1.166s] -- Up-to-date: /home/samuele/dev/minar/minar-challenge-2/ros/install/ct_description/share/ct_description/environment/path.sh
[1.166s] -- Up-to-date: /home/samuele/dev/minar/minar-challenge-2/ros/install/ct_description/share/ct_description/environment/path.dsv
[1.167s] -- Up-to-date: /home/samuele/dev/minar/minar-challenge-2/ros/install/ct_description/share/ct_description/local_setup.bash
[1.167s] -- Up-to-date: /home/samuele/dev/minar/minar-challenge-2/ros/install/ct_description/share/ct_description/local_setup.sh
[1.167s] -- Up-to-date: /home/samuele/dev/minar/minar-challenge-2/ros/install/ct_description/share/ct_description/local_setup.zsh
[1.167s] -- Up-to-date: /home/samuele/dev/minar/minar-challenge-2/ros/install/ct_description/share/ct_description/local_setup.dsv
[1.167s] -- Installing: /home/samuele/dev/minar/minar-challenge-2/ros/install/ct_description/share/ct_description/package.dsv
[1.168s] -- Up-to-date: /home/samuele/dev/minar/minar-challenge-2/ros/install/ct_description/share/ament_index/resource_index/packages/ct_description
[1.168s] -- Up-to-date: /home/samuele/dev/minar/minar-challenge-2/ros/install/ct_description/share/ct_description/cmake/ct_descriptionConfig.cmake
[1.168s] -- Up-to-date: /home/samuele/dev/minar/minar-challenge-2/ros/install/ct_description/share/ct_description/cmake/ct_descriptionConfig-version.cmake
[1.168s] -- Up-to-date: /home/samuele/dev/minar/minar-challenge-2/ros/install/ct_description/share/ct_description/package.xml
[1.172s] Invoked command in '/home/samuele/dev/minar/minar-challenge-2/ros/build/ct_description' returned '0': CMAKE_PREFIX_PATH=${CMAKE_PREFIX_PATH}:/home/samuele/dev/minar/minar-challenge-2/ros/install/ct_teleop:/home/samuele/dev/minar/minar-challenge-2/ros/install/ct_sensors:/home/samuele/dev/minar/minar-challenge-2/ros/install/ct_navigation:/home/samuele/dev/minar/minar-challenge-2/ros/install/ct_control:/home/samuele/dev/minar/minar-challenge-2/ros/install/ct_bringup:/opt/ros/jazzy DEBUGINFOD_URLS=https://debuginfod.ubuntu.com /usr/bin/cmake --install /home/samuele/dev/minar/minar-challenge-2/ros/build/ct_description
