[0.115s] DEBUG:colcon:Command line arguments: ['/usr/bin/colcon', 'build']
[0.115s] DEBUG:colcon:Parsed command line arguments: Namespace(log_base=None, log_level=None, verb_name='build', build_base='build', install_base='install', merge_install=False, symlink_install=False, test_result_base=None, continue_on_error=False, executor='parallel', parallel_workers=8, event_handlers=None, ignore_user_meta=False, metas=['./colcon.meta'], base_paths=['.'], packages_ignore=None, packages_ignore_regex=None, paths=None, packages_up_to=None, packages_up_to_regex=None, packages_above=None, packages_above_and_dependencies=None, packages_above_depth=None, packages_select_by_dep=None, packages_skip_by_dep=None, packages_skip_up_to=None, packages_select_build_failed=False, packages_skip_build_finished=False, packages_select_test_failures=False, packages_skip_test_passed=False, packages_select=None, packages_skip=None, packages_select_regex=None, packages_skip_regex=None, packages_start=None, packages_end=None, cmake_args=None, cmake_target=None, cmake_target_skip_unavailable=False, cmake_clean_cache=False, cmake_clean_first=False, cmake_force_configure=False, ament_cmake_args=None, catkin_cmake_args=None, catkin_skip_building_tests=False, verb_parser=<colcon_defaults.argument_parser.defaults.DefaultArgumentsDecorator object at 0x74bcea043920>, verb_extension=<colcon_core.verb.build.BuildVerb object at 0x74bcea043650>, main=<bound method BuildVerb.main of <colcon_core.verb.build.BuildVerb object at 0x74bcea043650>>)
[0.160s] Level 1:colcon.colcon_core.package_discovery:discover_packages(colcon_meta) check parameters
[0.160s] Level 1:colcon.colcon_core.package_discovery:discover_packages(recursive) check parameters
[0.160s] Level 1:colcon.colcon_core.package_discovery:discover_packages(ignore) check parameters
[0.160s] Level 1:colcon.colcon_core.package_discovery:discover_packages(path) check parameters
[0.161s] Level 1:colcon.colcon_core.package_discovery:discover_packages(colcon_meta) discover
[0.161s] Level 1:colcon.colcon_core.package_discovery:discover_packages(recursive) discover
[0.161s] INFO:colcon.colcon_core.package_discovery:Crawling recursively for packages in '/home/samuele/dev/minar/minar-challenge-2'
[0.161s] Level 1:colcon.colcon_core.package_identification:_identify(.) by extensions ['ignore', 'ignore_ament_install']
[0.161s] Level 1:colcon.colcon_core.package_identification:_identify(.) by extension 'ignore'
[0.161s] Level 1:colcon.colcon_core.package_identification:_identify(.) by extension 'ignore_ament_install'
[0.161s] Level 1:colcon.colcon_core.package_identification:_identify(.) by extensions ['colcon_pkg']
[0.161s] Level 1:colcon.colcon_core.package_identification:_identify(.) by extension 'colcon_pkg'
[0.161s] Level 1:colcon.colcon_core.package_identification:_identify(.) by extensions ['colcon_meta']
[0.161s] Level 1:colcon.colcon_core.package_identification:_identify(.) by extension 'colcon_meta'
[0.161s] Level 1:colcon.colcon_core.package_identification:_identify(.) by extensions ['ros']
[0.161s] Level 1:colcon.colcon_core.package_identification:_identify(.) by extension 'ros'
[0.188s] Level 1:colcon.colcon_core.package_identification:_identify(.) by extensions ['cmake', 'python']
[0.188s] Level 1:colcon.colcon_core.package_identification:_identify(.) by extension 'cmake'
[0.189s] Level 1:colcon.colcon_core.package_identification:_identify(.) by extension 'python'
[0.189s] Level 1:colcon.colcon_core.package_identification:_identify(.) by extensions ['python_setup_py']
[0.189s] Level 1:colcon.colcon_core.package_identification:_identify(.) by extension 'python_setup_py'
[0.189s] Level 1:colcon.colcon_core.package_identification:_identify(build) by extensions ['ignore', 'ignore_ament_install']
[0.189s] Level 1:colcon.colcon_core.package_identification:_identify(build) by extension 'ignore'
[0.189s] Level 1:colcon.colcon_core.package_identification:_identify(build) ignored
[0.189s] Level 1:colcon.colcon_core.package_identification:_identify(install) by extensions ['ignore', 'ignore_ament_install']
[0.189s] Level 1:colcon.colcon_core.package_identification:_identify(install) by extension 'ignore'
[0.189s] Level 1:colcon.colcon_core.package_identification:_identify(install) ignored
[0.189s] Level 1:colcon.colcon_core.package_identification:_identify(log) by extensions ['ignore', 'ignore_ament_install']
[0.190s] Level 1:colcon.colcon_core.package_identification:_identify(log) by extension 'ignore'
[0.190s] Level 1:colcon.colcon_core.package_identification:_identify(log) ignored
[0.190s] Level 1:colcon.colcon_core.package_identification:_identify(src) by extensions ['ignore', 'ignore_ament_install']
[0.190s] Level 1:colcon.colcon_core.package_identification:_identify(src) by extension 'ignore'
[0.190s] Level 1:colcon.colcon_core.package_identification:_identify(src) by extension 'ignore_ament_install'
[0.190s] Level 1:colcon.colcon_core.package_identification:_identify(src) by extensions ['colcon_pkg']
[0.190s] Level 1:colcon.colcon_core.package_identification:_identify(src) by extension 'colcon_pkg'
[0.190s] Level 1:colcon.colcon_core.package_identification:_identify(src) by extensions ['colcon_meta']
[0.190s] Level 1:colcon.colcon_core.package_identification:_identify(src) by extension 'colcon_meta'
[0.190s] Level 1:colcon.colcon_core.package_identification:_identify(src) by extensions ['ros']
[0.190s] Level 1:colcon.colcon_core.package_identification:_identify(src) by extension 'ros'
[0.190s] Level 1:colcon.colcon_core.package_identification:_identify(src) by extensions ['cmake', 'python']
[0.190s] Level 1:colcon.colcon_core.package_identification:_identify(src) by extension 'cmake'
[0.190s] Level 1:colcon.colcon_core.package_identification:_identify(src) by extension 'python'
[0.190s] Level 1:colcon.colcon_core.package_identification:_identify(src) by extensions ['python_setup_py']
[0.190s] Level 1:colcon.colcon_core.package_identification:_identify(src) by extension 'python_setup_py'
[0.190s] Level 1:colcon.colcon_core.package_identification:_identify(src/build) by extensions ['ignore', 'ignore_ament_install']
[0.190s] Level 1:colcon.colcon_core.package_identification:_identify(src/build) by extension 'ignore'
[0.190s] Level 1:colcon.colcon_core.package_identification:_identify(src/build) ignored
[0.191s] Level 1:colcon.colcon_core.package_identification:_identify(src/ct_bringup) by extensions ['ignore', 'ignore_ament_install']
[0.191s] Level 1:colcon.colcon_core.package_identification:_identify(src/ct_bringup) by extension 'ignore'
[0.191s] Level 1:colcon.colcon_core.package_identification:_identify(src/ct_bringup) by extension 'ignore_ament_install'
[0.191s] Level 1:colcon.colcon_core.package_identification:_identify(src/ct_bringup) by extensions ['colcon_pkg']
[0.191s] Level 1:colcon.colcon_core.package_identification:_identify(src/ct_bringup) by extension 'colcon_pkg'
[0.191s] Level 1:colcon.colcon_core.package_identification:_identify(src/ct_bringup) by extensions ['colcon_meta']
[0.191s] Level 1:colcon.colcon_core.package_identification:_identify(src/ct_bringup) by extension 'colcon_meta'
[0.191s] Level 1:colcon.colcon_core.package_identification:_identify(src/ct_bringup) by extensions ['ros']
[0.191s] Level 1:colcon.colcon_core.package_identification:_identify(src/ct_bringup) by extension 'ros'
[0.194s] DEBUG:colcon.colcon_core.package_identification:Package 'src/ct_bringup' with type 'ros.ament_python' and name 'ct_bringup'
[0.195s] Level 1:colcon.colcon_core.package_identification:_identify(src/ct_control) by extensions ['ignore', 'ignore_ament_install']
[0.195s] Level 1:colcon.colcon_core.package_identification:_identify(src/ct_control) by extension 'ignore'
[0.195s] Level 1:colcon.colcon_core.package_identification:_identify(src/ct_control) by extension 'ignore_ament_install'
[0.195s] Level 1:colcon.colcon_core.package_identification:_identify(src/ct_control) by extensions ['colcon_pkg']
[0.195s] Level 1:colcon.colcon_core.package_identification:_identify(src/ct_control) by extension 'colcon_pkg'
[0.195s] Level 1:colcon.colcon_core.package_identification:_identify(src/ct_control) by extensions ['colcon_meta']
[0.195s] Level 1:colcon.colcon_core.package_identification:_identify(src/ct_control) by extension 'colcon_meta'
[0.195s] Level 1:colcon.colcon_core.package_identification:_identify(src/ct_control) by extensions ['ros']
[0.195s] Level 1:colcon.colcon_core.package_identification:_identify(src/ct_control) by extension 'ros'
[0.196s] DEBUG:colcon.colcon_core.package_identification:Package 'src/ct_control' with type 'ros.ament_python' and name 'ct_control'
[0.196s] Level 1:colcon.colcon_core.package_identification:_identify(src/ct_description) by extensions ['ignore', 'ignore_ament_install']
[0.196s] Level 1:colcon.colcon_core.package_identification:_identify(src/ct_description) by extension 'ignore'
[0.196s] Level 1:colcon.colcon_core.package_identification:_identify(src/ct_description) by extension 'ignore_ament_install'
[0.196s] Level 1:colcon.colcon_core.package_identification:_identify(src/ct_description) by extensions ['colcon_pkg']
[0.196s] Level 1:colcon.colcon_core.package_identification:_identify(src/ct_description) by extension 'colcon_pkg'
[0.196s] Level 1:colcon.colcon_core.package_identification:_identify(src/ct_description) by extensions ['colcon_meta']
[0.196s] Level 1:colcon.colcon_core.package_identification:_identify(src/ct_description) by extension 'colcon_meta'
[0.196s] Level 1:colcon.colcon_core.package_identification:_identify(src/ct_description) by extensions ['ros']
[0.196s] Level 1:colcon.colcon_core.package_identification:_identify(src/ct_description) by extension 'ros'
[0.196s] DEBUG:colcon.colcon_core.package_identification:Package 'src/ct_description' with type 'ros.ament_cmake' and name 'ct_description'
[0.196s] Level 1:colcon.colcon_core.package_identification:_identify(src/ct_navigation) by extensions ['ignore', 'ignore_ament_install']
[0.197s] Level 1:colcon.colcon_core.package_identification:_identify(src/ct_navigation) by extension 'ignore'
[0.197s] Level 1:colcon.colcon_core.package_identification:_identify(src/ct_navigation) by extension 'ignore_ament_install'
[0.197s] Level 1:colcon.colcon_core.package_identification:_identify(src/ct_navigation) by extensions ['colcon_pkg']
[0.197s] Level 1:colcon.colcon_core.package_identification:_identify(src/ct_navigation) by extension 'colcon_pkg'
[0.197s] Level 1:colcon.colcon_core.package_identification:_identify(src/ct_navigation) by extensions ['colcon_meta']
[0.197s] Level 1:colcon.colcon_core.package_identification:_identify(src/ct_navigation) by extension 'colcon_meta'
[0.197s] Level 1:colcon.colcon_core.package_identification:_identify(src/ct_navigation) by extensions ['ros']
[0.197s] Level 1:colcon.colcon_core.package_identification:_identify(src/ct_navigation) by extension 'ros'
[0.197s] DEBUG:colcon.colcon_core.package_identification:Package 'src/ct_navigation' with type 'ros.ament_python' and name 'ct_navigation'
[0.198s] Level 1:colcon.colcon_core.package_identification:_identify(src/ct_sensors) by extensions ['ignore', 'ignore_ament_install']
[0.198s] Level 1:colcon.colcon_core.package_identification:_identify(src/ct_sensors) by extension 'ignore'
[0.198s] Level 1:colcon.colcon_core.package_identification:_identify(src/ct_sensors) by extension 'ignore_ament_install'
[0.198s] Level 1:colcon.colcon_core.package_identification:_identify(src/ct_sensors) by extensions ['colcon_pkg']
[0.198s] Level 1:colcon.colcon_core.package_identification:_identify(src/ct_sensors) by extension 'colcon_pkg'
[0.198s] Level 1:colcon.colcon_core.package_identification:_identify(src/ct_sensors) by extensions ['colcon_meta']
[0.198s] Level 1:colcon.colcon_core.package_identification:_identify(src/ct_sensors) by extension 'colcon_meta'
[0.198s] Level 1:colcon.colcon_core.package_identification:_identify(src/ct_sensors) by extensions ['ros']
[0.198s] Level 1:colcon.colcon_core.package_identification:_identify(src/ct_sensors) by extension 'ros'
[0.199s] DEBUG:colcon.colcon_core.package_identification:Package 'src/ct_sensors' with type 'ros.ament_python' and name 'ct_sensors'
[0.199s] Level 1:colcon.colcon_core.package_identification:_identify(src/ct_teleop) by extensions ['ignore', 'ignore_ament_install']
[0.199s] Level 1:colcon.colcon_core.package_identification:_identify(src/ct_teleop) by extension 'ignore'
[0.199s] Level 1:colcon.colcon_core.package_identification:_identify(src/ct_teleop) by extension 'ignore_ament_install'
[0.199s] Level 1:colcon.colcon_core.package_identification:_identify(src/ct_teleop) by extensions ['colcon_pkg']
[0.199s] Level 1:colcon.colcon_core.package_identification:_identify(src/ct_teleop) by extension 'colcon_pkg'
[0.199s] Level 1:colcon.colcon_core.package_identification:_identify(src/ct_teleop) by extensions ['colcon_meta']
[0.199s] Level 1:colcon.colcon_core.package_identification:_identify(src/ct_teleop) by extension 'colcon_meta'
[0.199s] Level 1:colcon.colcon_core.package_identification:_identify(src/ct_teleop) by extensions ['ros']
[0.199s] Level 1:colcon.colcon_core.package_identification:_identify(src/ct_teleop) by extension 'ros'
[0.200s] DEBUG:colcon.colcon_core.package_identification:Package 'src/ct_teleop' with type 'ros.ament_python' and name 'ct_teleop'
[0.200s] Level 1:colcon.colcon_core.package_identification:_identify(src/install) by extensions ['ignore', 'ignore_ament_install']
[0.200s] Level 1:colcon.colcon_core.package_identification:_identify(src/install) by extension 'ignore'
[0.200s] Level 1:colcon.colcon_core.package_identification:_identify(src/install) ignored
[0.200s] Level 1:colcon.colcon_core.package_identification:_identify(src/log) by extensions ['ignore', 'ignore_ament_install']
[0.200s] Level 1:colcon.colcon_core.package_identification:_identify(src/log) by extension 'ignore'
[0.200s] Level 1:colcon.colcon_core.package_identification:_identify(src/log) ignored
[0.200s] Level 1:colcon.colcon_core.package_identification:_identify(src/rplidar_ros) by extensions ['ignore', 'ignore_ament_install']
[0.200s] Level 1:colcon.colcon_core.package_identification:_identify(src/rplidar_ros) by extension 'ignore'
[0.200s] Level 1:colcon.colcon_core.package_identification:_identify(src/rplidar_ros) by extension 'ignore_ament_install'
[0.200s] Level 1:colcon.colcon_core.package_identification:_identify(src/rplidar_ros) by extensions ['colcon_pkg']
[0.200s] Level 1:colcon.colcon_core.package_identification:_identify(src/rplidar_ros) by extension 'colcon_pkg'
[0.200s] Level 1:colcon.colcon_core.package_identification:_identify(src/rplidar_ros) by extensions ['colcon_meta']
[0.201s] Level 1:colcon.colcon_core.package_identification:_identify(src/rplidar_ros) by extension 'colcon_meta'
[0.201s] Level 1:colcon.colcon_core.package_identification:_identify(src/rplidar_ros) by extensions ['ros']
[0.201s] Level 1:colcon.colcon_core.package_identification:_identify(src/rplidar_ros) by extension 'ros'
[0.201s] DEBUG:colcon.colcon_core.package_identification:Package 'src/rplidar_ros' with type 'ros.ament_cmake' and name 'rplidar_ros'
[0.201s] Level 1:colcon.colcon_core.package_discovery:discover_packages(recursive) using defaults
[0.201s] Level 1:colcon.colcon_core.package_discovery:discover_packages(ignore) discover
[0.201s] Level 1:colcon.colcon_core.package_discovery:discover_packages(ignore) using defaults
[0.201s] Level 1:colcon.colcon_core.package_discovery:discover_packages(path) discover
[0.201s] Level 1:colcon.colcon_core.package_discovery:discover_packages(path) using defaults
[0.224s] Level 5:colcon.colcon_core.verb:set package 'ct_bringup' build argument 'cmake_args' from command line to 'None'
[0.224s] Level 5:colcon.colcon_core.verb:set package 'ct_bringup' build argument 'cmake_target' from command line to 'None'
[0.225s] Level 5:colcon.colcon_core.verb:set package 'ct_bringup' build argument 'cmake_target_skip_unavailable' from command line to 'False'
[0.225s] Level 5:colcon.colcon_core.verb:set package 'ct_bringup' build argument 'cmake_clean_cache' from command line to 'False'
[0.225s] Level 5:colcon.colcon_core.verb:set package 'ct_bringup' build argument 'cmake_clean_first' from command line to 'False'
[0.225s] Level 5:colcon.colcon_core.verb:set package 'ct_bringup' build argument 'cmake_force_configure' from command line to 'False'
[0.225s] Level 5:colcon.colcon_core.verb:set package 'ct_bringup' build argument 'ament_cmake_args' from command line to 'None'
[0.225s] Level 5:colcon.colcon_core.verb:set package 'ct_bringup' build argument 'catkin_cmake_args' from command line to 'None'
[0.225s] Level 5:colcon.colcon_core.verb:set package 'ct_bringup' build argument 'catkin_skip_building_tests' from command line to 'False'
[0.225s] DEBUG:colcon.colcon_core.verb:Building package 'ct_bringup' with the following arguments: {'ament_cmake_args': None, 'build_base': '/home/samuele/dev/minar/minar-challenge-2/build/ct_bringup', 'catkin_cmake_args': None, 'catkin_skip_building_tests': False, 'cmake_args': None, 'cmake_clean_cache': False, 'cmake_clean_first': False, 'cmake_force_configure': False, 'cmake_target': None, 'cmake_target_skip_unavailable': False, 'install_base': '/home/samuele/dev/minar/minar-challenge-2/install/ct_bringup', 'merge_install': False, 'path': '/home/samuele/dev/minar/minar-challenge-2/src/ct_bringup', 'symlink_install': False, 'test_result_base': None}
[0.225s] Level 5:colcon.colcon_core.verb:set package 'ct_control' build argument 'cmake_args' from command line to 'None'
[0.225s] Level 5:colcon.colcon_core.verb:set package 'ct_control' build argument 'cmake_target' from command line to 'None'
[0.225s] Level 5:colcon.colcon_core.verb:set package 'ct_control' build argument 'cmake_target_skip_unavailable' from command line to 'False'
[0.225s] Level 5:colcon.colcon_core.verb:set package 'ct_control' build argument 'cmake_clean_cache' from command line to 'False'
[0.225s] Level 5:colcon.colcon_core.verb:set package 'ct_control' build argument 'cmake_clean_first' from command line to 'False'
[0.225s] Level 5:colcon.colcon_core.verb:set package 'ct_control' build argument 'cmake_force_configure' from command line to 'False'
[0.225s] Level 5:colcon.colcon_core.verb:set package 'ct_control' build argument 'ament_cmake_args' from command line to 'None'
[0.225s] Level 5:colcon.colcon_core.verb:set package 'ct_control' build argument 'catkin_cmake_args' from command line to 'None'
[0.225s] Level 5:colcon.colcon_core.verb:set package 'ct_control' build argument 'catkin_skip_building_tests' from command line to 'False'
[0.225s] DEBUG:colcon.colcon_core.verb:Building package 'ct_control' with the following arguments: {'ament_cmake_args': None, 'build_base': '/home/samuele/dev/minar/minar-challenge-2/build/ct_control', 'catkin_cmake_args': None, 'catkin_skip_building_tests': False, 'cmake_args': None, 'cmake_clean_cache': False, 'cmake_clean_first': False, 'cmake_force_configure': False, 'cmake_target': None, 'cmake_target_skip_unavailable': False, 'install_base': '/home/samuele/dev/minar/minar-challenge-2/install/ct_control', 'merge_install': False, 'path': '/home/samuele/dev/minar/minar-challenge-2/src/ct_control', 'symlink_install': False, 'test_result_base': None}
[0.225s] Level 5:colcon.colcon_core.verb:set package 'ct_description' build argument 'cmake_args' from command line to 'None'
[0.225s] Level 5:colcon.colcon_core.verb:set package 'ct_description' build argument 'cmake_target' from command line to 'None'
[0.225s] Level 5:colcon.colcon_core.verb:set package 'ct_description' build argument 'cmake_target_skip_unavailable' from command line to 'False'
[0.225s] Level 5:colcon.colcon_core.verb:set package 'ct_description' build argument 'cmake_clean_cache' from command line to 'False'
[0.226s] Level 5:colcon.colcon_core.verb:set package 'ct_description' build argument 'cmake_clean_first' from command line to 'False'
[0.226s] Level 5:colcon.colcon_core.verb:set package 'ct_description' build argument 'cmake_force_configure' from command line to 'False'
[0.226s] Level 5:colcon.colcon_core.verb:set package 'ct_description' build argument 'ament_cmake_args' from command line to 'None'
[0.226s] Level 5:colcon.colcon_core.verb:set package 'ct_description' build argument 'catkin_cmake_args' from command line to 'None'
[0.226s] Level 5:colcon.colcon_core.verb:set package 'ct_description' build argument 'catkin_skip_building_tests' from command line to 'False'
[0.226s] DEBUG:colcon.colcon_core.verb:Building package 'ct_description' with the following arguments: {'ament_cmake_args': None, 'build_base': '/home/samuele/dev/minar/minar-challenge-2/build/ct_description', 'catkin_cmake_args': None, 'catkin_skip_building_tests': False, 'cmake_args': None, 'cmake_clean_cache': False, 'cmake_clean_first': False, 'cmake_force_configure': False, 'cmake_target': None, 'cmake_target_skip_unavailable': False, 'install_base': '/home/samuele/dev/minar/minar-challenge-2/install/ct_description', 'merge_install': False, 'path': '/home/samuele/dev/minar/minar-challenge-2/src/ct_description', 'symlink_install': False, 'test_result_base': None}
[0.226s] Level 5:colcon.colcon_core.verb:set package 'ct_navigation' build argument 'cmake_args' from command line to 'None'
[0.226s] Level 5:colcon.colcon_core.verb:set package 'ct_navigation' build argument 'cmake_target' from command line to 'None'
[0.226s] Level 5:colcon.colcon_core.verb:set package 'ct_navigation' build argument 'cmake_target_skip_unavailable' from command line to 'False'
[0.226s] Level 5:colcon.colcon_core.verb:set package 'ct_navigation' build argument 'cmake_clean_cache' from command line to 'False'
[0.226s] Level 5:colcon.colcon_core.verb:set package 'ct_navigation' build argument 'cmake_clean_first' from command line to 'False'
[0.226s] Level 5:colcon.colcon_core.verb:set package 'ct_navigation' build argument 'cmake_force_configure' from command line to 'False'
[0.226s] Level 5:colcon.colcon_core.verb:set package 'ct_navigation' build argument 'ament_cmake_args' from command line to 'None'
[0.226s] Level 5:colcon.colcon_core.verb:set package 'ct_navigation' build argument 'catkin_cmake_args' from command line to 'None'
[0.226s] Level 5:colcon.colcon_core.verb:set package 'ct_navigation' build argument 'catkin_skip_building_tests' from command line to 'False'
[0.226s] DEBUG:colcon.colcon_core.verb:Building package 'ct_navigation' with the following arguments: {'ament_cmake_args': None, 'build_base': '/home/samuele/dev/minar/minar-challenge-2/build/ct_navigation', 'catkin_cmake_args': None, 'catkin_skip_building_tests': False, 'cmake_args': None, 'cmake_clean_cache': False, 'cmake_clean_first': False, 'cmake_force_configure': False, 'cmake_target': None, 'cmake_target_skip_unavailable': False, 'install_base': '/home/samuele/dev/minar/minar-challenge-2/install/ct_navigation', 'merge_install': False, 'path': '/home/samuele/dev/minar/minar-challenge-2/src/ct_navigation', 'symlink_install': False, 'test_result_base': None}
[0.226s] Level 5:colcon.colcon_core.verb:set package 'ct_sensors' build argument 'cmake_args' from command line to 'None'
[0.226s] Level 5:colcon.colcon_core.verb:set package 'ct_sensors' build argument 'cmake_target' from command line to 'None'
[0.226s] Level 5:colcon.colcon_core.verb:set package 'ct_sensors' build argument 'cmake_target_skip_unavailable' from command line to 'False'
[0.226s] Level 5:colcon.colcon_core.verb:set package 'ct_sensors' build argument 'cmake_clean_cache' from command line to 'False'
[0.227s] Level 5:colcon.colcon_core.verb:set package 'ct_sensors' build argument 'cmake_clean_first' from command line to 'False'
[0.227s] Level 5:colcon.colcon_core.verb:set package 'ct_sensors' build argument 'cmake_force_configure' from command line to 'False'
[0.227s] Level 5:colcon.colcon_core.verb:set package 'ct_sensors' build argument 'ament_cmake_args' from command line to 'None'
[0.227s] Level 5:colcon.colcon_core.verb:set package 'ct_sensors' build argument 'catkin_cmake_args' from command line to 'None'
[0.227s] Level 5:colcon.colcon_core.verb:set package 'ct_sensors' build argument 'catkin_skip_building_tests' from command line to 'False'
[0.227s] DEBUG:colcon.colcon_core.verb:Building package 'ct_sensors' with the following arguments: {'ament_cmake_args': None, 'build_base': '/home/samuele/dev/minar/minar-challenge-2/build/ct_sensors', 'catkin_cmake_args': None, 'catkin_skip_building_tests': False, 'cmake_args': None, 'cmake_clean_cache': False, 'cmake_clean_first': False, 'cmake_force_configure': False, 'cmake_target': None, 'cmake_target_skip_unavailable': False, 'install_base': '/home/samuele/dev/minar/minar-challenge-2/install/ct_sensors', 'merge_install': False, 'path': '/home/samuele/dev/minar/minar-challenge-2/src/ct_sensors', 'symlink_install': False, 'test_result_base': None}
[0.227s] Level 5:colcon.colcon_core.verb:set package 'ct_teleop' build argument 'cmake_args' from command line to 'None'
[0.227s] Level 5:colcon.colcon_core.verb:set package 'ct_teleop' build argument 'cmake_target' from command line to 'None'
[0.227s] Level 5:colcon.colcon_core.verb:set package 'ct_teleop' build argument 'cmake_target_skip_unavailable' from command line to 'False'
[0.227s] Level 5:colcon.colcon_core.verb:set package 'ct_teleop' build argument 'cmake_clean_cache' from command line to 'False'
[0.227s] Level 5:colcon.colcon_core.verb:set package 'ct_teleop' build argument 'cmake_clean_first' from command line to 'False'
[0.227s] Level 5:colcon.colcon_core.verb:set package 'ct_teleop' build argument 'cmake_force_configure' from command line to 'False'
[0.227s] Level 5:colcon.colcon_core.verb:set package 'ct_teleop' build argument 'ament_cmake_args' from command line to 'None'
[0.227s] Level 5:colcon.colcon_core.verb:set package 'ct_teleop' build argument 'catkin_cmake_args' from command line to 'None'
[0.227s] Level 5:colcon.colcon_core.verb:set package 'ct_teleop' build argument 'catkin_skip_building_tests' from command line to 'False'
[0.227s] DEBUG:colcon.colcon_core.verb:Building package 'ct_teleop' with the following arguments: {'ament_cmake_args': None, 'build_base': '/home/samuele/dev/minar/minar-challenge-2/build/ct_teleop', 'catkin_cmake_args': None, 'catkin_skip_building_tests': False, 'cmake_args': None, 'cmake_clean_cache': False, 'cmake_clean_first': False, 'cmake_force_configure': False, 'cmake_target': None, 'cmake_target_skip_unavailable': False, 'install_base': '/home/samuele/dev/minar/minar-challenge-2/install/ct_teleop', 'merge_install': False, 'path': '/home/samuele/dev/minar/minar-challenge-2/src/ct_teleop', 'symlink_install': False, 'test_result_base': None}
[0.227s] Level 5:colcon.colcon_core.verb:set package 'rplidar_ros' build argument 'cmake_args' from command line to 'None'
[0.227s] Level 5:colcon.colcon_core.verb:set package 'rplidar_ros' build argument 'cmake_target' from command line to 'None'
[0.227s] Level 5:colcon.colcon_core.verb:set package 'rplidar_ros' build argument 'cmake_target_skip_unavailable' from command line to 'False'
[0.227s] Level 5:colcon.colcon_core.verb:set package 'rplidar_ros' build argument 'cmake_clean_cache' from command line to 'False'
[0.227s] Level 5:colcon.colcon_core.verb:set package 'rplidar_ros' build argument 'cmake_clean_first' from command line to 'False'
[0.227s] Level 5:colcon.colcon_core.verb:set package 'rplidar_ros' build argument 'cmake_force_configure' from command line to 'False'
[0.228s] Level 5:colcon.colcon_core.verb:set package 'rplidar_ros' build argument 'ament_cmake_args' from command line to 'None'
[0.228s] Level 5:colcon.colcon_core.verb:set package 'rplidar_ros' build argument 'catkin_cmake_args' from command line to 'None'
[0.228s] Level 5:colcon.colcon_core.verb:set package 'rplidar_ros' build argument 'catkin_skip_building_tests' from command line to 'False'
[0.228s] DEBUG:colcon.colcon_core.verb:Building package 'rplidar_ros' with the following arguments: {'ament_cmake_args': None, 'build_base': '/home/samuele/dev/minar/minar-challenge-2/build/rplidar_ros', 'catkin_cmake_args': None, 'catkin_skip_building_tests': False, 'cmake_args': None, 'cmake_clean_cache': False, 'cmake_clean_first': False, 'cmake_force_configure': False, 'cmake_target': None, 'cmake_target_skip_unavailable': False, 'install_base': '/home/samuele/dev/minar/minar-challenge-2/install/rplidar_ros', 'merge_install': False, 'path': '/home/samuele/dev/minar/minar-challenge-2/src/rplidar_ros', 'symlink_install': False, 'test_result_base': None}
[0.228s] INFO:colcon.colcon_core.executor:Executing jobs using 'parallel' executor
[0.229s] DEBUG:colcon.colcon_parallel_executor.executor.parallel:run_until_complete
[0.229s] INFO:colcon.colcon_ros.task.ament_python.build:Building ROS package in '/home/samuele/dev/minar/minar-challenge-2/src/ct_bringup' with build type 'ament_python'
[0.229s] Level 1:colcon.colcon_core.shell:create_environment_hook('ct_bringup', 'ament_prefix_path')
[0.231s] INFO:colcon.colcon_core.plugin_system:Skipping extension 'colcon_core.shell.bat': Not used on non-Windows systems
[0.232s] INFO:colcon.colcon_core.shell:Creating environment descriptor '/home/samuele/dev/minar/minar-challenge-2/install/ct_bringup/share/ct_bringup/hook/ament_prefix_path.dsv'
[0.232s] INFO:colcon.colcon_core.shell:Creating environment hook '/home/samuele/dev/minar/minar-challenge-2/install/ct_bringup/share/ct_bringup/hook/ament_prefix_path.sh'
[0.233s] DEBUG:colcon.colcon_core.shell:Skip shell extension 'dsv' for command environment
[0.234s] WARNING:colcon.colcon_core.prefix_path.colcon:The path '/home/samuele/cha2_ws/install' in the environment variable COLCON_PREFIX_PATH doesn't exist
[0.240s] INFO:colcon.colcon_ros.task.ament_python.build:Building ROS package in '/home/samuele/dev/minar/minar-challenge-2/src/ct_control' with build type 'ament_python'
[0.240s] Level 1:colcon.colcon_core.shell:create_environment_hook('ct_control', 'ament_prefix_path')
[0.241s] INFO:colcon.colcon_core.shell:Creating environment descriptor '/home/samuele/dev/minar/minar-challenge-2/install/ct_control/share/ct_control/hook/ament_prefix_path.dsv'
[0.242s] INFO:colcon.colcon_core.shell:Creating environment hook '/home/samuele/dev/minar/minar-challenge-2/install/ct_control/share/ct_control/hook/ament_prefix_path.sh'
[0.242s] DEBUG:colcon.colcon_core.shell:Skip shell extension 'dsv' for command environment
[0.248s] INFO:colcon.colcon_ros.task.ament_cmake.build:Building ROS package in '/home/samuele/dev/minar/minar-challenge-2/src/ct_description' with build type 'ament_cmake'
[0.249s] INFO:colcon.colcon_cmake.task.cmake.build:Building CMake package in '/home/samuele/dev/minar/minar-challenge-2/src/ct_description'
[0.249s] DEBUG:colcon.colcon_core.shell:Skip shell extension 'dsv' for command environment
[0.254s] INFO:colcon.colcon_ros.task.ament_python.build:Building ROS package in '/home/samuele/dev/minar/minar-challenge-2/src/ct_navigation' with build type 'ament_python'
[0.254s] Level 1:colcon.colcon_core.shell:create_environment_hook('ct_navigation', 'ament_prefix_path')
[0.255s] INFO:colcon.colcon_core.shell:Creating environment descriptor '/home/samuele/dev/minar/minar-challenge-2/install/ct_navigation/share/ct_navigation/hook/ament_prefix_path.dsv'
[0.256s] INFO:colcon.colcon_core.shell:Creating environment hook '/home/samuele/dev/minar/minar-challenge-2/install/ct_navigation/share/ct_navigation/hook/ament_prefix_path.sh'
[0.257s] DEBUG:colcon.colcon_core.shell:Skip shell extension 'dsv' for command environment
[0.264s] INFO:colcon.colcon_ros.task.ament_python.build:Building ROS package in '/home/samuele/dev/minar/minar-challenge-2/src/ct_sensors' with build type 'ament_python'
[0.264s] Level 1:colcon.colcon_core.shell:create_environment_hook('ct_sensors', 'ament_prefix_path')
[0.265s] INFO:colcon.colcon_core.shell:Creating environment descriptor '/home/samuele/dev/minar/minar-challenge-2/install/ct_sensors/share/ct_sensors/hook/ament_prefix_path.dsv'
[0.266s] INFO:colcon.colcon_core.shell:Creating environment hook '/home/samuele/dev/minar/minar-challenge-2/install/ct_sensors/share/ct_sensors/hook/ament_prefix_path.sh'
[0.266s] DEBUG:colcon.colcon_core.shell:Skip shell extension 'dsv' for command environment
[0.271s] INFO:colcon.colcon_ros.task.ament_python.build:Building ROS package in '/home/samuele/dev/minar/minar-challenge-2/src/ct_teleop' with build type 'ament_python'
[0.272s] Level 1:colcon.colcon_core.shell:create_environment_hook('ct_teleop', 'ament_prefix_path')
[0.272s] INFO:colcon.colcon_core.shell:Creating environment descriptor '/home/samuele/dev/minar/minar-challenge-2/install/ct_teleop/share/ct_teleop/hook/ament_prefix_path.dsv'
[0.273s] INFO:colcon.colcon_core.shell:Creating environment hook '/home/samuele/dev/minar/minar-challenge-2/install/ct_teleop/share/ct_teleop/hook/ament_prefix_path.sh'
[0.275s] DEBUG:colcon.colcon_core.shell:Skip shell extension 'dsv' for command environment
[0.282s] INFO:colcon.colcon_ros.task.ament_cmake.build:Building ROS package in '/home/samuele/dev/minar/minar-challenge-2/src/rplidar_ros' with build type 'ament_cmake'
[0.282s] INFO:colcon.colcon_cmake.task.cmake.build:Building CMake package in '/home/samuele/dev/minar/minar-challenge-2/src/rplidar_ros'
[0.283s] DEBUG:colcon.colcon_core.shell:Skip shell extension 'dsv' for command environment
[0.575s] INFO:colcon.colcon_core.task.python.build:Building Python package in '/home/samuele/dev/minar/minar-challenge-2/src/ct_bringup'
[0.576s] DEBUG:colcon.colcon_core.shell:Skip shell extension 'dsv' for command environment
[0.871s] INFO:colcon.colcon_core.task.python.build:Building Python package in '/home/samuele/dev/minar/minar-challenge-2/src/ct_control'
[0.871s] DEBUG:colcon.colcon_core.shell:Skip shell extension 'dsv' for command environment
[0.881s] DEBUG:colcon.colcon_core.event_handler.log_command:Invoking command in '/home/samuele/dev/minar/minar-challenge-2/build/ct_description': CMAKE_PREFIX_PATH=${CMAKE_PREFIX_PATH}:/home/samuele/dev/minar/minar-challenge-2/src/install/ct_teleop:/home/samuele/dev/minar/minar-challenge-2/src/install/ct_sensors:/home/samuele/dev/minar/minar-challenge-2/src/install/ct_navigation:/home/samuele/dev/minar/minar-challenge-2/src/install/ct_control:/home/samuele/dev/minar/minar-challenge-2/src/install/ct_bringup:/home/samuele/dev/minar/minar-challenge-2/install/ct_teleop:/home/samuele/dev/minar/minar-challenge-2/install/ct_sensors:/home/samuele/dev/minar/minar-challenge-2/install/ct_navigation:/home/samuele/dev/minar/minar-challenge-2/install/ct_control:/home/samuele/dev/minar/minar-challenge-2/install/ct_bringup:/opt/ros/jazzy DEBUGINFOD_URLS=https://debuginfod.ubuntu.com /usr/bin/cmake --build /home/samuele/dev/minar/minar-challenge-2/build/ct_description -- -j8 -l8
[1.193s] INFO:colcon.colcon_core.task.python.build:Building Python package in '/home/samuele/dev/minar/minar-challenge-2/src/ct_navigation'
[1.193s] DEBUG:colcon.colcon_core.shell:Skip shell extension 'dsv' for command environment
[1.465s] INFO:colcon.colcon_core.task.python.build:Building Python package in '/home/samuele/dev/minar/minar-challenge-2/src/ct_sensors'
[1.465s] DEBUG:colcon.colcon_core.shell:Skip shell extension 'dsv' for command environment
[1.721s] INFO:colcon.colcon_core.task.python.build:Building Python package in '/home/samuele/dev/minar/minar-challenge-2/src/ct_teleop'
[1.721s] DEBUG:colcon.colcon_core.shell:Skip shell extension 'dsv' for command environment
[1.732s] DEBUG:colcon.colcon_core.event_handler.log_command:Invoking command in '/home/samuele/dev/minar/minar-challenge-2/build/rplidar_ros': CMAKE_PREFIX_PATH=${CMAKE_PREFIX_PATH}:/home/samuele/dev/minar/minar-challenge-2/src/install/ct_teleop:/home/samuele/dev/minar/minar-challenge-2/src/install/ct_sensors:/home/samuele/dev/minar/minar-challenge-2/src/install/ct_navigation:/home/samuele/dev/minar/minar-challenge-2/src/install/ct_control:/home/samuele/dev/minar/minar-challenge-2/src/install/ct_bringup:/home/samuele/dev/minar/minar-challenge-2/install/ct_teleop:/home/samuele/dev/minar/minar-challenge-2/install/ct_sensors:/home/samuele/dev/minar/minar-challenge-2/install/ct_navigation:/home/samuele/dev/minar/minar-challenge-2/install/ct_control:/home/samuele/dev/minar/minar-challenge-2/install/ct_bringup:/opt/ros/jazzy DEBUGINFOD_URLS=https://debuginfod.ubuntu.com /usr/bin/cmake --build /home/samuele/dev/minar/minar-challenge-2/build/rplidar_ros -- -j8 -l8
[1.737s] DEBUG:colcon.colcon_core.event_handler.log_command:Invoked command in '/home/samuele/dev/minar/minar-challenge-2/build/ct_description' returned '0': CMAKE_PREFIX_PATH=${CMAKE_PREFIX_PATH}:/home/samuele/dev/minar/minar-challenge-2/src/install/ct_teleop:/home/samuele/dev/minar/minar-challenge-2/src/install/ct_sensors:/home/samuele/dev/minar/minar-challenge-2/src/install/ct_navigation:/home/samuele/dev/minar/minar-challenge-2/src/install/ct_control:/home/samuele/dev/minar/minar-challenge-2/src/install/ct_bringup:/home/samuele/dev/minar/minar-challenge-2/install/ct_teleop:/home/samuele/dev/minar/minar-challenge-2/install/ct_sensors:/home/samuele/dev/minar/minar-challenge-2/install/ct_navigation:/home/samuele/dev/minar/minar-challenge-2/install/ct_control:/home/samuele/dev/minar/minar-challenge-2/install/ct_bringup:/opt/ros/jazzy DEBUGINFOD_URLS=https://debuginfod.ubuntu.com /usr/bin/cmake --build /home/samuele/dev/minar/minar-challenge-2/build/ct_description -- -j8 -l8
[1.753s] DEBUG:colcon.colcon_core.event_handler.log_command:Invoking command in '/home/samuele/dev/minar/minar-challenge-2/build/ct_description': CMAKE_PREFIX_PATH=${CMAKE_PREFIX_PATH}:/home/samuele/dev/minar/minar-challenge-2/src/install/ct_teleop:/home/samuele/dev/minar/minar-challenge-2/src/install/ct_sensors:/home/samuele/dev/minar/minar-challenge-2/src/install/ct_navigation:/home/samuele/dev/minar/minar-challenge-2/src/install/ct_control:/home/samuele/dev/minar/minar-challenge-2/src/install/ct_bringup:/home/samuele/dev/minar/minar-challenge-2/install/ct_teleop:/home/samuele/dev/minar/minar-challenge-2/install/ct_sensors:/home/samuele/dev/minar/minar-challenge-2/install/ct_navigation:/home/samuele/dev/minar/minar-challenge-2/install/ct_control:/home/samuele/dev/minar/minar-challenge-2/install/ct_bringup:/opt/ros/jazzy DEBUGINFOD_URLS=https://debuginfod.ubuntu.com /usr/bin/cmake --install /home/samuele/dev/minar/minar-challenge-2/build/ct_description
[1.811s] Level 1:colcon.colcon_core.environment:create_environment_scripts_only(ct_description)
[1.811s] DEBUG:colcon.colcon_core.event_handler.log_command:Invoked command in '/home/samuele/dev/minar/minar-challenge-2/build/ct_description' returned '0': CMAKE_PREFIX_PATH=${CMAKE_PREFIX_PATH}:/home/samuele/dev/minar/minar-challenge-2/src/install/ct_teleop:/home/samuele/dev/minar/minar-challenge-2/src/install/ct_sensors:/home/samuele/dev/minar/minar-challenge-2/src/install/ct_navigation:/home/samuele/dev/minar/minar-challenge-2/src/install/ct_control:/home/samuele/dev/minar/minar-challenge-2/src/install/ct_bringup:/home/samuele/dev/minar/minar-challenge-2/install/ct_teleop:/home/samuele/dev/minar/minar-challenge-2/install/ct_sensors:/home/samuele/dev/minar/minar-challenge-2/install/ct_navigation:/home/samuele/dev/minar/minar-challenge-2/install/ct_control:/home/samuele/dev/minar/minar-challenge-2/install/ct_bringup:/opt/ros/jazzy DEBUGINFOD_URLS=https://debuginfod.ubuntu.com /usr/bin/cmake --install /home/samuele/dev/minar/minar-challenge-2/build/ct_description
[1.817s] Level 1:colcon.colcon_core.environment:checking '/home/samuele/dev/minar/minar-challenge-2/install/ct_description' for CMake module files
[1.819s] Level 1:colcon.colcon_core.environment:checking '/home/samuele/dev/minar/minar-challenge-2/install/ct_description' for CMake config files
[1.821s] Level 1:colcon.colcon_core.shell:create_environment_hook('ct_description', 'cmake_prefix_path')
[1.822s] INFO:colcon.colcon_core.shell:Creating environment descriptor '/home/samuele/dev/minar/minar-challenge-2/install/ct_description/share/ct_description/hook/cmake_prefix_path.dsv'
[1.822s] INFO:colcon.colcon_core.shell:Creating environment hook '/home/samuele/dev/minar/minar-challenge-2/install/ct_description/share/ct_description/hook/cmake_prefix_path.sh'
[1.827s] Level 1:colcon.colcon_core.environment:checking '/home/samuele/dev/minar/minar-challenge-2/install/ct_description/bin'
[1.827s] Level 1:colcon.colcon_core.environment:checking '/home/samuele/dev/minar/minar-challenge-2/install/ct_description/lib/pkgconfig/ct_description.pc'
[1.828s] Level 1:colcon.colcon_core.environment:checking '/home/samuele/dev/minar/minar-challenge-2/install/ct_description/lib/python3.12/site-packages'
[1.828s] Level 1:colcon.colcon_core.environment:checking '/home/samuele/dev/minar/minar-challenge-2/install/ct_description/bin'
[1.829s] INFO:colcon.colcon_core.shell:Creating package descriptor '/home/samuele/dev/minar/minar-challenge-2/install/ct_description/share/ct_description/package.dsv'
[1.830s] INFO:colcon.colcon_core.shell:Creating package script '/home/samuele/dev/minar/minar-challenge-2/install/ct_description/share/ct_description/package.sh'
[1.832s] INFO:colcon.colcon_core.shell:Creating package script '/home/samuele/dev/minar/minar-challenge-2/install/ct_description/share/ct_description/package.bash'
[1.835s] INFO:colcon.colcon_core.shell:Creating package script '/home/samuele/dev/minar/minar-challenge-2/install/ct_description/share/ct_description/package.zsh'
[1.837s] Level 1:colcon.colcon_core.environment:create_file_with_runtime_dependencies(/home/samuele/dev/minar/minar-challenge-2/install/ct_description/share/colcon-core/packages/ct_description)
[1.838s] Level 1:colcon.colcon_core.environment:create_environment_scripts_only(ct_description)
[1.839s] Level 1:colcon.colcon_core.environment:checking '/home/samuele/dev/minar/minar-challenge-2/install/ct_description' for CMake module files
[1.841s] Level 1:colcon.colcon_core.environment:checking '/home/samuele/dev/minar/minar-challenge-2/install/ct_description' for CMake config files
[1.841s] Level 1:colcon.colcon_core.shell:create_environment_hook('ct_description', 'cmake_prefix_path')
[1.842s] INFO:colcon.colcon_core.shell:Creating environment descriptor '/home/samuele/dev/minar/minar-challenge-2/install/ct_description/share/ct_description/hook/cmake_prefix_path.dsv'
[1.843s] INFO:colcon.colcon_core.shell:Creating environment hook '/home/samuele/dev/minar/minar-challenge-2/install/ct_description/share/ct_description/hook/cmake_prefix_path.sh'
[1.845s] Level 1:colcon.colcon_core.environment:checking '/home/samuele/dev/minar/minar-challenge-2/install/ct_description/bin'
[1.846s] Level 1:colcon.colcon_core.environment:checking '/home/samuele/dev/minar/minar-challenge-2/install/ct_description/lib/pkgconfig/ct_description.pc'
[1.847s] Level 1:colcon.colcon_core.environment:checking '/home/samuele/dev/minar/minar-challenge-2/install/ct_description/lib/python3.12/site-packages'
[1.848s] Level 1:colcon.colcon_core.environment:checking '/home/samuele/dev/minar/minar-challenge-2/install/ct_description/bin'
[1.848s] INFO:colcon.colcon_core.shell:Creating package descriptor '/home/samuele/dev/minar/minar-challenge-2/install/ct_description/share/ct_description/package.dsv'
[1.850s] INFO:colcon.colcon_core.shell:Creating package script '/home/samuele/dev/minar/minar-challenge-2/install/ct_description/share/ct_description/package.sh'
[1.851s] INFO:colcon.colcon_core.shell:Creating package script '/home/samuele/dev/minar/minar-challenge-2/install/ct_description/share/ct_description/package.bash'
[1.852s] INFO:colcon.colcon_core.shell:Creating package script '/home/samuele/dev/minar/minar-challenge-2/install/ct_description/share/ct_description/package.zsh'
[1.854s] Level 1:colcon.colcon_core.environment:create_file_with_runtime_dependencies(/home/samuele/dev/minar/minar-challenge-2/install/ct_description/share/colcon-core/packages/ct_description)
[1.973s] DEBUG:colcon.colcon_core.event_handler.log_command:Invoked command in '/home/samuele/dev/minar/minar-challenge-2/build/rplidar_ros' returned '0': CMAKE_PREFIX_PATH=${CMAKE_PREFIX_PATH}:/home/samuele/dev/minar/minar-challenge-2/src/install/ct_teleop:/home/samuele/dev/minar/minar-challenge-2/src/install/ct_sensors:/home/samuele/dev/minar/minar-challenge-2/src/install/ct_navigation:/home/samuele/dev/minar/minar-challenge-2/src/install/ct_control:/home/samuele/dev/minar/minar-challenge-2/src/install/ct_bringup:/home/samuele/dev/minar/minar-challenge-2/install/ct_teleop:/home/samuele/dev/minar/minar-challenge-2/install/ct_sensors:/home/samuele/dev/minar/minar-challenge-2/install/ct_navigation:/home/samuele/dev/minar/minar-challenge-2/install/ct_control:/home/samuele/dev/minar/minar-challenge-2/install/ct_bringup:/opt/ros/jazzy DEBUGINFOD_URLS=https://debuginfod.ubuntu.com /usr/bin/cmake --build /home/samuele/dev/minar/minar-challenge-2/build/rplidar_ros -- -j8 -l8
[1.976s] DEBUG:colcon.colcon_core.event_handler.log_command:Invoking command in '/home/samuele/dev/minar/minar-challenge-2/build/rplidar_ros': CMAKE_PREFIX_PATH=${CMAKE_PREFIX_PATH}:/home/samuele/dev/minar/minar-challenge-2/src/install/ct_teleop:/home/samuele/dev/minar/minar-challenge-2/src/install/ct_sensors:/home/samuele/dev/minar/minar-challenge-2/src/install/ct_navigation:/home/samuele/dev/minar/minar-challenge-2/src/install/ct_control:/home/samuele/dev/minar/minar-challenge-2/src/install/ct_bringup:/home/samuele/dev/minar/minar-challenge-2/install/ct_teleop:/home/samuele/dev/minar/minar-challenge-2/install/ct_sensors:/home/samuele/dev/minar/minar-challenge-2/install/ct_navigation:/home/samuele/dev/minar/minar-challenge-2/install/ct_control:/home/samuele/dev/minar/minar-challenge-2/install/ct_bringup:/opt/ros/jazzy DEBUGINFOD_URLS=https://debuginfod.ubuntu.com /usr/bin/cmake --install /home/samuele/dev/minar/minar-challenge-2/build/rplidar_ros
[2.071s] Level 1:colcon.colcon_core.environment:create_environment_scripts_only(rplidar_ros)
[2.074s] Level 1:colcon.colcon_core.environment:checking '/home/samuele/dev/minar/minar-challenge-2/install/rplidar_ros' for CMake module files
[2.076s] Level 1:colcon.colcon_core.environment:checking '/home/samuele/dev/minar/minar-challenge-2/install/rplidar_ros' for CMake config files
[2.077s] Level 1:colcon.colcon_core.shell:create_environment_hook('rplidar_ros', 'cmake_prefix_path')
[2.077s] INFO:colcon.colcon_core.shell:Creating environment descriptor '/home/samuele/dev/minar/minar-challenge-2/install/rplidar_ros/share/rplidar_ros/hook/cmake_prefix_path.dsv'
[2.075s] DEBUG:colcon.colcon_core.event_handler.log_command:Invoked command in '/home/samuele/dev/minar/minar-challenge-2/build/rplidar_ros' returned '0': CMAKE_PREFIX_PATH=${CMAKE_PREFIX_PATH}:/home/samuele/dev/minar/minar-challenge-2/src/install/ct_teleop:/home/samuele/dev/minar/minar-challenge-2/src/install/ct_sensors:/home/samuele/dev/minar/minar-challenge-2/src/install/ct_navigation:/home/samuele/dev/minar/minar-challenge-2/src/install/ct_control:/home/samuele/dev/minar/minar-challenge-2/src/install/ct_bringup:/home/samuele/dev/minar/minar-challenge-2/install/ct_teleop:/home/samuele/dev/minar/minar-challenge-2/install/ct_sensors:/home/samuele/dev/minar/minar-challenge-2/install/ct_navigation:/home/samuele/dev/minar/minar-challenge-2/install/ct_control:/home/samuele/dev/minar/minar-challenge-2/install/ct_bringup:/opt/ros/jazzy DEBUGINFOD_URLS=https://debuginfod.ubuntu.com /usr/bin/cmake --install /home/samuele/dev/minar/minar-challenge-2/build/rplidar_ros
[2.078s] INFO:colcon.colcon_core.shell:Creating environment hook '/home/samuele/dev/minar/minar-challenge-2/install/rplidar_ros/share/rplidar_ros/hook/cmake_prefix_path.sh'
[2.080s] Level 1:colcon.colcon_core.environment:checking '/home/samuele/dev/minar/minar-challenge-2/install/rplidar_ros/lib'
[2.080s] Level 1:colcon.colcon_core.environment:checking '/home/samuele/dev/minar/minar-challenge-2/install/rplidar_ros/bin'
[2.080s] Level 1:colcon.colcon_core.environment:checking '/home/samuele/dev/minar/minar-challenge-2/install/rplidar_ros/lib/pkgconfig/rplidar_ros.pc'
[2.081s] Level 1:colcon.colcon_core.environment:checking '/home/samuele/dev/minar/minar-challenge-2/install/rplidar_ros/lib/python3.12/site-packages'
[2.082s] Level 1:colcon.colcon_core.environment:checking '/home/samuele/dev/minar/minar-challenge-2/install/rplidar_ros/bin'
[2.082s] INFO:colcon.colcon_core.shell:Creating package descriptor '/home/samuele/dev/minar/minar-challenge-2/install/rplidar_ros/share/rplidar_ros/package.dsv'
[2.083s] INFO:colcon.colcon_core.shell:Creating package script '/home/samuele/dev/minar/minar-challenge-2/install/rplidar_ros/share/rplidar_ros/package.sh'
[2.084s] INFO:colcon.colcon_core.shell:Creating package script '/home/samuele/dev/minar/minar-challenge-2/install/rplidar_ros/share/rplidar_ros/package.bash'
[2.085s] INFO:colcon.colcon_core.shell:Creating package script '/home/samuele/dev/minar/minar-challenge-2/install/rplidar_ros/share/rplidar_ros/package.zsh'
[2.086s] Level 1:colcon.colcon_core.environment:create_file_with_runtime_dependencies(/home/samuele/dev/minar/minar-challenge-2/install/rplidar_ros/share/colcon-core/packages/rplidar_ros)
[2.087s] Level 1:colcon.colcon_core.environment:create_environment_scripts_only(rplidar_ros)
[2.087s] Level 1:colcon.colcon_core.environment:checking '/home/samuele/dev/minar/minar-challenge-2/install/rplidar_ros' for CMake module files
[2.089s] Level 1:colcon.colcon_core.environment:checking '/home/samuele/dev/minar/minar-challenge-2/install/rplidar_ros' for CMake config files
[2.089s] Level 1:colcon.colcon_core.shell:create_environment_hook('rplidar_ros', 'cmake_prefix_path')
[2.090s] INFO:colcon.colcon_core.shell:Creating environment descriptor '/home/samuele/dev/minar/minar-challenge-2/install/rplidar_ros/share/rplidar_ros/hook/cmake_prefix_path.dsv'
[2.091s] INFO:colcon.colcon_core.shell:Creating environment hook '/home/samuele/dev/minar/minar-challenge-2/install/rplidar_ros/share/rplidar_ros/hook/cmake_prefix_path.sh'
[2.092s] Level 1:colcon.colcon_core.environment:checking '/home/samuele/dev/minar/minar-challenge-2/install/rplidar_ros/lib'
[2.092s] Level 1:colcon.colcon_core.environment:checking '/home/samuele/dev/minar/minar-challenge-2/install/rplidar_ros/bin'
[2.093s] Level 1:colcon.colcon_core.environment:checking '/home/samuele/dev/minar/minar-challenge-2/install/rplidar_ros/lib/pkgconfig/rplidar_ros.pc'
[2.093s] Level 1:colcon.colcon_core.environment:checking '/home/samuele/dev/minar/minar-challenge-2/install/rplidar_ros/lib/python3.12/site-packages'
[2.094s] Level 1:colcon.colcon_core.environment:checking '/home/samuele/dev/minar/minar-challenge-2/install/rplidar_ros/bin'
[2.094s] INFO:colcon.colcon_core.shell:Creating package descriptor '/home/samuele/dev/minar/minar-challenge-2/install/rplidar_ros/share/rplidar_ros/package.dsv'
[2.095s] INFO:colcon.colcon_core.shell:Creating package script '/home/samuele/dev/minar/minar-challenge-2/install/rplidar_ros/share/rplidar_ros/package.sh'
[2.096s] INFO:colcon.colcon_core.shell:Creating package script '/home/samuele/dev/minar/minar-challenge-2/install/rplidar_ros/share/rplidar_ros/package.bash'
[2.098s] INFO:colcon.colcon_core.shell:Creating package script '/home/samuele/dev/minar/minar-challenge-2/install/rplidar_ros/share/rplidar_ros/package.zsh'
[2.099s] Level 1:colcon.colcon_core.environment:create_file_with_runtime_dependencies(/home/samuele/dev/minar/minar-challenge-2/install/rplidar_ros/share/colcon-core/packages/rplidar_ros)
[3.006s] DEBUG:colcon.colcon_core.event_handler.log_command:Invoking command in '/home/samuele/dev/minar/minar-challenge-2/src/ct_bringup': DEBUGINFOD_URLS=https://debuginfod.ubuntu.com PYTHONPATH=/home/samuele/dev/minar/minar-challenge-2/build/ct_bringup/prefix_override:/usr/lib/python3/dist-packages/colcon_core/task/python/colcon_distutils_commands:/home/samuele/dev/minar/minar-challenge-2/install/ct_bringup/lib/python3.12/site-packages:${PYTHONPATH} /usr/bin/python3 -W ignore:setup.py install is deprecated -W ignore:easy_install command is deprecated setup.py egg_info --egg-base ../../build/ct_bringup build --build-base /home/samuele/dev/minar/minar-challenge-2/build/ct_bringup/build install --record /home/samuele/dev/minar/minar-challenge-2/build/ct_bringup/install.log --single-version-externally-managed install_data
[3.482s] DEBUG:colcon.colcon_core.event_handler.log_command:Invoking command in '/home/samuele/dev/minar/minar-challenge-2/src/ct_control': DEBUGINFOD_URLS=https://debuginfod.ubuntu.com PYTHONPATH=/home/samuele/dev/minar/minar-challenge-2/build/ct_control/prefix_override:/usr/lib/python3/dist-packages/colcon_core/task/python/colcon_distutils_commands:/home/samuele/dev/minar/minar-challenge-2/install/ct_control/lib/python3.12/site-packages:${PYTHONPATH} /usr/bin/python3 -W ignore:setup.py install is deprecated -W ignore:easy_install command is deprecated setup.py egg_info --egg-base ../../build/ct_control build --build-base /home/samuele/dev/minar/minar-challenge-2/build/ct_control/build install --record /home/samuele/dev/minar/minar-challenge-2/build/ct_control/install.log --single-version-externally-managed install_data
[3.512s] DEBUG:colcon.colcon_core.event_handler.log_command:Invoking command in '/home/samuele/dev/minar/minar-challenge-2/src/ct_navigation': DEBUGINFOD_URLS=https://debuginfod.ubuntu.com PYTHONPATH=/home/samuele/dev/minar/minar-challenge-2/build/ct_navigation/prefix_override:/usr/lib/python3/dist-packages/colcon_core/task/python/colcon_distutils_commands:/home/samuele/dev/minar/minar-challenge-2/install/ct_navigation/lib/python3.12/site-packages:${PYTHONPATH} /usr/bin/python3 -W ignore:setup.py install is deprecated -W ignore:easy_install command is deprecated setup.py egg_info --egg-base ../../build/ct_navigation build --build-base /home/samuele/dev/minar/minar-challenge-2/build/ct_navigation/build install --record /home/samuele/dev/minar/minar-challenge-2/build/ct_navigation/install.log --single-version-externally-managed install_data
[3.516s] DEBUG:colcon.colcon_core.event_handler.log_command:Invoking command in '/home/samuele/dev/minar/minar-challenge-2/src/ct_sensors': DEBUGINFOD_URLS=https://debuginfod.ubuntu.com PYTHONPATH=/home/samuele/dev/minar/minar-challenge-2/build/ct_sensors/prefix_override:/usr/lib/python3/dist-packages/colcon_core/task/python/colcon_distutils_commands:/home/samuele/dev/minar/minar-challenge-2/install/ct_sensors/lib/python3.12/site-packages:${PYTHONPATH} /usr/bin/python3 -W ignore:setup.py install is deprecated -W ignore:easy_install command is deprecated setup.py egg_info --egg-base ../../build/ct_sensors build --build-base /home/samuele/dev/minar/minar-challenge-2/build/ct_sensors/build install --record /home/samuele/dev/minar/minar-challenge-2/build/ct_sensors/install.log --single-version-externally-managed install_data
[3.528s] DEBUG:colcon.colcon_core.event_handler.log_command:Invoking command in '/home/samuele/dev/minar/minar-challenge-2/src/ct_teleop': DEBUGINFOD_URLS=https://debuginfod.ubuntu.com PYTHONPATH=/home/samuele/dev/minar/minar-challenge-2/build/ct_teleop/prefix_override:/usr/lib/python3/dist-packages/colcon_core/task/python/colcon_distutils_commands:/home/samuele/dev/minar/minar-challenge-2/install/ct_teleop/lib/python3.12/site-packages:${PYTHONPATH} /usr/bin/python3 -W ignore:setup.py install is deprecated -W ignore:easy_install command is deprecated setup.py egg_info --egg-base ../../build/ct_teleop build --build-base /home/samuele/dev/minar/minar-challenge-2/build/ct_teleop/build install --record /home/samuele/dev/minar/minar-challenge-2/build/ct_teleop/install.log --single-version-externally-managed install_data
[4.107s] Level 1:colcon.colcon_core.environment:checking '/home/samuele/dev/minar/minar-challenge-2/install/ct_bringup' for CMake module files
[4.108s] DEBUG:colcon.colcon_core.event_handler.log_command:Invoked command in '/home/samuele/dev/minar/minar-challenge-2/src/ct_bringup' returned '0': DEBUGINFOD_URLS=https://debuginfod.ubuntu.com PYTHONPATH=/home/samuele/dev/minar/minar-challenge-2/build/ct_bringup/prefix_override:/usr/lib/python3/dist-packages/colcon_core/task/python/colcon_distutils_commands:/home/samuele/dev/minar/minar-challenge-2/install/ct_bringup/lib/python3.12/site-packages:${PYTHONPATH} /usr/bin/python3 -W ignore:setup.py install is deprecated -W ignore:easy_install command is deprecated setup.py egg_info --egg-base ../../build/ct_bringup build --build-base /home/samuele/dev/minar/minar-challenge-2/build/ct_bringup/build install --record /home/samuele/dev/minar/minar-challenge-2/build/ct_bringup/install.log --single-version-externally-managed install_data
[4.108s] Level 1:colcon.colcon_core.environment:checking '/home/samuele/dev/minar/minar-challenge-2/install/ct_bringup' for CMake config files
[4.109s] Level 1:colcon.colcon_core.environment:checking '/home/samuele/dev/minar/minar-challenge-2/install/ct_bringup/lib'
[4.109s] Level 1:colcon.colcon_core.environment:checking '/home/samuele/dev/minar/minar-challenge-2/install/ct_bringup/bin'
[4.109s] Level 1:colcon.colcon_core.environment:checking '/home/samuele/dev/minar/minar-challenge-2/install/ct_bringup/lib/pkgconfig/ct_bringup.pc'
[4.110s] Level 1:colcon.colcon_core.environment:checking '/home/samuele/dev/minar/minar-challenge-2/install/ct_bringup/lib/python3.12/site-packages'
[4.110s] Level 1:colcon.colcon_core.shell:create_environment_hook('ct_bringup', 'pythonpath')
[4.110s] INFO:colcon.colcon_core.shell:Creating environment descriptor '/home/samuele/dev/minar/minar-challenge-2/install/ct_bringup/share/ct_bringup/hook/pythonpath.dsv'
[4.111s] INFO:colcon.colcon_core.shell:Creating environment hook '/home/samuele/dev/minar/minar-challenge-2/install/ct_bringup/share/ct_bringup/hook/pythonpath.sh'
[4.112s] Level 1:colcon.colcon_core.environment:checking '/home/samuele/dev/minar/minar-challenge-2/install/ct_bringup/bin'
[4.112s] Level 1:colcon.colcon_core.environment:create_environment_scripts_only(ct_bringup)
[4.113s] INFO:colcon.colcon_core.shell:Creating package descriptor '/home/samuele/dev/minar/minar-challenge-2/install/ct_bringup/share/ct_bringup/package.dsv'
[4.113s] INFO:colcon.colcon_core.shell:Creating package script '/home/samuele/dev/minar/minar-challenge-2/install/ct_bringup/share/ct_bringup/package.sh'
[4.114s] INFO:colcon.colcon_core.shell:Creating package script '/home/samuele/dev/minar/minar-challenge-2/install/ct_bringup/share/ct_bringup/package.bash'
[4.115s] INFO:colcon.colcon_core.shell:Creating package script '/home/samuele/dev/minar/minar-challenge-2/install/ct_bringup/share/ct_bringup/package.zsh'
[4.115s] Level 1:colcon.colcon_core.environment:create_file_with_runtime_dependencies(/home/samuele/dev/minar/minar-challenge-2/install/ct_bringup/share/colcon-core/packages/ct_bringup)
[4.610s] Level 1:colcon.colcon_core.environment:checking '/home/samuele/dev/minar/minar-challenge-2/install/ct_navigation' for CMake module files
[4.611s] DEBUG:colcon.colcon_core.event_handler.log_command:Invoked command in '/home/samuele/dev/minar/minar-challenge-2/src/ct_navigation' returned '0': DEBUGINFOD_URLS=https://debuginfod.ubuntu.com PYTHONPATH=/home/samuele/dev/minar/minar-challenge-2/build/ct_navigation/prefix_override:/usr/lib/python3/dist-packages/colcon_core/task/python/colcon_distutils_commands:/home/samuele/dev/minar/minar-challenge-2/install/ct_navigation/lib/python3.12/site-packages:${PYTHONPATH} /usr/bin/python3 -W ignore:setup.py install is deprecated -W ignore:easy_install command is deprecated setup.py egg_info --egg-base ../../build/ct_navigation build --build-base /home/samuele/dev/minar/minar-challenge-2/build/ct_navigation/build install --record /home/samuele/dev/minar/minar-challenge-2/build/ct_navigation/install.log --single-version-externally-managed install_data
[4.611s] Level 1:colcon.colcon_core.environment:checking '/home/samuele/dev/minar/minar-challenge-2/install/ct_navigation' for CMake config files
[4.612s] Level 1:colcon.colcon_core.environment:checking '/home/samuele/dev/minar/minar-challenge-2/install/ct_navigation/lib'
[4.612s] Level 1:colcon.colcon_core.environment:checking '/home/samuele/dev/minar/minar-challenge-2/install/ct_navigation/bin'
[4.612s] Level 1:colcon.colcon_core.environment:checking '/home/samuele/dev/minar/minar-challenge-2/install/ct_navigation/lib/pkgconfig/ct_navigation.pc'
[4.613s] Level 1:colcon.colcon_core.environment:checking '/home/samuele/dev/minar/minar-challenge-2/install/ct_navigation/lib/python3.12/site-packages'
[4.613s] Level 1:colcon.colcon_core.shell:create_environment_hook('ct_navigation', 'pythonpath')
[4.613s] INFO:colcon.colcon_core.shell:Creating environment descriptor '/home/samuele/dev/minar/minar-challenge-2/install/ct_navigation/share/ct_navigation/hook/pythonpath.dsv'
[4.614s] INFO:colcon.colcon_core.shell:Creating environment hook '/home/samuele/dev/minar/minar-challenge-2/install/ct_navigation/share/ct_navigation/hook/pythonpath.sh'
[4.615s] Level 1:colcon.colcon_core.environment:checking '/home/samuele/dev/minar/minar-challenge-2/install/ct_navigation/bin'
[4.615s] Level 1:colcon.colcon_core.environment:create_environment_scripts_only(ct_navigation)
[4.615s] INFO:colcon.colcon_core.shell:Creating package descriptor '/home/samuele/dev/minar/minar-challenge-2/install/ct_navigation/share/ct_navigation/package.dsv'
[4.616s] INFO:colcon.colcon_core.shell:Creating package script '/home/samuele/dev/minar/minar-challenge-2/install/ct_navigation/share/ct_navigation/package.sh'
[4.617s] INFO:colcon.colcon_core.shell:Creating package script '/home/samuele/dev/minar/minar-challenge-2/install/ct_navigation/share/ct_navigation/package.bash'
[4.618s] INFO:colcon.colcon_core.shell:Creating package script '/home/samuele/dev/minar/minar-challenge-2/install/ct_navigation/share/ct_navigation/package.zsh'
[4.618s] Level 1:colcon.colcon_core.environment:create_file_with_runtime_dependencies(/home/samuele/dev/minar/minar-challenge-2/install/ct_navigation/share/colcon-core/packages/ct_navigation)
[4.663s] Level 1:colcon.colcon_core.environment:checking '/home/samuele/dev/minar/minar-challenge-2/install/ct_teleop' for CMake module files
[4.663s] DEBUG:colcon.colcon_core.event_handler.log_command:Invoked command in '/home/samuele/dev/minar/minar-challenge-2/src/ct_teleop' returned '0': DEBUGINFOD_URLS=https://debuginfod.ubuntu.com PYTHONPATH=/home/samuele/dev/minar/minar-challenge-2/build/ct_teleop/prefix_override:/usr/lib/python3/dist-packages/colcon_core/task/python/colcon_distutils_commands:/home/samuele/dev/minar/minar-challenge-2/install/ct_teleop/lib/python3.12/site-packages:${PYTHONPATH} /usr/bin/python3 -W ignore:setup.py install is deprecated -W ignore:easy_install command is deprecated setup.py egg_info --egg-base ../../build/ct_teleop build --build-base /home/samuele/dev/minar/minar-challenge-2/build/ct_teleop/build install --record /home/samuele/dev/minar/minar-challenge-2/build/ct_teleop/install.log --single-version-externally-managed install_data
[4.664s] Level 1:colcon.colcon_core.environment:checking '/home/samuele/dev/minar/minar-challenge-2/install/ct_teleop' for CMake config files
[4.664s] Level 1:colcon.colcon_core.environment:checking '/home/samuele/dev/minar/minar-challenge-2/install/ct_teleop/lib'
[4.664s] Level 1:colcon.colcon_core.environment:checking '/home/samuele/dev/minar/minar-challenge-2/install/ct_teleop/bin'
[4.664s] Level 1:colcon.colcon_core.environment:checking '/home/samuele/dev/minar/minar-challenge-2/install/ct_teleop/lib/pkgconfig/ct_teleop.pc'
[4.665s] Level 1:colcon.colcon_core.environment:checking '/home/samuele/dev/minar/minar-challenge-2/install/ct_teleop/lib/python3.12/site-packages'
[4.665s] Level 1:colcon.colcon_core.shell:create_environment_hook('ct_teleop', 'pythonpath')
[4.665s] INFO:colcon.colcon_core.shell:Creating environment descriptor '/home/samuele/dev/minar/minar-challenge-2/install/ct_teleop/share/ct_teleop/hook/pythonpath.dsv'
[4.666s] INFO:colcon.colcon_core.shell:Creating environment hook '/home/samuele/dev/minar/minar-challenge-2/install/ct_teleop/share/ct_teleop/hook/pythonpath.sh'
[4.666s] Level 1:colcon.colcon_core.environment:checking '/home/samuele/dev/minar/minar-challenge-2/install/ct_teleop/bin'
[4.666s] Level 1:colcon.colcon_core.environment:create_environment_scripts_only(ct_teleop)
[4.667s] INFO:colcon.colcon_core.shell:Creating package descriptor '/home/samuele/dev/minar/minar-challenge-2/install/ct_teleop/share/ct_teleop/package.dsv'
[4.667s] INFO:colcon.colcon_core.shell:Creating package script '/home/samuele/dev/minar/minar-challenge-2/install/ct_teleop/share/ct_teleop/package.sh'
[4.668s] INFO:colcon.colcon_core.shell:Creating package script '/home/samuele/dev/minar/minar-challenge-2/install/ct_teleop/share/ct_teleop/package.bash'
[4.668s] INFO:colcon.colcon_core.shell:Creating package script '/home/samuele/dev/minar/minar-challenge-2/install/ct_teleop/share/ct_teleop/package.zsh'
[4.669s] Level 1:colcon.colcon_core.environment:create_file_with_runtime_dependencies(/home/samuele/dev/minar/minar-challenge-2/install/ct_teleop/share/colcon-core/packages/ct_teleop)
[4.981s] Level 1:colcon.colcon_core.environment:checking '/home/samuele/dev/minar/minar-challenge-2/install/ct_control' for CMake module files
[4.981s] DEBUG:colcon.colcon_core.event_handler.log_command:Invoked command in '/home/samuele/dev/minar/minar-challenge-2/src/ct_control' returned '0': DEBUGINFOD_URLS=https://debuginfod.ubuntu.com PYTHONPATH=/home/samuele/dev/minar/minar-challenge-2/build/ct_control/prefix_override:/usr/lib/python3/dist-packages/colcon_core/task/python/colcon_distutils_commands:/home/samuele/dev/minar/minar-challenge-2/install/ct_control/lib/python3.12/site-packages:${PYTHONPATH} /usr/bin/python3 -W ignore:setup.py install is deprecated -W ignore:easy_install command is deprecated setup.py egg_info --egg-base ../../build/ct_control build --build-base /home/samuele/dev/minar/minar-challenge-2/build/ct_control/build install --record /home/samuele/dev/minar/minar-challenge-2/build/ct_control/install.log --single-version-externally-managed install_data
[4.982s] Level 1:colcon.colcon_core.environment:checking '/home/samuele/dev/minar/minar-challenge-2/install/ct_control' for CMake config files
[4.982s] Level 1:colcon.colcon_core.environment:checking '/home/samuele/dev/minar/minar-challenge-2/install/ct_control/lib'
[4.982s] Level 1:colcon.colcon_core.environment:checking '/home/samuele/dev/minar/minar-challenge-2/install/ct_control/bin'
[4.982s] Level 1:colcon.colcon_core.environment:checking '/home/samuele/dev/minar/minar-challenge-2/install/ct_control/lib/pkgconfig/ct_control.pc'
[4.983s] Level 1:colcon.colcon_core.environment:checking '/home/samuele/dev/minar/minar-challenge-2/install/ct_control/lib/python3.12/site-packages'
[4.983s] Level 1:colcon.colcon_core.shell:create_environment_hook('ct_control', 'pythonpath')
[4.983s] INFO:colcon.colcon_core.shell:Creating environment descriptor '/home/samuele/dev/minar/minar-challenge-2/install/ct_control/share/ct_control/hook/pythonpath.dsv'
[4.983s] INFO:colcon.colcon_core.shell:Creating environment hook '/home/samuele/dev/minar/minar-challenge-2/install/ct_control/share/ct_control/hook/pythonpath.sh'
[4.984s] Level 1:colcon.colcon_core.environment:checking '/home/samuele/dev/minar/minar-challenge-2/install/ct_control/bin'
[4.984s] Level 1:colcon.colcon_core.environment:create_environment_scripts_only(ct_control)
[4.985s] INFO:colcon.colcon_core.shell:Creating package descriptor '/home/samuele/dev/minar/minar-challenge-2/install/ct_control/share/ct_control/package.dsv'
[4.985s] INFO:colcon.colcon_core.shell:Creating package script '/home/samuele/dev/minar/minar-challenge-2/install/ct_control/share/ct_control/package.sh'
[4.986s] INFO:colcon.colcon_core.shell:Creating package script '/home/samuele/dev/minar/minar-challenge-2/install/ct_control/share/ct_control/package.bash'
[4.986s] INFO:colcon.colcon_core.shell:Creating package script '/home/samuele/dev/minar/minar-challenge-2/install/ct_control/share/ct_control/package.zsh'
[4.987s] Level 1:colcon.colcon_core.environment:create_file_with_runtime_dependencies(/home/samuele/dev/minar/minar-challenge-2/install/ct_control/share/colcon-core/packages/ct_control)
[5.001s] Level 1:colcon.colcon_core.environment:checking '/home/samuele/dev/minar/minar-challenge-2/install/ct_sensors' for CMake module files
[5.002s] DEBUG:colcon.colcon_core.event_handler.log_command:Invoked command in '/home/samuele/dev/minar/minar-challenge-2/src/ct_sensors' returned '0': DEBUGINFOD_URLS=https://debuginfod.ubuntu.com PYTHONPATH=/home/samuele/dev/minar/minar-challenge-2/build/ct_sensors/prefix_override:/usr/lib/python3/dist-packages/colcon_core/task/python/colcon_distutils_commands:/home/samuele/dev/minar/minar-challenge-2/install/ct_sensors/lib/python3.12/site-packages:${PYTHONPATH} /usr/bin/python3 -W ignore:setup.py install is deprecated -W ignore:easy_install command is deprecated setup.py egg_info --egg-base ../../build/ct_sensors build --build-base /home/samuele/dev/minar/minar-challenge-2/build/ct_sensors/build install --record /home/samuele/dev/minar/minar-challenge-2/build/ct_sensors/install.log --single-version-externally-managed install_data
[5.002s] Level 1:colcon.colcon_core.environment:checking '/home/samuele/dev/minar/minar-challenge-2/install/ct_sensors' for CMake config files
[5.003s] Level 1:colcon.colcon_core.environment:checking '/home/samuele/dev/minar/minar-challenge-2/install/ct_sensors/lib'
[5.003s] Level 1:colcon.colcon_core.environment:checking '/home/samuele/dev/minar/minar-challenge-2/install/ct_sensors/bin'
[5.003s] Level 1:colcon.colcon_core.environment:checking '/home/samuele/dev/minar/minar-challenge-2/install/ct_sensors/lib/pkgconfig/ct_sensors.pc'
[5.003s] Level 1:colcon.colcon_core.environment:checking '/home/samuele/dev/minar/minar-challenge-2/install/ct_sensors/lib/python3.12/site-packages'
[5.003s] Level 1:colcon.colcon_core.shell:create_environment_hook('ct_sensors', 'pythonpath')
[5.004s] INFO:colcon.colcon_core.shell:Creating environment descriptor '/home/samuele/dev/minar/minar-challenge-2/install/ct_sensors/share/ct_sensors/hook/pythonpath.dsv'
[5.004s] INFO:colcon.colcon_core.shell:Creating environment hook '/home/samuele/dev/minar/minar-challenge-2/install/ct_sensors/share/ct_sensors/hook/pythonpath.sh'
[5.005s] Level 1:colcon.colcon_core.environment:checking '/home/samuele/dev/minar/minar-challenge-2/install/ct_sensors/bin'
[5.005s] Level 1:colcon.colcon_core.environment:create_environment_scripts_only(ct_sensors)
[5.005s] INFO:colcon.colcon_core.shell:Creating package descriptor '/home/samuele/dev/minar/minar-challenge-2/install/ct_sensors/share/ct_sensors/package.dsv'
[5.006s] INFO:colcon.colcon_core.shell:Creating package script '/home/samuele/dev/minar/minar-challenge-2/install/ct_sensors/share/ct_sensors/package.sh'
[5.006s] INFO:colcon.colcon_core.shell:Creating package script '/home/samuele/dev/minar/minar-challenge-2/install/ct_sensors/share/ct_sensors/package.bash'
[5.007s] INFO:colcon.colcon_core.shell:Creating package script '/home/samuele/dev/minar/minar-challenge-2/install/ct_sensors/share/ct_sensors/package.zsh'
[5.007s] Level 1:colcon.colcon_core.environment:create_file_with_runtime_dependencies(/home/samuele/dev/minar/minar-challenge-2/install/ct_sensors/share/colcon-core/packages/ct_sensors)
[5.007s] DEBUG:colcon.colcon_parallel_executor.executor.parallel:closing loop
[5.007s] DEBUG:colcon.colcon_parallel_executor.executor.parallel:loop closed
[5.008s] DEBUG:colcon.colcon_parallel_executor.executor.parallel:run_until_complete finished with '0'
[5.008s] DEBUG:colcon.colcon_core.event_reactor:joining thread
[5.014s] INFO:colcon.colcon_core.plugin_system:Skipping extension 'colcon_notification.desktop_notification.terminal_notifier': Not used on non-Darwin systems
[5.014s] INFO:colcon.colcon_core.plugin_system:Skipping extension 'colcon_notification.desktop_notification.win32': Not used on non-Windows systems
[5.014s] INFO:colcon.colcon_notification.desktop_notification:Sending desktop notification using 'notify2'
[5.030s] DEBUG:colcon.colcon_core.event_reactor:joined thread
[5.031s] INFO:colcon.colcon_core.shell:Creating prefix script '/home/samuele/dev/minar/minar-challenge-2/install/local_setup.sh'
[5.032s] INFO:colcon.colcon_core.shell:Creating prefix util module '/home/samuele/dev/minar/minar-challenge-2/install/_local_setup_util_sh.py'
[5.033s] INFO:colcon.colcon_core.shell:Creating prefix chain script '/home/samuele/dev/minar/minar-challenge-2/install/setup.sh'
[5.035s] INFO:colcon.colcon_core.shell:Creating prefix script '/home/samuele/dev/minar/minar-challenge-2/install/local_setup.bash'
[5.035s] INFO:colcon.colcon_core.shell:Creating prefix chain script '/home/samuele/dev/minar/minar-challenge-2/install/setup.bash'
[5.036s] INFO:colcon.colcon_core.shell:Creating prefix script '/home/samuele/dev/minar/minar-challenge-2/install/local_setup.zsh'
[5.037s] INFO:colcon.colcon_core.shell:Creating prefix chain script '/home/samuele/dev/minar/minar-challenge-2/install/setup.zsh'
