[0.501s] Invoking command in '/home/samuele/dev/minar/minar-challenge-2/ros/build/ct_description': CMAKE_PREFIX_PATH=${CMAKE_PREFIX_PATH}:/home/samuele/dev/minar/minar-challenge-2/ros/install/ct_teleop:/home/samuele/dev/minar/minar-challenge-2/ros/install/ct_sensors:/home/samuele/dev/minar/minar-challenge-2/ros/install/ct_navigation:/home/samuele/dev/minar/minar-challenge-2/ros/install/ct_control:/home/samuele/dev/minar/minar-challenge-2/ros/install/ct_bringup:/opt/ros/jazzy DEBUGINFOD_URLS=https://debuginfod.ubuntu.com /usr/bin/cmake /home/samuele/dev/minar/minar-challenge-2/ros/src/ct_description -DCMAKE_INSTALL_PREFIX=/home/samuele/dev/minar/minar-challenge-2/ros/install/ct_description
[1.027s] -- The C compiler identification is GNU 13.3.0
[1.027s] -- The CXX compiler identification is GNU 13.3.0
[1.027s] -- Detecting C compiler ABI info
[1.027s] -- Detecting C compiler ABI info - done
[1.027s] -- Check for working C compiler: /usr/bin/cc - skipped
[1.027s] -- Detecting C compile features
[1.027s] -- Detecting C compile features - done
[1.027s] -- Detecting CXX compiler ABI info
[1.027s] -- Detecting CXX compiler ABI info - done
[1.027s] -- Check for working CXX compiler: /usr/bin/c++ - skipped
[1.028s] -- Detecting CXX compile features
[1.028s] -- Detecting CXX compile features - done
[1.028s] -- Found ament_cmake: 2.5.4 (/opt/ros/jazzy/share/ament_cmake/cmake)
[1.054s] -- Found Python3: /usr/bin/python3 (found version "3.12.3") found components: Interpreter 
[1.197s] -- Found ament_lint_auto: 0.17.3 (/opt/ros/jazzy/share/ament_lint_auto/cmake)
[1.360s] -- Added test 'lint_cmake' to check CMake code style
[1.362s] -- Added test 'xmllint' to check XML markup files
[1.365s] -- Configuring done (0.9s)
[1.370s] -- Generating done (0.0s)
[1.372s] -- Build files have been written to: /home/samuele/dev/minar/minar-challenge-2/ros/build/ct_description
[1.380s] Invoked command in '/home/samuele/dev/minar/minar-challenge-2/ros/build/ct_description' returned '0': CMAKE_PREFIX_PATH=${CMAKE_PREFIX_PATH}:/home/samuele/dev/minar/minar-challenge-2/ros/install/ct_teleop:/home/samuele/dev/minar/minar-challenge-2/ros/install/ct_sensors:/home/samuele/dev/minar/minar-challenge-2/ros/install/ct_navigation:/home/samuele/dev/minar/minar-challenge-2/ros/install/ct_control:/home/samuele/dev/minar/minar-challenge-2/ros/install/ct_bringup:/opt/ros/jazzy DEBUGINFOD_URLS=https://debuginfod.ubuntu.com /usr/bin/cmake /home/samuele/dev/minar/minar-challenge-2/ros/src/ct_description -DCMAKE_INSTALL_PREFIX=/home/samuele/dev/minar/minar-challenge-2/ros/install/ct_description
[1.382s] Invoking command in '/home/samuele/dev/minar/minar-challenge-2/ros/build/ct_description': CMAKE_PREFIX_PATH=${CMAKE_PREFIX_PATH}:/home/samuele/dev/minar/minar-challenge-2/ros/install/ct_teleop:/home/samuele/dev/minar/minar-challenge-2/ros/install/ct_sensors:/home/samuele/dev/minar/minar-challenge-2/ros/install/ct_navigation:/home/samuele/dev/minar/minar-challenge-2/ros/install/ct_control:/home/samuele/dev/minar/minar-challenge-2/ros/install/ct_bringup:/opt/ros/jazzy DEBUGINFOD_URLS=https://debuginfod.ubuntu.com /usr/bin/cmake --build /home/samuele/dev/minar/minar-challenge-2/ros/build/ct_description -- -j8 -l8
[1.447s] Invoked command in '/home/samuele/dev/minar/minar-challenge-2/ros/build/ct_description' returned '0': CMAKE_PREFIX_PATH=${CMAKE_PREFIX_PATH}:/home/samuele/dev/minar/minar-challenge-2/ros/install/ct_teleop:/home/samuele/dev/minar/minar-challenge-2/ros/install/ct_sensors:/home/samuele/dev/minar/minar-challenge-2/ros/install/ct_navigation:/home/samuele/dev/minar/minar-challenge-2/ros/install/ct_control:/home/samuele/dev/minar/minar-challenge-2/ros/install/ct_bringup:/opt/ros/jazzy DEBUGINFOD_URLS=https://debuginfod.ubuntu.com /usr/bin/cmake --build /home/samuele/dev/minar/minar-challenge-2/ros/build/ct_description -- -j8 -l8
[1.460s] Invoking command in '/home/samuele/dev/minar/minar-challenge-2/ros/build/ct_description': CMAKE_PREFIX_PATH=${CMAKE_PREFIX_PATH}:/home/samuele/dev/minar/minar-challenge-2/ros/install/ct_teleop:/home/samuele/dev/minar/minar-challenge-2/ros/install/ct_sensors:/home/samuele/dev/minar/minar-challenge-2/ros/install/ct_navigation:/home/samuele/dev/minar/minar-challenge-2/ros/install/ct_control:/home/samuele/dev/minar/minar-challenge-2/ros/install/ct_bringup:/opt/ros/jazzy DEBUGINFOD_URLS=https://debuginfod.ubuntu.com /usr/bin/cmake --install /home/samuele/dev/minar/minar-challenge-2/ros/build/ct_description
[1.471s] -- Install configuration: ""
[1.471s] -- Installing: /home/samuele/dev/minar/minar-challenge-2/ros/install/ct_description/share/ct_description/urdf
[1.471s] -- Installing: /home/samuele/dev/minar/minar-challenge-2/ros/install/ct_description/share/ct_description/urdf/ct.urdf
[1.471s] -- Installing: /home/samuele/dev/minar/minar-challenge-2/ros/install/ct_description/share/ct_description/meshes
[1.472s] -- Installing: /home/samuele/dev/minar/minar-challenge-2/ros/install/ct_description/share/ct_description/launch
[1.472s] -- Installing: /home/samuele/dev/minar/minar-challenge-2/ros/install/ct_description/share/ament_index/resource_index/package_run_dependencies/ct_description
[1.472s] -- Installing: /home/samuele/dev/minar/minar-challenge-2/ros/install/ct_description/share/ament_index/resource_index/parent_prefix_path/ct_description
[1.472s] -- Installing: /home/samuele/dev/minar/minar-challenge-2/ros/install/ct_description/share/ct_description/environment/ament_prefix_path.sh
[1.472s] -- Installing: /home/samuele/dev/minar/minar-challenge-2/ros/install/ct_description/share/ct_description/environment/ament_prefix_path.dsv
[1.473s] -- Installing: /home/samuele/dev/minar/minar-challenge-2/ros/install/ct_description/share/ct_description/environment/path.sh
[1.473s] -- Installing: /home/samuele/dev/minar/minar-challenge-2/ros/install/ct_description/share/ct_description/environment/path.dsv
[1.473s] -- Installing: /home/samuele/dev/minar/minar-challenge-2/ros/install/ct_description/share/ct_description/local_setup.bash
[1.473s] -- Installing: /home/samuele/dev/minar/minar-challenge-2/ros/install/ct_description/share/ct_description/local_setup.sh
[1.474s] -- Installing: /home/samuele/dev/minar/minar-challenge-2/ros/install/ct_description/share/ct_description/local_setup.zsh
[1.474s] -- Installing: /home/samuele/dev/minar/minar-challenge-2/ros/install/ct_description/share/ct_description/local_setup.dsv
[1.474s] -- Installing: /home/samuele/dev/minar/minar-challenge-2/ros/install/ct_description/share/ct_description/package.dsv
[1.474s] -- Installing: /home/samuele/dev/minar/minar-challenge-2/ros/install/ct_description/share/ament_index/resource_index/packages/ct_description
[1.474s] -- Installing: /home/samuele/dev/minar/minar-challenge-2/ros/install/ct_description/share/ct_description/cmake/ct_descriptionConfig.cmake
[1.474s] -- Installing: /home/samuele/dev/minar/minar-challenge-2/ros/install/ct_description/share/ct_description/cmake/ct_descriptionConfig-version.cmake
[1.475s] -- Installing: /home/samuele/dev/minar/minar-challenge-2/ros/install/ct_description/share/ct_description/package.xml
[1.477s] Invoked command in '/home/samuele/dev/minar/minar-challenge-2/ros/build/ct_description' returned '0': CMAKE_PREFIX_PATH=${CMAKE_PREFIX_PATH}:/home/samuele/dev/minar/minar-challenge-2/ros/install/ct_teleop:/home/samuele/dev/minar/minar-challenge-2/ros/install/ct_sensors:/home/samuele/dev/minar/minar-challenge-2/ros/install/ct_navigation:/home/samuele/dev/minar/minar-challenge-2/ros/install/ct_control:/home/samuele/dev/minar/minar-challenge-2/ros/install/ct_bringup:/opt/ros/jazzy DEBUGINFOD_URLS=https://debuginfod.ubuntu.com /usr/bin/cmake --install /home/samuele/dev/minar/minar-challenge-2/ros/build/ct_description
