running egg_info
creating ../../build/ct_navigation/ct_navigation.egg-info
writing ../../build/ct_navigation/ct_navigation.egg-info/PKG-INFO
writing dependency_links to ../../build/ct_navigation/ct_navigation.egg-info/dependency_links.txt
writing requirements to ../../build/ct_navigation/ct_navigation.egg-info/requires.txt
writing top-level names to ../../build/ct_navigation/ct_navigation.egg-info/top_level.txt
writing manifest file '../../build/ct_navigation/ct_navigation.egg-info/SOURCES.txt'
reading manifest file '../../build/ct_navigation/ct_navigation.egg-info/SOURCES.txt'
writing manifest file '../../build/ct_navigation/ct_navigation.egg-info/SOURCES.txt'
running build
running build_py
creating /home/samuele/dev/minar/minar-challenge-2/ros/build/ct_navigation/build
creating /home/samuele/dev/minar/minar-challenge-2/ros/build/ct_navigation/build/lib
creating /home/samuele/dev/minar/minar-challenge-2/ros/build/ct_navigation/build/lib/ct_navigation
copying ct_navigation/__init__.py -> /home/samuele/dev/minar/minar-challenge-2/ros/build/ct_navigation/build/lib/ct_navigation
running install
running install_lib
creating /home/samuele/dev/minar/minar-challenge-2/ros/install/ct_navigation/lib/python3.12/site-packages/ct_navigation
copying /home/samuele/dev/minar/minar-challenge-2/ros/build/ct_navigation/build/lib/ct_navigation/__init__.py -> /home/samuele/dev/minar/minar-challenge-2/ros/install/ct_navigation/lib/python3.12/site-packages/ct_navigation
byte-compiling /home/samuele/dev/minar/minar-challenge-2/ros/install/ct_navigation/lib/python3.12/site-packages/ct_navigation/__init__.py to __init__.cpython-312.pyc
running install_data
creating /home/samuele/dev/minar/minar-challenge-2/ros/install/ct_navigation/share/ament_index
creating /home/samuele/dev/minar/minar-challenge-2/ros/install/ct_navigation/share/ament_index/resource_index
creating /home/samuele/dev/minar/minar-challenge-2/ros/install/ct_navigation/share/ament_index/resource_index/packages
copying resource/ct_navigation -> /home/samuele/dev/minar/minar-challenge-2/ros/install/ct_navigation/share/ament_index/resource_index/packages
copying package.xml -> /home/samuele/dev/minar/minar-challenge-2/ros/install/ct_navigation/share/ct_navigation
running install_egg_info
Copying ../../build/ct_navigation/ct_navigation.egg-info to /home/samuele/dev/minar/minar-challenge-2/ros/install/ct_navigation/lib/python3.12/site-packages/ct_navigation-0.0.0-py3.12.egg-info
running install_scripts
writing list of installed files to '/home/samuele/dev/minar/minar-challenge-2/ros/build/ct_navigation/install.log'
