[2.151s] Invoking command in '/home/samuele/dev/minar/minar-challenge-2/ros/src/ct_navigation': DEBUGINFOD_URLS=https://debuginfod.ubuntu.com PYTHONPATH=/home/samuele/dev/minar/minar-challenge-2/ros/build/ct_navigation/prefix_override:/usr/lib/python3/dist-packages/colcon_core/task/python/colcon_distutils_commands:/home/samuele/dev/minar/minar-challenge-2/ros/install/ct_navigation/lib/python3.12/site-packages:${PYTHONPATH} /usr/bin/python3 -W ignore:setup.py install is deprecated -W ignore:easy_install command is deprecated setup.py egg_info --egg-base ../../build/ct_navigation build --build-base /home/samuele/dev/minar/minar-challenge-2/ros/build/ct_navigation/build install --record /home/samuele/dev/minar/minar-challenge-2/ros/build/ct_navigation/install.log --single-version-externally-managed install_data
[2.531s] running egg_info
[2.532s] creating ../../build/ct_navigation/ct_navigation.egg-info
[2.556s] writing ../../build/ct_navigation/ct_navigation.egg-info/PKG-INFO
[2.557s] writing dependency_links to ../../build/ct_navigation/ct_navigation.egg-info/dependency_links.txt
[2.557s] writing requirements to ../../build/ct_navigation/ct_navigation.egg-info/requires.txt
[2.557s] writing top-level names to ../../build/ct_navigation/ct_navigation.egg-info/top_level.txt
[2.557s] writing manifest file '../../build/ct_navigation/ct_navigation.egg-info/SOURCES.txt'
[2.610s] reading manifest file '../../build/ct_navigation/ct_navigation.egg-info/SOURCES.txt'
[2.611s] writing manifest file '../../build/ct_navigation/ct_navigation.egg-info/SOURCES.txt'
[2.611s] running build
[2.611s] running build_py
[2.611s] creating /home/samuele/dev/minar/minar-challenge-2/ros/build/ct_navigation/build
[2.612s] creating /home/samuele/dev/minar/minar-challenge-2/ros/build/ct_navigation/build/lib
[2.612s] creating /home/samuele/dev/minar/minar-challenge-2/ros/build/ct_navigation/build/lib/ct_navigation
[2.612s] copying ct_navigation/__init__.py -> /home/samuele/dev/minar/minar-challenge-2/ros/build/ct_navigation/build/lib/ct_navigation
[2.612s] running install
[2.620s] running install_lib
[2.645s] creating /home/samuele/dev/minar/minar-challenge-2/ros/install/ct_navigation/lib/python3.12/site-packages/ct_navigation
[2.645s] copying /home/samuele/dev/minar/minar-challenge-2/ros/build/ct_navigation/build/lib/ct_navigation/__init__.py -> /home/samuele/dev/minar/minar-challenge-2/ros/install/ct_navigation/lib/python3.12/site-packages/ct_navigation
[2.646s] byte-compiling /home/samuele/dev/minar/minar-challenge-2/ros/install/ct_navigation/lib/python3.12/site-packages/ct_navigation/__init__.py to __init__.cpython-312.pyc
[2.647s] running install_data
[2.647s] creating /home/samuele/dev/minar/minar-challenge-2/ros/install/ct_navigation/share/ament_index
[2.647s] creating /home/samuele/dev/minar/minar-challenge-2/ros/install/ct_navigation/share/ament_index/resource_index
[2.647s] creating /home/samuele/dev/minar/minar-challenge-2/ros/install/ct_navigation/share/ament_index/resource_index/packages
[2.647s] copying resource/ct_navigation -> /home/samuele/dev/minar/minar-challenge-2/ros/install/ct_navigation/share/ament_index/resource_index/packages
[2.648s] copying package.xml -> /home/samuele/dev/minar/minar-challenge-2/ros/install/ct_navigation/share/ct_navigation
[2.648s] running install_egg_info
[2.674s] Copying ../../build/ct_navigation/ct_navigation.egg-info to /home/samuele/dev/minar/minar-challenge-2/ros/install/ct_navigation/lib/python3.12/site-packages/ct_navigation-0.0.0-py3.12.egg-info
[2.675s] running install_scripts
[2.854s] writing list of installed files to '/home/samuele/dev/minar/minar-challenge-2/ros/build/ct_navigation/install.log'
[2.901s] Invoked command in '/home/samuele/dev/minar/minar-challenge-2/ros/src/ct_navigation' returned '0': DEBUGINFOD_URLS=https://debuginfod.ubuntu.com PYTHONPATH=/home/samuele/dev/minar/minar-challenge-2/ros/build/ct_navigation/prefix_override:/usr/lib/python3/dist-packages/colcon_core/task/python/colcon_distutils_commands:/home/samuele/dev/minar/minar-challenge-2/ros/install/ct_navigation/lib/python3.12/site-packages:${PYTHONPATH} /usr/bin/python3 -W ignore:setup.py install is deprecated -W ignore:easy_install command is deprecated setup.py egg_info --egg-base ../../build/ct_navigation build --build-base /home/samuele/dev/minar/minar-challenge-2/ros/build/ct_navigation/build install --record /home/samuele/dev/minar/minar-challenge-2/ros/build/ct_navigation/install.log --single-version-externally-managed install_data
