[0.542s] Invoking command in '/home/samuele/dev/minar/minar-challenge-2/build/ct_description': CMAKE_PREFIX_PATH=${CMAKE_PREFIX_PATH}:/home/samuele/dev/minar/minar-challenge-2/src/install/ct_teleop:/home/samuele/dev/minar/minar-challenge-2/src/install/ct_sensors:/home/samuele/dev/minar/minar-challenge-2/src/install/ct_navigation:/home/samuele/dev/minar/minar-challenge-2/src/install/ct_control:/home/samuele/dev/minar/minar-challenge-2/src/install/ct_bringup:/home/samuele/dev/minar/minar-challenge-2/install/ct_teleop:/home/samuele/dev/minar/minar-challenge-2/install/ct_sensors:/home/samuele/dev/minar/minar-challenge-2/install/ct_navigation:/home/samuele/dev/minar/minar-challenge-2/install/ct_control:/home/samuele/dev/minar/minar-challenge-2/install/ct_bringup:/opt/ros/jazzy DEBUGINFOD_URLS=https://debuginfod.ubuntu.com /usr/bin/cmake --build /home/samuele/dev/minar/minar-challenge-2/build/ct_description -- -j8 -l8
[1.288s] Invoked command in '/home/samuele/dev/minar/minar-challenge-2/build/ct_description' returned '0': CMAKE_PREFIX_PATH=${CMAKE_PREFIX_PATH}:/home/samuele/dev/minar/minar-challenge-2/src/install/ct_teleop:/home/samuele/dev/minar/minar-challenge-2/src/install/ct_sensors:/home/samuele/dev/minar/minar-challenge-2/src/install/ct_navigation:/home/samuele/dev/minar/minar-challenge-2/src/install/ct_control:/home/samuele/dev/minar/minar-challenge-2/src/install/ct_bringup:/home/samuele/dev/minar/minar-challenge-2/install/ct_teleop:/home/samuele/dev/minar/minar-challenge-2/install/ct_sensors:/home/samuele/dev/minar/minar-challenge-2/install/ct_navigation:/home/samuele/dev/minar/minar-challenge-2/install/ct_control:/home/samuele/dev/minar/minar-challenge-2/install/ct_bringup:/opt/ros/jazzy DEBUGINFOD_URLS=https://debuginfod.ubuntu.com /usr/bin/cmake --build /home/samuele/dev/minar/minar-challenge-2/build/ct_description -- -j8 -l8
[1.300s] Invoking command in '/home/samuele/dev/minar/minar-challenge-2/build/ct_description': CMAKE_PREFIX_PATH=${CMAKE_PREFIX_PATH}:/home/samuele/dev/minar/minar-challenge-2/src/install/ct_teleop:/home/samuele/dev/minar/minar-challenge-2/src/install/ct_sensors:/home/samuele/dev/minar/minar-challenge-2/src/install/ct_navigation:/home/samuele/dev/minar/minar-challenge-2/src/install/ct_control:/home/samuele/dev/minar/minar-challenge-2/src/install/ct_bringup:/home/samuele/dev/minar/minar-challenge-2/install/ct_teleop:/home/samuele/dev/minar/minar-challenge-2/install/ct_sensors:/home/samuele/dev/minar/minar-challenge-2/install/ct_navigation:/home/samuele/dev/minar/minar-challenge-2/install/ct_control:/home/samuele/dev/minar/minar-challenge-2/install/ct_bringup:/opt/ros/jazzy DEBUGINFOD_URLS=https://debuginfod.ubuntu.com /usr/bin/cmake --install /home/samuele/dev/minar/minar-challenge-2/build/ct_description
[1.310s] -- Install configuration: ""
[1.311s] -- Execute custom install script
[1.313s] -- Up-to-date symlink: /home/samuele/dev/minar/minar-challenge-2/install/ct_description/share/ct_description/urdf/ct.urdf
[1.313s] -- Up-to-date symlink: /home/samuele/dev/minar/minar-challenge-2/install/ct_description/share/ament_index/resource_index/package_run_dependencies/ct_description
[1.314s] -- Up-to-date symlink: /home/samuele/dev/minar/minar-challenge-2/install/ct_description/share/ament_index/resource_index/parent_prefix_path/ct_description
[1.314s] -- Up-to-date symlink: /home/samuele/dev/minar/minar-challenge-2/install/ct_description/share/ct_description/environment/ament_prefix_path.sh
[1.315s] -- Up-to-date symlink: /home/samuele/dev/minar/minar-challenge-2/install/ct_description/share/ct_description/environment/ament_prefix_path.dsv
[1.315s] -- Up-to-date symlink: /home/samuele/dev/minar/minar-challenge-2/install/ct_description/share/ct_description/environment/path.sh
[1.319s] -- Up-to-date symlink: /home/samuele/dev/minar/minar-challenge-2/install/ct_description/share/ct_description/environment/path.dsv
[1.319s] -- Up-to-date symlink: /home/samuele/dev/minar/minar-challenge-2/install/ct_description/share/ct_description/local_setup.bash
[1.319s] -- Up-to-date symlink: /home/samuele/dev/minar/minar-challenge-2/install/ct_description/share/ct_description/local_setup.sh
[1.319s] -- Up-to-date symlink: /home/samuele/dev/minar/minar-challenge-2/install/ct_description/share/ct_description/local_setup.zsh
[1.319s] -- Up-to-date symlink: /home/samuele/dev/minar/minar-challenge-2/install/ct_description/share/ct_description/local_setup.dsv
[1.319s] -- Symlinking: /home/samuele/dev/minar/minar-challenge-2/install/ct_description/share/ct_description/package.dsv
[1.333s] -- Up-to-date symlink: /home/samuele/dev/minar/minar-challenge-2/install/ct_description/share/ament_index/resource_index/packages/ct_description
[1.334s] -- Up-to-date symlink: /home/samuele/dev/minar/minar-challenge-2/install/ct_description/share/ct_description/cmake/ct_descriptionConfig.cmake
[1.336s] -- Up-to-date symlink: /home/samuele/dev/minar/minar-challenge-2/install/ct_description/share/ct_description/cmake/ct_descriptionConfig-version.cmake
[1.337s] -- Up-to-date symlink: /home/samuele/dev/minar/minar-challenge-2/install/ct_description/share/ct_description/package.xml
[1.342s] Invoked command in '/home/samuele/dev/minar/minar-challenge-2/build/ct_description' returned '0': CMAKE_PREFIX_PATH=${CMAKE_PREFIX_PATH}:/home/samuele/dev/minar/minar-challenge-2/src/install/ct_teleop:/home/samuele/dev/minar/minar-challenge-2/src/install/ct_sensors:/home/samuele/dev/minar/minar-challenge-2/src/install/ct_navigation:/home/samuele/dev/minar/minar-challenge-2/src/install/ct_control:/home/samuele/dev/minar/minar-challenge-2/src/install/ct_bringup:/home/samuele/dev/minar/minar-challenge-2/install/ct_teleop:/home/samuele/dev/minar/minar-challenge-2/install/ct_sensors:/home/samuele/dev/minar/minar-challenge-2/install/ct_navigation:/home/samuele/dev/minar/minar-challenge-2/install/ct_control:/home/samuele/dev/minar/minar-challenge-2/install/ct_bringup:/opt/ros/jazzy DEBUGINFOD_URLS=https://debuginfod.ubuntu.com /usr/bin/cmake --install /home/samuele/dev/minar/minar-challenge-2/build/ct_description
