running develop
running egg_info
creating ct_bringup.egg-info
writing ct_bringup.egg-info/PKG-INFO
writing dependency_links to ct_bringup.egg-info/dependency_links.txt
writing requirements to ct_bringup.egg-info/requires.txt
writing top-level names to ct_bringup.egg-info/top_level.txt
writing manifest file 'ct_bringup.egg-info/SOURCES.txt'
reading manifest file 'ct_bringup.egg-info/SOURCES.txt'
writing manifest file 'ct_bringup.egg-info/SOURCES.txt'
running build_ext
Creating /home/samuele/dev/minar/minar-challenge-2/install/ct_bringup/lib/python3.12/site-packages/ct-bringup.egg-link (link to .)

Installed /home/samuele/dev/minar/minar-challenge-2/build/ct_bringup
running symlink_data
creating /home/samuele/dev/minar/minar-challenge-2/install/ct_bringup/share/ament_index
creating /home/samuele/dev/minar/minar-challenge-2/install/ct_bringup/share/ament_index/resource_index
creating /home/samuele/dev/minar/minar-challenge-2/install/ct_bringup/share/ament_index/resource_index/packages
symbolically linking /home/samuele/dev/minar/minar-challenge-2/build/ct_bringup/resource/ct_bringup -> /home/samuele/dev/minar/minar-challenge-2/install/ct_bringup/share/ament_index/resource_index/packages
symbolically linking /home/samuele/dev/minar/minar-challenge-2/build/ct_bringup/package.xml -> /home/samuele/dev/minar/minar-challenge-2/install/ct_bringup/share/ct_bringup
creating /home/samuele/dev/minar/minar-challenge-2/install/ct_bringup/share/ct_bringup/launch
symbolically linking /home/samuele/dev/minar/minar-challenge-2/build/ct_bringup/launch/bringup.launch.py -> /home/samuele/dev/minar/minar-challenge-2/install/ct_bringup/share/ct_bringup/launch
creating /home/samuele/dev/minar/minar-challenge-2/install/ct_bringup/share/ct_bringup/config
