[1.450s] Invoking command in '/home/samuele/dev/minar/minar-challenge-2/build/rplidar_ros': CMAKE_PREFIX_PATH=${CMAKE_PREFIX_PATH}:/home/samuele/dev/minar/minar-challenge-2/src/install/ct_teleop:/home/samuele/dev/minar/minar-challenge-2/src/install/ct_sensors:/home/samuele/dev/minar/minar-challenge-2/src/install/ct_navigation:/home/samuele/dev/minar/minar-challenge-2/src/install/ct_control:/home/samuele/dev/minar/minar-challenge-2/src/install/ct_bringup:/home/samuele/dev/minar/minar-challenge-2/install/ct_teleop:/home/samuele/dev/minar/minar-challenge-2/install/ct_sensors:/home/samuele/dev/minar/minar-challenge-2/install/ct_navigation:/home/samuele/dev/minar/minar-challenge-2/install/ct_control:/home/samuele/dev/minar/minar-challenge-2/install/ct_bringup:/opt/ros/jazzy DEBUGINFOD_URLS=https://debuginfod.ubuntu.com /usr/bin/cmake --build /home/samuele/dev/minar/minar-challenge-2/build/rplidar_ros -- -j8 -l8
[1.621s] [  5%] Built target rplidar_client
[1.646s] [ 52%] Built target rplidar_node
[1.656s] [100%] Built target rplidar_composition
[1.690s] Invoked command in '/home/samuele/dev/minar/minar-challenge-2/build/rplidar_ros' returned '0': CMAKE_PREFIX_PATH=${CMAKE_PREFIX_PATH}:/home/samuele/dev/minar/minar-challenge-2/src/install/ct_teleop:/home/samuele/dev/minar/minar-challenge-2/src/install/ct_sensors:/home/samuele/dev/minar/minar-challenge-2/src/install/ct_navigation:/home/samuele/dev/minar/minar-challenge-2/src/install/ct_control:/home/samuele/dev/minar/minar-challenge-2/src/install/ct_bringup:/home/samuele/dev/minar/minar-challenge-2/install/ct_teleop:/home/samuele/dev/minar/minar-challenge-2/install/ct_sensors:/home/samuele/dev/minar/minar-challenge-2/install/ct_navigation:/home/samuele/dev/minar/minar-challenge-2/install/ct_control:/home/samuele/dev/minar/minar-challenge-2/install/ct_bringup:/opt/ros/jazzy DEBUGINFOD_URLS=https://debuginfod.ubuntu.com /usr/bin/cmake --build /home/samuele/dev/minar/minar-challenge-2/build/rplidar_ros -- -j8 -l8
[1.693s] Invoking command in '/home/samuele/dev/minar/minar-challenge-2/build/rplidar_ros': CMAKE_PREFIX_PATH=${CMAKE_PREFIX_PATH}:/home/samuele/dev/minar/minar-challenge-2/src/install/ct_teleop:/home/samuele/dev/minar/minar-challenge-2/src/install/ct_sensors:/home/samuele/dev/minar/minar-challenge-2/src/install/ct_navigation:/home/samuele/dev/minar/minar-challenge-2/src/install/ct_control:/home/samuele/dev/minar/minar-challenge-2/src/install/ct_bringup:/home/samuele/dev/minar/minar-challenge-2/install/ct_teleop:/home/samuele/dev/minar/minar-challenge-2/install/ct_sensors:/home/samuele/dev/minar/minar-challenge-2/install/ct_navigation:/home/samuele/dev/minar/minar-challenge-2/install/ct_control:/home/samuele/dev/minar/minar-challenge-2/install/ct_bringup:/opt/ros/jazzy DEBUGINFOD_URLS=https://debuginfod.ubuntu.com /usr/bin/cmake --install /home/samuele/dev/minar/minar-challenge-2/build/rplidar_ros
[1.713s] -- Install configuration: ""
[1.716s] -- Execute custom install script
[1.717s] -- Up-to-date symlink: /home/samuele/dev/minar/minar-challenge-2/install/rplidar_ros/share/rplidar_ros/launch/rplidar_a1_launch.py
[1.718s] -- Up-to-date symlink: /home/samuele/dev/minar/minar-challenge-2/install/rplidar_ros/share/rplidar_ros/launch/rplidar_a2m12_launch.py
[1.719s] -- Up-to-date symlink: /home/samuele/dev/minar/minar-challenge-2/install/rplidar_ros/share/rplidar_ros/launch/rplidar_a2m7_launch.py
[1.720s] -- Up-to-date symlink: /home/samuele/dev/minar/minar-challenge-2/install/rplidar_ros/share/rplidar_ros/launch/rplidar_a2m8_launch.py
[1.720s] -- Up-to-date symlink: /home/samuele/dev/minar/minar-challenge-2/install/rplidar_ros/share/rplidar_ros/launch/rplidar_a3_launch.py
[1.721s] -- Up-to-date symlink: /home/samuele/dev/minar/minar-challenge-2/install/rplidar_ros/share/rplidar_ros/launch/rplidar_c1_launch.py
[1.722s] -- Up-to-date symlink: /home/samuele/dev/minar/minar-challenge-2/install/rplidar_ros/share/rplidar_ros/launch/rplidar_s1_launch.py
[1.724s] -- Up-to-date symlink: /home/samuele/dev/minar/minar-challenge-2/install/rplidar_ros/share/rplidar_ros/launch/rplidar_s1_tcp_launch.py
[1.726s] -- Up-to-date symlink: /home/samuele/dev/minar/minar-challenge-2/install/rplidar_ros/share/rplidar_ros/launch/rplidar_s2_launch.py
[1.727s] -- Up-to-date symlink: /home/samuele/dev/minar/minar-challenge-2/install/rplidar_ros/share/rplidar_ros/launch/rplidar_s2e_launch.py
[1.727s] -- Up-to-date symlink: /home/samuele/dev/minar/minar-challenge-2/install/rplidar_ros/share/rplidar_ros/launch/rplidar_s3_launch.py
[1.729s] -- Up-to-date symlink: /home/samuele/dev/minar/minar-challenge-2/install/rplidar_ros/share/rplidar_ros/launch/rplidar_t1_launch.py
[1.729s] -- Up-to-date symlink: /home/samuele/dev/minar/minar-challenge-2/install/rplidar_ros/share/rplidar_ros/launch/view_rplidar_a1_launch.py
[1.729s] -- Up-to-date symlink: /home/samuele/dev/minar/minar-challenge-2/install/rplidar_ros/share/rplidar_ros/launch/view_rplidar_a2m12_launch.py
[1.730s] -- Up-to-date symlink: /home/samuele/dev/minar/minar-challenge-2/install/rplidar_ros/share/rplidar_ros/launch/view_rplidar_a2m7_launch.py
[1.730s] -- Up-to-date symlink: /home/samuele/dev/minar/minar-challenge-2/install/rplidar_ros/share/rplidar_ros/launch/view_rplidar_a2m8_launch.py
[1.730s] -- Up-to-date symlink: /home/samuele/dev/minar/minar-challenge-2/install/rplidar_ros/share/rplidar_ros/launch/view_rplidar_a3_launch.py
[1.730s] -- Up-to-date symlink: /home/samuele/dev/minar/minar-challenge-2/install/rplidar_ros/share/rplidar_ros/launch/view_rplidar_c1_launch.py
[1.731s] -- Up-to-date symlink: /home/samuele/dev/minar/minar-challenge-2/install/rplidar_ros/share/rplidar_ros/launch/view_rplidar_s1_launch.py
[1.731s] -- Up-to-date symlink: /home/samuele/dev/minar/minar-challenge-2/install/rplidar_ros/share/rplidar_ros/launch/view_rplidar_s1_tcp_launch.py
[1.731s] -- Up-to-date symlink: /home/samuele/dev/minar/minar-challenge-2/install/rplidar_ros/share/rplidar_ros/launch/view_rplidar_s2_launch.py
[1.731s] -- Up-to-date symlink: /home/samuele/dev/minar/minar-challenge-2/install/rplidar_ros/share/rplidar_ros/launch/view_rplidar_s2e_launch.py
[1.731s] -- Up-to-date symlink: /home/samuele/dev/minar/minar-challenge-2/install/rplidar_ros/share/rplidar_ros/launch/view_rplidar_s3_launch.py
[1.732s] -- Up-to-date symlink: /home/samuele/dev/minar/minar-challenge-2/install/rplidar_ros/share/rplidar_ros/launch/view_rplidar_t1_launch.py
[1.732s] -- Up-to-date symlink: /home/samuele/dev/minar/minar-challenge-2/install/rplidar_ros/share/rplidar_ros/rviz/rplidar_ros.rviz
[1.732s] -- Up-to-date symlink: /home/samuele/dev/minar/minar-challenge-2/install/rplidar_ros/lib/rplidar_ros/rplidar_node
[1.732s] -- Up-to-date symlink: /home/samuele/dev/minar/minar-challenge-2/install/rplidar_ros/lib/rplidar_ros/rplidar_composition
[1.732s] -- Up-to-date symlink: /home/samuele/dev/minar/minar-challenge-2/install/rplidar_ros/lib/rplidar_ros/rplidar_client
[1.735s] -- Up-to-date symlink: /home/samuele/dev/minar/minar-challenge-2/install/rplidar_ros/share/ament_index/resource_index/package_run_dependencies/rplidar_ros
[1.735s] -- Up-to-date symlink: /home/samuele/dev/minar/minar-challenge-2/install/rplidar_ros/share/ament_index/resource_index/parent_prefix_path/rplidar_ros
[1.736s] -- Up-to-date symlink: /home/samuele/dev/minar/minar-challenge-2/install/rplidar_ros/share/rplidar_ros/environment/ament_prefix_path.sh
[1.736s] -- Up-to-date symlink: /home/samuele/dev/minar/minar-challenge-2/install/rplidar_ros/share/rplidar_ros/environment/ament_prefix_path.dsv
[1.736s] -- Up-to-date symlink: /home/samuele/dev/minar/minar-challenge-2/install/rplidar_ros/share/rplidar_ros/environment/path.sh
[1.737s] -- Up-to-date symlink: /home/samuele/dev/minar/minar-challenge-2/install/rplidar_ros/share/rplidar_ros/environment/path.dsv
[1.738s] -- Up-to-date symlink: /home/samuele/dev/minar/minar-challenge-2/install/rplidar_ros/share/rplidar_ros/local_setup.bash
[1.738s] -- Up-to-date symlink: /home/samuele/dev/minar/minar-challenge-2/install/rplidar_ros/share/rplidar_ros/local_setup.sh
[1.738s] -- Up-to-date symlink: /home/samuele/dev/minar/minar-challenge-2/install/rplidar_ros/share/rplidar_ros/local_setup.zsh
[1.739s] -- Up-to-date symlink: /home/samuele/dev/minar/minar-challenge-2/install/rplidar_ros/share/rplidar_ros/local_setup.dsv
[1.739s] -- Symlinking: /home/samuele/dev/minar/minar-challenge-2/install/rplidar_ros/share/rplidar_ros/package.dsv
[1.778s] -- Up-to-date symlink: /home/samuele/dev/minar/minar-challenge-2/install/rplidar_ros/share/ament_index/resource_index/packages/rplidar_ros
[1.778s] -- Up-to-date symlink: /home/samuele/dev/minar/minar-challenge-2/install/rplidar_ros/share/rplidar_ros/cmake/ament_cmake_export_dependencies-extras.cmake
[1.779s] -- Up-to-date symlink: /home/samuele/dev/minar/minar-challenge-2/install/rplidar_ros/share/rplidar_ros/cmake/ament_cmake_export_include_directories-extras.cmake
[1.780s] -- Up-to-date symlink: /home/samuele/dev/minar/minar-challenge-2/install/rplidar_ros/share/rplidar_ros/cmake/rplidar_rosConfig.cmake
[1.782s] -- Up-to-date symlink: /home/samuele/dev/minar/minar-challenge-2/install/rplidar_ros/share/rplidar_ros/cmake/rplidar_rosConfig-version.cmake
[1.783s] -- Up-to-date symlink: /home/samuele/dev/minar/minar-challenge-2/install/rplidar_ros/share/rplidar_ros/package.xml
[1.792s] Invoked command in '/home/samuele/dev/minar/minar-challenge-2/build/rplidar_ros' returned '0': CMAKE_PREFIX_PATH=${CMAKE_PREFIX_PATH}:/home/samuele/dev/minar/minar-challenge-2/src/install/ct_teleop:/home/samuele/dev/minar/minar-challenge-2/src/install/ct_sensors:/home/samuele/dev/minar/minar-challenge-2/src/install/ct_navigation:/home/samuele/dev/minar/minar-challenge-2/src/install/ct_control:/home/samuele/dev/minar/minar-challenge-2/src/install/ct_bringup:/home/samuele/dev/minar/minar-challenge-2/install/ct_teleop:/home/samuele/dev/minar/minar-challenge-2/install/ct_sensors:/home/samuele/dev/minar/minar-challenge-2/install/ct_navigation:/home/samuele/dev/minar/minar-challenge-2/install/ct_control:/home/samuele/dev/minar/minar-challenge-2/install/ct_bringup:/opt/ros/jazzy DEBUGINFOD_URLS=https://debuginfod.ubuntu.com /usr/bin/cmake --install /home/samuele/dev/minar/minar-challenge-2/build/rplidar_ros
