[3.190s] Invoking command in '/home/samuele/dev/minar/minar-challenge-2/ros/src/build/ct_sensors': DEBUGINFOD_URLS=https://debuginfod.ubuntu.com PYTHONPATH=/home/samuele/dev/minar/minar-challenge-2/ros/src/build/ct_sensors/prefix_override:/usr/lib/python3/dist-packages/colcon_core/task/python/colcon_distutils_commands:/home/samuele/dev/minar/minar-challenge-2/ros/src/install/ct_sensors/lib/python3.12/site-packages:${PYTHONPATH} /usr/bin/python3 -W ignore:setup.py install is deprecated -W ignore:easy_install command is deprecated setup.py develop --editable --build-directory /home/samuele/dev/minar/minar-challenge-2/ros/src/build/ct_sensors/build --no-deps symlink_data
[3.936s] running develop
[4.398s] running egg_info
[4.399s] creating ct_sensors.egg-info
[4.456s] writing ct_sensors.egg-info/PKG-INFO
[4.457s] writing dependency_links to ct_sensors.egg-info/dependency_links.txt
[4.458s] writing requirements to ct_sensors.egg-info/requires.txt
[4.458s] writing top-level names to ct_sensors.egg-info/top_level.txt
[4.458s] writing manifest file 'ct_sensors.egg-info/SOURCES.txt'
[4.579s] reading manifest file 'ct_sensors.egg-info/SOURCES.txt'
[4.581s] writing manifest file 'ct_sensors.egg-info/SOURCES.txt'
[4.628s] running build_ext
[4.629s] Creating /home/samuele/dev/minar/minar-challenge-2/ros/src/install/ct_sensors/lib/python3.12/site-packages/ct-sensors.egg-link (link to .)
[4.631s] 
[4.632s] Installed /home/samuele/dev/minar/minar-challenge-2/ros/src/build/ct_sensors
[4.632s] running symlink_data
[4.632s] creating /home/samuele/dev/minar/minar-challenge-2/ros/src/install/ct_sensors/share/ament_index
[4.632s] creating /home/samuele/dev/minar/minar-challenge-2/ros/src/install/ct_sensors/share/ament_index/resource_index
[4.633s] creating /home/samuele/dev/minar/minar-challenge-2/ros/src/install/ct_sensors/share/ament_index/resource_index/packages
[4.633s] symbolically linking /home/samuele/dev/minar/minar-challenge-2/ros/src/build/ct_sensors/resource/ct_sensors -> /home/samuele/dev/minar/minar-challenge-2/ros/src/install/ct_sensors/share/ament_index/resource_index/packages
[4.633s] symbolically linking /home/samuele/dev/minar/minar-challenge-2/ros/src/build/ct_sensors/package.xml -> /home/samuele/dev/minar/minar-challenge-2/ros/src/install/ct_sensors/share/ct_sensors
[4.633s] creating /home/samuele/dev/minar/minar-challenge-2/ros/src/install/ct_sensors/share/ct_sensors/config
[4.633s] creating /home/samuele/dev/minar/minar-challenge-2/ros/src/install/ct_sensors/share/ct_sensors/launch
[4.720s] Invoked command in '/home/samuele/dev/minar/minar-challenge-2/ros/src/build/ct_sensors' returned '0': DEBUGINFOD_URLS=https://debuginfod.ubuntu.com PYTHONPATH=/home/samuele/dev/minar/minar-challenge-2/ros/src/build/ct_sensors/prefix_override:/usr/lib/python3/dist-packages/colcon_core/task/python/colcon_distutils_commands:/home/samuele/dev/minar/minar-challenge-2/ros/src/install/ct_sensors/lib/python3.12/site-packages:${PYTHONPATH} /usr/bin/python3 -W ignore:setup.py install is deprecated -W ignore:easy_install command is deprecated setup.py develop --editable --build-directory /home/samuele/dev/minar/minar-challenge-2/ros/src/build/ct_sensors/build --no-deps symlink_data
