[2.201s] Invoking command in '/home/samuele/dev/minar/minar-challenge-2/ros/src/ct_bringup': DEBUGINFOD_URLS=https://debuginfod.ubuntu.com PYTHONPATH=/home/samuele/dev/minar/minar-challenge-2/ros/build/ct_bringup/prefix_override:/usr/lib/python3/dist-packages/colcon_core/task/python/colcon_distutils_commands:/home/samuele/dev/minar/minar-challenge-2/ros/install/ct_bringup/lib/python3.12/site-packages:${PYTHONPATH} /usr/bin/python3 -W ignore:setup.py install is deprecated -W ignore:easy_install command is deprecated setup.py egg_info --egg-base ../../build/ct_bringup build --build-base /home/samuele/dev/minar/minar-challenge-2/ros/build/ct_bringup/build install --record /home/samuele/dev/minar/minar-challenge-2/ros/build/ct_bringup/install.log --single-version-externally-managed install_data
[2.598s] running egg_info
[2.624s] writing ../../build/ct_bringup/ct_bringup.egg-info/PKG-INFO
[2.625s] writing dependency_links to ../../build/ct_bringup/ct_bringup.egg-info/dependency_links.txt
[2.625s] writing entry points to ../../build/ct_bringup/ct_bringup.egg-info/entry_points.txt
[2.625s] writing requirements to ../../build/ct_bringup/ct_bringup.egg-info/requires.txt
[2.625s] writing top-level names to ../../build/ct_bringup/ct_bringup.egg-info/top_level.txt
[2.676s] reading manifest file '../../build/ct_bringup/ct_bringup.egg-info/SOURCES.txt'
[2.677s] writing manifest file '../../build/ct_bringup/ct_bringup.egg-info/SOURCES.txt'
[2.677s] running build
[2.677s] running build_py
[2.677s] copying ct_bringup/wheel_encoder_node.py -> /home/samuele/dev/minar/minar-challenge-2/ros/build/ct_bringup/build/lib/ct_bringup
[2.678s] copying ct_bringup/__init__.py -> /home/samuele/dev/minar/minar-challenge-2/ros/build/ct_bringup/build/lib/ct_bringup
[2.678s] running install
[2.687s] running install_lib
[2.728s] copying /home/samuele/dev/minar/minar-challenge-2/ros/build/ct_bringup/build/lib/ct_bringup/wheel_encoder_node.py -> /home/samuele/dev/minar/minar-challenge-2/ros/install/ct_bringup/lib/python3.12/site-packages/ct_bringup
[2.729s] copying /home/samuele/dev/minar/minar-challenge-2/ros/build/ct_bringup/build/lib/ct_bringup/__init__.py -> /home/samuele/dev/minar/minar-challenge-2/ros/install/ct_bringup/lib/python3.12/site-packages/ct_bringup
[2.729s] byte-compiling /home/samuele/dev/minar/minar-challenge-2/ros/install/ct_bringup/lib/python3.12/site-packages/ct_bringup/wheel_encoder_node.py to wheel_encoder_node.cpython-312.pyc
[2.731s] byte-compiling /home/samuele/dev/minar/minar-challenge-2/ros/install/ct_bringup/lib/python3.12/site-packages/ct_bringup/__init__.py to __init__.cpython-312.pyc
[2.732s] running install_data
[2.733s] copying launch/bringup.launch.py -> /home/samuele/dev/minar/minar-challenge-2/ros/install/ct_bringup/share/ct_bringup/launch
[2.733s] running install_egg_info
[2.775s] removing '/home/samuele/dev/minar/minar-challenge-2/ros/install/ct_bringup/lib/python3.12/site-packages/ct_bringup-0.0.0-py3.12.egg-info' (and everything under it)
[2.776s] Copying ../../build/ct_bringup/ct_bringup.egg-info to /home/samuele/dev/minar/minar-challenge-2/ros/install/ct_bringup/lib/python3.12/site-packages/ct_bringup-0.0.0-py3.12.egg-info
[2.779s] running install_scripts
[3.062s] Installing wheel_encoder_node script to /home/samuele/dev/minar/minar-challenge-2/ros/install/ct_bringup/lib/ct_bringup
[3.064s] writing list of installed files to '/home/samuele/dev/minar/minar-challenge-2/ros/build/ct_bringup/install.log'
[3.134s] Invoked command in '/home/samuele/dev/minar/minar-challenge-2/ros/src/ct_bringup' returned '0': DEBUGINFOD_URLS=https://debuginfod.ubuntu.com PYTHONPATH=/home/samuele/dev/minar/minar-challenge-2/ros/build/ct_bringup/prefix_override:/usr/lib/python3/dist-packages/colcon_core/task/python/colcon_distutils_commands:/home/samuele/dev/minar/minar-challenge-2/ros/install/ct_bringup/lib/python3.12/site-packages:${PYTHONPATH} /usr/bin/python3 -W ignore:setup.py install is deprecated -W ignore:easy_install command is deprecated setup.py egg_info --egg-base ../../build/ct_bringup build --build-base /home/samuele/dev/minar/minar-challenge-2/ros/build/ct_bringup/build install --record /home/samuele/dev/minar/minar-challenge-2/ros/build/ct_bringup/install.log --single-version-externally-managed install_data
