[1.216s] Invoking command in '/home/samuele/dev/minar/minar-challenge-2/src/build/rf2o_laser_odometry': CMAKE_PREFIX_PATH=${CMAKE_PREFIX_PATH}:/home/samuele/dev/minar/minar-challenge-2/install/ct_teleop:/home/samuele/dev/minar/minar-challenge-2/install/ct_sensors:/home/samuele/dev/minar/minar-challenge-2/install/ct_navigation:/home/samuele/dev/minar/minar-challenge-2/install/ct_control:/home/samuele/dev/minar/minar-challenge-2/install/ct_bringup:/opt/ros/jazzy DEBUGINFOD_URLS=https://debuginfod.ubuntu.com /usr/bin/cmake --build /home/samuele/dev/minar/minar-challenge-2/src/build/rf2o_laser_odometry -- -j8 -l8
[1.372s] [ 60%] Built target rf2o_laser_odometry_node
[1.374s] [100%] Built target rf2o_laser_odometry
[1.413s] Invoked command in '/home/samuele/dev/minar/minar-challenge-2/src/build/rf2o_laser_odometry' returned '0': CMAKE_PREFIX_PATH=${CMAKE_PREFIX_PATH}:/home/samuele/dev/minar/minar-challenge-2/install/ct_teleop:/home/samuele/dev/minar/minar-challenge-2/install/ct_sensors:/home/samuele/dev/minar/minar-challenge-2/install/ct_navigation:/home/samuele/dev/minar/minar-challenge-2/install/ct_control:/home/samuele/dev/minar/minar-challenge-2/install/ct_bringup:/opt/ros/jazzy DEBUGINFOD_URLS=https://debuginfod.ubuntu.com /usr/bin/cmake --build /home/samuele/dev/minar/minar-challenge-2/src/build/rf2o_laser_odometry -- -j8 -l8
[1.417s] Invoking command in '/home/samuele/dev/minar/minar-challenge-2/src/build/rf2o_laser_odometry': CMAKE_PREFIX_PATH=${CMAKE_PREFIX_PATH}:/home/samuele/dev/minar/minar-challenge-2/install/ct_teleop:/home/samuele/dev/minar/minar-challenge-2/install/ct_sensors:/home/samuele/dev/minar/minar-challenge-2/install/ct_navigation:/home/samuele/dev/minar/minar-challenge-2/install/ct_control:/home/samuele/dev/minar/minar-challenge-2/install/ct_bringup:/opt/ros/jazzy DEBUGINFOD_URLS=https://debuginfod.ubuntu.com /usr/bin/cmake --install /home/samuele/dev/minar/minar-challenge-2/src/build/rf2o_laser_odometry
[1.433s] -- Install configuration: ""
[1.434s] -- Execute custom install script
[1.436s] -- Up-to-date symlink: /home/samuele/dev/minar/minar-challenge-2/src/install/rf2o_laser_odometry/lib/rf2o_laser_odometry/rf2o_laser_odometry_node
[1.437s] -- Up-to-date symlink: /home/samuele/dev/minar/minar-challenge-2/src/install/rf2o_laser_odometry/share/rf2o_laser_odometry/launch/rf2o_laser_odometry.launch.py
[1.438s] -- Up-to-date symlink: /home/samuele/dev/minar/minar-challenge-2/src/install/rf2o_laser_odometry/share/ament_index/resource_index/package_run_dependencies/rf2o_laser_odometry
[1.439s] -- Up-to-date symlink: /home/samuele/dev/minar/minar-challenge-2/src/install/rf2o_laser_odometry/share/ament_index/resource_index/parent_prefix_path/rf2o_laser_odometry
[1.441s] -- Up-to-date symlink: /home/samuele/dev/minar/minar-challenge-2/src/install/rf2o_laser_odometry/share/rf2o_laser_odometry/environment/ament_prefix_path.sh
[1.442s] -- Up-to-date symlink: /home/samuele/dev/minar/minar-challenge-2/src/install/rf2o_laser_odometry/share/rf2o_laser_odometry/environment/ament_prefix_path.dsv
[1.452s] -- Up-to-date symlink: /home/samuele/dev/minar/minar-challenge-2/src/install/rf2o_laser_odometry/share/rf2o_laser_odometry/environment/path.sh
[1.455s] -- Up-to-date symlink: /home/samuele/dev/minar/minar-challenge-2/src/install/rf2o_laser_odometry/share/rf2o_laser_odometry/environment/path.dsv
[1.456s] -- Up-to-date symlink: /home/samuele/dev/minar/minar-challenge-2/src/install/rf2o_laser_odometry/share/rf2o_laser_odometry/local_setup.bash
[1.458s] -- Up-to-date symlink: /home/samuele/dev/minar/minar-challenge-2/src/install/rf2o_laser_odometry/share/rf2o_laser_odometry/local_setup.sh
[1.459s] -- Up-to-date symlink: /home/samuele/dev/minar/minar-challenge-2/src/install/rf2o_laser_odometry/share/rf2o_laser_odometry/local_setup.zsh
[1.462s] -- Up-to-date symlink: /home/samuele/dev/minar/minar-challenge-2/src/install/rf2o_laser_odometry/share/rf2o_laser_odometry/local_setup.dsv
[1.463s] -- Symlinking: /home/samuele/dev/minar/minar-challenge-2/src/install/rf2o_laser_odometry/share/rf2o_laser_odometry/package.dsv
[1.488s] -- Up-to-date symlink: /home/samuele/dev/minar/minar-challenge-2/src/install/rf2o_laser_odometry/share/ament_index/resource_index/packages/rf2o_laser_odometry
[1.488s] -- Up-to-date symlink: /home/samuele/dev/minar/minar-challenge-2/src/install/rf2o_laser_odometry/share/rf2o_laser_odometry/cmake/rf2o_laser_odometryConfig.cmake
[1.489s] -- Up-to-date symlink: /home/samuele/dev/minar/minar-challenge-2/src/install/rf2o_laser_odometry/share/rf2o_laser_odometry/cmake/rf2o_laser_odometryConfig-version.cmake
[1.489s] -- Up-to-date symlink: /home/samuele/dev/minar/minar-challenge-2/src/install/rf2o_laser_odometry/share/rf2o_laser_odometry/package.xml
[1.489s] Invoked command in '/home/samuele/dev/minar/minar-challenge-2/src/build/rf2o_laser_odometry' returned '0': CMAKE_PREFIX_PATH=${CMAKE_PREFIX_PATH}:/home/samuele/dev/minar/minar-challenge-2/install/ct_teleop:/home/samuele/dev/minar/minar-challenge-2/install/ct_sensors:/home/samuele/dev/minar/minar-challenge-2/install/ct_navigation:/home/samuele/dev/minar/minar-challenge-2/install/ct_control:/home/samuele/dev/minar/minar-challenge-2/install/ct_bringup:/opt/ros/jazzy DEBUGINFOD_URLS=https://debuginfod.ubuntu.com /usr/bin/cmake --install /home/samuele/dev/minar/minar-challenge-2/src/build/rf2o_laser_odometry
