[2.997s] Invoking command in '/home/samuele/dev/minar/minar-challenge-2/src/build/ct_bringup': DEBUGINFOD_URLS=https://debuginfod.ubuntu.com PYTHONPATH=/home/samuele/dev/minar/minar-challenge-2/src/build/ct_bringup/prefix_override:/usr/lib/python3/dist-packages/colcon_core/task/python/colcon_distutils_commands:/home/samuele/dev/minar/minar-challenge-2/src/install/ct_bringup/lib/python3.12/site-packages:${PYTHONPATH} /usr/bin/python3 -W ignore:setup.py install is deprecated -W ignore:easy_install command is deprecated setup.py develop --editable --build-directory /home/samuele/dev/minar/minar-challenge-2/src/build/ct_bringup/build --no-deps symlink_data
[3.741s] running develop
[4.239s] running egg_info
[4.243s] creating ct_bringup.egg-info
[4.298s] writing ct_bringup.egg-info/PKG-INFO
[4.300s] writing dependency_links to ct_bringup.egg-info/dependency_links.txt
[4.301s] writing requirements to ct_bringup.egg-info/requires.txt
[4.301s] writing top-level names to ct_bringup.egg-info/top_level.txt
[4.303s] writing manifest file 'ct_bringup.egg-info/SOURCES.txt'
[4.423s] reading manifest file 'ct_bringup.egg-info/SOURCES.txt'
[4.424s] writing manifest file 'ct_bringup.egg-info/SOURCES.txt'
[4.500s] running build_ext
[4.500s] Creating /home/samuele/dev/minar/minar-challenge-2/src/install/ct_bringup/lib/python3.12/site-packages/ct-bringup.egg-link (link to .)
[4.500s] 
[4.501s] Installed /home/samuele/dev/minar/minar-challenge-2/src/build/ct_bringup
[4.501s] running symlink_data
[4.501s] creating /home/samuele/dev/minar/minar-challenge-2/src/install/ct_bringup/share/ament_index
[4.501s] creating /home/samuele/dev/minar/minar-challenge-2/src/install/ct_bringup/share/ament_index/resource_index
[4.502s] creating /home/samuele/dev/minar/minar-challenge-2/src/install/ct_bringup/share/ament_index/resource_index/packages
[4.505s] symbolically linking /home/samuele/dev/minar/minar-challenge-2/src/build/ct_bringup/resource/ct_bringup -> /home/samuele/dev/minar/minar-challenge-2/src/install/ct_bringup/share/ament_index/resource_index/packages
[4.505s] symbolically linking /home/samuele/dev/minar/minar-challenge-2/src/build/ct_bringup/package.xml -> /home/samuele/dev/minar/minar-challenge-2/src/install/ct_bringup/share/ct_bringup
[4.505s] creating /home/samuele/dev/minar/minar-challenge-2/src/install/ct_bringup/share/ct_bringup/launch
[4.505s] symbolically linking /home/samuele/dev/minar/minar-challenge-2/src/build/ct_bringup/launch/bringup.launch.py -> /home/samuele/dev/minar/minar-challenge-2/src/install/ct_bringup/share/ct_bringup/launch
[4.505s] creating /home/samuele/dev/minar/minar-challenge-2/src/install/ct_bringup/share/ct_bringup/config
[4.507s] symbolically linking /home/samuele/dev/minar/minar-challenge-2/src/build/ct_bringup/config/slam_toolbox.yaml -> /home/samuele/dev/minar/minar-challenge-2/src/install/ct_bringup/share/ct_bringup/config
[4.683s] Invoked command in '/home/samuele/dev/minar/minar-challenge-2/src/build/ct_bringup' returned '0': DEBUGINFOD_URLS=https://debuginfod.ubuntu.com PYTHONPATH=/home/samuele/dev/minar/minar-challenge-2/src/build/ct_bringup/prefix_override:/usr/lib/python3/dist-packages/colcon_core/task/python/colcon_distutils_commands:/home/samuele/dev/minar/minar-challenge-2/src/install/ct_bringup/lib/python3.12/site-packages:${PYTHONPATH} /usr/bin/python3 -W ignore:setup.py install is deprecated -W ignore:easy_install command is deprecated setup.py develop --editable --build-directory /home/samuele/dev/minar/minar-challenge-2/src/build/ct_bringup/build --no-deps symlink_data
