[2.617s] Invoking command in '/home/samuele/dev/minar/minar-challenge-2/build/ct_navigation': DEBUGINFOD_URLS=https://debuginfod.ubuntu.com PYTHONPATH=/home/samuele/dev/minar/minar-challenge-2/build/ct_navigation/prefix_override:/usr/lib/python3/dist-packages/colcon_core/task/python/colcon_distutils_commands:/home/samuele/dev/minar/minar-challenge-2/install/ct_navigation/lib/python3.12/site-packages:${PYTHONPATH} /usr/bin/python3 -W ignore:setup.py install is deprecated -W ignore:easy_install command is deprecated setup.py develop --editable --build-directory /home/samuele/dev/minar/minar-challenge-2/build/ct_navigation/build --no-deps symlink_data
[3.361s] running develop
[3.873s] running egg_info
[3.873s] creating ct_navigation.egg-info
[3.926s] writing ct_navigation.egg-info/PKG-INFO
[3.926s] writing dependency_links to ct_navigation.egg-info/dependency_links.txt
[3.927s] writing requirements to ct_navigation.egg-info/requires.txt
[3.927s] writing top-level names to ct_navigation.egg-info/top_level.txt
[3.928s] writing manifest file 'ct_navigation.egg-info/SOURCES.txt'
[4.034s] reading manifest file 'ct_navigation.egg-info/SOURCES.txt'
[4.036s] writing manifest file 'ct_navigation.egg-info/SOURCES.txt'
[4.091s] running build_ext
[4.093s] Creating /home/samuele/dev/minar/minar-challenge-2/install/ct_navigation/lib/python3.12/site-packages/ct-navigation.egg-link (link to .)
[4.093s] 
[4.093s] Installed /home/samuele/dev/minar/minar-challenge-2/build/ct_navigation
[4.094s] running symlink_data
[4.094s] creating /home/samuele/dev/minar/minar-challenge-2/install/ct_navigation/share/ament_index
[4.094s] creating /home/samuele/dev/minar/minar-challenge-2/install/ct_navigation/share/ament_index/resource_index
[4.095s] creating /home/samuele/dev/minar/minar-challenge-2/install/ct_navigation/share/ament_index/resource_index/packages
[4.095s] symbolically linking /home/samuele/dev/minar/minar-challenge-2/build/ct_navigation/resource/ct_navigation -> /home/samuele/dev/minar/minar-challenge-2/install/ct_navigation/share/ament_index/resource_index/packages
[4.095s] symbolically linking /home/samuele/dev/minar/minar-challenge-2/build/ct_navigation/package.xml -> /home/samuele/dev/minar/minar-challenge-2/install/ct_navigation/share/ct_navigation
[4.174s] Invoked command in '/home/samuele/dev/minar/minar-challenge-2/build/ct_navigation' returned '0': DEBUGINFOD_URLS=https://debuginfod.ubuntu.com PYTHONPATH=/home/samuele/dev/minar/minar-challenge-2/build/ct_navigation/prefix_override:/usr/lib/python3/dist-packages/colcon_core/task/python/colcon_distutils_commands:/home/samuele/dev/minar/minar-challenge-2/install/ct_navigation/lib/python3.12/site-packages:${PYTHONPATH} /usr/bin/python3 -W ignore:setup.py install is deprecated -W ignore:easy_install command is deprecated setup.py develop --editable --build-directory /home/samuele/dev/minar/minar-challenge-2/build/ct_navigation/build --no-deps symlink_data
