[0.644s] Invoking command in '/home/samuele/dev/minar/minar-challenge-2/build/ct_description': CMAKE_PREFIX_PATH=${CMAKE_PREFIX_PATH}:/home/samuele/dev/minar/minar-challenge-2/src/install/ct_teleop:/home/samuele/dev/minar/minar-challenge-2/src/install/ct_sensors:/home/samuele/dev/minar/minar-challenge-2/src/install/ct_navigation:/home/samuele/dev/minar/minar-challenge-2/src/install/ct_control:/home/samuele/dev/minar/minar-challenge-2/src/install/ct_bringup:/home/samuele/dev/minar/minar-challenge-2/install/ct_teleop:/home/samuele/dev/minar/minar-challenge-2/install/ct_sensors:/home/samuele/dev/minar/minar-challenge-2/install/ct_navigation:/home/samuele/dev/minar/minar-challenge-2/install/ct_control:/home/samuele/dev/minar/minar-challenge-2/install/ct_bringup:/opt/ros/jazzy DEBUGINFOD_URLS=https://debuginfod.ubuntu.com /usr/bin/cmake --build /home/samuele/dev/minar/minar-challenge-2/build/ct_description -- -j8 -l8
[1.458s] Invoked command in '/home/samuele/dev/minar/minar-challenge-2/build/ct_description' returned '0': CMAKE_PREFIX_PATH=${CMAKE_PREFIX_PATH}:/home/samuele/dev/minar/minar-challenge-2/src/install/ct_teleop:/home/samuele/dev/minar/minar-challenge-2/src/install/ct_sensors:/home/samuele/dev/minar/minar-challenge-2/src/install/ct_navigation:/home/samuele/dev/minar/minar-challenge-2/src/install/ct_control:/home/samuele/dev/minar/minar-challenge-2/src/install/ct_bringup:/home/samuele/dev/minar/minar-challenge-2/install/ct_teleop:/home/samuele/dev/minar/minar-challenge-2/install/ct_sensors:/home/samuele/dev/minar/minar-challenge-2/install/ct_navigation:/home/samuele/dev/minar/minar-challenge-2/install/ct_control:/home/samuele/dev/minar/minar-challenge-2/install/ct_bringup:/opt/ros/jazzy DEBUGINFOD_URLS=https://debuginfod.ubuntu.com /usr/bin/cmake --build /home/samuele/dev/minar/minar-challenge-2/build/ct_description -- -j8 -l8
[1.470s] Invoking command in '/home/samuele/dev/minar/minar-challenge-2/build/ct_description': CMAKE_PREFIX_PATH=${CMAKE_PREFIX_PATH}:/home/samuele/dev/minar/minar-challenge-2/src/install/ct_teleop:/home/samuele/dev/minar/minar-challenge-2/src/install/ct_sensors:/home/samuele/dev/minar/minar-challenge-2/src/install/ct_navigation:/home/samuele/dev/minar/minar-challenge-2/src/install/ct_control:/home/samuele/dev/minar/minar-challenge-2/src/install/ct_bringup:/home/samuele/dev/minar/minar-challenge-2/install/ct_teleop:/home/samuele/dev/minar/minar-challenge-2/install/ct_sensors:/home/samuele/dev/minar/minar-challenge-2/install/ct_navigation:/home/samuele/dev/minar/minar-challenge-2/install/ct_control:/home/samuele/dev/minar/minar-challenge-2/install/ct_bringup:/opt/ros/jazzy DEBUGINFOD_URLS=https://debuginfod.ubuntu.com /usr/bin/cmake --install /home/samuele/dev/minar/minar-challenge-2/build/ct_description
[1.483s] -- Install configuration: ""
[1.484s] -- Execute custom install script
[1.485s] -- Up-to-date symlink: /home/samuele/dev/minar/minar-challenge-2/install/ct_description/share/ct_description/urdf/ct.urdf
[1.487s] -- Up-to-date symlink: /home/samuele/dev/minar/minar-challenge-2/install/ct_description/share/ament_index/resource_index/package_run_dependencies/ct_description
[1.488s] -- Up-to-date symlink: /home/samuele/dev/minar/minar-challenge-2/install/ct_description/share/ament_index/resource_index/parent_prefix_path/ct_description
[1.488s] -- Up-to-date symlink: /home/samuele/dev/minar/minar-challenge-2/install/ct_description/share/ct_description/environment/ament_prefix_path.sh
[1.491s] -- Up-to-date symlink: /home/samuele/dev/minar/minar-challenge-2/install/ct_description/share/ct_description/environment/ament_prefix_path.dsv
[1.491s] -- Up-to-date symlink: /home/samuele/dev/minar/minar-challenge-2/install/ct_description/share/ct_description/environment/path.sh
[1.491s] -- Up-to-date symlink: /home/samuele/dev/minar/minar-challenge-2/install/ct_description/share/ct_description/environment/path.dsv
[1.491s] -- Up-to-date symlink: /home/samuele/dev/minar/minar-challenge-2/install/ct_description/share/ct_description/local_setup.bash
[1.492s] -- Up-to-date symlink: /home/samuele/dev/minar/minar-challenge-2/install/ct_description/share/ct_description/local_setup.sh
[1.492s] -- Up-to-date symlink: /home/samuele/dev/minar/minar-challenge-2/install/ct_description/share/ct_description/local_setup.zsh
[1.502s] -- Up-to-date symlink: /home/samuele/dev/minar/minar-challenge-2/install/ct_description/share/ct_description/local_setup.dsv
[1.502s] -- Symlinking: /home/samuele/dev/minar/minar-challenge-2/install/ct_description/share/ct_description/package.dsv
[1.522s] -- Up-to-date symlink: /home/samuele/dev/minar/minar-challenge-2/install/ct_description/share/ament_index/resource_index/packages/ct_description
[1.523s] -- Up-to-date symlink: /home/samuele/dev/minar/minar-challenge-2/install/ct_description/share/ct_description/cmake/ct_descriptionConfig.cmake
[1.523s] -- Up-to-date symlink: /home/samuele/dev/minar/minar-challenge-2/install/ct_description/share/ct_description/cmake/ct_descriptionConfig-version.cmake
[1.524s] -- Up-to-date symlink: /home/samuele/dev/minar/minar-challenge-2/install/ct_description/share/ct_description/package.xml
[1.531s] Invoked command in '/home/samuele/dev/minar/minar-challenge-2/build/ct_description' returned '0': CMAKE_PREFIX_PATH=${CMAKE_PREFIX_PATH}:/home/samuele/dev/minar/minar-challenge-2/src/install/ct_teleop:/home/samuele/dev/minar/minar-challenge-2/src/install/ct_sensors:/home/samuele/dev/minar/minar-challenge-2/src/install/ct_navigation:/home/samuele/dev/minar/minar-challenge-2/src/install/ct_control:/home/samuele/dev/minar/minar-challenge-2/src/install/ct_bringup:/home/samuele/dev/minar/minar-challenge-2/install/ct_teleop:/home/samuele/dev/minar/minar-challenge-2/install/ct_sensors:/home/samuele/dev/minar/minar-challenge-2/install/ct_navigation:/home/samuele/dev/minar/minar-challenge-2/install/ct_control:/home/samuele/dev/minar/minar-challenge-2/install/ct_bringup:/opt/ros/jazzy DEBUGINFOD_URLS=https://debuginfod.ubuntu.com /usr/bin/cmake --install /home/samuele/dev/minar/minar-challenge-2/build/ct_description
