[2.799s] Invoking command in '/home/samuele/dev/minar/minar-challenge-2/src/build/ct_teleop': DEBUGINFOD_URLS=https://debuginfod.ubuntu.com PYTHONPATH=/home/samuele/dev/minar/minar-challenge-2/src/build/ct_teleop/prefix_override:/usr/lib/python3/dist-packages/colcon_core/task/python/colcon_distutils_commands:/home/samuele/dev/minar/minar-challenge-2/src/install/ct_teleop/lib/python3.12/site-packages:${PYTHONPATH} /usr/bin/python3 -W ignore:setup.py install is deprecated -W ignore:easy_install command is deprecated setup.py develop --editable --build-directory /home/samuele/dev/minar/minar-challenge-2/src/build/ct_teleop/build --no-deps symlink_data
[3.742s] running develop
[4.273s] running egg_info
[4.273s] creating ct_teleop.egg-info
[4.323s] writing ct_teleop.egg-info/PKG-INFO
[4.323s] writing dependency_links to ct_teleop.egg-info/dependency_links.txt
[4.326s] writing requirements to ct_teleop.egg-info/requires.txt
[4.326s] writing top-level names to ct_teleop.egg-info/top_level.txt
[4.326s] writing manifest file 'ct_teleop.egg-info/SOURCES.txt'
[4.426s] reading manifest file 'ct_teleop.egg-info/SOURCES.txt'
[4.426s] writing manifest file 'ct_teleop.egg-info/SOURCES.txt'
[4.483s] running build_ext
[4.483s] Creating /home/samuele/dev/minar/minar-challenge-2/src/install/ct_teleop/lib/python3.12/site-packages/ct-teleop.egg-link (link to .)
[4.483s] 
[4.483s] Installed /home/samuele/dev/minar/minar-challenge-2/src/build/ct_teleop
[4.484s] running symlink_data
[4.484s] creating /home/samuele/dev/minar/minar-challenge-2/src/install/ct_teleop/share/ament_index
[4.484s] creating /home/samuele/dev/minar/minar-challenge-2/src/install/ct_teleop/share/ament_index/resource_index
[4.484s] creating /home/samuele/dev/minar/minar-challenge-2/src/install/ct_teleop/share/ament_index/resource_index/packages
[4.484s] symbolically linking /home/samuele/dev/minar/minar-challenge-2/src/build/ct_teleop/resource/ct_teleop -> /home/samuele/dev/minar/minar-challenge-2/src/install/ct_teleop/share/ament_index/resource_index/packages
[4.484s] symbolically linking /home/samuele/dev/minar/minar-challenge-2/src/build/ct_teleop/package.xml -> /home/samuele/dev/minar/minar-challenge-2/src/install/ct_teleop/share/ct_teleop
[4.607s] Invoked command in '/home/samuele/dev/minar/minar-challenge-2/src/build/ct_teleop' returned '0': DEBUGINFOD_URLS=https://debuginfod.ubuntu.com PYTHONPATH=/home/samuele/dev/minar/minar-challenge-2/src/build/ct_teleop/prefix_override:/usr/lib/python3/dist-packages/colcon_core/task/python/colcon_distutils_commands:/home/samuele/dev/minar/minar-challenge-2/src/install/ct_teleop/lib/python3.12/site-packages:${PYTHONPATH} /usr/bin/python3 -W ignore:setup.py install is deprecated -W ignore:easy_install command is deprecated setup.py develop --editable --build-directory /home/samuele/dev/minar/minar-challenge-2/src/build/ct_teleop/build --no-deps symlink_data
