[2.153s] Invoking command in '/home/samuele/dev/minar/minar-challenge-2/ros/src/ct_bringup': DEBUGINFOD_URLS=https://debuginfod.ubuntu.com PYTHONPATH=/home/samuele/dev/minar/minar-challenge-2/ros/build/ct_bringup/prefix_override:/usr/lib/python3/dist-packages/colcon_core/task/python/colcon_distutils_commands:/home/samuele/dev/minar/minar-challenge-2/ros/install/ct_bringup/lib/python3.12/site-packages:${PYTHONPATH} /usr/bin/python3 -W ignore:setup.py install is deprecated -W ignore:easy_install command is deprecated setup.py egg_info --egg-base ../../build/ct_bringup build --build-base /home/samuele/dev/minar/minar-challenge-2/ros/build/ct_bringup/build install --record /home/samuele/dev/minar/minar-challenge-2/ros/build/ct_bringup/install.log --single-version-externally-managed install_data
[2.554s] running egg_info
[2.592s] writing ../../build/ct_bringup/ct_bringup.egg-info/PKG-INFO
[2.593s] writing dependency_links to ../../build/ct_bringup/ct_bringup.egg-info/dependency_links.txt
[2.593s] deleting ../../build/ct_bringup/ct_bringup.egg-info/entry_points.txt
[2.593s] writing requirements to ../../build/ct_bringup/ct_bringup.egg-info/requires.txt
[2.593s] writing top-level names to ../../build/ct_bringup/ct_bringup.egg-info/top_level.txt
[2.671s] reading manifest file '../../build/ct_bringup/ct_bringup.egg-info/SOURCES.txt'
[2.673s] writing manifest file '../../build/ct_bringup/ct_bringup.egg-info/SOURCES.txt'
[2.673s] running build
[2.673s] running build_py
[2.673s] running install
[2.686s] running install_lib
[2.722s] running install_data
[2.723s] copying launch/bringup.launch.py -> /home/samuele/dev/minar/minar-challenge-2/ros/install/ct_bringup/share/ct_bringup/launch
[2.723s] running install_egg_info
[2.752s] removing '/home/samuele/dev/minar/minar-challenge-2/ros/install/ct_bringup/lib/python3.12/site-packages/ct_bringup-0.0.0-py3.12.egg-info' (and everything under it)
[2.753s] Copying ../../build/ct_bringup/ct_bringup.egg-info to /home/samuele/dev/minar/minar-challenge-2/ros/install/ct_bringup/lib/python3.12/site-packages/ct_bringup-0.0.0-py3.12.egg-info
[2.753s] running install_scripts
[2.926s] writing list of installed files to '/home/samuele/dev/minar/minar-challenge-2/ros/build/ct_bringup/install.log'
[2.972s] Invoked command in '/home/samuele/dev/minar/minar-challenge-2/ros/src/ct_bringup' returned '0': DEBUGINFOD_URLS=https://debuginfod.ubuntu.com PYTHONPATH=/home/samuele/dev/minar/minar-challenge-2/ros/build/ct_bringup/prefix_override:/usr/lib/python3/dist-packages/colcon_core/task/python/colcon_distutils_commands:/home/samuele/dev/minar/minar-challenge-2/ros/install/ct_bringup/lib/python3.12/site-packages:${PYTHONPATH} /usr/bin/python3 -W ignore:setup.py install is deprecated -W ignore:easy_install command is deprecated setup.py egg_info --egg-base ../../build/ct_bringup build --build-base /home/samuele/dev/minar/minar-challenge-2/ros/build/ct_bringup/build install --record /home/samuele/dev/minar/minar-challenge-2/ros/build/ct_bringup/install.log --single-version-externally-managed install_data
