running egg_info
creating ../../build/ct_bringup/ct_bringup.egg-info
writing ../../build/ct_bringup/ct_bringup.egg-info/PKG-INFO
writing dependency_links to ../../build/ct_bringup/ct_bringup.egg-info/dependency_links.txt
writing requirements to ../../build/ct_bringup/ct_bringup.egg-info/requires.txt
writing top-level names to ../../build/ct_bringup/ct_bringup.egg-info/top_level.txt
writing manifest file '../../build/ct_bringup/ct_bringup.egg-info/SOURCES.txt'
reading manifest file '../../build/ct_bringup/ct_bringup.egg-info/SOURCES.txt'
writing manifest file '../../build/ct_bringup/ct_bringup.egg-info/SOURCES.txt'
running build
running build_py
creating /home/samuele/dev/minar/minar-challenge-2/ros/build/ct_bringup/build
creating /home/samuele/dev/minar/minar-challenge-2/ros/build/ct_bringup/build/lib
creating /home/samuele/dev/minar/minar-challenge-2/ros/build/ct_bringup/build/lib/ct_bringup
copying ct_bringup/__init__.py -> /home/samuele/dev/minar/minar-challenge-2/ros/build/ct_bringup/build/lib/ct_bringup
running install
running install_lib
creating /home/samuele/dev/minar/minar-challenge-2/ros/install/ct_bringup/lib/python3.12/site-packages/ct_bringup
copying /home/samuele/dev/minar/minar-challenge-2/ros/build/ct_bringup/build/lib/ct_bringup/__init__.py -> /home/samuele/dev/minar/minar-challenge-2/ros/install/ct_bringup/lib/python3.12/site-packages/ct_bringup
byte-compiling /home/samuele/dev/minar/minar-challenge-2/ros/install/ct_bringup/lib/python3.12/site-packages/ct_bringup/__init__.py to __init__.cpython-312.pyc
running install_data
creating /home/samuele/dev/minar/minar-challenge-2/ros/install/ct_bringup/share/ament_index
creating /home/samuele/dev/minar/minar-challenge-2/ros/install/ct_bringup/share/ament_index/resource_index
creating /home/samuele/dev/minar/minar-challenge-2/ros/install/ct_bringup/share/ament_index/resource_index/packages
copying resource/ct_bringup -> /home/samuele/dev/minar/minar-challenge-2/ros/install/ct_bringup/share/ament_index/resource_index/packages
copying package.xml -> /home/samuele/dev/minar/minar-challenge-2/ros/install/ct_bringup/share/ct_bringup
creating /home/samuele/dev/minar/minar-challenge-2/ros/install/ct_bringup/share/ct_bringup/launch
copying launch/bringup.launch.py -> /home/samuele/dev/minar/minar-challenge-2/ros/install/ct_bringup/share/ct_bringup/launch
creating /home/samuele/dev/minar/minar-challenge-2/ros/install/ct_bringup/share/ct_bringup/config
copying config/slam_toolbox.yaml -> /home/samuele/dev/minar/minar-challenge-2/ros/install/ct_bringup/share/ct_bringup/config
running install_egg_info
Copying ../../build/ct_bringup/ct_bringup.egg-info to /home/samuele/dev/minar/minar-challenge-2/ros/install/ct_bringup/lib/python3.12/site-packages/ct_bringup-0.0.0-py3.12.egg-info
running install_scripts
writing list of installed files to '/home/samuele/dev/minar/minar-challenge-2/ros/build/ct_bringup/install.log'
