[2.490s] Invoking command in '/home/samuele/dev/minar/minar-challenge-2/ros/src/ct_bringup': DEBUGINFOD_URLS=https://debuginfod.ubuntu.com PYTHONPATH=/home/samuele/dev/minar/minar-challenge-2/ros/build/ct_bringup/prefix_override:/usr/lib/python3/dist-packages/colcon_core/task/python/colcon_distutils_commands:/home/samuele/dev/minar/minar-challenge-2/ros/install/ct_bringup/lib/python3.12/site-packages:${PYTHONPATH} /usr/bin/python3 -W ignore:setup.py install is deprecated -W ignore:easy_install command is deprecated setup.py egg_info --egg-base ../../build/ct_bringup build --build-base /home/samuele/dev/minar/minar-challenge-2/ros/build/ct_bringup/build install --record /home/samuele/dev/minar/minar-challenge-2/ros/build/ct_bringup/install.log --single-version-externally-managed install_data
[2.855s] running egg_info
[2.855s] creating ../../build/ct_bringup/ct_bringup.egg-info
[2.880s] writing ../../build/ct_bringup/ct_bringup.egg-info/PKG-INFO
[2.881s] writing dependency_links to ../../build/ct_bringup/ct_bringup.egg-info/dependency_links.txt
[2.881s] writing requirements to ../../build/ct_bringup/ct_bringup.egg-info/requires.txt
[2.881s] writing top-level names to ../../build/ct_bringup/ct_bringup.egg-info/top_level.txt
[2.881s] writing manifest file '../../build/ct_bringup/ct_bringup.egg-info/SOURCES.txt'
[2.940s] reading manifest file '../../build/ct_bringup/ct_bringup.egg-info/SOURCES.txt'
[2.942s] writing manifest file '../../build/ct_bringup/ct_bringup.egg-info/SOURCES.txt'
[2.943s] running build
[2.943s] running build_py
[2.943s] creating /home/samuele/dev/minar/minar-challenge-2/ros/build/ct_bringup/build
[2.943s] creating /home/samuele/dev/minar/minar-challenge-2/ros/build/ct_bringup/build/lib
[2.943s] creating /home/samuele/dev/minar/minar-challenge-2/ros/build/ct_bringup/build/lib/ct_bringup
[2.943s] copying ct_bringup/__init__.py -> /home/samuele/dev/minar/minar-challenge-2/ros/build/ct_bringup/build/lib/ct_bringup
[2.943s] running install
[2.950s] running install_lib
[2.975s] creating /home/samuele/dev/minar/minar-challenge-2/ros/install/ct_bringup/lib/python3.12/site-packages/ct_bringup
[2.975s] copying /home/samuele/dev/minar/minar-challenge-2/ros/build/ct_bringup/build/lib/ct_bringup/__init__.py -> /home/samuele/dev/minar/minar-challenge-2/ros/install/ct_bringup/lib/python3.12/site-packages/ct_bringup
[2.976s] byte-compiling /home/samuele/dev/minar/minar-challenge-2/ros/install/ct_bringup/lib/python3.12/site-packages/ct_bringup/__init__.py to __init__.cpython-312.pyc
[2.976s] running install_data
[2.976s] creating /home/samuele/dev/minar/minar-challenge-2/ros/install/ct_bringup/share/ament_index
[2.976s] creating /home/samuele/dev/minar/minar-challenge-2/ros/install/ct_bringup/share/ament_index/resource_index
[2.976s] creating /home/samuele/dev/minar/minar-challenge-2/ros/install/ct_bringup/share/ament_index/resource_index/packages
[2.976s] copying resource/ct_bringup -> /home/samuele/dev/minar/minar-challenge-2/ros/install/ct_bringup/share/ament_index/resource_index/packages
[2.976s] copying package.xml -> /home/samuele/dev/minar/minar-challenge-2/ros/install/ct_bringup/share/ct_bringup
[2.976s] creating /home/samuele/dev/minar/minar-challenge-2/ros/install/ct_bringup/share/ct_bringup/launch
[2.977s] copying launch/bringup.launch.py -> /home/samuele/dev/minar/minar-challenge-2/ros/install/ct_bringup/share/ct_bringup/launch
[2.977s] creating /home/samuele/dev/minar/minar-challenge-2/ros/install/ct_bringup/share/ct_bringup/config
[2.977s] copying config/slam_toolbox.yaml -> /home/samuele/dev/minar/minar-challenge-2/ros/install/ct_bringup/share/ct_bringup/config
[2.977s] running install_egg_info
[3.003s] Copying ../../build/ct_bringup/ct_bringup.egg-info to /home/samuele/dev/minar/minar-challenge-2/ros/install/ct_bringup/lib/python3.12/site-packages/ct_bringup-0.0.0-py3.12.egg-info
[3.004s] running install_scripts
[3.186s] writing list of installed files to '/home/samuele/dev/minar/minar-challenge-2/ros/build/ct_bringup/install.log'
[3.236s] Invoked command in '/home/samuele/dev/minar/minar-challenge-2/ros/src/ct_bringup' returned '0': DEBUGINFOD_URLS=https://debuginfod.ubuntu.com PYTHONPATH=/home/samuele/dev/minar/minar-challenge-2/ros/build/ct_bringup/prefix_override:/usr/lib/python3/dist-packages/colcon_core/task/python/colcon_distutils_commands:/home/samuele/dev/minar/minar-challenge-2/ros/install/ct_bringup/lib/python3.12/site-packages:${PYTHONPATH} /usr/bin/python3 -W ignore:setup.py install is deprecated -W ignore:easy_install command is deprecated setup.py egg_info --egg-base ../../build/ct_bringup build --build-base /home/samuele/dev/minar/minar-challenge-2/ros/build/ct_bringup/build install --record /home/samuele/dev/minar/minar-challenge-2/ros/build/ct_bringup/install.log --single-version-externally-managed install_data
