[0.634s] Invoking command in '/home/samuele/dev/minar/minar-challenge-2/ros/build/ct_description': CMAKE_PREFIX_PATH=${CMAKE_PREFIX_PATH}:/home/samuele/dev/minar/minar-challenge-2/ros/install/ct_teleop:/home/samuele/dev/minar/minar-challenge-2/ros/install/ct_sensors:/home/samuele/dev/minar/minar-challenge-2/ros/install/ct_navigation:/home/samuele/dev/minar/minar-challenge-2/ros/install/ct_control:/home/samuele/dev/minar/minar-challenge-2/ros/install/ct_bringup:/opt/ros/jazzy DEBUGINFOD_URLS=https://debuginfod.ubuntu.com /usr/bin/cmake --build /home/samuele/dev/minar/minar-challenge-2/ros/build/ct_description -- -j8 -l8
[1.372s] Invoked command in '/home/samuele/dev/minar/minar-challenge-2/ros/build/ct_description' returned '0': CMAKE_PREFIX_PATH=${CMAKE_PREFIX_PATH}:/home/samuele/dev/minar/minar-challenge-2/ros/install/ct_teleop:/home/samuele/dev/minar/minar-challenge-2/ros/install/ct_sensors:/home/samuele/dev/minar/minar-challenge-2/ros/install/ct_navigation:/home/samuele/dev/minar/minar-challenge-2/ros/install/ct_control:/home/samuele/dev/minar/minar-challenge-2/ros/install/ct_bringup:/opt/ros/jazzy DEBUGINFOD_URLS=https://debuginfod.ubuntu.com /usr/bin/cmake --build /home/samuele/dev/minar/minar-challenge-2/ros/build/ct_description -- -j8 -l8
[1.381s] Invoking command in '/home/samuele/dev/minar/minar-challenge-2/ros/build/ct_description': CMAKE_PREFIX_PATH=${CMAKE_PREFIX_PATH}:/home/samuele/dev/minar/minar-challenge-2/ros/install/ct_teleop:/home/samuele/dev/minar/minar-challenge-2/ros/install/ct_sensors:/home/samuele/dev/minar/minar-challenge-2/ros/install/ct_navigation:/home/samuele/dev/minar/minar-challenge-2/ros/install/ct_control:/home/samuele/dev/minar/minar-challenge-2/ros/install/ct_bringup:/opt/ros/jazzy DEBUGINFOD_URLS=https://debuginfod.ubuntu.com /usr/bin/cmake --install /home/samuele/dev/minar/minar-challenge-2/ros/build/ct_description
[1.394s] -- Install configuration: ""
[1.396s] -- Up-to-date: /home/samuele/dev/minar/minar-challenge-2/ros/install/ct_description/share/ct_description/urdf
[1.397s] -- Up-to-date: /home/samuele/dev/minar/minar-challenge-2/ros/install/ct_description/share/ct_description/urdf/ct.urdf
[1.397s] -- Up-to-date: /home/samuele/dev/minar/minar-challenge-2/ros/install/ct_description/share/ct_description/meshes
[1.397s] -- Up-to-date: /home/samuele/dev/minar/minar-challenge-2/ros/install/ct_description/share/ct_description/launch
[1.398s] -- Up-to-date: /home/samuele/dev/minar/minar-challenge-2/ros/install/ct_description/share/ament_index/resource_index/package_run_dependencies/ct_description
[1.399s] -- Up-to-date: /home/samuele/dev/minar/minar-challenge-2/ros/install/ct_description/share/ament_index/resource_index/parent_prefix_path/ct_description
[1.399s] -- Up-to-date: /home/samuele/dev/minar/minar-challenge-2/ros/install/ct_description/share/ct_description/environment/ament_prefix_path.sh
[1.400s] -- Up-to-date: /home/samuele/dev/minar/minar-challenge-2/ros/install/ct_description/share/ct_description/environment/ament_prefix_path.dsv
[1.401s] -- Up-to-date: /home/samuele/dev/minar/minar-challenge-2/ros/install/ct_description/share/ct_description/environment/path.sh
[1.401s] -- Up-to-date: /home/samuele/dev/minar/minar-challenge-2/ros/install/ct_description/share/ct_description/environment/path.dsv
[1.401s] -- Up-to-date: /home/samuele/dev/minar/minar-challenge-2/ros/install/ct_description/share/ct_description/local_setup.bash
[1.401s] -- Up-to-date: /home/samuele/dev/minar/minar-challenge-2/ros/install/ct_description/share/ct_description/local_setup.sh
[1.401s] -- Up-to-date: /home/samuele/dev/minar/minar-challenge-2/ros/install/ct_description/share/ct_description/local_setup.zsh
[1.402s] -- Up-to-date: /home/samuele/dev/minar/minar-challenge-2/ros/install/ct_description/share/ct_description/local_setup.dsv
[1.403s] -- Installing: /home/samuele/dev/minar/minar-challenge-2/ros/install/ct_description/share/ct_description/package.dsv
[1.405s] -- Up-to-date: /home/samuele/dev/minar/minar-challenge-2/ros/install/ct_description/share/ament_index/resource_index/packages/ct_description
[1.405s] -- Up-to-date: /home/samuele/dev/minar/minar-challenge-2/ros/install/ct_description/share/ct_description/cmake/ct_descriptionConfig.cmake
[1.405s] -- Up-to-date: /home/samuele/dev/minar/minar-challenge-2/ros/install/ct_description/share/ct_description/cmake/ct_descriptionConfig-version.cmake
[1.406s] -- Up-to-date: /home/samuele/dev/minar/minar-challenge-2/ros/install/ct_description/share/ct_description/package.xml
[1.412s] Invoked command in '/home/samuele/dev/minar/minar-challenge-2/ros/build/ct_description' returned '0': CMAKE_PREFIX_PATH=${CMAKE_PREFIX_PATH}:/home/samuele/dev/minar/minar-challenge-2/ros/install/ct_teleop:/home/samuele/dev/minar/minar-challenge-2/ros/install/ct_sensors:/home/samuele/dev/minar/minar-challenge-2/ros/install/ct_navigation:/home/samuele/dev/minar/minar-challenge-2/ros/install/ct_control:/home/samuele/dev/minar/minar-challenge-2/ros/install/ct_bringup:/opt/ros/jazzy DEBUGINFOD_URLS=https://debuginfod.ubuntu.com /usr/bin/cmake --install /home/samuele/dev/minar/minar-challenge-2/ros/build/ct_description
