[0.583s] Invoking command in '/home/samuele/dev/minar/minar-challenge-2/build/ct_description': CMAKE_PREFIX_PATH=${CMAKE_PREFIX_PATH}:/home/samuele/dev/minar/minar-challenge-2/src/install/ct_teleop:/home/samuele/dev/minar/minar-challenge-2/src/install/ct_sensors:/home/samuele/dev/minar/minar-challenge-2/src/install/ct_navigation:/home/samuele/dev/minar/minar-challenge-2/src/install/ct_control:/home/samuele/dev/minar/minar-challenge-2/src/install/ct_bringup:/home/samuele/dev/minar/minar-challenge-2/install/ct_teleop:/home/samuele/dev/minar/minar-challenge-2/install/ct_sensors:/home/samuele/dev/minar/minar-challenge-2/install/ct_navigation:/home/samuele/dev/minar/minar-challenge-2/install/ct_control:/home/samuele/dev/minar/minar-challenge-2/install/ct_bringup:/opt/ros/jazzy DEBUGINFOD_URLS=https://debuginfod.ubuntu.com /usr/bin/cmake --build /home/samuele/dev/minar/minar-challenge-2/build/ct_description -- -j8 -l8
[1.347s] Invoked command in '/home/samuele/dev/minar/minar-challenge-2/build/ct_description' returned '0': CMAKE_PREFIX_PATH=${CMAKE_PREFIX_PATH}:/home/samuele/dev/minar/minar-challenge-2/src/install/ct_teleop:/home/samuele/dev/minar/minar-challenge-2/src/install/ct_sensors:/home/samuele/dev/minar/minar-challenge-2/src/install/ct_navigation:/home/samuele/dev/minar/minar-challenge-2/src/install/ct_control:/home/samuele/dev/minar/minar-challenge-2/src/install/ct_bringup:/home/samuele/dev/minar/minar-challenge-2/install/ct_teleop:/home/samuele/dev/minar/minar-challenge-2/install/ct_sensors:/home/samuele/dev/minar/minar-challenge-2/install/ct_navigation:/home/samuele/dev/minar/minar-challenge-2/install/ct_control:/home/samuele/dev/minar/minar-challenge-2/install/ct_bringup:/opt/ros/jazzy DEBUGINFOD_URLS=https://debuginfod.ubuntu.com /usr/bin/cmake --build /home/samuele/dev/minar/minar-challenge-2/build/ct_description -- -j8 -l8
[1.361s] Invoking command in '/home/samuele/dev/minar/minar-challenge-2/build/ct_description': CMAKE_PREFIX_PATH=${CMAKE_PREFIX_PATH}:/home/samuele/dev/minar/minar-challenge-2/src/install/ct_teleop:/home/samuele/dev/minar/minar-challenge-2/src/install/ct_sensors:/home/samuele/dev/minar/minar-challenge-2/src/install/ct_navigation:/home/samuele/dev/minar/minar-challenge-2/src/install/ct_control:/home/samuele/dev/minar/minar-challenge-2/src/install/ct_bringup:/home/samuele/dev/minar/minar-challenge-2/install/ct_teleop:/home/samuele/dev/minar/minar-challenge-2/install/ct_sensors:/home/samuele/dev/minar/minar-challenge-2/install/ct_navigation:/home/samuele/dev/minar/minar-challenge-2/install/ct_control:/home/samuele/dev/minar/minar-challenge-2/install/ct_bringup:/opt/ros/jazzy DEBUGINFOD_URLS=https://debuginfod.ubuntu.com /usr/bin/cmake --install /home/samuele/dev/minar/minar-challenge-2/build/ct_description
[1.373s] -- Install configuration: ""
[1.374s] -- Execute custom install script
[1.375s] -- Up-to-date symlink: /home/samuele/dev/minar/minar-challenge-2/install/ct_description/share/ct_description/urdf/ct.urdf
[1.378s] -- Up-to-date symlink: /home/samuele/dev/minar/minar-challenge-2/install/ct_description/share/ament_index/resource_index/package_run_dependencies/ct_description
[1.379s] -- Up-to-date symlink: /home/samuele/dev/minar/minar-challenge-2/install/ct_description/share/ament_index/resource_index/parent_prefix_path/ct_description
[1.379s] -- Up-to-date symlink: /home/samuele/dev/minar/minar-challenge-2/install/ct_description/share/ct_description/environment/ament_prefix_path.sh
[1.379s] -- Up-to-date symlink: /home/samuele/dev/minar/minar-challenge-2/install/ct_description/share/ct_description/environment/ament_prefix_path.dsv
[1.380s] -- Up-to-date symlink: /home/samuele/dev/minar/minar-challenge-2/install/ct_description/share/ct_description/environment/path.sh
[1.380s] -- Up-to-date symlink: /home/samuele/dev/minar/minar-challenge-2/install/ct_description/share/ct_description/environment/path.dsv
[1.382s] -- Up-to-date symlink: /home/samuele/dev/minar/minar-challenge-2/install/ct_description/share/ct_description/local_setup.bash
[1.382s] -- Up-to-date symlink: /home/samuele/dev/minar/minar-challenge-2/install/ct_description/share/ct_description/local_setup.sh
[1.384s] -- Up-to-date symlink: /home/samuele/dev/minar/minar-challenge-2/install/ct_description/share/ct_description/local_setup.zsh
[1.387s] -- Up-to-date symlink: /home/samuele/dev/minar/minar-challenge-2/install/ct_description/share/ct_description/local_setup.dsv
[1.387s] -- Symlinking: /home/samuele/dev/minar/minar-challenge-2/install/ct_description/share/ct_description/package.dsv
[1.407s] -- Up-to-date symlink: /home/samuele/dev/minar/minar-challenge-2/install/ct_description/share/ament_index/resource_index/packages/ct_description
[1.409s] -- Up-to-date symlink: /home/samuele/dev/minar/minar-challenge-2/install/ct_description/share/ct_description/cmake/ct_descriptionConfig.cmake
[1.409s] -- Up-to-date symlink: /home/samuele/dev/minar/minar-challenge-2/install/ct_description/share/ct_description/cmake/ct_descriptionConfig-version.cmake
[1.412s] -- Up-to-date symlink: /home/samuele/dev/minar/minar-challenge-2/install/ct_description/share/ct_description/package.xml
[1.422s] Invoked command in '/home/samuele/dev/minar/minar-challenge-2/build/ct_description' returned '0': CMAKE_PREFIX_PATH=${CMAKE_PREFIX_PATH}:/home/samuele/dev/minar/minar-challenge-2/src/install/ct_teleop:/home/samuele/dev/minar/minar-challenge-2/src/install/ct_sensors:/home/samuele/dev/minar/minar-challenge-2/src/install/ct_navigation:/home/samuele/dev/minar/minar-challenge-2/src/install/ct_control:/home/samuele/dev/minar/minar-challenge-2/src/install/ct_bringup:/home/samuele/dev/minar/minar-challenge-2/install/ct_teleop:/home/samuele/dev/minar/minar-challenge-2/install/ct_sensors:/home/samuele/dev/minar/minar-challenge-2/install/ct_navigation:/home/samuele/dev/minar/minar-challenge-2/install/ct_control:/home/samuele/dev/minar/minar-challenge-2/install/ct_bringup:/opt/ros/jazzy DEBUGINFOD_URLS=https://debuginfod.ubuntu.com /usr/bin/cmake --install /home/samuele/dev/minar/minar-challenge-2/build/ct_description
