[3.264s] Invoking command in '/home/samuele/dev/minar/minar-challenge-2/ros/src/build/ct_teleop': DEBUGINFOD_URLS=https://debuginfod.ubuntu.com PYTHONPATH=/home/samuele/dev/minar/minar-challenge-2/ros/src/build/ct_teleop/prefix_override:/usr/lib/python3/dist-packages/colcon_core/task/python/colcon_distutils_commands:/home/samuele/dev/minar/minar-challenge-2/ros/src/install/ct_teleop/lib/python3.12/site-packages:${PYTHONPATH} /usr/bin/python3 -W ignore:setup.py install is deprecated -W ignore:easy_install command is deprecated setup.py develop --editable --build-directory /home/samuele/dev/minar/minar-challenge-2/ros/src/build/ct_teleop/build --no-deps symlink_data
[4.039s] running develop
[4.595s] running egg_info
[4.595s] creating ct_teleop.egg-info
[4.655s] writing ct_teleop.egg-info/PKG-INFO
[4.656s] writing dependency_links to ct_teleop.egg-info/dependency_links.txt
[4.661s] writing requirements to ct_teleop.egg-info/requires.txt
[4.661s] writing top-level names to ct_teleop.egg-info/top_level.txt
[4.662s] writing manifest file 'ct_teleop.egg-info/SOURCES.txt'
[4.759s] reading manifest file 'ct_teleop.egg-info/SOURCES.txt'
[4.760s] writing manifest file 'ct_teleop.egg-info/SOURCES.txt'
[4.802s] running build_ext
[4.803s] Creating /home/samuele/dev/minar/minar-challenge-2/ros/src/install/ct_teleop/lib/python3.12/site-packages/ct-teleop.egg-link (link to .)
[4.803s] 
[4.804s] Installed /home/samuele/dev/minar/minar-challenge-2/ros/src/build/ct_teleop
[4.804s] running symlink_data
[4.804s] creating /home/samuele/dev/minar/minar-challenge-2/ros/src/install/ct_teleop/share/ament_index
[4.804s] creating /home/samuele/dev/minar/minar-challenge-2/ros/src/install/ct_teleop/share/ament_index/resource_index
[4.805s] creating /home/samuele/dev/minar/minar-challenge-2/ros/src/install/ct_teleop/share/ament_index/resource_index/packages
[4.805s] symbolically linking /home/samuele/dev/minar/minar-challenge-2/ros/src/build/ct_teleop/resource/ct_teleop -> /home/samuele/dev/minar/minar-challenge-2/ros/src/install/ct_teleop/share/ament_index/resource_index/packages
[4.805s] symbolically linking /home/samuele/dev/minar/minar-challenge-2/ros/src/build/ct_teleop/package.xml -> /home/samuele/dev/minar/minar-challenge-2/ros/src/install/ct_teleop/share/ct_teleop
[4.871s] Invoked command in '/home/samuele/dev/minar/minar-challenge-2/ros/src/build/ct_teleop' returned '0': DEBUGINFOD_URLS=https://debuginfod.ubuntu.com PYTHONPATH=/home/samuele/dev/minar/minar-challenge-2/ros/src/build/ct_teleop/prefix_override:/usr/lib/python3/dist-packages/colcon_core/task/python/colcon_distutils_commands:/home/samuele/dev/minar/minar-challenge-2/ros/src/install/ct_teleop/lib/python3.12/site-packages:${PYTHONPATH} /usr/bin/python3 -W ignore:setup.py install is deprecated -W ignore:easy_install command is deprecated setup.py develop --editable --build-directory /home/samuele/dev/minar/minar-challenge-2/ros/src/build/ct_teleop/build --no-deps symlink_data
