running develop
Removing /home/samuele/dev/minar/minar-challenge-2/install/ct_control/lib/python3.12/site-packages/ct-control.egg-link (link to .)
running egg_info
writing ../../build/ct_control/ct_control.egg-info/PKG-INFO
writing dependency_links to ../../build/ct_control/ct_control.egg-info/dependency_links.txt
writing requirements to ../../build/ct_control/ct_control.egg-info/requires.txt
writing top-level names to ../../build/ct_control/ct_control.egg-info/top_level.txt
reading manifest file '../../build/ct_control/ct_control.egg-info/SOURCES.txt'
writing manifest file '../../build/ct_control/ct_control.egg-info/SOURCES.txt'
running build
running build_py
creating /home/samuele/dev/minar/minar-challenge-2/build/ct_control/build
creating /home/samuele/dev/minar/minar-challenge-2/build/ct_control/build/lib
creating /home/samuele/dev/minar/minar-challenge-2/build/ct_control/build/lib/ct_control
copying ct_control/__init__.py -> /home/samuele/dev/minar/minar-challenge-2/build/ct_control/build/lib/ct_control
running install
running install_lib
creating /home/samuele/dev/minar/minar-challenge-2/install/ct_control/lib/python3.12/site-packages/ct_control
copying /home/samuele/dev/minar/minar-challenge-2/build/ct_control/build/lib/ct_control/__init__.py -> /home/samuele/dev/minar/minar-challenge-2/install/ct_control/lib/python3.12/site-packages/ct_control
byte-compiling /home/samuele/dev/minar/minar-challenge-2/install/ct_control/lib/python3.12/site-packages/ct_control/__init__.py to __init__.cpython-312.pyc
running install_data
copying resource/ct_control -> /home/samuele/dev/minar/minar-challenge-2/install/ct_control/share/ament_index/resource_index/packages
copying package.xml -> /home/samuele/dev/minar/minar-challenge-2/install/ct_control/share/ct_control
running install_egg_info
Copying ../../build/ct_control/ct_control.egg-info to /home/samuele/dev/minar/minar-challenge-2/install/ct_control/lib/python3.12/site-packages/ct_control-0.0.0-py3.12.egg-info
running install_scripts
writing list of installed files to '/home/samuele/dev/minar/minar-challenge-2/build/ct_control/install.log'
