[3.165s] Invoking command in '/home/samuele/dev/minar/minar-challenge-2/build/ct_control': DEBUGINFOD_URLS=https://debuginfod.ubuntu.com PYTHONPATH=/home/samuele/dev/minar/minar-challenge-2/build/ct_control/prefix_override:/usr/lib/python3/dist-packages/colcon_core/task/python/colcon_distutils_commands:/home/samuele/dev/minar/minar-challenge-2/install/ct_control/lib/python3.12/site-packages:${PYTHONPATH} /usr/bin/python3 -W ignore:setup.py install is deprecated -W ignore:easy_install command is deprecated setup.py develop --uninstall --editable --build-directory /home/samuele/dev/minar/minar-challenge-2/build/ct_control/build
[4.023s] running develop
[4.515s] Removing /home/samuele/dev/minar/minar-challenge-2/install/ct_control/lib/python3.12/site-packages/ct-control.egg-link (link to .)
[4.575s] Invoked command in '/home/samuele/dev/minar/minar-challenge-2/build/ct_control' returned '0': DEBUGINFOD_URLS=https://debuginfod.ubuntu.com PYTHONPATH=/home/samuele/dev/minar/minar-challenge-2/build/ct_control/prefix_override:/usr/lib/python3/dist-packages/colcon_core/task/python/colcon_distutils_commands:/home/samuele/dev/minar/minar-challenge-2/install/ct_control/lib/python3.12/site-packages:${PYTHONPATH} /usr/bin/python3 -W ignore:setup.py install is deprecated -W ignore:easy_install command is deprecated setup.py develop --uninstall --editable --build-directory /home/samuele/dev/minar/minar-challenge-2/build/ct_control/build
[4.577s] Invoking command in '/home/samuele/dev/minar/minar-challenge-2/src/ct_control': DEBUGINFOD_URLS=https://debuginfod.ubuntu.com PYTHONPATH=/home/samuele/dev/minar/minar-challenge-2/build/ct_control/prefix_override:/usr/lib/python3/dist-packages/colcon_core/task/python/colcon_distutils_commands:/home/samuele/dev/minar/minar-challenge-2/install/ct_control/lib/python3.12/site-packages:${PYTHONPATH} /usr/bin/python3 -W ignore:setup.py install is deprecated -W ignore:easy_install command is deprecated setup.py egg_info --egg-base ../../build/ct_control build --build-base /home/samuele/dev/minar/minar-challenge-2/build/ct_control/build install --record /home/samuele/dev/minar/minar-challenge-2/build/ct_control/install.log --single-version-externally-managed install_data --force
[5.196s] running egg_info
[5.243s] writing ../../build/ct_control/ct_control.egg-info/PKG-INFO
[5.243s] writing dependency_links to ../../build/ct_control/ct_control.egg-info/dependency_links.txt
[5.244s] writing requirements to ../../build/ct_control/ct_control.egg-info/requires.txt
[5.244s] writing top-level names to ../../build/ct_control/ct_control.egg-info/top_level.txt
[5.326s] reading manifest file '../../build/ct_control/ct_control.egg-info/SOURCES.txt'
[5.327s] writing manifest file '../../build/ct_control/ct_control.egg-info/SOURCES.txt'
[5.327s] running build
[5.328s] running build_py
[5.328s] creating /home/samuele/dev/minar/minar-challenge-2/build/ct_control/build
[5.329s] creating /home/samuele/dev/minar/minar-challenge-2/build/ct_control/build/lib
[5.329s] creating /home/samuele/dev/minar/minar-challenge-2/build/ct_control/build/lib/ct_control
[5.329s] copying ct_control/__init__.py -> /home/samuele/dev/minar/minar-challenge-2/build/ct_control/build/lib/ct_control
[5.329s] running install
[5.340s] running install_lib
[5.379s] creating /home/samuele/dev/minar/minar-challenge-2/install/ct_control/lib/python3.12/site-packages/ct_control
[5.379s] copying /home/samuele/dev/minar/minar-challenge-2/build/ct_control/build/lib/ct_control/__init__.py -> /home/samuele/dev/minar/minar-challenge-2/install/ct_control/lib/python3.12/site-packages/ct_control
[5.380s] byte-compiling /home/samuele/dev/minar/minar-challenge-2/install/ct_control/lib/python3.12/site-packages/ct_control/__init__.py to __init__.cpython-312.pyc
[5.381s] running install_data
[5.381s] copying resource/ct_control -> /home/samuele/dev/minar/minar-challenge-2/install/ct_control/share/ament_index/resource_index/packages
[5.381s] copying package.xml -> /home/samuele/dev/minar/minar-challenge-2/install/ct_control/share/ct_control
[5.381s] running install_egg_info
[5.433s] Copying ../../build/ct_control/ct_control.egg-info to /home/samuele/dev/minar/minar-challenge-2/install/ct_control/lib/python3.12/site-packages/ct_control-0.0.0-py3.12.egg-info
[5.435s] running install_scripts
[5.846s] writing list of installed files to '/home/samuele/dev/minar/minar-challenge-2/build/ct_control/install.log'
[5.926s] Invoked command in '/home/samuele/dev/minar/minar-challenge-2/src/ct_control' returned '0': DEBUGINFOD_URLS=https://debuginfod.ubuntu.com PYTHONPATH=/home/samuele/dev/minar/minar-challenge-2/build/ct_control/prefix_override:/usr/lib/python3/dist-packages/colcon_core/task/python/colcon_distutils_commands:/home/samuele/dev/minar/minar-challenge-2/install/ct_control/lib/python3.12/site-packages:${PYTHONPATH} /usr/bin/python3 -W ignore:setup.py install is deprecated -W ignore:easy_install command is deprecated setup.py egg_info --egg-base ../../build/ct_control build --build-base /home/samuele/dev/minar/minar-challenge-2/build/ct_control/build install --record /home/samuele/dev/minar/minar-challenge-2/build/ct_control/install.log --single-version-externally-managed install_data --force
