[3.324s] Invoking command in '/home/samuele/dev/minar/minar-challenge-2/build/ct_bringup': DEBUGINFOD_URLS=https://debuginfod.ubuntu.com PYTHONPATH=/home/samuele/dev/minar/minar-challenge-2/build/ct_bringup/prefix_override:/usr/lib/python3/dist-packages/colcon_core/task/python/colcon_distutils_commands:/home/samuele/dev/minar/minar-challenge-2/install/ct_bringup/lib/python3.12/site-packages:${PYTHONPATH} /usr/bin/python3 -W ignore:setup.py install is deprecated -W ignore:easy_install command is deprecated setup.py develop --uninstall --editable --build-directory /home/samuele/dev/minar/minar-challenge-2/build/ct_bringup/build
[4.091s] running develop
[4.609s] Removing /home/samuele/dev/minar/minar-challenge-2/install/ct_bringup/lib/python3.12/site-packages/ct-bringup.egg-link (link to .)
[4.685s] Invoked command in '/home/samuele/dev/minar/minar-challenge-2/build/ct_bringup' returned '0': DEBUGINFOD_URLS=https://debuginfod.ubuntu.com PYTHONPATH=/home/samuele/dev/minar/minar-challenge-2/build/ct_bringup/prefix_override:/usr/lib/python3/dist-packages/colcon_core/task/python/colcon_distutils_commands:/home/samuele/dev/minar/minar-challenge-2/install/ct_bringup/lib/python3.12/site-packages:${PYTHONPATH} /usr/bin/python3 -W ignore:setup.py install is deprecated -W ignore:easy_install command is deprecated setup.py develop --uninstall --editable --build-directory /home/samuele/dev/minar/minar-challenge-2/build/ct_bringup/build
[4.687s] Invoking command in '/home/samuele/dev/minar/minar-challenge-2/src/ct_bringup': DEBUGINFOD_URLS=https://debuginfod.ubuntu.com PYTHONPATH=/home/samuele/dev/minar/minar-challenge-2/build/ct_bringup/prefix_override:/usr/lib/python3/dist-packages/colcon_core/task/python/colcon_distutils_commands:/home/samuele/dev/minar/minar-challenge-2/install/ct_bringup/lib/python3.12/site-packages:${PYTHONPATH} /usr/bin/python3 -W ignore:setup.py install is deprecated -W ignore:easy_install command is deprecated setup.py egg_info --egg-base ../../build/ct_bringup build --build-base /home/samuele/dev/minar/minar-challenge-2/build/ct_bringup/build install --record /home/samuele/dev/minar/minar-challenge-2/build/ct_bringup/install.log --single-version-externally-managed install_data --force
[5.498s] running egg_info
[5.567s] writing ../../build/ct_bringup/ct_bringup.egg-info/PKG-INFO
[5.569s] writing dependency_links to ../../build/ct_bringup/ct_bringup.egg-info/dependency_links.txt
[5.570s] writing requirements to ../../build/ct_bringup/ct_bringup.egg-info/requires.txt
[5.572s] writing top-level names to ../../build/ct_bringup/ct_bringup.egg-info/top_level.txt
[5.709s] reading manifest file '../../build/ct_bringup/ct_bringup.egg-info/SOURCES.txt'
[5.710s] writing manifest file '../../build/ct_bringup/ct_bringup.egg-info/SOURCES.txt'
[5.711s] running build
[5.712s] running build_py
[5.712s] creating /home/samuele/dev/minar/minar-challenge-2/build/ct_bringup/build
[5.712s] creating /home/samuele/dev/minar/minar-challenge-2/build/ct_bringup/build/lib
[5.713s] creating /home/samuele/dev/minar/minar-challenge-2/build/ct_bringup/build/lib/ct_bringup
[5.713s] copying ct_bringup/__init__.py -> /home/samuele/dev/minar/minar-challenge-2/build/ct_bringup/build/lib/ct_bringup
[5.713s] running install
[5.733s] running install_lib
[5.800s] creating /home/samuele/dev/minar/minar-challenge-2/install/ct_bringup/lib/python3.12/site-packages/ct_bringup
[5.800s] copying /home/samuele/dev/minar/minar-challenge-2/build/ct_bringup/build/lib/ct_bringup/__init__.py -> /home/samuele/dev/minar/minar-challenge-2/install/ct_bringup/lib/python3.12/site-packages/ct_bringup
[5.801s] byte-compiling /home/samuele/dev/minar/minar-challenge-2/install/ct_bringup/lib/python3.12/site-packages/ct_bringup/__init__.py to __init__.cpython-312.pyc
[5.802s] running install_data
[5.802s] copying resource/ct_bringup -> /home/samuele/dev/minar/minar-challenge-2/install/ct_bringup/share/ament_index/resource_index/packages
[5.803s] copying package.xml -> /home/samuele/dev/minar/minar-challenge-2/install/ct_bringup/share/ct_bringup
[5.803s] copying launch/bringup.launch.py -> /home/samuele/dev/minar/minar-challenge-2/install/ct_bringup/share/ct_bringup/launch
[5.804s] running install_egg_info
[5.877s] Copying ../../build/ct_bringup/ct_bringup.egg-info to /home/samuele/dev/minar/minar-challenge-2/install/ct_bringup/lib/python3.12/site-packages/ct_bringup-0.0.0-py3.12.egg-info
[5.878s] running install_scripts
[6.319s] writing list of installed files to '/home/samuele/dev/minar/minar-challenge-2/build/ct_bringup/install.log'
[6.384s] Invoked command in '/home/samuele/dev/minar/minar-challenge-2/src/ct_bringup' returned '0': DEBUGINFOD_URLS=https://debuginfod.ubuntu.com PYTHONPATH=/home/samuele/dev/minar/minar-challenge-2/build/ct_bringup/prefix_override:/usr/lib/python3/dist-packages/colcon_core/task/python/colcon_distutils_commands:/home/samuele/dev/minar/minar-challenge-2/install/ct_bringup/lib/python3.12/site-packages:${PYTHONPATH} /usr/bin/python3 -W ignore:setup.py install is deprecated -W ignore:easy_install command is deprecated setup.py egg_info --egg-base ../../build/ct_bringup build --build-base /home/samuele/dev/minar/minar-challenge-2/build/ct_bringup/build install --record /home/samuele/dev/minar/minar-challenge-2/build/ct_bringup/install.log --single-version-externally-managed install_data --force
