[0.493s] Invoking command in '/home/samuele/dev/minar/minar-challenge-2/src/build/ct_description': CMAKE_PREFIX_PATH=${CMAKE_PREFIX_PATH}:/home/samuele/dev/minar/minar-challenge-2/install/ct_teleop:/home/samuele/dev/minar/minar-challenge-2/install/ct_sensors:/home/samuele/dev/minar/minar-challenge-2/install/ct_navigation:/home/samuele/dev/minar/minar-challenge-2/install/ct_control:/home/samuele/dev/minar/minar-challenge-2/install/ct_bringup:/opt/ros/jazzy DEBUGINFOD_URLS=https://debuginfod.ubuntu.com /usr/bin/cmake --build /home/samuele/dev/minar/minar-challenge-2/src/build/ct_description -- -j8 -l8
[1.187s] Invoked command in '/home/samuele/dev/minar/minar-challenge-2/src/build/ct_description' returned '0': CMAKE_PREFIX_PATH=${CMAKE_PREFIX_PATH}:/home/samuele/dev/minar/minar-challenge-2/install/ct_teleop:/home/samuele/dev/minar/minar-challenge-2/install/ct_sensors:/home/samuele/dev/minar/minar-challenge-2/install/ct_navigation:/home/samuele/dev/minar/minar-challenge-2/install/ct_control:/home/samuele/dev/minar/minar-challenge-2/install/ct_bringup:/opt/ros/jazzy DEBUGINFOD_URLS=https://debuginfod.ubuntu.com /usr/bin/cmake --build /home/samuele/dev/minar/minar-challenge-2/src/build/ct_description -- -j8 -l8
[1.199s] Invoking command in '/home/samuele/dev/minar/minar-challenge-2/src/build/ct_description': CMAKE_PREFIX_PATH=${CMAKE_PREFIX_PATH}:/home/samuele/dev/minar/minar-challenge-2/install/ct_teleop:/home/samuele/dev/minar/minar-challenge-2/install/ct_sensors:/home/samuele/dev/minar/minar-challenge-2/install/ct_navigation:/home/samuele/dev/minar/minar-challenge-2/install/ct_control:/home/samuele/dev/minar/minar-challenge-2/install/ct_bringup:/opt/ros/jazzy DEBUGINFOD_URLS=https://debuginfod.ubuntu.com /usr/bin/cmake --install /home/samuele/dev/minar/minar-challenge-2/src/build/ct_description
[1.211s] -- Install configuration: ""
[1.213s] -- Execute custom install script
[1.213s] -- Up-to-date symlink: /home/samuele/dev/minar/minar-challenge-2/src/install/ct_description/share/ct_description/urdf/ct.urdf
[1.214s] -- Up-to-date symlink: /home/samuele/dev/minar/minar-challenge-2/src/install/ct_description/share/ament_index/resource_index/package_run_dependencies/ct_description
[1.214s] -- Up-to-date symlink: /home/samuele/dev/minar/minar-challenge-2/src/install/ct_description/share/ament_index/resource_index/parent_prefix_path/ct_description
[1.214s] -- Up-to-date symlink: /home/samuele/dev/minar/minar-challenge-2/src/install/ct_description/share/ct_description/environment/ament_prefix_path.sh
[1.214s] -- Up-to-date symlink: /home/samuele/dev/minar/minar-challenge-2/src/install/ct_description/share/ct_description/environment/ament_prefix_path.dsv
[1.215s] -- Up-to-date symlink: /home/samuele/dev/minar/minar-challenge-2/src/install/ct_description/share/ct_description/environment/path.sh
[1.215s] -- Up-to-date symlink: /home/samuele/dev/minar/minar-challenge-2/src/install/ct_description/share/ct_description/environment/path.dsv
[1.215s] -- Up-to-date symlink: /home/samuele/dev/minar/minar-challenge-2/src/install/ct_description/share/ct_description/local_setup.bash
[1.215s] -- Up-to-date symlink: /home/samuele/dev/minar/minar-challenge-2/src/install/ct_description/share/ct_description/local_setup.sh
[1.215s] -- Up-to-date symlink: /home/samuele/dev/minar/minar-challenge-2/src/install/ct_description/share/ct_description/local_setup.zsh
[1.216s] -- Up-to-date symlink: /home/samuele/dev/minar/minar-challenge-2/src/install/ct_description/share/ct_description/local_setup.dsv
[1.216s] -- Symlinking: /home/samuele/dev/minar/minar-challenge-2/src/install/ct_description/share/ct_description/package.dsv
[1.231s] -- Up-to-date symlink: /home/samuele/dev/minar/minar-challenge-2/src/install/ct_description/share/ament_index/resource_index/packages/ct_description
[1.232s] -- Up-to-date symlink: /home/samuele/dev/minar/minar-challenge-2/src/install/ct_description/share/ct_description/cmake/ct_descriptionConfig.cmake
[1.234s] -- Up-to-date symlink: /home/samuele/dev/minar/minar-challenge-2/src/install/ct_description/share/ct_description/cmake/ct_descriptionConfig-version.cmake
[1.234s] -- Up-to-date symlink: /home/samuele/dev/minar/minar-challenge-2/src/install/ct_description/share/ct_description/package.xml
[1.244s] Invoked command in '/home/samuele/dev/minar/minar-challenge-2/src/build/ct_description' returned '0': CMAKE_PREFIX_PATH=${CMAKE_PREFIX_PATH}:/home/samuele/dev/minar/minar-challenge-2/install/ct_teleop:/home/samuele/dev/minar/minar-challenge-2/install/ct_sensors:/home/samuele/dev/minar/minar-challenge-2/install/ct_navigation:/home/samuele/dev/minar/minar-challenge-2/install/ct_control:/home/samuele/dev/minar/minar-challenge-2/install/ct_bringup:/opt/ros/jazzy DEBUGINFOD_URLS=https://debuginfod.ubuntu.com /usr/bin/cmake --install /home/samuele/dev/minar/minar-challenge-2/src/build/ct_description
