[2.979s] Invoking command in '/home/samuele/dev/minar/minar-challenge-2/src/build/ct_navigation': DEBUGINFOD_URLS=https://debuginfod.ubuntu.com PYTHONPATH=/home/samuele/dev/minar/minar-challenge-2/src/build/ct_navigation/prefix_override:/usr/lib/python3/dist-packages/colcon_core/task/python/colcon_distutils_commands:/home/samuele/dev/minar/minar-challenge-2/src/install/ct_navigation/lib/python3.12/site-packages:${PYTHONPATH} /usr/bin/python3 -W ignore:setup.py install is deprecated -W ignore:easy_install command is deprecated setup.py develop --editable --build-directory /home/samuele/dev/minar/minar-challenge-2/src/build/ct_navigation/build --no-deps symlink_data
[3.776s] running develop
[4.343s] running egg_info
[4.344s] creating ct_navigation.egg-info
[4.399s] writing ct_navigation.egg-info/PKG-INFO
[4.400s] writing dependency_links to ct_navigation.egg-info/dependency_links.txt
[4.401s] writing requirements to ct_navigation.egg-info/requires.txt
[4.401s] writing top-level names to ct_navigation.egg-info/top_level.txt
[4.402s] writing manifest file 'ct_navigation.egg-info/SOURCES.txt'
[4.546s] reading manifest file 'ct_navigation.egg-info/SOURCES.txt'
[4.547s] writing manifest file 'ct_navigation.egg-info/SOURCES.txt'
[4.621s] running build_ext
[4.622s] Creating /home/samuele/dev/minar/minar-challenge-2/src/install/ct_navigation/lib/python3.12/site-packages/ct-navigation.egg-link (link to .)
[4.622s] 
[4.622s] Installed /home/samuele/dev/minar/minar-challenge-2/src/build/ct_navigation
[4.623s] running symlink_data
[4.623s] creating /home/samuele/dev/minar/minar-challenge-2/src/install/ct_navigation/share/ament_index
[4.623s] creating /home/samuele/dev/minar/minar-challenge-2/src/install/ct_navigation/share/ament_index/resource_index
[4.623s] creating /home/samuele/dev/minar/minar-challenge-2/src/install/ct_navigation/share/ament_index/resource_index/packages
[4.623s] symbolically linking /home/samuele/dev/minar/minar-challenge-2/src/build/ct_navigation/resource/ct_navigation -> /home/samuele/dev/minar/minar-challenge-2/src/install/ct_navigation/share/ament_index/resource_index/packages
[4.623s] symbolically linking /home/samuele/dev/minar/minar-challenge-2/src/build/ct_navigation/package.xml -> /home/samuele/dev/minar/minar-challenge-2/src/install/ct_navigation/share/ct_navigation
[4.754s] Invoked command in '/home/samuele/dev/minar/minar-challenge-2/src/build/ct_navigation' returned '0': DEBUGINFOD_URLS=https://debuginfod.ubuntu.com PYTHONPATH=/home/samuele/dev/minar/minar-challenge-2/src/build/ct_navigation/prefix_override:/usr/lib/python3/dist-packages/colcon_core/task/python/colcon_distutils_commands:/home/samuele/dev/minar/minar-challenge-2/src/install/ct_navigation/lib/python3.12/site-packages:${PYTHONPATH} /usr/bin/python3 -W ignore:setup.py install is deprecated -W ignore:easy_install command is deprecated setup.py develop --editable --build-directory /home/samuele/dev/minar/minar-challenge-2/src/build/ct_navigation/build --no-deps symlink_data
