[2.634s] Invoking command in '/home/samuele/dev/minar/minar-challenge-2/build/ct_teleop': DEBUGINFOD_URLS=https://debuginfod.ubuntu.com PYTHONPATH=/home/samuele/dev/minar/minar-challenge-2/build/ct_teleop/prefix_override:/usr/lib/python3/dist-packages/colcon_core/task/python/colcon_distutils_commands:/home/samuele/dev/minar/minar-challenge-2/install/ct_teleop/lib/python3.12/site-packages:${PYTHONPATH} /usr/bin/python3 -W ignore:setup.py install is deprecated -W ignore:easy_install command is deprecated setup.py develop --editable --build-directory /home/samuele/dev/minar/minar-challenge-2/build/ct_teleop/build --no-deps symlink_data
[3.208s] running develop
[3.674s] running egg_info
[3.674s] creating ct_teleop.egg-info
[3.729s] writing ct_teleop.egg-info/PKG-INFO
[3.729s] writing dependency_links to ct_teleop.egg-info/dependency_links.txt
[3.730s] writing requirements to ct_teleop.egg-info/requires.txt
[3.732s] writing top-level names to ct_teleop.egg-info/top_level.txt
[3.732s] writing manifest file 'ct_teleop.egg-info/SOURCES.txt'
[3.858s] reading manifest file 'ct_teleop.egg-info/SOURCES.txt'
[3.861s] writing manifest file 'ct_teleop.egg-info/SOURCES.txt'
[3.918s] running build_ext
[3.918s] Creating /home/samuele/dev/minar/minar-challenge-2/install/ct_teleop/lib/python3.12/site-packages/ct-teleop.egg-link (link to .)
[3.920s] 
[3.920s] Installed /home/samuele/dev/minar/minar-challenge-2/build/ct_teleop
[3.920s] running symlink_data
[3.920s] creating /home/samuele/dev/minar/minar-challenge-2/install/ct_teleop/share/ament_index
[3.921s] creating /home/samuele/dev/minar/minar-challenge-2/install/ct_teleop/share/ament_index/resource_index
[3.922s] creating /home/samuele/dev/minar/minar-challenge-2/install/ct_teleop/share/ament_index/resource_index/packages
[3.922s] symbolically linking /home/samuele/dev/minar/minar-challenge-2/build/ct_teleop/resource/ct_teleop -> /home/samuele/dev/minar/minar-challenge-2/install/ct_teleop/share/ament_index/resource_index/packages
[3.922s] symbolically linking /home/samuele/dev/minar/minar-challenge-2/build/ct_teleop/package.xml -> /home/samuele/dev/minar/minar-challenge-2/install/ct_teleop/share/ct_teleop
[4.012s] Invoked command in '/home/samuele/dev/minar/minar-challenge-2/build/ct_teleop' returned '0': DEBUGINFOD_URLS=https://debuginfod.ubuntu.com PYTHONPATH=/home/samuele/dev/minar/minar-challenge-2/build/ct_teleop/prefix_override:/usr/lib/python3/dist-packages/colcon_core/task/python/colcon_distutils_commands:/home/samuele/dev/minar/minar-challenge-2/install/ct_teleop/lib/python3.12/site-packages:${PYTHONPATH} /usr/bin/python3 -W ignore:setup.py install is deprecated -W ignore:easy_install command is deprecated setup.py develop --editable --build-directory /home/samuele/dev/minar/minar-challenge-2/build/ct_teleop/build --no-deps symlink_data
