[1.135s] Invoking command in '/home/samuele/dev/minar/minar-challenge-2/src/build/rf2o_laser_odometry': CMAKE_PREFIX_PATH=${CMAKE_PREFIX_PATH}:/opt/ros/jazzy DEBUGINFOD_URLS=https://debuginfod.ubuntu.com /usr/bin/cmake --build /home/samuele/dev/minar/minar-challenge-2/src/build/rf2o_laser_odometry -- -j8 -l8
[1.278s] [ 40%] Built target rf2o_laser_odometry
[1.308s] [100%] Built target rf2o_laser_odometry_node
[1.338s] Invoked command in '/home/samuele/dev/minar/minar-challenge-2/src/build/rf2o_laser_odometry' returned '0': CMAKE_PREFIX_PATH=${CMAKE_PREFIX_PATH}:/opt/ros/jazzy DEBUGINFOD_URLS=https://debuginfod.ubuntu.com /usr/bin/cmake --build /home/samuele/dev/minar/minar-challenge-2/src/build/rf2o_laser_odometry -- -j8 -l8
[1.344s] Invoking command in '/home/samuele/dev/minar/minar-challenge-2/src/build/rf2o_laser_odometry': CMAKE_PREFIX_PATH=${CMAKE_PREFIX_PATH}:/opt/ros/jazzy DEBUGINFOD_URLS=https://debuginfod.ubuntu.com /usr/bin/cmake --install /home/samuele/dev/minar/minar-challenge-2/src/build/rf2o_laser_odometry
[1.355s] -- Install configuration: ""
[1.357s] -- Execute custom install script
[1.358s] -- Up-to-date symlink: /home/samuele/dev/minar/minar-challenge-2/src/install/rf2o_laser_odometry/lib/rf2o_laser_odometry/rf2o_laser_odometry_node
[1.358s] -- Up-to-date symlink: /home/samuele/dev/minar/minar-challenge-2/src/install/rf2o_laser_odometry/share/rf2o_laser_odometry/launch/rf2o_laser_odometry.launch.py
[1.359s] -- Up-to-date symlink: /home/samuele/dev/minar/minar-challenge-2/src/install/rf2o_laser_odometry/share/ament_index/resource_index/package_run_dependencies/rf2o_laser_odometry
[1.359s] -- Up-to-date symlink: /home/samuele/dev/minar/minar-challenge-2/src/install/rf2o_laser_odometry/share/ament_index/resource_index/parent_prefix_path/rf2o_laser_odometry
[1.360s] -- Up-to-date symlink: /home/samuele/dev/minar/minar-challenge-2/src/install/rf2o_laser_odometry/share/rf2o_laser_odometry/environment/ament_prefix_path.sh
[1.360s] -- Up-to-date symlink: /home/samuele/dev/minar/minar-challenge-2/src/install/rf2o_laser_odometry/share/rf2o_laser_odometry/environment/ament_prefix_path.dsv
[1.360s] -- Up-to-date symlink: /home/samuele/dev/minar/minar-challenge-2/src/install/rf2o_laser_odometry/share/rf2o_laser_odometry/environment/path.sh
[1.360s] -- Up-to-date symlink: /home/samuele/dev/minar/minar-challenge-2/src/install/rf2o_laser_odometry/share/rf2o_laser_odometry/environment/path.dsv
[1.362s] -- Up-to-date symlink: /home/samuele/dev/minar/minar-challenge-2/src/install/rf2o_laser_odometry/share/rf2o_laser_odometry/local_setup.bash
[1.362s] -- Up-to-date symlink: /home/samuele/dev/minar/minar-challenge-2/src/install/rf2o_laser_odometry/share/rf2o_laser_odometry/local_setup.sh
[1.362s] -- Up-to-date symlink: /home/samuele/dev/minar/minar-challenge-2/src/install/rf2o_laser_odometry/share/rf2o_laser_odometry/local_setup.zsh
[1.362s] -- Up-to-date symlink: /home/samuele/dev/minar/minar-challenge-2/src/install/rf2o_laser_odometry/share/rf2o_laser_odometry/local_setup.dsv
[1.363s] -- Symlinking: /home/samuele/dev/minar/minar-challenge-2/src/install/rf2o_laser_odometry/share/rf2o_laser_odometry/package.dsv
[1.379s] -- Up-to-date symlink: /home/samuele/dev/minar/minar-challenge-2/src/install/rf2o_laser_odometry/share/ament_index/resource_index/packages/rf2o_laser_odometry
[1.379s] -- Up-to-date symlink: /home/samuele/dev/minar/minar-challenge-2/src/install/rf2o_laser_odometry/share/rf2o_laser_odometry/cmake/rf2o_laser_odometryConfig.cmake
[1.380s] -- Up-to-date symlink: /home/samuele/dev/minar/minar-challenge-2/src/install/rf2o_laser_odometry/share/rf2o_laser_odometry/cmake/rf2o_laser_odometryConfig-version.cmake
[1.380s] -- Up-to-date symlink: /home/samuele/dev/minar/minar-challenge-2/src/install/rf2o_laser_odometry/share/rf2o_laser_odometry/package.xml
[1.384s] Invoked command in '/home/samuele/dev/minar/minar-challenge-2/src/build/rf2o_laser_odometry' returned '0': CMAKE_PREFIX_PATH=${CMAKE_PREFIX_PATH}:/opt/ros/jazzy DEBUGINFOD_URLS=https://debuginfod.ubuntu.com /usr/bin/cmake --install /home/samuele/dev/minar/minar-challenge-2/src/build/rf2o_laser_odometry
