[1.412s] Invoking command in '/home/samuele/dev/minar/minar-challenge-2/build/rplidar_ros': CMAKE_PREFIX_PATH=${CMAKE_PREFIX_PATH}:/home/samuele/dev/minar/minar-challenge-2/src/install/ct_teleop:/home/samuele/dev/minar/minar-challenge-2/src/install/ct_sensors:/home/samuele/dev/minar/minar-challenge-2/src/install/ct_navigation:/home/samuele/dev/minar/minar-challenge-2/src/install/ct_control:/home/samuele/dev/minar/minar-challenge-2/src/install/ct_bringup:/home/samuele/dev/minar/minar-challenge-2/install/ct_teleop:/home/samuele/dev/minar/minar-challenge-2/install/ct_sensors:/home/samuele/dev/minar/minar-challenge-2/install/ct_navigation:/home/samuele/dev/minar/minar-challenge-2/install/ct_control:/home/samuele/dev/minar/minar-challenge-2/install/ct_bringup:/opt/ros/jazzy DEBUGINFOD_URLS=https://debuginfod.ubuntu.com /usr/bin/cmake /home/samuele/dev/minar/minar-challenge-2/src/rplidar_ros -DCMAKE_INSTALL_PREFIX=/home/samuele/dev/minar/minar-challenge-2/install/rplidar_ros
[1.435s] -- Found ament_cmake: 2.5.4 (/opt/ros/jazzy/share/ament_cmake/cmake)
[1.974s] -- Override CMake install command with custom implementation using symlinks instead of copying resources
[1.990s] -- Found rclcpp: 28.1.11 (/opt/ros/jazzy/share/rclcpp/cmake)
[2.074s] -- Found rosidl_generator_c: 4.6.6 (/opt/ros/jazzy/share/rosidl_generator_c/cmake)
[2.092s] -- Found rosidl_generator_cpp: 4.6.6 (/opt/ros/jazzy/share/rosidl_generator_cpp/cmake)
[2.116s] -- Using all available rosidl_typesupport_c: rosidl_typesupport_fastrtps_c;rosidl_typesupport_introspection_c
[2.154s] -- Using all available rosidl_typesupport_cpp: rosidl_typesupport_fastrtps_cpp;rosidl_typesupport_introspection_cpp
[2.333s] -- Found rmw_implementation_cmake: 7.3.2 (/opt/ros/jazzy/share/rmw_implementation_cmake/cmake)
[2.337s] -- Found rmw_fastrtps_cpp: 8.4.3 (/opt/ros/jazzy/share/rmw_fastrtps_cpp/cmake)
[2.524s] -- Using RMW implementation 'rmw_fastrtps_cpp' as default
[2.716s] -- Found sensor_msgs: 5.3.6 (/opt/ros/jazzy/share/sensor_msgs/cmake)
[2.876s] -- Found std_srvs: 5.3.6 (/opt/ros/jazzy/share/std_srvs/cmake)
[3.176s] -- Configuring done (1.8s)
[3.244s] -- Generating done (0.0s)
[3.273s] -- Build files have been written to: /home/samuele/dev/minar/minar-challenge-2/build/rplidar_ros
[3.290s] Invoked command in '/home/samuele/dev/minar/minar-challenge-2/build/rplidar_ros' returned '0': CMAKE_PREFIX_PATH=${CMAKE_PREFIX_PATH}:/home/samuele/dev/minar/minar-challenge-2/src/install/ct_teleop:/home/samuele/dev/minar/minar-challenge-2/src/install/ct_sensors:/home/samuele/dev/minar/minar-challenge-2/src/install/ct_navigation:/home/samuele/dev/minar/minar-challenge-2/src/install/ct_control:/home/samuele/dev/minar/minar-challenge-2/src/install/ct_bringup:/home/samuele/dev/minar/minar-challenge-2/install/ct_teleop:/home/samuele/dev/minar/minar-challenge-2/install/ct_sensors:/home/samuele/dev/minar/minar-challenge-2/install/ct_navigation:/home/samuele/dev/minar/minar-challenge-2/install/ct_control:/home/samuele/dev/minar/minar-challenge-2/install/ct_bringup:/opt/ros/jazzy DEBUGINFOD_URLS=https://debuginfod.ubuntu.com /usr/bin/cmake /home/samuele/dev/minar/minar-challenge-2/src/rplidar_ros -DCMAKE_INSTALL_PREFIX=/home/samuele/dev/minar/minar-challenge-2/install/rplidar_ros
[3.293s] Invoking command in '/home/samuele/dev/minar/minar-challenge-2/build/rplidar_ros': CMAKE_PREFIX_PATH=${CMAKE_PREFIX_PATH}:/home/samuele/dev/minar/minar-challenge-2/src/install/ct_teleop:/home/samuele/dev/minar/minar-challenge-2/src/install/ct_sensors:/home/samuele/dev/minar/minar-challenge-2/src/install/ct_navigation:/home/samuele/dev/minar/minar-challenge-2/src/install/ct_control:/home/samuele/dev/minar/minar-challenge-2/src/install/ct_bringup:/home/samuele/dev/minar/minar-challenge-2/install/ct_teleop:/home/samuele/dev/minar/minar-challenge-2/install/ct_sensors:/home/samuele/dev/minar/minar-challenge-2/install/ct_navigation:/home/samuele/dev/minar/minar-challenge-2/install/ct_control:/home/samuele/dev/minar/minar-challenge-2/install/ct_bringup:/opt/ros/jazzy DEBUGINFOD_URLS=https://debuginfod.ubuntu.com /usr/bin/cmake --build /home/samuele/dev/minar/minar-challenge-2/build/rplidar_ros -- -j8 -l8
[3.456s] [  5%] Built target rplidar_client
[3.499s] [ 52%] Built target rplidar_node
[3.549s] [100%] Built target rplidar_composition
[3.584s] Invoked command in '/home/samuele/dev/minar/minar-challenge-2/build/rplidar_ros' returned '0': CMAKE_PREFIX_PATH=${CMAKE_PREFIX_PATH}:/home/samuele/dev/minar/minar-challenge-2/src/install/ct_teleop:/home/samuele/dev/minar/minar-challenge-2/src/install/ct_sensors:/home/samuele/dev/minar/minar-challenge-2/src/install/ct_navigation:/home/samuele/dev/minar/minar-challenge-2/src/install/ct_control:/home/samuele/dev/minar/minar-challenge-2/src/install/ct_bringup:/home/samuele/dev/minar/minar-challenge-2/install/ct_teleop:/home/samuele/dev/minar/minar-challenge-2/install/ct_sensors:/home/samuele/dev/minar/minar-challenge-2/install/ct_navigation:/home/samuele/dev/minar/minar-challenge-2/install/ct_control:/home/samuele/dev/minar/minar-challenge-2/install/ct_bringup:/opt/ros/jazzy DEBUGINFOD_URLS=https://debuginfod.ubuntu.com /usr/bin/cmake --build /home/samuele/dev/minar/minar-challenge-2/build/rplidar_ros -- -j8 -l8
[3.586s] Invoking command in '/home/samuele/dev/minar/minar-challenge-2/build/rplidar_ros': CMAKE_PREFIX_PATH=${CMAKE_PREFIX_PATH}:/home/samuele/dev/minar/minar-challenge-2/src/install/ct_teleop:/home/samuele/dev/minar/minar-challenge-2/src/install/ct_sensors:/home/samuele/dev/minar/minar-challenge-2/src/install/ct_navigation:/home/samuele/dev/minar/minar-challenge-2/src/install/ct_control:/home/samuele/dev/minar/minar-challenge-2/src/install/ct_bringup:/home/samuele/dev/minar/minar-challenge-2/install/ct_teleop:/home/samuele/dev/minar/minar-challenge-2/install/ct_sensors:/home/samuele/dev/minar/minar-challenge-2/install/ct_navigation:/home/samuele/dev/minar/minar-challenge-2/install/ct_control:/home/samuele/dev/minar/minar-challenge-2/install/ct_bringup:/opt/ros/jazzy DEBUGINFOD_URLS=https://debuginfod.ubuntu.com /usr/bin/cmake --install /home/samuele/dev/minar/minar-challenge-2/build/rplidar_ros
[3.605s] -- Install configuration: ""
[3.606s] -- Execute custom install script
[3.608s] -- Up-to-date symlink: /home/samuele/dev/minar/minar-challenge-2/install/rplidar_ros/share/rplidar_ros/launch/rplidar_a1_launch.py
[3.608s] -- Up-to-date symlink: /home/samuele/dev/minar/minar-challenge-2/install/rplidar_ros/share/rplidar_ros/launch/rplidar_a2m12_launch.py
[3.609s] -- Up-to-date symlink: /home/samuele/dev/minar/minar-challenge-2/install/rplidar_ros/share/rplidar_ros/launch/rplidar_a2m7_launch.py
[3.609s] -- Up-to-date symlink: /home/samuele/dev/minar/minar-challenge-2/install/rplidar_ros/share/rplidar_ros/launch/rplidar_a2m8_launch.py
[3.610s] -- Up-to-date symlink: /home/samuele/dev/minar/minar-challenge-2/install/rplidar_ros/share/rplidar_ros/launch/rplidar_a3_launch.py
[3.610s] -- Up-to-date symlink: /home/samuele/dev/minar/minar-challenge-2/install/rplidar_ros/share/rplidar_ros/launch/rplidar_c1_launch.py
[3.610s] -- Up-to-date symlink: /home/samuele/dev/minar/minar-challenge-2/install/rplidar_ros/share/rplidar_ros/launch/rplidar_s1_launch.py
[3.611s] -- Up-to-date symlink: /home/samuele/dev/minar/minar-challenge-2/install/rplidar_ros/share/rplidar_ros/launch/rplidar_s1_tcp_launch.py
[3.611s] -- Up-to-date symlink: /home/samuele/dev/minar/minar-challenge-2/install/rplidar_ros/share/rplidar_ros/launch/rplidar_s2_launch.py
[3.612s] -- Up-to-date symlink: /home/samuele/dev/minar/minar-challenge-2/install/rplidar_ros/share/rplidar_ros/launch/rplidar_s2e_launch.py
[3.612s] -- Up-to-date symlink: /home/samuele/dev/minar/minar-challenge-2/install/rplidar_ros/share/rplidar_ros/launch/rplidar_s3_launch.py
[3.612s] -- Up-to-date symlink: /home/samuele/dev/minar/minar-challenge-2/install/rplidar_ros/share/rplidar_ros/launch/rplidar_t1_launch.py
[3.613s] -- Up-to-date symlink: /home/samuele/dev/minar/minar-challenge-2/install/rplidar_ros/share/rplidar_ros/launch/view_rplidar_a1_launch.py
[3.613s] -- Up-to-date symlink: /home/samuele/dev/minar/minar-challenge-2/install/rplidar_ros/share/rplidar_ros/launch/view_rplidar_a2m12_launch.py
[3.614s] -- Up-to-date symlink: /home/samuele/dev/minar/minar-challenge-2/install/rplidar_ros/share/rplidar_ros/launch/view_rplidar_a2m7_launch.py
[3.614s] -- Up-to-date symlink: /home/samuele/dev/minar/minar-challenge-2/install/rplidar_ros/share/rplidar_ros/launch/view_rplidar_a2m8_launch.py
[3.615s] -- Up-to-date symlink: /home/samuele/dev/minar/minar-challenge-2/install/rplidar_ros/share/rplidar_ros/launch/view_rplidar_a3_launch.py
[3.615s] -- Up-to-date symlink: /home/samuele/dev/minar/minar-challenge-2/install/rplidar_ros/share/rplidar_ros/launch/view_rplidar_c1_launch.py
[3.615s] -- Up-to-date symlink: /home/samuele/dev/minar/minar-challenge-2/install/rplidar_ros/share/rplidar_ros/launch/view_rplidar_s1_launch.py
[3.616s] -- Up-to-date symlink: /home/samuele/dev/minar/minar-challenge-2/install/rplidar_ros/share/rplidar_ros/launch/view_rplidar_s1_tcp_launch.py
[3.616s] -- Up-to-date symlink: /home/samuele/dev/minar/minar-challenge-2/install/rplidar_ros/share/rplidar_ros/launch/view_rplidar_s2_launch.py
[3.616s] -- Up-to-date symlink: /home/samuele/dev/minar/minar-challenge-2/install/rplidar_ros/share/rplidar_ros/launch/view_rplidar_s2e_launch.py
[3.617s] -- Up-to-date symlink: /home/samuele/dev/minar/minar-challenge-2/install/rplidar_ros/share/rplidar_ros/launch/view_rplidar_s3_launch.py
[3.617s] -- Up-to-date symlink: /home/samuele/dev/minar/minar-challenge-2/install/rplidar_ros/share/rplidar_ros/launch/view_rplidar_t1_launch.py
[3.617s] -- Up-to-date symlink: /home/samuele/dev/minar/minar-challenge-2/install/rplidar_ros/share/rplidar_ros/rviz/rplidar_ros.rviz
[3.618s] -- Up-to-date symlink: /home/samuele/dev/minar/minar-challenge-2/install/rplidar_ros/lib/rplidar_ros/rplidar_node
[3.618s] -- Up-to-date symlink: /home/samuele/dev/minar/minar-challenge-2/install/rplidar_ros/lib/rplidar_ros/rplidar_composition
[3.618s] -- Up-to-date symlink: /home/samuele/dev/minar/minar-challenge-2/install/rplidar_ros/lib/rplidar_ros/rplidar_client
[3.619s] -- Up-to-date symlink: /home/samuele/dev/minar/minar-challenge-2/install/rplidar_ros/share/ament_index/resource_index/package_run_dependencies/rplidar_ros
[3.619s] -- Up-to-date symlink: /home/samuele/dev/minar/minar-challenge-2/install/rplidar_ros/share/ament_index/resource_index/parent_prefix_path/rplidar_ros
[3.619s] -- Up-to-date symlink: /home/samuele/dev/minar/minar-challenge-2/install/rplidar_ros/share/rplidar_ros/environment/ament_prefix_path.sh
[3.620s] -- Up-to-date symlink: /home/samuele/dev/minar/minar-challenge-2/install/rplidar_ros/share/rplidar_ros/environment/ament_prefix_path.dsv
[3.620s] -- Up-to-date symlink: /home/samuele/dev/minar/minar-challenge-2/install/rplidar_ros/share/rplidar_ros/environment/path.sh
[3.621s] -- Up-to-date symlink: /home/samuele/dev/minar/minar-challenge-2/install/rplidar_ros/share/rplidar_ros/environment/path.dsv
[3.621s] -- Up-to-date symlink: /home/samuele/dev/minar/minar-challenge-2/install/rplidar_ros/share/rplidar_ros/local_setup.bash
[3.621s] -- Up-to-date symlink: /home/samuele/dev/minar/minar-challenge-2/install/rplidar_ros/share/rplidar_ros/local_setup.sh
[3.622s] -- Up-to-date symlink: /home/samuele/dev/minar/minar-challenge-2/install/rplidar_ros/share/rplidar_ros/local_setup.zsh
[3.622s] -- Up-to-date symlink: /home/samuele/dev/minar/minar-challenge-2/install/rplidar_ros/share/rplidar_ros/local_setup.dsv
[3.622s] -- Symlinking: /home/samuele/dev/minar/minar-challenge-2/install/rplidar_ros/share/rplidar_ros/package.dsv
[3.645s] -- Up-to-date symlink: /home/samuele/dev/minar/minar-challenge-2/install/rplidar_ros/share/ament_index/resource_index/packages/rplidar_ros
[3.645s] -- Up-to-date symlink: /home/samuele/dev/minar/minar-challenge-2/install/rplidar_ros/share/rplidar_ros/cmake/ament_cmake_export_dependencies-extras.cmake
[3.645s] -- Up-to-date symlink: /home/samuele/dev/minar/minar-challenge-2/install/rplidar_ros/share/rplidar_ros/cmake/ament_cmake_export_include_directories-extras.cmake
[3.646s] -- Up-to-date symlink: /home/samuele/dev/minar/minar-challenge-2/install/rplidar_ros/share/rplidar_ros/cmake/rplidar_rosConfig.cmake
[3.647s] -- Up-to-date symlink: /home/samuele/dev/minar/minar-challenge-2/install/rplidar_ros/share/rplidar_ros/cmake/rplidar_rosConfig-version.cmake
[3.647s] -- Up-to-date symlink: /home/samuele/dev/minar/minar-challenge-2/install/rplidar_ros/share/rplidar_ros/package.xml
[3.654s] Invoked command in '/home/samuele/dev/minar/minar-challenge-2/build/rplidar_ros' returned '0': CMAKE_PREFIX_PATH=${CMAKE_PREFIX_PATH}:/home/samuele/dev/minar/minar-challenge-2/src/install/ct_teleop:/home/samuele/dev/minar/minar-challenge-2/src/install/ct_sensors:/home/samuele/dev/minar/minar-challenge-2/src/install/ct_navigation:/home/samuele/dev/minar/minar-challenge-2/src/install/ct_control:/home/samuele/dev/minar/minar-challenge-2/src/install/ct_bringup:/home/samuele/dev/minar/minar-challenge-2/install/ct_teleop:/home/samuele/dev/minar/minar-challenge-2/install/ct_sensors:/home/samuele/dev/minar/minar-challenge-2/install/ct_navigation:/home/samuele/dev/minar/minar-challenge-2/install/ct_control:/home/samuele/dev/minar/minar-challenge-2/install/ct_bringup:/opt/ros/jazzy DEBUGINFOD_URLS=https://debuginfod.ubuntu.com /usr/bin/cmake --install /home/samuele/dev/minar/minar-challenge-2/build/rplidar_ros
