[0.083s] DEBUG:colcon:Command line arguments: ['/usr/bin/colcon', 'build']
[0.083s] DEBUG:colcon:Parsed command line arguments: Namespace(log_base=None, log_level=None, verb_name='build', build_base='build', install_base='install', merge_install=False, symlink_install=False, test_result_base=None, continue_on_error=False, executor='parallel', parallel_workers=8, event_handlers=None, base_paths=['.'], packages_ignore=None, packages_ignore_regex=None, paths=None, packages_up_to=None, packages_up_to_regex=None, packages_above=None, packages_above_and_dependencies=None, packages_above_depth=None, packages_select_by_dep=None, packages_skip_by_dep=None, packages_skip_up_to=None, packages_select_build_failed=False, packages_skip_build_finished=False, packages_select_test_failures=False, packages_skip_test_passed=False, packages_select=None, packages_skip=None, packages_select_regex=None, packages_skip_regex=None, packages_start=None, packages_end=None, cmake_args=None, cmake_target=None, cmake_target_skip_unavailable=False, cmake_clean_cache=False, cmake_clean_first=False, cmake_force_configure=False, ament_cmake_args=None, catkin_cmake_args=None, catkin_skip_building_tests=False, verb_parser=<colcon_argcomplete.argument_parser.argcomplete.ArgcompleteDecorator object at 0x739ce42aa300>, verb_extension=<colcon_core.verb.build.BuildVerb object at 0x739ce42aa000>, main=<bound method BuildVerb.main of <colcon_core.verb.build.BuildVerb object at 0x739ce42aa000>>)
[0.121s] Level 1:colcon.colcon_core.package_discovery:discover_packages(recursive) check parameters
[0.121s] Level 1:colcon.colcon_core.package_discovery:discover_packages(ignore) check parameters
[0.122s] Level 1:colcon.colcon_core.package_discovery:discover_packages(path) check parameters
[0.122s] Level 1:colcon.colcon_core.package_discovery:discover_packages(recursive) discover
[0.122s] INFO:colcon.colcon_core.package_discovery:Crawling recursively for packages in '/home/samuele/dev/minar/minar-challenge-2/ros'
[0.122s] Level 1:colcon.colcon_core.package_identification:_identify(.) by extensions ['ignore', 'ignore_ament_install']
[0.122s] Level 1:colcon.colcon_core.package_identification:_identify(.) by extension 'ignore'
[0.122s] Level 1:colcon.colcon_core.package_identification:_identify(.) by extension 'ignore_ament_install'
[0.122s] Level 1:colcon.colcon_core.package_identification:_identify(.) by extensions ['ros']
[0.122s] Level 1:colcon.colcon_core.package_identification:_identify(.) by extension 'ros'
[0.146s] Level 1:colcon.colcon_core.package_identification:_identify(.) by extensions ['cmake', 'python']
[0.146s] Level 1:colcon.colcon_core.package_identification:_identify(.) by extension 'cmake'
[0.146s] Level 1:colcon.colcon_core.package_identification:_identify(.) by extension 'python'
[0.146s] Level 1:colcon.colcon_core.package_identification:_identify(.) by extensions ['python_setup_py']
[0.146s] Level 1:colcon.colcon_core.package_identification:_identify(.) by extension 'python_setup_py'
[0.146s] Level 1:colcon.colcon_core.package_identification:_identify(build) by extensions ['ignore', 'ignore_ament_install']
[0.147s] Level 1:colcon.colcon_core.package_identification:_identify(build) by extension 'ignore'
[0.147s] Level 1:colcon.colcon_core.package_identification:_identify(build) ignored
[0.147s] Level 1:colcon.colcon_core.package_identification:_identify(install) by extensions ['ignore', 'ignore_ament_install']
[0.147s] Level 1:colcon.colcon_core.package_identification:_identify(install) by extension 'ignore'
[0.147s] Level 1:colcon.colcon_core.package_identification:_identify(install) ignored
[0.147s] Level 1:colcon.colcon_core.package_identification:_identify(log) by extensions ['ignore', 'ignore_ament_install']
[0.147s] Level 1:colcon.colcon_core.package_identification:_identify(log) by extension 'ignore'
[0.147s] Level 1:colcon.colcon_core.package_identification:_identify(log) ignored
[0.147s] Level 1:colcon.colcon_core.package_identification:_identify(src) by extensions ['ignore', 'ignore_ament_install']
[0.147s] Level 1:colcon.colcon_core.package_identification:_identify(src) by extension 'ignore'
[0.147s] Level 1:colcon.colcon_core.package_identification:_identify(src) by extension 'ignore_ament_install'
[0.148s] Level 1:colcon.colcon_core.package_identification:_identify(src) by extensions ['ros']
[0.148s] Level 1:colcon.colcon_core.package_identification:_identify(src) by extension 'ros'
[0.148s] Level 1:colcon.colcon_core.package_identification:_identify(src) by extensions ['cmake', 'python']
[0.148s] Level 1:colcon.colcon_core.package_identification:_identify(src) by extension 'cmake'
[0.148s] Level 1:colcon.colcon_core.package_identification:_identify(src) by extension 'python'
[0.148s] Level 1:colcon.colcon_core.package_identification:_identify(src) by extensions ['python_setup_py']
[0.148s] Level 1:colcon.colcon_core.package_identification:_identify(src) by extension 'python_setup_py'
[0.148s] Level 1:colcon.colcon_core.package_identification:_identify(src/build) by extensions ['ignore', 'ignore_ament_install']
[0.148s] Level 1:colcon.colcon_core.package_identification:_identify(src/build) by extension 'ignore'
[0.148s] Level 1:colcon.colcon_core.package_identification:_identify(src/build) ignored
[0.148s] Level 1:colcon.colcon_core.package_identification:_identify(src/ct_bringup) by extensions ['ignore', 'ignore_ament_install']
[0.148s] Level 1:colcon.colcon_core.package_identification:_identify(src/ct_bringup) by extension 'ignore'
[0.148s] Level 1:colcon.colcon_core.package_identification:_identify(src/ct_bringup) by extension 'ignore_ament_install'
[0.148s] Level 1:colcon.colcon_core.package_identification:_identify(src/ct_bringup) by extensions ['ros']
[0.148s] Level 1:colcon.colcon_core.package_identification:_identify(src/ct_bringup) by extension 'ros'
[0.150s] DEBUG:colcon.colcon_core.package_identification:Package 'src/ct_bringup' with type 'ros.ament_python' and name 'ct_bringup'
[0.151s] Level 1:colcon.colcon_core.package_identification:_identify(src/ct_control) by extensions ['ignore', 'ignore_ament_install']
[0.151s] Level 1:colcon.colcon_core.package_identification:_identify(src/ct_control) by extension 'ignore'
[0.151s] Level 1:colcon.colcon_core.package_identification:_identify(src/ct_control) by extension 'ignore_ament_install'
[0.151s] Level 1:colcon.colcon_core.package_identification:_identify(src/ct_control) by extensions ['ros']
[0.151s] Level 1:colcon.colcon_core.package_identification:_identify(src/ct_control) by extension 'ros'
[0.152s] DEBUG:colcon.colcon_core.package_identification:Package 'src/ct_control' with type 'ros.ament_python' and name 'ct_control'
[0.152s] Level 1:colcon.colcon_core.package_identification:_identify(src/ct_description) by extensions ['ignore', 'ignore_ament_install']
[0.152s] Level 1:colcon.colcon_core.package_identification:_identify(src/ct_description) by extension 'ignore'
[0.152s] Level 1:colcon.colcon_core.package_identification:_identify(src/ct_description) by extension 'ignore_ament_install'
[0.152s] Level 1:colcon.colcon_core.package_identification:_identify(src/ct_description) by extensions ['ros']
[0.152s] Level 1:colcon.colcon_core.package_identification:_identify(src/ct_description) by extension 'ros'
[0.152s] DEBUG:colcon.colcon_core.package_identification:Package 'src/ct_description' with type 'ros.ament_cmake' and name 'ct_description'
[0.152s] Level 1:colcon.colcon_core.package_identification:_identify(src/ct_navigation) by extensions ['ignore', 'ignore_ament_install']
[0.153s] Level 1:colcon.colcon_core.package_identification:_identify(src/ct_navigation) by extension 'ignore'
[0.153s] Level 1:colcon.colcon_core.package_identification:_identify(src/ct_navigation) by extension 'ignore_ament_install'
[0.153s] Level 1:colcon.colcon_core.package_identification:_identify(src/ct_navigation) by extensions ['ros']
[0.153s] Level 1:colcon.colcon_core.package_identification:_identify(src/ct_navigation) by extension 'ros'
[0.153s] DEBUG:colcon.colcon_core.package_identification:Package 'src/ct_navigation' with type 'ros.ament_python' and name 'ct_navigation'
[0.153s] Level 1:colcon.colcon_core.package_identification:_identify(src/ct_sensors) by extensions ['ignore', 'ignore_ament_install']
[0.153s] Level 1:colcon.colcon_core.package_identification:_identify(src/ct_sensors) by extension 'ignore'
[0.154s] Level 1:colcon.colcon_core.package_identification:_identify(src/ct_sensors) by extension 'ignore_ament_install'
[0.154s] Level 1:colcon.colcon_core.package_identification:_identify(src/ct_sensors) by extensions ['ros']
[0.154s] Level 1:colcon.colcon_core.package_identification:_identify(src/ct_sensors) by extension 'ros'
[0.154s] DEBUG:colcon.colcon_core.package_identification:Package 'src/ct_sensors' with type 'ros.ament_python' and name 'ct_sensors'
[0.154s] Level 1:colcon.colcon_core.package_identification:_identify(src/ct_teleop) by extensions ['ignore', 'ignore_ament_install']
[0.154s] Level 1:colcon.colcon_core.package_identification:_identify(src/ct_teleop) by extension 'ignore'
[0.154s] Level 1:colcon.colcon_core.package_identification:_identify(src/ct_teleop) by extension 'ignore_ament_install'
[0.154s] Level 1:colcon.colcon_core.package_identification:_identify(src/ct_teleop) by extensions ['ros']
[0.154s] Level 1:colcon.colcon_core.package_identification:_identify(src/ct_teleop) by extension 'ros'
[0.155s] DEBUG:colcon.colcon_core.package_identification:Package 'src/ct_teleop' with type 'ros.ament_python' and name 'ct_teleop'
[0.155s] Level 1:colcon.colcon_core.package_identification:_identify(src/install) by extensions ['ignore', 'ignore_ament_install']
[0.155s] Level 1:colcon.colcon_core.package_identification:_identify(src/install) by extension 'ignore'
[0.156s] Level 1:colcon.colcon_core.package_identification:_identify(src/install) ignored
[0.156s] Level 1:colcon.colcon_core.package_identification:_identify(src/log) by extensions ['ignore', 'ignore_ament_install']
[0.156s] Level 1:colcon.colcon_core.package_identification:_identify(src/log) by extension 'ignore'
[0.156s] Level 1:colcon.colcon_core.package_identification:_identify(src/log) ignored
[0.156s] Level 1:colcon.colcon_core.package_identification:_identify(src/rplidar_ros) by extensions ['ignore', 'ignore_ament_install']
[0.156s] Level 1:colcon.colcon_core.package_identification:_identify(src/rplidar_ros) by extension 'ignore'
[0.156s] Level 1:colcon.colcon_core.package_identification:_identify(src/rplidar_ros) by extension 'ignore_ament_install'
[0.156s] Level 1:colcon.colcon_core.package_identification:_identify(src/rplidar_ros) by extensions ['ros']
[0.156s] Level 1:colcon.colcon_core.package_identification:_identify(src/rplidar_ros) by extension 'ros'
[0.157s] DEBUG:colcon.colcon_core.package_identification:Package 'src/rplidar_ros' with type 'ros.ament_cmake' and name 'rplidar_ros'
[0.157s] Level 1:colcon.colcon_core.package_discovery:discover_packages(recursive) using defaults
[0.157s] Level 1:colcon.colcon_core.package_discovery:discover_packages(ignore) discover
[0.157s] Level 1:colcon.colcon_core.package_discovery:discover_packages(ignore) using defaults
[0.157s] Level 1:colcon.colcon_core.package_discovery:discover_packages(path) discover
[0.157s] Level 1:colcon.colcon_core.package_discovery:discover_packages(path) using defaults
[0.175s] Level 5:colcon.colcon_core.verb:set package 'ct_bringup' build argument 'cmake_args' from command line to 'None'
[0.176s] Level 5:colcon.colcon_core.verb:set package 'ct_bringup' build argument 'cmake_target' from command line to 'None'
[0.176s] Level 5:colcon.colcon_core.verb:set package 'ct_bringup' build argument 'cmake_target_skip_unavailable' from command line to 'False'
[0.176s] Level 5:colcon.colcon_core.verb:set package 'ct_bringup' build argument 'cmake_clean_cache' from command line to 'False'
[0.176s] Level 5:colcon.colcon_core.verb:set package 'ct_bringup' build argument 'cmake_clean_first' from command line to 'False'
[0.176s] Level 5:colcon.colcon_core.verb:set package 'ct_bringup' build argument 'cmake_force_configure' from command line to 'False'
[0.176s] Level 5:colcon.colcon_core.verb:set package 'ct_bringup' build argument 'ament_cmake_args' from command line to 'None'
[0.176s] Level 5:colcon.colcon_core.verb:set package 'ct_bringup' build argument 'catkin_cmake_args' from command line to 'None'
[0.176s] Level 5:colcon.colcon_core.verb:set package 'ct_bringup' build argument 'catkin_skip_building_tests' from command line to 'False'
[0.176s] DEBUG:colcon.colcon_core.verb:Building package 'ct_bringup' with the following arguments: {'ament_cmake_args': None, 'build_base': '/home/samuele/dev/minar/minar-challenge-2/ros/build/ct_bringup', 'catkin_cmake_args': None, 'catkin_skip_building_tests': False, 'cmake_args': None, 'cmake_clean_cache': False, 'cmake_clean_first': False, 'cmake_force_configure': False, 'cmake_target': None, 'cmake_target_skip_unavailable': False, 'install_base': '/home/samuele/dev/minar/minar-challenge-2/ros/install/ct_bringup', 'merge_install': False, 'path': '/home/samuele/dev/minar/minar-challenge-2/ros/src/ct_bringup', 'symlink_install': False, 'test_result_base': None}
[0.176s] Level 5:colcon.colcon_core.verb:set package 'ct_control' build argument 'cmake_args' from command line to 'None'
[0.176s] Level 5:colcon.colcon_core.verb:set package 'ct_control' build argument 'cmake_target' from command line to 'None'
[0.176s] Level 5:colcon.colcon_core.verb:set package 'ct_control' build argument 'cmake_target_skip_unavailable' from command line to 'False'
[0.176s] Level 5:colcon.colcon_core.verb:set package 'ct_control' build argument 'cmake_clean_cache' from command line to 'False'
[0.176s] Level 5:colcon.colcon_core.verb:set package 'ct_control' build argument 'cmake_clean_first' from command line to 'False'
[0.176s] Level 5:colcon.colcon_core.verb:set package 'ct_control' build argument 'cmake_force_configure' from command line to 'False'
[0.176s] Level 5:colcon.colcon_core.verb:set package 'ct_control' build argument 'ament_cmake_args' from command line to 'None'
[0.176s] Level 5:colcon.colcon_core.verb:set package 'ct_control' build argument 'catkin_cmake_args' from command line to 'None'
[0.176s] Level 5:colcon.colcon_core.verb:set package 'ct_control' build argument 'catkin_skip_building_tests' from command line to 'False'
[0.176s] DEBUG:colcon.colcon_core.verb:Building package 'ct_control' with the following arguments: {'ament_cmake_args': None, 'build_base': '/home/samuele/dev/minar/minar-challenge-2/ros/build/ct_control', 'catkin_cmake_args': None, 'catkin_skip_building_tests': False, 'cmake_args': None, 'cmake_clean_cache': False, 'cmake_clean_first': False, 'cmake_force_configure': False, 'cmake_target': None, 'cmake_target_skip_unavailable': False, 'install_base': '/home/samuele/dev/minar/minar-challenge-2/ros/install/ct_control', 'merge_install': False, 'path': '/home/samuele/dev/minar/minar-challenge-2/ros/src/ct_control', 'symlink_install': False, 'test_result_base': None}
[0.176s] Level 5:colcon.colcon_core.verb:set package 'ct_description' build argument 'cmake_args' from command line to 'None'
[0.176s] Level 5:colcon.colcon_core.verb:set package 'ct_description' build argument 'cmake_target' from command line to 'None'
[0.176s] Level 5:colcon.colcon_core.verb:set package 'ct_description' build argument 'cmake_target_skip_unavailable' from command line to 'False'
[0.176s] Level 5:colcon.colcon_core.verb:set package 'ct_description' build argument 'cmake_clean_cache' from command line to 'False'
[0.177s] Level 5:colcon.colcon_core.verb:set package 'ct_description' build argument 'cmake_clean_first' from command line to 'False'
[0.177s] Level 5:colcon.colcon_core.verb:set package 'ct_description' build argument 'cmake_force_configure' from command line to 'False'
[0.177s] Level 5:colcon.colcon_core.verb:set package 'ct_description' build argument 'ament_cmake_args' from command line to 'None'
[0.177s] Level 5:colcon.colcon_core.verb:set package 'ct_description' build argument 'catkin_cmake_args' from command line to 'None'
[0.177s] Level 5:colcon.colcon_core.verb:set package 'ct_description' build argument 'catkin_skip_building_tests' from command line to 'False'
[0.177s] DEBUG:colcon.colcon_core.verb:Building package 'ct_description' with the following arguments: {'ament_cmake_args': None, 'build_base': '/home/samuele/dev/minar/minar-challenge-2/ros/build/ct_description', 'catkin_cmake_args': None, 'catkin_skip_building_tests': False, 'cmake_args': None, 'cmake_clean_cache': False, 'cmake_clean_first': False, 'cmake_force_configure': False, 'cmake_target': None, 'cmake_target_skip_unavailable': False, 'install_base': '/home/samuele/dev/minar/minar-challenge-2/ros/install/ct_description', 'merge_install': False, 'path': '/home/samuele/dev/minar/minar-challenge-2/ros/src/ct_description', 'symlink_install': False, 'test_result_base': None}
[0.177s] Level 5:colcon.colcon_core.verb:set package 'ct_navigation' build argument 'cmake_args' from command line to 'None'
[0.177s] Level 5:colcon.colcon_core.verb:set package 'ct_navigation' build argument 'cmake_target' from command line to 'None'
[0.177s] Level 5:colcon.colcon_core.verb:set package 'ct_navigation' build argument 'cmake_target_skip_unavailable' from command line to 'False'
[0.177s] Level 5:colcon.colcon_core.verb:set package 'ct_navigation' build argument 'cmake_clean_cache' from command line to 'False'
[0.177s] Level 5:colcon.colcon_core.verb:set package 'ct_navigation' build argument 'cmake_clean_first' from command line to 'False'
[0.177s] Level 5:colcon.colcon_core.verb:set package 'ct_navigation' build argument 'cmake_force_configure' from command line to 'False'
[0.177s] Level 5:colcon.colcon_core.verb:set package 'ct_navigation' build argument 'ament_cmake_args' from command line to 'None'
[0.177s] Level 5:colcon.colcon_core.verb:set package 'ct_navigation' build argument 'catkin_cmake_args' from command line to 'None'
[0.177s] Level 5:colcon.colcon_core.verb:set package 'ct_navigation' build argument 'catkin_skip_building_tests' from command line to 'False'
[0.177s] DEBUG:colcon.colcon_core.verb:Building package 'ct_navigation' with the following arguments: {'ament_cmake_args': None, 'build_base': '/home/samuele/dev/minar/minar-challenge-2/ros/build/ct_navigation', 'catkin_cmake_args': None, 'catkin_skip_building_tests': False, 'cmake_args': None, 'cmake_clean_cache': False, 'cmake_clean_first': False, 'cmake_force_configure': False, 'cmake_target': None, 'cmake_target_skip_unavailable': False, 'install_base': '/home/samuele/dev/minar/minar-challenge-2/ros/install/ct_navigation', 'merge_install': False, 'path': '/home/samuele/dev/minar/minar-challenge-2/ros/src/ct_navigation', 'symlink_install': False, 'test_result_base': None}
[0.177s] Level 5:colcon.colcon_core.verb:set package 'ct_sensors' build argument 'cmake_args' from command line to 'None'
[0.177s] Level 5:colcon.colcon_core.verb:set package 'ct_sensors' build argument 'cmake_target' from command line to 'None'
[0.177s] Level 5:colcon.colcon_core.verb:set package 'ct_sensors' build argument 'cmake_target_skip_unavailable' from command line to 'False'
[0.177s] Level 5:colcon.colcon_core.verb:set package 'ct_sensors' build argument 'cmake_clean_cache' from command line to 'False'
[0.177s] Level 5:colcon.colcon_core.verb:set package 'ct_sensors' build argument 'cmake_clean_first' from command line to 'False'
[0.177s] Level 5:colcon.colcon_core.verb:set package 'ct_sensors' build argument 'cmake_force_configure' from command line to 'False'
[0.177s] Level 5:colcon.colcon_core.verb:set package 'ct_sensors' build argument 'ament_cmake_args' from command line to 'None'
[0.177s] Level 5:colcon.colcon_core.verb:set package 'ct_sensors' build argument 'catkin_cmake_args' from command line to 'None'
[0.177s] Level 5:colcon.colcon_core.verb:set package 'ct_sensors' build argument 'catkin_skip_building_tests' from command line to 'False'
[0.177s] DEBUG:colcon.colcon_core.verb:Building package 'ct_sensors' with the following arguments: {'ament_cmake_args': None, 'build_base': '/home/samuele/dev/minar/minar-challenge-2/ros/build/ct_sensors', 'catkin_cmake_args': None, 'catkin_skip_building_tests': False, 'cmake_args': None, 'cmake_clean_cache': False, 'cmake_clean_first': False, 'cmake_force_configure': False, 'cmake_target': None, 'cmake_target_skip_unavailable': False, 'install_base': '/home/samuele/dev/minar/minar-challenge-2/ros/install/ct_sensors', 'merge_install': False, 'path': '/home/samuele/dev/minar/minar-challenge-2/ros/src/ct_sensors', 'symlink_install': False, 'test_result_base': None}
[0.178s] Level 5:colcon.colcon_core.verb:set package 'ct_teleop' build argument 'cmake_args' from command line to 'None'
[0.178s] Level 5:colcon.colcon_core.verb:set package 'ct_teleop' build argument 'cmake_target' from command line to 'None'
[0.178s] Level 5:colcon.colcon_core.verb:set package 'ct_teleop' build argument 'cmake_target_skip_unavailable' from command line to 'False'
[0.178s] Level 5:colcon.colcon_core.verb:set package 'ct_teleop' build argument 'cmake_clean_cache' from command line to 'False'
[0.178s] Level 5:colcon.colcon_core.verb:set package 'ct_teleop' build argument 'cmake_clean_first' from command line to 'False'
[0.178s] Level 5:colcon.colcon_core.verb:set package 'ct_teleop' build argument 'cmake_force_configure' from command line to 'False'
[0.178s] Level 5:colcon.colcon_core.verb:set package 'ct_teleop' build argument 'ament_cmake_args' from command line to 'None'
[0.178s] Level 5:colcon.colcon_core.verb:set package 'ct_teleop' build argument 'catkin_cmake_args' from command line to 'None'
[0.178s] Level 5:colcon.colcon_core.verb:set package 'ct_teleop' build argument 'catkin_skip_building_tests' from command line to 'False'
[0.178s] DEBUG:colcon.colcon_core.verb:Building package 'ct_teleop' with the following arguments: {'ament_cmake_args': None, 'build_base': '/home/samuele/dev/minar/minar-challenge-2/ros/build/ct_teleop', 'catkin_cmake_args': None, 'catkin_skip_building_tests': False, 'cmake_args': None, 'cmake_clean_cache': False, 'cmake_clean_first': False, 'cmake_force_configure': False, 'cmake_target': None, 'cmake_target_skip_unavailable': False, 'install_base': '/home/samuele/dev/minar/minar-challenge-2/ros/install/ct_teleop', 'merge_install': False, 'path': '/home/samuele/dev/minar/minar-challenge-2/ros/src/ct_teleop', 'symlink_install': False, 'test_result_base': None}
[0.178s] Level 5:colcon.colcon_core.verb:set package 'rplidar_ros' build argument 'cmake_args' from command line to 'None'
[0.178s] Level 5:colcon.colcon_core.verb:set package 'rplidar_ros' build argument 'cmake_target' from command line to 'None'
[0.178s] Level 5:colcon.colcon_core.verb:set package 'rplidar_ros' build argument 'cmake_target_skip_unavailable' from command line to 'False'
[0.178s] Level 5:colcon.colcon_core.verb:set package 'rplidar_ros' build argument 'cmake_clean_cache' from command line to 'False'
[0.178s] Level 5:colcon.colcon_core.verb:set package 'rplidar_ros' build argument 'cmake_clean_first' from command line to 'False'
[0.178s] Level 5:colcon.colcon_core.verb:set package 'rplidar_ros' build argument 'cmake_force_configure' from command line to 'False'
[0.178s] Level 5:colcon.colcon_core.verb:set package 'rplidar_ros' build argument 'ament_cmake_args' from command line to 'None'
[0.178s] Level 5:colcon.colcon_core.verb:set package 'rplidar_ros' build argument 'catkin_cmake_args' from command line to 'None'
[0.178s] Level 5:colcon.colcon_core.verb:set package 'rplidar_ros' build argument 'catkin_skip_building_tests' from command line to 'False'
[0.178s] DEBUG:colcon.colcon_core.verb:Building package 'rplidar_ros' with the following arguments: {'ament_cmake_args': None, 'build_base': '/home/samuele/dev/minar/minar-challenge-2/ros/build/rplidar_ros', 'catkin_cmake_args': None, 'catkin_skip_building_tests': False, 'cmake_args': None, 'cmake_clean_cache': False, 'cmake_clean_first': False, 'cmake_force_configure': False, 'cmake_target': None, 'cmake_target_skip_unavailable': False, 'install_base': '/home/samuele/dev/minar/minar-challenge-2/ros/install/rplidar_ros', 'merge_install': False, 'path': '/home/samuele/dev/minar/minar-challenge-2/ros/src/rplidar_ros', 'symlink_install': False, 'test_result_base': None}
[0.178s] INFO:colcon.colcon_core.executor:Executing jobs using 'parallel' executor
[0.179s] DEBUG:colcon.colcon_parallel_executor.executor.parallel:run_until_complete
[0.179s] INFO:colcon.colcon_ros.task.ament_python.build:Building ROS package in '/home/samuele/dev/minar/minar-challenge-2/ros/src/ct_bringup' with build type 'ament_python'
[0.180s] Level 1:colcon.colcon_core.shell:create_environment_hook('ct_bringup', 'ament_prefix_path')
[0.182s] INFO:colcon.colcon_core.plugin_system:Skipping extension 'colcon_core.shell.bat': Not used on non-Windows systems
[0.182s] INFO:colcon.colcon_core.shell:Creating environment descriptor '/home/samuele/dev/minar/minar-challenge-2/ros/install/ct_bringup/share/ct_bringup/hook/ament_prefix_path.dsv'
[0.183s] INFO:colcon.colcon_core.shell:Creating environment hook '/home/samuele/dev/minar/minar-challenge-2/ros/install/ct_bringup/share/ct_bringup/hook/ament_prefix_path.sh'
[0.184s] DEBUG:colcon.colcon_core.shell:Skip shell extension 'dsv' for command environment
[0.190s] INFO:colcon.colcon_ros.task.ament_python.build:Building ROS package in '/home/samuele/dev/minar/minar-challenge-2/ros/src/ct_control' with build type 'ament_python'
[0.190s] Level 1:colcon.colcon_core.shell:create_environment_hook('ct_control', 'ament_prefix_path')
[0.190s] INFO:colcon.colcon_core.shell:Creating environment descriptor '/home/samuele/dev/minar/minar-challenge-2/ros/install/ct_control/share/ct_control/hook/ament_prefix_path.dsv'
[0.191s] INFO:colcon.colcon_core.shell:Creating environment hook '/home/samuele/dev/minar/minar-challenge-2/ros/install/ct_control/share/ct_control/hook/ament_prefix_path.sh'
[0.191s] DEBUG:colcon.colcon_core.shell:Skip shell extension 'dsv' for command environment
[0.194s] INFO:colcon.colcon_ros.task.ament_cmake.build:Building ROS package in '/home/samuele/dev/minar/minar-challenge-2/ros/src/ct_description' with build type 'ament_cmake'
[0.194s] INFO:colcon.colcon_cmake.task.cmake.build:Building CMake package in '/home/samuele/dev/minar/minar-challenge-2/ros/src/ct_description'
[0.194s] DEBUG:colcon.colcon_core.shell:Skip shell extension 'dsv' for command environment
[0.198s] INFO:colcon.colcon_ros.task.ament_python.build:Building ROS package in '/home/samuele/dev/minar/minar-challenge-2/ros/src/ct_navigation' with build type 'ament_python'
[0.198s] Level 1:colcon.colcon_core.shell:create_environment_hook('ct_navigation', 'ament_prefix_path')
[0.198s] INFO:colcon.colcon_core.shell:Creating environment descriptor '/home/samuele/dev/minar/minar-challenge-2/ros/install/ct_navigation/share/ct_navigation/hook/ament_prefix_path.dsv'
[0.199s] INFO:colcon.colcon_core.shell:Creating environment hook '/home/samuele/dev/minar/minar-challenge-2/ros/install/ct_navigation/share/ct_navigation/hook/ament_prefix_path.sh'
[0.199s] DEBUG:colcon.colcon_core.shell:Skip shell extension 'dsv' for command environment
[0.203s] INFO:colcon.colcon_ros.task.ament_python.build:Building ROS package in '/home/samuele/dev/minar/minar-challenge-2/ros/src/ct_sensors' with build type 'ament_python'
[0.203s] Level 1:colcon.colcon_core.shell:create_environment_hook('ct_sensors', 'ament_prefix_path')
[0.203s] INFO:colcon.colcon_core.shell:Creating environment descriptor '/home/samuele/dev/minar/minar-challenge-2/ros/install/ct_sensors/share/ct_sensors/hook/ament_prefix_path.dsv'
[0.204s] INFO:colcon.colcon_core.shell:Creating environment hook '/home/samuele/dev/minar/minar-challenge-2/ros/install/ct_sensors/share/ct_sensors/hook/ament_prefix_path.sh'
[0.205s] DEBUG:colcon.colcon_core.shell:Skip shell extension 'dsv' for command environment
[0.208s] INFO:colcon.colcon_ros.task.ament_python.build:Building ROS package in '/home/samuele/dev/minar/minar-challenge-2/ros/src/ct_teleop' with build type 'ament_python'
[0.209s] Level 1:colcon.colcon_core.shell:create_environment_hook('ct_teleop', 'ament_prefix_path')
[0.209s] INFO:colcon.colcon_core.shell:Creating environment descriptor '/home/samuele/dev/minar/minar-challenge-2/ros/install/ct_teleop/share/ct_teleop/hook/ament_prefix_path.dsv'
[0.209s] INFO:colcon.colcon_core.shell:Creating environment hook '/home/samuele/dev/minar/minar-challenge-2/ros/install/ct_teleop/share/ct_teleop/hook/ament_prefix_path.sh'
[0.210s] DEBUG:colcon.colcon_core.shell:Skip shell extension 'dsv' for command environment
[0.213s] INFO:colcon.colcon_ros.task.ament_cmake.build:Building ROS package in '/home/samuele/dev/minar/minar-challenge-2/ros/src/rplidar_ros' with build type 'ament_cmake'
[0.213s] INFO:colcon.colcon_cmake.task.cmake.build:Building CMake package in '/home/samuele/dev/minar/minar-challenge-2/ros/src/rplidar_ros'
[0.213s] DEBUG:colcon.colcon_core.shell:Skip shell extension 'dsv' for command environment
[0.447s] INFO:colcon.colcon_core.task.python.build:Building Python package in '/home/samuele/dev/minar/minar-challenge-2/ros/src/ct_bringup'
[0.447s] DEBUG:colcon.colcon_core.shell:Skip shell extension 'dsv' for command environment
[0.662s] INFO:colcon.colcon_core.task.python.build:Building Python package in '/home/samuele/dev/minar/minar-challenge-2/ros/src/ct_control'
[0.662s] DEBUG:colcon.colcon_core.shell:Skip shell extension 'dsv' for command environment
[0.671s] DEBUG:colcon.colcon_core.event_handler.log_command:Invoking command in '/home/samuele/dev/minar/minar-challenge-2/ros/build/ct_description': CMAKE_PREFIX_PATH=${CMAKE_PREFIX_PATH}:/home/samuele/dev/minar/minar-challenge-2/ros/install/ct_teleop:/home/samuele/dev/minar/minar-challenge-2/ros/install/ct_sensors:/home/samuele/dev/minar/minar-challenge-2/ros/install/ct_navigation:/home/samuele/dev/minar/minar-challenge-2/ros/install/ct_control:/home/samuele/dev/minar/minar-challenge-2/ros/install/ct_bringup:/opt/ros/jazzy DEBUGINFOD_URLS=https://debuginfod.ubuntu.com /usr/bin/cmake --build /home/samuele/dev/minar/minar-challenge-2/ros/build/ct_description -- -j8 -l8
[1.083s] INFO:colcon.colcon_core.task.python.build:Building Python package in '/home/samuele/dev/minar/minar-challenge-2/ros/src/ct_navigation'
[1.083s] DEBUG:colcon.colcon_core.shell:Skip shell extension 'dsv' for command environment
[1.362s] INFO:colcon.colcon_core.task.python.build:Building Python package in '/home/samuele/dev/minar/minar-challenge-2/ros/src/ct_sensors'
[1.363s] DEBUG:colcon.colcon_core.shell:Skip shell extension 'dsv' for command environment
[1.615s] INFO:colcon.colcon_core.task.python.build:Building Python package in '/home/samuele/dev/minar/minar-challenge-2/ros/src/ct_teleop'
[1.616s] DEBUG:colcon.colcon_core.shell:Skip shell extension 'dsv' for command environment
[1.623s] DEBUG:colcon.colcon_core.event_handler.log_command:Invoking command in '/home/samuele/dev/minar/minar-challenge-2/ros/build/rplidar_ros': CMAKE_PREFIX_PATH=${CMAKE_PREFIX_PATH}:/home/samuele/dev/minar/minar-challenge-2/ros/install/ct_teleop:/home/samuele/dev/minar/minar-challenge-2/ros/install/ct_sensors:/home/samuele/dev/minar/minar-challenge-2/ros/install/ct_navigation:/home/samuele/dev/minar/minar-challenge-2/ros/install/ct_control:/home/samuele/dev/minar/minar-challenge-2/ros/install/ct_bringup:/opt/ros/jazzy DEBUGINFOD_URLS=https://debuginfod.ubuntu.com /usr/bin/cmake --build /home/samuele/dev/minar/minar-challenge-2/ros/build/rplidar_ros -- -j8 -l8
[1.625s] DEBUG:colcon.colcon_core.event_handler.log_command:Invoked command in '/home/samuele/dev/minar/minar-challenge-2/ros/build/ct_description' returned '0': CMAKE_PREFIX_PATH=${CMAKE_PREFIX_PATH}:/home/samuele/dev/minar/minar-challenge-2/ros/install/ct_teleop:/home/samuele/dev/minar/minar-challenge-2/ros/install/ct_sensors:/home/samuele/dev/minar/minar-challenge-2/ros/install/ct_navigation:/home/samuele/dev/minar/minar-challenge-2/ros/install/ct_control:/home/samuele/dev/minar/minar-challenge-2/ros/install/ct_bringup:/opt/ros/jazzy DEBUGINFOD_URLS=https://debuginfod.ubuntu.com /usr/bin/cmake --build /home/samuele/dev/minar/minar-challenge-2/ros/build/ct_description -- -j8 -l8
[1.638s] DEBUG:colcon.colcon_core.event_handler.log_command:Invoking command in '/home/samuele/dev/minar/minar-challenge-2/ros/build/ct_description': CMAKE_PREFIX_PATH=${CMAKE_PREFIX_PATH}:/home/samuele/dev/minar/minar-challenge-2/ros/install/ct_teleop:/home/samuele/dev/minar/minar-challenge-2/ros/install/ct_sensors:/home/samuele/dev/minar/minar-challenge-2/ros/install/ct_navigation:/home/samuele/dev/minar/minar-challenge-2/ros/install/ct_control:/home/samuele/dev/minar/minar-challenge-2/ros/install/ct_bringup:/opt/ros/jazzy DEBUGINFOD_URLS=https://debuginfod.ubuntu.com /usr/bin/cmake --install /home/samuele/dev/minar/minar-challenge-2/ros/build/ct_description
[1.670s] Level 1:colcon.colcon_core.environment:create_environment_scripts_only(ct_description)
[1.671s] DEBUG:colcon.colcon_core.event_handler.log_command:Invoked command in '/home/samuele/dev/minar/minar-challenge-2/ros/build/ct_description' returned '0': CMAKE_PREFIX_PATH=${CMAKE_PREFIX_PATH}:/home/samuele/dev/minar/minar-challenge-2/ros/install/ct_teleop:/home/samuele/dev/minar/minar-challenge-2/ros/install/ct_sensors:/home/samuele/dev/minar/minar-challenge-2/ros/install/ct_navigation:/home/samuele/dev/minar/minar-challenge-2/ros/install/ct_control:/home/samuele/dev/minar/minar-challenge-2/ros/install/ct_bringup:/opt/ros/jazzy DEBUGINFOD_URLS=https://debuginfod.ubuntu.com /usr/bin/cmake --install /home/samuele/dev/minar/minar-challenge-2/ros/build/ct_description
[1.679s] Level 1:colcon.colcon_core.environment:checking '/home/samuele/dev/minar/minar-challenge-2/ros/install/ct_description' for CMake module files
[1.681s] Level 1:colcon.colcon_core.environment:checking '/home/samuele/dev/minar/minar-challenge-2/ros/install/ct_description' for CMake config files
[1.682s] Level 1:colcon.colcon_core.shell:create_environment_hook('ct_description', 'cmake_prefix_path')
[1.683s] INFO:colcon.colcon_core.shell:Creating environment descriptor '/home/samuele/dev/minar/minar-challenge-2/ros/install/ct_description/share/ct_description/hook/cmake_prefix_path.dsv'
[1.685s] INFO:colcon.colcon_core.shell:Creating environment hook '/home/samuele/dev/minar/minar-challenge-2/ros/install/ct_description/share/ct_description/hook/cmake_prefix_path.sh'
[1.688s] Level 1:colcon.colcon_core.environment:checking '/home/samuele/dev/minar/minar-challenge-2/ros/install/ct_description/bin'
[1.689s] Level 1:colcon.colcon_core.environment:checking '/home/samuele/dev/minar/minar-challenge-2/ros/install/ct_description/lib/pkgconfig/ct_description.pc'
[1.690s] Level 1:colcon.colcon_core.environment:checking '/home/samuele/dev/minar/minar-challenge-2/ros/install/ct_description/lib/python3.12/site-packages'
[1.690s] Level 1:colcon.colcon_core.environment:checking '/home/samuele/dev/minar/minar-challenge-2/ros/install/ct_description/bin'
[1.691s] INFO:colcon.colcon_core.shell:Creating package descriptor '/home/samuele/dev/minar/minar-challenge-2/ros/install/ct_description/share/ct_description/package.dsv'
[1.697s] INFO:colcon.colcon_core.shell:Creating package script '/home/samuele/dev/minar/minar-challenge-2/ros/install/ct_description/share/ct_description/package.sh'
[1.700s] INFO:colcon.colcon_core.shell:Creating package script '/home/samuele/dev/minar/minar-challenge-2/ros/install/ct_description/share/ct_description/package.bash'
[1.704s] INFO:colcon.colcon_core.shell:Creating package script '/home/samuele/dev/minar/minar-challenge-2/ros/install/ct_description/share/ct_description/package.zsh'
[1.705s] Level 1:colcon.colcon_core.environment:create_file_with_runtime_dependencies(/home/samuele/dev/minar/minar-challenge-2/ros/install/ct_description/share/colcon-core/packages/ct_description)
[1.707s] Level 1:colcon.colcon_core.environment:create_environment_scripts_only(ct_description)
[1.707s] Level 1:colcon.colcon_core.environment:checking '/home/samuele/dev/minar/minar-challenge-2/ros/install/ct_description' for CMake module files
[1.714s] Level 1:colcon.colcon_core.environment:checking '/home/samuele/dev/minar/minar-challenge-2/ros/install/ct_description' for CMake config files
[1.715s] Level 1:colcon.colcon_core.shell:create_environment_hook('ct_description', 'cmake_prefix_path')
[1.716s] INFO:colcon.colcon_core.shell:Creating environment descriptor '/home/samuele/dev/minar/minar-challenge-2/ros/install/ct_description/share/ct_description/hook/cmake_prefix_path.dsv'
[1.717s] INFO:colcon.colcon_core.shell:Creating environment hook '/home/samuele/dev/minar/minar-challenge-2/ros/install/ct_description/share/ct_description/hook/cmake_prefix_path.sh'
[1.720s] Level 1:colcon.colcon_core.environment:checking '/home/samuele/dev/minar/minar-challenge-2/ros/install/ct_description/bin'
[1.720s] Level 1:colcon.colcon_core.environment:checking '/home/samuele/dev/minar/minar-challenge-2/ros/install/ct_description/lib/pkgconfig/ct_description.pc'
[1.721s] Level 1:colcon.colcon_core.environment:checking '/home/samuele/dev/minar/minar-challenge-2/ros/install/ct_description/lib/python3.12/site-packages'
[1.722s] Level 1:colcon.colcon_core.environment:checking '/home/samuele/dev/minar/minar-challenge-2/ros/install/ct_description/bin'
[1.722s] INFO:colcon.colcon_core.shell:Creating package descriptor '/home/samuele/dev/minar/minar-challenge-2/ros/install/ct_description/share/ct_description/package.dsv'
[1.723s] INFO:colcon.colcon_core.shell:Creating package script '/home/samuele/dev/minar/minar-challenge-2/ros/install/ct_description/share/ct_description/package.sh'
[1.726s] INFO:colcon.colcon_core.shell:Creating package script '/home/samuele/dev/minar/minar-challenge-2/ros/install/ct_description/share/ct_description/package.bash'
[1.728s] INFO:colcon.colcon_core.shell:Creating package script '/home/samuele/dev/minar/minar-challenge-2/ros/install/ct_description/share/ct_description/package.zsh'
[1.730s] Level 1:colcon.colcon_core.environment:create_file_with_runtime_dependencies(/home/samuele/dev/minar/minar-challenge-2/ros/install/ct_description/share/colcon-core/packages/ct_description)
[1.885s] DEBUG:colcon.colcon_core.event_handler.log_command:Invoked command in '/home/samuele/dev/minar/minar-challenge-2/ros/build/rplidar_ros' returned '0': CMAKE_PREFIX_PATH=${CMAKE_PREFIX_PATH}:/home/samuele/dev/minar/minar-challenge-2/ros/install/ct_teleop:/home/samuele/dev/minar/minar-challenge-2/ros/install/ct_sensors:/home/samuele/dev/minar/minar-challenge-2/ros/install/ct_navigation:/home/samuele/dev/minar/minar-challenge-2/ros/install/ct_control:/home/samuele/dev/minar/minar-challenge-2/ros/install/ct_bringup:/opt/ros/jazzy DEBUGINFOD_URLS=https://debuginfod.ubuntu.com /usr/bin/cmake --build /home/samuele/dev/minar/minar-challenge-2/ros/build/rplidar_ros -- -j8 -l8
[1.887s] DEBUG:colcon.colcon_core.event_handler.log_command:Invoking command in '/home/samuele/dev/minar/minar-challenge-2/ros/build/rplidar_ros': CMAKE_PREFIX_PATH=${CMAKE_PREFIX_PATH}:/home/samuele/dev/minar/minar-challenge-2/ros/install/ct_teleop:/home/samuele/dev/minar/minar-challenge-2/ros/install/ct_sensors:/home/samuele/dev/minar/minar-challenge-2/ros/install/ct_navigation:/home/samuele/dev/minar/minar-challenge-2/ros/install/ct_control:/home/samuele/dev/minar/minar-challenge-2/ros/install/ct_bringup:/opt/ros/jazzy DEBUGINFOD_URLS=https://debuginfod.ubuntu.com /usr/bin/cmake --install /home/samuele/dev/minar/minar-challenge-2/ros/build/rplidar_ros
[1.954s] Level 1:colcon.colcon_core.environment:create_environment_scripts_only(rplidar_ros)
[1.954s] Level 1:colcon.colcon_core.environment:checking '/home/samuele/dev/minar/minar-challenge-2/ros/install/rplidar_ros' for CMake module files
[1.956s] Level 1:colcon.colcon_core.environment:checking '/home/samuele/dev/minar/minar-challenge-2/ros/install/rplidar_ros' for CMake config files
[1.956s] Level 1:colcon.colcon_core.shell:create_environment_hook('rplidar_ros', 'cmake_prefix_path')
[1.957s] INFO:colcon.colcon_core.shell:Creating environment descriptor '/home/samuele/dev/minar/minar-challenge-2/ros/install/rplidar_ros/share/rplidar_ros/hook/cmake_prefix_path.dsv'
[1.962s] INFO:colcon.colcon_core.shell:Creating environment hook '/home/samuele/dev/minar/minar-challenge-2/ros/install/rplidar_ros/share/rplidar_ros/hook/cmake_prefix_path.sh'
[1.963s] Level 1:colcon.colcon_core.environment:checking '/home/samuele/dev/minar/minar-challenge-2/ros/install/rplidar_ros/lib'
[1.964s] Level 1:colcon.colcon_core.environment:checking '/home/samuele/dev/minar/minar-challenge-2/ros/install/rplidar_ros/bin'
[1.964s] Level 1:colcon.colcon_core.environment:checking '/home/samuele/dev/minar/minar-challenge-2/ros/install/rplidar_ros/lib/pkgconfig/rplidar_ros.pc'
[1.965s] Level 1:colcon.colcon_core.environment:checking '/home/samuele/dev/minar/minar-challenge-2/ros/install/rplidar_ros/lib/python3.12/site-packages'
[1.968s] Level 1:colcon.colcon_core.environment:checking '/home/samuele/dev/minar/minar-challenge-2/ros/install/rplidar_ros/bin'
[1.969s] INFO:colcon.colcon_core.shell:Creating package descriptor '/home/samuele/dev/minar/minar-challenge-2/ros/install/rplidar_ros/share/rplidar_ros/package.dsv'
[1.967s] DEBUG:colcon.colcon_core.event_handler.log_command:Invoked command in '/home/samuele/dev/minar/minar-challenge-2/ros/build/rplidar_ros' returned '0': CMAKE_PREFIX_PATH=${CMAKE_PREFIX_PATH}:/home/samuele/dev/minar/minar-challenge-2/ros/install/ct_teleop:/home/samuele/dev/minar/minar-challenge-2/ros/install/ct_sensors:/home/samuele/dev/minar/minar-challenge-2/ros/install/ct_navigation:/home/samuele/dev/minar/minar-challenge-2/ros/install/ct_control:/home/samuele/dev/minar/minar-challenge-2/ros/install/ct_bringup:/opt/ros/jazzy DEBUGINFOD_URLS=https://debuginfod.ubuntu.com /usr/bin/cmake --install /home/samuele/dev/minar/minar-challenge-2/ros/build/rplidar_ros
[1.970s] INFO:colcon.colcon_core.shell:Creating package script '/home/samuele/dev/minar/minar-challenge-2/ros/install/rplidar_ros/share/rplidar_ros/package.sh'
[1.971s] INFO:colcon.colcon_core.shell:Creating package script '/home/samuele/dev/minar/minar-challenge-2/ros/install/rplidar_ros/share/rplidar_ros/package.bash'
[1.972s] INFO:colcon.colcon_core.shell:Creating package script '/home/samuele/dev/minar/minar-challenge-2/ros/install/rplidar_ros/share/rplidar_ros/package.zsh'
[1.973s] Level 1:colcon.colcon_core.environment:create_file_with_runtime_dependencies(/home/samuele/dev/minar/minar-challenge-2/ros/install/rplidar_ros/share/colcon-core/packages/rplidar_ros)
[1.974s] Level 1:colcon.colcon_core.environment:create_environment_scripts_only(rplidar_ros)
[1.975s] Level 1:colcon.colcon_core.environment:checking '/home/samuele/dev/minar/minar-challenge-2/ros/install/rplidar_ros' for CMake module files
[1.976s] Level 1:colcon.colcon_core.environment:checking '/home/samuele/dev/minar/minar-challenge-2/ros/install/rplidar_ros' for CMake config files
[1.976s] Level 1:colcon.colcon_core.shell:create_environment_hook('rplidar_ros', 'cmake_prefix_path')
[1.977s] INFO:colcon.colcon_core.shell:Creating environment descriptor '/home/samuele/dev/minar/minar-challenge-2/ros/install/rplidar_ros/share/rplidar_ros/hook/cmake_prefix_path.dsv'
[1.978s] INFO:colcon.colcon_core.shell:Creating environment hook '/home/samuele/dev/minar/minar-challenge-2/ros/install/rplidar_ros/share/rplidar_ros/hook/cmake_prefix_path.sh'
[1.979s] Level 1:colcon.colcon_core.environment:checking '/home/samuele/dev/minar/minar-challenge-2/ros/install/rplidar_ros/lib'
[1.979s] Level 1:colcon.colcon_core.environment:checking '/home/samuele/dev/minar/minar-challenge-2/ros/install/rplidar_ros/bin'
[1.980s] Level 1:colcon.colcon_core.environment:checking '/home/samuele/dev/minar/minar-challenge-2/ros/install/rplidar_ros/lib/pkgconfig/rplidar_ros.pc'
[1.980s] Level 1:colcon.colcon_core.environment:checking '/home/samuele/dev/minar/minar-challenge-2/ros/install/rplidar_ros/lib/python3.12/site-packages'
[1.981s] Level 1:colcon.colcon_core.environment:checking '/home/samuele/dev/minar/minar-challenge-2/ros/install/rplidar_ros/bin'
[1.981s] INFO:colcon.colcon_core.shell:Creating package descriptor '/home/samuele/dev/minar/minar-challenge-2/ros/install/rplidar_ros/share/rplidar_ros/package.dsv'
[1.982s] INFO:colcon.colcon_core.shell:Creating package script '/home/samuele/dev/minar/minar-challenge-2/ros/install/rplidar_ros/share/rplidar_ros/package.sh'
[1.983s] INFO:colcon.colcon_core.shell:Creating package script '/home/samuele/dev/minar/minar-challenge-2/ros/install/rplidar_ros/share/rplidar_ros/package.bash'
[1.985s] INFO:colcon.colcon_core.shell:Creating package script '/home/samuele/dev/minar/minar-challenge-2/ros/install/rplidar_ros/share/rplidar_ros/package.zsh'
[1.985s] Level 1:colcon.colcon_core.environment:create_file_with_runtime_dependencies(/home/samuele/dev/minar/minar-challenge-2/ros/install/rplidar_ros/share/colcon-core/packages/rplidar_ros)
[3.118s] DEBUG:colcon.colcon_core.event_handler.log_command:Invoking command in '/home/samuele/dev/minar/minar-challenge-2/ros/src/ct_bringup': DEBUGINFOD_URLS=https://debuginfod.ubuntu.com PYTHONPATH=/home/samuele/dev/minar/minar-challenge-2/ros/build/ct_bringup/prefix_override:/usr/lib/python3/dist-packages/colcon_core/task/python/colcon_distutils_commands:/home/samuele/dev/minar/minar-challenge-2/ros/install/ct_bringup/lib/python3.12/site-packages:${PYTHONPATH} /usr/bin/python3 -W ignore:setup.py install is deprecated -W ignore:easy_install command is deprecated setup.py egg_info --egg-base ../../build/ct_bringup build --build-base /home/samuele/dev/minar/minar-challenge-2/ros/build/ct_bringup/build install --record /home/samuele/dev/minar/minar-challenge-2/ros/build/ct_bringup/install.log --single-version-externally-managed install_data
[3.215s] DEBUG:colcon.colcon_core.event_handler.log_command:Invoking command in '/home/samuele/dev/minar/minar-challenge-2/ros/src/ct_control': DEBUGINFOD_URLS=https://debuginfod.ubuntu.com PYTHONPATH=/home/samuele/dev/minar/minar-challenge-2/ros/build/ct_control/prefix_override:/usr/lib/python3/dist-packages/colcon_core/task/python/colcon_distutils_commands:/home/samuele/dev/minar/minar-challenge-2/ros/install/ct_control/lib/python3.12/site-packages:${PYTHONPATH} /usr/bin/python3 -W ignore:setup.py install is deprecated -W ignore:easy_install command is deprecated setup.py egg_info --egg-base ../../build/ct_control build --build-base /home/samuele/dev/minar/minar-challenge-2/ros/build/ct_control/build install --record /home/samuele/dev/minar/minar-challenge-2/ros/build/ct_control/install.log --single-version-externally-managed install_data
[3.311s] DEBUG:colcon.colcon_core.event_handler.log_command:Invoking command in '/home/samuele/dev/minar/minar-challenge-2/ros/src/ct_sensors': DEBUGINFOD_URLS=https://debuginfod.ubuntu.com PYTHONPATH=/home/samuele/dev/minar/minar-challenge-2/ros/build/ct_sensors/prefix_override:/usr/lib/python3/dist-packages/colcon_core/task/python/colcon_distutils_commands:/home/samuele/dev/minar/minar-challenge-2/ros/install/ct_sensors/lib/python3.12/site-packages:${PYTHONPATH} /usr/bin/python3 -W ignore:setup.py install is deprecated -W ignore:easy_install command is deprecated setup.py egg_info --egg-base ../../build/ct_sensors build --build-base /home/samuele/dev/minar/minar-challenge-2/ros/build/ct_sensors/build install --record /home/samuele/dev/minar/minar-challenge-2/ros/build/ct_sensors/install.log --single-version-externally-managed install_data
[3.350s] DEBUG:colcon.colcon_core.event_handler.log_command:Invoking command in '/home/samuele/dev/minar/minar-challenge-2/ros/src/ct_teleop': DEBUGINFOD_URLS=https://debuginfod.ubuntu.com PYTHONPATH=/home/samuele/dev/minar/minar-challenge-2/ros/build/ct_teleop/prefix_override:/usr/lib/python3/dist-packages/colcon_core/task/python/colcon_distutils_commands:/home/samuele/dev/minar/minar-challenge-2/ros/install/ct_teleop/lib/python3.12/site-packages:${PYTHONPATH} /usr/bin/python3 -W ignore:setup.py install is deprecated -W ignore:easy_install command is deprecated setup.py egg_info --egg-base ../../build/ct_teleop build --build-base /home/samuele/dev/minar/minar-challenge-2/ros/build/ct_teleop/build install --record /home/samuele/dev/minar/minar-challenge-2/ros/build/ct_teleop/install.log --single-version-externally-managed install_data
[3.388s] DEBUG:colcon.colcon_core.event_handler.log_command:Invoking command in '/home/samuele/dev/minar/minar-challenge-2/ros/src/ct_navigation': DEBUGINFOD_URLS=https://debuginfod.ubuntu.com PYTHONPATH=/home/samuele/dev/minar/minar-challenge-2/ros/build/ct_navigation/prefix_override:/usr/lib/python3/dist-packages/colcon_core/task/python/colcon_distutils_commands:/home/samuele/dev/minar/minar-challenge-2/ros/install/ct_navigation/lib/python3.12/site-packages:${PYTHONPATH} /usr/bin/python3 -W ignore:setup.py install is deprecated -W ignore:easy_install command is deprecated setup.py egg_info --egg-base ../../build/ct_navigation build --build-base /home/samuele/dev/minar/minar-challenge-2/ros/build/ct_navigation/build install --record /home/samuele/dev/minar/minar-challenge-2/ros/build/ct_navigation/install.log --single-version-externally-managed install_data
[4.312s] Level 1:colcon.colcon_core.environment:checking '/home/samuele/dev/minar/minar-challenge-2/ros/install/ct_control' for CMake module files
[4.313s] DEBUG:colcon.colcon_core.event_handler.log_command:Invoked command in '/home/samuele/dev/minar/minar-challenge-2/ros/src/ct_control' returned '0': DEBUGINFOD_URLS=https://debuginfod.ubuntu.com PYTHONPATH=/home/samuele/dev/minar/minar-challenge-2/ros/build/ct_control/prefix_override:/usr/lib/python3/dist-packages/colcon_core/task/python/colcon_distutils_commands:/home/samuele/dev/minar/minar-challenge-2/ros/install/ct_control/lib/python3.12/site-packages:${PYTHONPATH} /usr/bin/python3 -W ignore:setup.py install is deprecated -W ignore:easy_install command is deprecated setup.py egg_info --egg-base ../../build/ct_control build --build-base /home/samuele/dev/minar/minar-challenge-2/ros/build/ct_control/build install --record /home/samuele/dev/minar/minar-challenge-2/ros/build/ct_control/install.log --single-version-externally-managed install_data
[4.314s] Level 1:colcon.colcon_core.environment:checking '/home/samuele/dev/minar/minar-challenge-2/ros/install/ct_control' for CMake config files
[4.315s] Level 1:colcon.colcon_core.environment:checking '/home/samuele/dev/minar/minar-challenge-2/ros/install/ct_control/lib'
[4.316s] Level 1:colcon.colcon_core.environment:checking '/home/samuele/dev/minar/minar-challenge-2/ros/install/ct_control/bin'
[4.316s] Level 1:colcon.colcon_core.environment:checking '/home/samuele/dev/minar/minar-challenge-2/ros/install/ct_control/lib/pkgconfig/ct_control.pc'
[4.317s] Level 1:colcon.colcon_core.environment:checking '/home/samuele/dev/minar/minar-challenge-2/ros/install/ct_control/lib/python3.12/site-packages'
[4.317s] Level 1:colcon.colcon_core.shell:create_environment_hook('ct_control', 'pythonpath')
[4.317s] INFO:colcon.colcon_core.shell:Creating environment descriptor '/home/samuele/dev/minar/minar-challenge-2/ros/install/ct_control/share/ct_control/hook/pythonpath.dsv'
[4.318s] INFO:colcon.colcon_core.shell:Creating environment hook '/home/samuele/dev/minar/minar-challenge-2/ros/install/ct_control/share/ct_control/hook/pythonpath.sh'
[4.320s] Level 1:colcon.colcon_core.environment:checking '/home/samuele/dev/minar/minar-challenge-2/ros/install/ct_control/bin'
[4.320s] Level 1:colcon.colcon_core.environment:create_environment_scripts_only(ct_control)
[4.320s] INFO:colcon.colcon_core.shell:Creating package descriptor '/home/samuele/dev/minar/minar-challenge-2/ros/install/ct_control/share/ct_control/package.dsv'
[4.322s] INFO:colcon.colcon_core.shell:Creating package script '/home/samuele/dev/minar/minar-challenge-2/ros/install/ct_control/share/ct_control/package.sh'
[4.323s] INFO:colcon.colcon_core.shell:Creating package script '/home/samuele/dev/minar/minar-challenge-2/ros/install/ct_control/share/ct_control/package.bash'
[4.324s] INFO:colcon.colcon_core.shell:Creating package script '/home/samuele/dev/minar/minar-challenge-2/ros/install/ct_control/share/ct_control/package.zsh'
[4.324s] Level 1:colcon.colcon_core.environment:create_file_with_runtime_dependencies(/home/samuele/dev/minar/minar-challenge-2/ros/install/ct_control/share/colcon-core/packages/ct_control)
[4.419s] Level 1:colcon.colcon_core.environment:checking '/home/samuele/dev/minar/minar-challenge-2/ros/install/ct_navigation' for CMake module files
[4.420s] Level 1:colcon.colcon_core.environment:checking '/home/samuele/dev/minar/minar-challenge-2/ros/install/ct_navigation' for CMake config files
[4.421s] Level 1:colcon.colcon_core.environment:checking '/home/samuele/dev/minar/minar-challenge-2/ros/install/ct_navigation/lib'
[4.422s] Level 1:colcon.colcon_core.environment:checking '/home/samuele/dev/minar/minar-challenge-2/ros/install/ct_navigation/bin'
[4.422s] Level 1:colcon.colcon_core.environment:checking '/home/samuele/dev/minar/minar-challenge-2/ros/install/ct_navigation/lib/pkgconfig/ct_navigation.pc'
[4.423s] Level 1:colcon.colcon_core.environment:checking '/home/samuele/dev/minar/minar-challenge-2/ros/install/ct_navigation/lib/python3.12/site-packages'
[4.423s] DEBUG:colcon.colcon_core.event_handler.log_command:Invoked command in '/home/samuele/dev/minar/minar-challenge-2/ros/src/ct_navigation' returned '0': DEBUGINFOD_URLS=https://debuginfod.ubuntu.com PYTHONPATH=/home/samuele/dev/minar/minar-challenge-2/ros/build/ct_navigation/prefix_override:/usr/lib/python3/dist-packages/colcon_core/task/python/colcon_distutils_commands:/home/samuele/dev/minar/minar-challenge-2/ros/install/ct_navigation/lib/python3.12/site-packages:${PYTHONPATH} /usr/bin/python3 -W ignore:setup.py install is deprecated -W ignore:easy_install command is deprecated setup.py egg_info --egg-base ../../build/ct_navigation build --build-base /home/samuele/dev/minar/minar-challenge-2/ros/build/ct_navigation/build install --record /home/samuele/dev/minar/minar-challenge-2/ros/build/ct_navigation/install.log --single-version-externally-managed install_data
[4.423s] Level 1:colcon.colcon_core.shell:create_environment_hook('ct_navigation', 'pythonpath')
[4.424s] INFO:colcon.colcon_core.shell:Creating environment descriptor '/home/samuele/dev/minar/minar-challenge-2/ros/install/ct_navigation/share/ct_navigation/hook/pythonpath.dsv'
[4.425s] INFO:colcon.colcon_core.shell:Creating environment hook '/home/samuele/dev/minar/minar-challenge-2/ros/install/ct_navigation/share/ct_navigation/hook/pythonpath.sh'
[4.427s] Level 1:colcon.colcon_core.environment:checking '/home/samuele/dev/minar/minar-challenge-2/ros/install/ct_navigation/bin'
[4.427s] Level 1:colcon.colcon_core.environment:create_environment_scripts_only(ct_navigation)
[4.428s] INFO:colcon.colcon_core.shell:Creating package descriptor '/home/samuele/dev/minar/minar-challenge-2/ros/install/ct_navigation/share/ct_navigation/package.dsv'
[4.429s] INFO:colcon.colcon_core.shell:Creating package script '/home/samuele/dev/minar/minar-challenge-2/ros/install/ct_navigation/share/ct_navigation/package.sh'
[4.430s] INFO:colcon.colcon_core.shell:Creating package script '/home/samuele/dev/minar/minar-challenge-2/ros/install/ct_navigation/share/ct_navigation/package.bash'
[4.431s] INFO:colcon.colcon_core.shell:Creating package script '/home/samuele/dev/minar/minar-challenge-2/ros/install/ct_navigation/share/ct_navigation/package.zsh'
[4.432s] Level 1:colcon.colcon_core.environment:create_file_with_runtime_dependencies(/home/samuele/dev/minar/minar-challenge-2/ros/install/ct_navigation/share/colcon-core/packages/ct_navigation)
[4.473s] Level 1:colcon.colcon_core.environment:checking '/home/samuele/dev/minar/minar-challenge-2/ros/install/ct_teleop' for CMake module files
[4.474s] DEBUG:colcon.colcon_core.event_handler.log_command:Invoked command in '/home/samuele/dev/minar/minar-challenge-2/ros/src/ct_teleop' returned '0': DEBUGINFOD_URLS=https://debuginfod.ubuntu.com PYTHONPATH=/home/samuele/dev/minar/minar-challenge-2/ros/build/ct_teleop/prefix_override:/usr/lib/python3/dist-packages/colcon_core/task/python/colcon_distutils_commands:/home/samuele/dev/minar/minar-challenge-2/ros/install/ct_teleop/lib/python3.12/site-packages:${PYTHONPATH} /usr/bin/python3 -W ignore:setup.py install is deprecated -W ignore:easy_install command is deprecated setup.py egg_info --egg-base ../../build/ct_teleop build --build-base /home/samuele/dev/minar/minar-challenge-2/ros/build/ct_teleop/build install --record /home/samuele/dev/minar/minar-challenge-2/ros/build/ct_teleop/install.log --single-version-externally-managed install_data
[4.474s] Level 1:colcon.colcon_core.environment:checking '/home/samuele/dev/minar/minar-challenge-2/ros/install/ct_teleop' for CMake config files
[4.476s] Level 1:colcon.colcon_core.environment:checking '/home/samuele/dev/minar/minar-challenge-2/ros/install/ct_teleop/lib'
[4.476s] Level 1:colcon.colcon_core.environment:checking '/home/samuele/dev/minar/minar-challenge-2/ros/install/ct_teleop/bin'
[4.476s] Level 1:colcon.colcon_core.environment:checking '/home/samuele/dev/minar/minar-challenge-2/ros/install/ct_teleop/lib/pkgconfig/ct_teleop.pc'
[4.477s] Level 1:colcon.colcon_core.environment:checking '/home/samuele/dev/minar/minar-challenge-2/ros/install/ct_teleop/lib/python3.12/site-packages'
[4.477s] Level 1:colcon.colcon_core.shell:create_environment_hook('ct_teleop', 'pythonpath')
[4.478s] INFO:colcon.colcon_core.shell:Creating environment descriptor '/home/samuele/dev/minar/minar-challenge-2/ros/install/ct_teleop/share/ct_teleop/hook/pythonpath.dsv'
[4.478s] INFO:colcon.colcon_core.shell:Creating environment hook '/home/samuele/dev/minar/minar-challenge-2/ros/install/ct_teleop/share/ct_teleop/hook/pythonpath.sh'
[4.480s] Level 1:colcon.colcon_core.environment:checking '/home/samuele/dev/minar/minar-challenge-2/ros/install/ct_teleop/bin'
[4.480s] Level 1:colcon.colcon_core.environment:create_environment_scripts_only(ct_teleop)
[4.480s] INFO:colcon.colcon_core.shell:Creating package descriptor '/home/samuele/dev/minar/minar-challenge-2/ros/install/ct_teleop/share/ct_teleop/package.dsv'
[4.481s] INFO:colcon.colcon_core.shell:Creating package script '/home/samuele/dev/minar/minar-challenge-2/ros/install/ct_teleop/share/ct_teleop/package.sh'
[4.482s] INFO:colcon.colcon_core.shell:Creating package script '/home/samuele/dev/minar/minar-challenge-2/ros/install/ct_teleop/share/ct_teleop/package.bash'
[4.483s] INFO:colcon.colcon_core.shell:Creating package script '/home/samuele/dev/minar/minar-challenge-2/ros/install/ct_teleop/share/ct_teleop/package.zsh'
[4.483s] Level 1:colcon.colcon_core.environment:create_file_with_runtime_dependencies(/home/samuele/dev/minar/minar-challenge-2/ros/install/ct_teleop/share/colcon-core/packages/ct_teleop)
[4.581s] Level 1:colcon.colcon_core.environment:checking '/home/samuele/dev/minar/minar-challenge-2/ros/install/ct_bringup' for CMake module files
[4.582s] DEBUG:colcon.colcon_core.event_handler.log_command:Invoked command in '/home/samuele/dev/minar/minar-challenge-2/ros/src/ct_bringup' returned '0': DEBUGINFOD_URLS=https://debuginfod.ubuntu.com PYTHONPATH=/home/samuele/dev/minar/minar-challenge-2/ros/build/ct_bringup/prefix_override:/usr/lib/python3/dist-packages/colcon_core/task/python/colcon_distutils_commands:/home/samuele/dev/minar/minar-challenge-2/ros/install/ct_bringup/lib/python3.12/site-packages:${PYTHONPATH} /usr/bin/python3 -W ignore:setup.py install is deprecated -W ignore:easy_install command is deprecated setup.py egg_info --egg-base ../../build/ct_bringup build --build-base /home/samuele/dev/minar/minar-challenge-2/ros/build/ct_bringup/build install --record /home/samuele/dev/minar/minar-challenge-2/ros/build/ct_bringup/install.log --single-version-externally-managed install_data
[4.582s] Level 1:colcon.colcon_core.environment:checking '/home/samuele/dev/minar/minar-challenge-2/ros/install/ct_bringup' for CMake config files
[4.583s] Level 1:colcon.colcon_core.environment:checking '/home/samuele/dev/minar/minar-challenge-2/ros/install/ct_bringup/lib'
[4.583s] Level 1:colcon.colcon_core.environment:checking '/home/samuele/dev/minar/minar-challenge-2/ros/install/ct_bringup/bin'
[4.583s] Level 1:colcon.colcon_core.environment:checking '/home/samuele/dev/minar/minar-challenge-2/ros/install/ct_bringup/lib/pkgconfig/ct_bringup.pc'
[4.583s] Level 1:colcon.colcon_core.environment:checking '/home/samuele/dev/minar/minar-challenge-2/ros/install/ct_bringup/lib/python3.12/site-packages'
[4.583s] Level 1:colcon.colcon_core.shell:create_environment_hook('ct_bringup', 'pythonpath')
[4.583s] INFO:colcon.colcon_core.shell:Creating environment descriptor '/home/samuele/dev/minar/minar-challenge-2/ros/install/ct_bringup/share/ct_bringup/hook/pythonpath.dsv'
[4.584s] INFO:colcon.colcon_core.shell:Creating environment hook '/home/samuele/dev/minar/minar-challenge-2/ros/install/ct_bringup/share/ct_bringup/hook/pythonpath.sh'
[4.584s] Level 1:colcon.colcon_core.environment:checking '/home/samuele/dev/minar/minar-challenge-2/ros/install/ct_bringup/bin'
[4.585s] Level 1:colcon.colcon_core.environment:create_environment_scripts_only(ct_bringup)
[4.585s] INFO:colcon.colcon_core.shell:Creating package descriptor '/home/samuele/dev/minar/minar-challenge-2/ros/install/ct_bringup/share/ct_bringup/package.dsv'
[4.585s] INFO:colcon.colcon_core.shell:Creating package script '/home/samuele/dev/minar/minar-challenge-2/ros/install/ct_bringup/share/ct_bringup/package.sh'
[4.586s] INFO:colcon.colcon_core.shell:Creating package script '/home/samuele/dev/minar/minar-challenge-2/ros/install/ct_bringup/share/ct_bringup/package.bash'
[4.586s] INFO:colcon.colcon_core.shell:Creating package script '/home/samuele/dev/minar/minar-challenge-2/ros/install/ct_bringup/share/ct_bringup/package.zsh'
[4.587s] Level 1:colcon.colcon_core.environment:create_file_with_runtime_dependencies(/home/samuele/dev/minar/minar-challenge-2/ros/install/ct_bringup/share/colcon-core/packages/ct_bringup)
[4.659s] Level 1:colcon.colcon_core.environment:checking '/home/samuele/dev/minar/minar-challenge-2/ros/install/ct_sensors' for CMake module files
[4.659s] DEBUG:colcon.colcon_core.event_handler.log_command:Invoked command in '/home/samuele/dev/minar/minar-challenge-2/ros/src/ct_sensors' returned '0': DEBUGINFOD_URLS=https://debuginfod.ubuntu.com PYTHONPATH=/home/samuele/dev/minar/minar-challenge-2/ros/build/ct_sensors/prefix_override:/usr/lib/python3/dist-packages/colcon_core/task/python/colcon_distutils_commands:/home/samuele/dev/minar/minar-challenge-2/ros/install/ct_sensors/lib/python3.12/site-packages:${PYTHONPATH} /usr/bin/python3 -W ignore:setup.py install is deprecated -W ignore:easy_install command is deprecated setup.py egg_info --egg-base ../../build/ct_sensors build --build-base /home/samuele/dev/minar/minar-challenge-2/ros/build/ct_sensors/build install --record /home/samuele/dev/minar/minar-challenge-2/ros/build/ct_sensors/install.log --single-version-externally-managed install_data
[4.660s] Level 1:colcon.colcon_core.environment:checking '/home/samuele/dev/minar/minar-challenge-2/ros/install/ct_sensors' for CMake config files
[4.660s] Level 1:colcon.colcon_core.environment:checking '/home/samuele/dev/minar/minar-challenge-2/ros/install/ct_sensors/lib'
[4.660s] Level 1:colcon.colcon_core.environment:checking '/home/samuele/dev/minar/minar-challenge-2/ros/install/ct_sensors/bin'
[4.660s] Level 1:colcon.colcon_core.environment:checking '/home/samuele/dev/minar/minar-challenge-2/ros/install/ct_sensors/lib/pkgconfig/ct_sensors.pc'
[4.661s] Level 1:colcon.colcon_core.environment:checking '/home/samuele/dev/minar/minar-challenge-2/ros/install/ct_sensors/lib/python3.12/site-packages'
[4.661s] Level 1:colcon.colcon_core.shell:create_environment_hook('ct_sensors', 'pythonpath')
[4.661s] INFO:colcon.colcon_core.shell:Creating environment descriptor '/home/samuele/dev/minar/minar-challenge-2/ros/install/ct_sensors/share/ct_sensors/hook/pythonpath.dsv'
[4.662s] INFO:colcon.colcon_core.shell:Creating environment hook '/home/samuele/dev/minar/minar-challenge-2/ros/install/ct_sensors/share/ct_sensors/hook/pythonpath.sh'
[4.662s] Level 1:colcon.colcon_core.environment:checking '/home/samuele/dev/minar/minar-challenge-2/ros/install/ct_sensors/bin'
[4.662s] Level 1:colcon.colcon_core.environment:create_environment_scripts_only(ct_sensors)
[4.662s] INFO:colcon.colcon_core.shell:Creating package descriptor '/home/samuele/dev/minar/minar-challenge-2/ros/install/ct_sensors/share/ct_sensors/package.dsv'
[4.663s] INFO:colcon.colcon_core.shell:Creating package script '/home/samuele/dev/minar/minar-challenge-2/ros/install/ct_sensors/share/ct_sensors/package.sh'
[4.663s] INFO:colcon.colcon_core.shell:Creating package script '/home/samuele/dev/minar/minar-challenge-2/ros/install/ct_sensors/share/ct_sensors/package.bash'
[4.664s] INFO:colcon.colcon_core.shell:Creating package script '/home/samuele/dev/minar/minar-challenge-2/ros/install/ct_sensors/share/ct_sensors/package.zsh'
[4.664s] Level 1:colcon.colcon_core.environment:create_file_with_runtime_dependencies(/home/samuele/dev/minar/minar-challenge-2/ros/install/ct_sensors/share/colcon-core/packages/ct_sensors)
[4.664s] DEBUG:colcon.colcon_parallel_executor.executor.parallel:closing loop
[4.665s] DEBUG:colcon.colcon_parallel_executor.executor.parallel:loop closed
[4.665s] DEBUG:colcon.colcon_parallel_executor.executor.parallel:run_until_complete finished with '0'
[4.665s] DEBUG:colcon.colcon_core.event_reactor:joining thread
[4.672s] INFO:colcon.colcon_core.plugin_system:Skipping extension 'colcon_notification.desktop_notification.terminal_notifier': Not used on non-Darwin systems
[4.672s] INFO:colcon.colcon_core.plugin_system:Skipping extension 'colcon_notification.desktop_notification.win32': Not used on non-Windows systems
[4.672s] INFO:colcon.colcon_notification.desktop_notification:Sending desktop notification using 'notify2'
[4.683s] DEBUG:colcon.colcon_core.event_reactor:joined thread
[4.683s] INFO:colcon.colcon_core.shell:Creating prefix script '/home/samuele/dev/minar/minar-challenge-2/ros/install/local_setup.sh'
[4.684s] INFO:colcon.colcon_core.shell:Creating prefix util module '/home/samuele/dev/minar/minar-challenge-2/ros/install/_local_setup_util_sh.py'
[4.685s] INFO:colcon.colcon_core.shell:Creating prefix chain script '/home/samuele/dev/minar/minar-challenge-2/ros/install/setup.sh'
[4.687s] INFO:colcon.colcon_core.shell:Creating prefix script '/home/samuele/dev/minar/minar-challenge-2/ros/install/local_setup.bash'
[4.687s] INFO:colcon.colcon_core.shell:Creating prefix chain script '/home/samuele/dev/minar/minar-challenge-2/ros/install/setup.bash'
[4.689s] INFO:colcon.colcon_core.shell:Creating prefix script '/home/samuele/dev/minar/minar-challenge-2/ros/install/local_setup.zsh'
[4.690s] INFO:colcon.colcon_core.shell:Creating prefix chain script '/home/samuele/dev/minar/minar-challenge-2/ros/install/setup.zsh'
