-- Found ament_cmake: 2.5.4 (/opt/ros/jazzy/share/ament_cmake/cmake)
-- Override CMake install command with custom implementation using symlinks instead of copying resources
-- Found ament_lint_auto: 0.17.3 (/opt/ros/jazzy/share/ament_lint_auto/cmake)
-- Added test 'lint_cmake' to check CMake code style
-- Added test 'xmllint' to check XML markup files
-- Configuring done (0.5s)
-- Generating done (0.0s)
-- Build files have been written to: /home/samuele/dev/minar/minar-challenge-2/build/ct_description
-- Install configuration: ""
-- Execute custom install script
-- Up-to-date symlink: /home/samuele/dev/minar/minar-challenge-2/install/ct_description/share/ct_description/urdf/ct.urdf
-- Up-to-date symlink: /home/samuele/dev/minar/minar-challenge-2/install/ct_description/share/ament_index/resource_index/package_run_dependencies/ct_description
-- Up-to-date symlink: /home/samuele/dev/minar/minar-challenge-2/install/ct_description/share/ament_index/resource_index/parent_prefix_path/ct_description
-- Up-to-date symlink: /home/samuele/dev/minar/minar-challenge-2/install/ct_description/share/ct_description/environment/ament_prefix_path.sh
-- Up-to-date symlink: /home/samuele/dev/minar/minar-challenge-2/install/ct_description/share/ct_description/environment/ament_prefix_path.dsv
-- Up-to-date symlink: /home/samuele/dev/minar/minar-challenge-2/install/ct_description/share/ct_description/environment/path.sh
-- Up-to-date symlink: /home/samuele/dev/minar/minar-challenge-2/install/ct_description/share/ct_description/environment/path.dsv
-- Up-to-date symlink: /home/samuele/dev/minar/minar-challenge-2/install/ct_description/share/ct_description/local_setup.bash
-- Up-to-date symlink: /home/samuele/dev/minar/minar-challenge-2/install/ct_description/share/ct_description/local_setup.sh
-- Up-to-date symlink: /home/samuele/dev/minar/minar-challenge-2/install/ct_description/share/ct_description/local_setup.zsh
-- Up-to-date symlink: /home/samuele/dev/minar/minar-challenge-2/install/ct_description/share/ct_description/local_setup.dsv
-- Symlinking: /home/samuele/dev/minar/minar-challenge-2/install/ct_description/share/ct_description/package.dsv
-- Up-to-date symlink: /home/samuele/dev/minar/minar-challenge-2/install/ct_description/share/ament_index/resource_index/packages/ct_description
-- Up-to-date symlink: /home/samuele/dev/minar/minar-challenge-2/install/ct_description/share/ct_description/cmake/ct_descriptionConfig.cmake
-- Up-to-date symlink: /home/samuele/dev/minar/minar-challenge-2/install/ct_description/share/ct_description/cmake/ct_descriptionConfig-version.cmake
-- Up-to-date symlink: /home/samuele/dev/minar/minar-challenge-2/install/ct_description/share/ct_description/package.xml
