[0.554s] Invoking command in '/home/samuele/dev/minar/minar-challenge-2/build/ct_description': CMAKE_PREFIX_PATH=${CMAKE_PREFIX_PATH}:/home/samuele/dev/minar/minar-challenge-2/src/install/ct_teleop:/home/samuele/dev/minar/minar-challenge-2/src/install/ct_sensors:/home/samuele/dev/minar/minar-challenge-2/src/install/ct_navigation:/home/samuele/dev/minar/minar-challenge-2/src/install/ct_control:/home/samuele/dev/minar/minar-challenge-2/src/install/ct_bringup:/home/samuele/dev/minar/minar-challenge-2/install/ct_teleop:/home/samuele/dev/minar/minar-challenge-2/install/ct_sensors:/home/samuele/dev/minar/minar-challenge-2/install/ct_navigation:/home/samuele/dev/minar/minar-challenge-2/install/ct_control:/home/samuele/dev/minar/minar-challenge-2/install/ct_bringup:/opt/ros/jazzy DEBUGINFOD_URLS=https://debuginfod.ubuntu.com /usr/bin/cmake /home/samuele/dev/minar/minar-challenge-2/src/ct_description -DCMAKE_INSTALL_PREFIX=/home/samuele/dev/minar/minar-challenge-2/install/ct_description
[1.439s] -- Found ament_cmake: 2.5.4 (/opt/ros/jazzy/share/ament_cmake/cmake)
[1.439s] -- Override CMake install command with custom implementation using symlinks instead of copying resources
[1.439s] -- Found ament_lint_auto: 0.17.3 (/opt/ros/jazzy/share/ament_lint_auto/cmake)
[1.440s] -- Added test 'lint_cmake' to check CMake code style
[1.440s] -- Added test 'xmllint' to check XML markup files
[1.440s] -- Configuring done (0.5s)
[1.441s] -- Generating done (0.0s)
[1.441s] -- Build files have been written to: /home/samuele/dev/minar/minar-challenge-2/build/ct_description
[1.442s] Invoked command in '/home/samuele/dev/minar/minar-challenge-2/build/ct_description' returned '0': CMAKE_PREFIX_PATH=${CMAKE_PREFIX_PATH}:/home/samuele/dev/minar/minar-challenge-2/src/install/ct_teleop:/home/samuele/dev/minar/minar-challenge-2/src/install/ct_sensors:/home/samuele/dev/minar/minar-challenge-2/src/install/ct_navigation:/home/samuele/dev/minar/minar-challenge-2/src/install/ct_control:/home/samuele/dev/minar/minar-challenge-2/src/install/ct_bringup:/home/samuele/dev/minar/minar-challenge-2/install/ct_teleop:/home/samuele/dev/minar/minar-challenge-2/install/ct_sensors:/home/samuele/dev/minar/minar-challenge-2/install/ct_navigation:/home/samuele/dev/minar/minar-challenge-2/install/ct_control:/home/samuele/dev/minar/minar-challenge-2/install/ct_bringup:/opt/ros/jazzy DEBUGINFOD_URLS=https://debuginfod.ubuntu.com /usr/bin/cmake /home/samuele/dev/minar/minar-challenge-2/src/ct_description -DCMAKE_INSTALL_PREFIX=/home/samuele/dev/minar/minar-challenge-2/install/ct_description
[1.443s] Invoking command in '/home/samuele/dev/minar/minar-challenge-2/build/ct_description': CMAKE_PREFIX_PATH=${CMAKE_PREFIX_PATH}:/home/samuele/dev/minar/minar-challenge-2/src/install/ct_teleop:/home/samuele/dev/minar/minar-challenge-2/src/install/ct_sensors:/home/samuele/dev/minar/minar-challenge-2/src/install/ct_navigation:/home/samuele/dev/minar/minar-challenge-2/src/install/ct_control:/home/samuele/dev/minar/minar-challenge-2/src/install/ct_bringup:/home/samuele/dev/minar/minar-challenge-2/install/ct_teleop:/home/samuele/dev/minar/minar-challenge-2/install/ct_sensors:/home/samuele/dev/minar/minar-challenge-2/install/ct_navigation:/home/samuele/dev/minar/minar-challenge-2/install/ct_control:/home/samuele/dev/minar/minar-challenge-2/install/ct_bringup:/opt/ros/jazzy DEBUGINFOD_URLS=https://debuginfod.ubuntu.com /usr/bin/cmake --build /home/samuele/dev/minar/minar-challenge-2/build/ct_description -- -j8 -l8
[1.539s] Invoked command in '/home/samuele/dev/minar/minar-challenge-2/build/ct_description' returned '0': CMAKE_PREFIX_PATH=${CMAKE_PREFIX_PATH}:/home/samuele/dev/minar/minar-challenge-2/src/install/ct_teleop:/home/samuele/dev/minar/minar-challenge-2/src/install/ct_sensors:/home/samuele/dev/minar/minar-challenge-2/src/install/ct_navigation:/home/samuele/dev/minar/minar-challenge-2/src/install/ct_control:/home/samuele/dev/minar/minar-challenge-2/src/install/ct_bringup:/home/samuele/dev/minar/minar-challenge-2/install/ct_teleop:/home/samuele/dev/minar/minar-challenge-2/install/ct_sensors:/home/samuele/dev/minar/minar-challenge-2/install/ct_navigation:/home/samuele/dev/minar/minar-challenge-2/install/ct_control:/home/samuele/dev/minar/minar-challenge-2/install/ct_bringup:/opt/ros/jazzy DEBUGINFOD_URLS=https://debuginfod.ubuntu.com /usr/bin/cmake --build /home/samuele/dev/minar/minar-challenge-2/build/ct_description -- -j8 -l8
[1.559s] Invoking command in '/home/samuele/dev/minar/minar-challenge-2/build/ct_description': CMAKE_PREFIX_PATH=${CMAKE_PREFIX_PATH}:/home/samuele/dev/minar/minar-challenge-2/src/install/ct_teleop:/home/samuele/dev/minar/minar-challenge-2/src/install/ct_sensors:/home/samuele/dev/minar/minar-challenge-2/src/install/ct_navigation:/home/samuele/dev/minar/minar-challenge-2/src/install/ct_control:/home/samuele/dev/minar/minar-challenge-2/src/install/ct_bringup:/home/samuele/dev/minar/minar-challenge-2/install/ct_teleop:/home/samuele/dev/minar/minar-challenge-2/install/ct_sensors:/home/samuele/dev/minar/minar-challenge-2/install/ct_navigation:/home/samuele/dev/minar/minar-challenge-2/install/ct_control:/home/samuele/dev/minar/minar-challenge-2/install/ct_bringup:/opt/ros/jazzy DEBUGINFOD_URLS=https://debuginfod.ubuntu.com /usr/bin/cmake --install /home/samuele/dev/minar/minar-challenge-2/build/ct_description
[1.573s] -- Install configuration: ""
[1.575s] -- Execute custom install script
[1.577s] -- Up-to-date symlink: /home/samuele/dev/minar/minar-challenge-2/install/ct_description/share/ct_description/urdf/ct.urdf
[1.579s] -- Up-to-date symlink: /home/samuele/dev/minar/minar-challenge-2/install/ct_description/share/ament_index/resource_index/package_run_dependencies/ct_description
[1.579s] -- Up-to-date symlink: /home/samuele/dev/minar/minar-challenge-2/install/ct_description/share/ament_index/resource_index/parent_prefix_path/ct_description
[1.579s] -- Up-to-date symlink: /home/samuele/dev/minar/minar-challenge-2/install/ct_description/share/ct_description/environment/ament_prefix_path.sh
[1.582s] -- Up-to-date symlink: /home/samuele/dev/minar/minar-challenge-2/install/ct_description/share/ct_description/environment/ament_prefix_path.dsv
[1.584s] -- Up-to-date symlink: /home/samuele/dev/minar/minar-challenge-2/install/ct_description/share/ct_description/environment/path.sh
[1.584s] -- Up-to-date symlink: /home/samuele/dev/minar/minar-challenge-2/install/ct_description/share/ct_description/environment/path.dsv
[1.586s] -- Up-to-date symlink: /home/samuele/dev/minar/minar-challenge-2/install/ct_description/share/ct_description/local_setup.bash
[1.586s] -- Up-to-date symlink: /home/samuele/dev/minar/minar-challenge-2/install/ct_description/share/ct_description/local_setup.sh
[1.588s] -- Up-to-date symlink: /home/samuele/dev/minar/minar-challenge-2/install/ct_description/share/ct_description/local_setup.zsh
[1.589s] -- Up-to-date symlink: /home/samuele/dev/minar/minar-challenge-2/install/ct_description/share/ct_description/local_setup.dsv
[1.589s] -- Symlinking: /home/samuele/dev/minar/minar-challenge-2/install/ct_description/share/ct_description/package.dsv
[1.628s] -- Up-to-date symlink: /home/samuele/dev/minar/minar-challenge-2/install/ct_description/share/ament_index/resource_index/packages/ct_description
[1.631s] -- Up-to-date symlink: /home/samuele/dev/minar/minar-challenge-2/install/ct_description/share/ct_description/cmake/ct_descriptionConfig.cmake
[1.631s] -- Up-to-date symlink: /home/samuele/dev/minar/minar-challenge-2/install/ct_description/share/ct_description/cmake/ct_descriptionConfig-version.cmake
[1.631s] -- Up-to-date symlink: /home/samuele/dev/minar/minar-challenge-2/install/ct_description/share/ct_description/package.xml
[1.635s] Invoked command in '/home/samuele/dev/minar/minar-challenge-2/build/ct_description' returned '0': CMAKE_PREFIX_PATH=${CMAKE_PREFIX_PATH}:/home/samuele/dev/minar/minar-challenge-2/src/install/ct_teleop:/home/samuele/dev/minar/minar-challenge-2/src/install/ct_sensors:/home/samuele/dev/minar/minar-challenge-2/src/install/ct_navigation:/home/samuele/dev/minar/minar-challenge-2/src/install/ct_control:/home/samuele/dev/minar/minar-challenge-2/src/install/ct_bringup:/home/samuele/dev/minar/minar-challenge-2/install/ct_teleop:/home/samuele/dev/minar/minar-challenge-2/install/ct_sensors:/home/samuele/dev/minar/minar-challenge-2/install/ct_navigation:/home/samuele/dev/minar/minar-challenge-2/install/ct_control:/home/samuele/dev/minar/minar-challenge-2/install/ct_bringup:/opt/ros/jazzy DEBUGINFOD_URLS=https://debuginfod.ubuntu.com /usr/bin/cmake --install /home/samuele/dev/minar/minar-challenge-2/build/ct_description
