[3.143s] Invoking command in '/home/samuele/dev/minar/minar-challenge-2/build/ct_navigation': DEBUGINFOD_URLS=https://debuginfod.ubuntu.com PYTHONPATH=/home/samuele/dev/minar/minar-challenge-2/build/ct_navigation/prefix_override:/usr/lib/python3/dist-packages/colcon_core/task/python/colcon_distutils_commands:/home/samuele/dev/minar/minar-challenge-2/install/ct_navigation/lib/python3.12/site-packages:${PYTHONPATH} /usr/bin/python3 -W ignore:setup.py install is deprecated -W ignore:easy_install command is deprecated setup.py develop --uninstall --editable --build-directory /home/samuele/dev/minar/minar-challenge-2/build/ct_navigation/build
[4.114s] running develop
[4.752s] Removing /home/samuele/dev/minar/minar-challenge-2/install/ct_navigation/lib/python3.12/site-packages/ct-navigation.egg-link (link to .)
[4.825s] Invoked command in '/home/samuele/dev/minar/minar-challenge-2/build/ct_navigation' returned '0': DEBUGINFOD_URLS=https://debuginfod.ubuntu.com PYTHONPATH=/home/samuele/dev/minar/minar-challenge-2/build/ct_navigation/prefix_override:/usr/lib/python3/dist-packages/colcon_core/task/python/colcon_distutils_commands:/home/samuele/dev/minar/minar-challenge-2/install/ct_navigation/lib/python3.12/site-packages:${PYTHONPATH} /usr/bin/python3 -W ignore:setup.py install is deprecated -W ignore:easy_install command is deprecated setup.py develop --uninstall --editable --build-directory /home/samuele/dev/minar/minar-challenge-2/build/ct_navigation/build
[4.827s] Invoking command in '/home/samuele/dev/minar/minar-challenge-2/src/ct_navigation': DEBUGINFOD_URLS=https://debuginfod.ubuntu.com PYTHONPATH=/home/samuele/dev/minar/minar-challenge-2/build/ct_navigation/prefix_override:/usr/lib/python3/dist-packages/colcon_core/task/python/colcon_distutils_commands:/home/samuele/dev/minar/minar-challenge-2/install/ct_navigation/lib/python3.12/site-packages:${PYTHONPATH} /usr/bin/python3 -W ignore:setup.py install is deprecated -W ignore:easy_install command is deprecated setup.py egg_info --egg-base ../../build/ct_navigation build --build-base /home/samuele/dev/minar/minar-challenge-2/build/ct_navigation/build install --record /home/samuele/dev/minar/minar-challenge-2/build/ct_navigation/install.log --single-version-externally-managed install_data --force
[5.387s] running egg_info
[5.428s] writing ../../build/ct_navigation/ct_navigation.egg-info/PKG-INFO
[5.429s] writing dependency_links to ../../build/ct_navigation/ct_navigation.egg-info/dependency_links.txt
[5.429s] writing requirements to ../../build/ct_navigation/ct_navigation.egg-info/requires.txt
[5.430s] writing top-level names to ../../build/ct_navigation/ct_navigation.egg-info/top_level.txt
[5.525s] reading manifest file '../../build/ct_navigation/ct_navigation.egg-info/SOURCES.txt'
[5.526s] writing manifest file '../../build/ct_navigation/ct_navigation.egg-info/SOURCES.txt'
[5.527s] running build
[5.527s] running build_py
[5.529s] creating /home/samuele/dev/minar/minar-challenge-2/build/ct_navigation/build
[5.529s] creating /home/samuele/dev/minar/minar-challenge-2/build/ct_navigation/build/lib
[5.529s] creating /home/samuele/dev/minar/minar-challenge-2/build/ct_navigation/build/lib/ct_navigation
[5.530s] copying ct_navigation/__init__.py -> /home/samuele/dev/minar/minar-challenge-2/build/ct_navigation/build/lib/ct_navigation
[5.530s] running install
[5.550s] running install_lib
[5.617s] creating /home/samuele/dev/minar/minar-challenge-2/install/ct_navigation/lib/python3.12/site-packages/ct_navigation
[5.618s] copying /home/samuele/dev/minar/minar-challenge-2/build/ct_navigation/build/lib/ct_navigation/__init__.py -> /home/samuele/dev/minar/minar-challenge-2/install/ct_navigation/lib/python3.12/site-packages/ct_navigation
[5.622s] byte-compiling /home/samuele/dev/minar/minar-challenge-2/install/ct_navigation/lib/python3.12/site-packages/ct_navigation/__init__.py to __init__.cpython-312.pyc
[5.622s] running install_data
[5.622s] copying resource/ct_navigation -> /home/samuele/dev/minar/minar-challenge-2/install/ct_navigation/share/ament_index/resource_index/packages
[5.622s] copying package.xml -> /home/samuele/dev/minar/minar-challenge-2/install/ct_navigation/share/ct_navigation
[5.623s] running install_egg_info
[5.695s] Copying ../../build/ct_navigation/ct_navigation.egg-info to /home/samuele/dev/minar/minar-challenge-2/install/ct_navigation/lib/python3.12/site-packages/ct_navigation-0.0.0-py3.12.egg-info
[5.695s] running install_scripts
[6.139s] writing list of installed files to '/home/samuele/dev/minar/minar-challenge-2/build/ct_navigation/install.log'
[6.230s] Invoked command in '/home/samuele/dev/minar/minar-challenge-2/src/ct_navigation' returned '0': DEBUGINFOD_URLS=https://debuginfod.ubuntu.com PYTHONPATH=/home/samuele/dev/minar/minar-challenge-2/build/ct_navigation/prefix_override:/usr/lib/python3/dist-packages/colcon_core/task/python/colcon_distutils_commands:/home/samuele/dev/minar/minar-challenge-2/install/ct_navigation/lib/python3.12/site-packages:${PYTHONPATH} /usr/bin/python3 -W ignore:setup.py install is deprecated -W ignore:easy_install command is deprecated setup.py egg_info --egg-base ../../build/ct_navigation build --build-base /home/samuele/dev/minar/minar-challenge-2/build/ct_navigation/build install --record /home/samuele/dev/minar/minar-challenge-2/build/ct_navigation/install.log --single-version-externally-managed install_data --force
