-- The C compiler identification is GNU 13.3.0
-- The CXX compiler identification is GNU 13.3.0
-- Detecting C compiler ABI info
-- Detecting C compiler ABI info - done
-- Check for working C compiler: /usr/bin/cc - skipped
-- Detecting C compile features
-- Detecting C compile features - done
-- Detecting CXX compiler ABI info
-- Detecting CXX compiler ABI info - done
-- Check for working CXX compiler: /usr/bin/c++ - skipped
-- Detecting CXX compile features
-- Detecting CXX compile features - done
-- Found ament_cmake: 2.5.4 (/opt/ros/jazzy/share/ament_cmake/cmake)
-- Found Python3: /usr/bin/python3 (found version "3.12.3") found components: Interpreter 
-- Override CMake install command with custom implementation using symlinks instead of copying resources
-- Found ament_lint_auto: 0.17.3 (/opt/ros/jazzy/share/ament_lint_auto/cmake)
-- Added test 'lint_cmake' to check CMake code style
-- Added test 'xmllint' to check XML markup files
-- Configuring done (1.2s)
-- Generating done (0.0s)
-- Build files have been written to: /home/samuele/dev/minar/minar-challenge-2/ros/src/build/ct_description
-- Install configuration: ""
-- Execute custom install script
-- Symlinking: /home/samuele/dev/minar/minar-challenge-2/ros/src/install/ct_description/share/ct_description/urdf/ct.urdf
-- Symlinking: /home/samuele/dev/minar/minar-challenge-2/ros/src/install/ct_description/share/ament_index/resource_index/package_run_dependencies/ct_description
-- Symlinking: /home/samuele/dev/minar/minar-challenge-2/ros/src/install/ct_description/share/ament_index/resource_index/parent_prefix_path/ct_description
-- Symlinking: /home/samuele/dev/minar/minar-challenge-2/ros/src/install/ct_description/share/ct_description/environment/ament_prefix_path.sh
-- Symlinking: /home/samuele/dev/minar/minar-challenge-2/ros/src/install/ct_description/share/ct_description/environment/ament_prefix_path.dsv
-- Symlinking: /home/samuele/dev/minar/minar-challenge-2/ros/src/install/ct_description/share/ct_description/environment/path.sh
-- Symlinking: /home/samuele/dev/minar/minar-challenge-2/ros/src/install/ct_description/share/ct_description/environment/path.dsv
-- Symlinking: /home/samuele/dev/minar/minar-challenge-2/ros/src/install/ct_description/share/ct_description/local_setup.bash
-- Symlinking: /home/samuele/dev/minar/minar-challenge-2/ros/src/install/ct_description/share/ct_description/local_setup.sh
-- Symlinking: /home/samuele/dev/minar/minar-challenge-2/ros/src/install/ct_description/share/ct_description/local_setup.zsh
-- Symlinking: /home/samuele/dev/minar/minar-challenge-2/ros/src/install/ct_description/share/ct_description/local_setup.dsv
-- Symlinking: /home/samuele/dev/minar/minar-challenge-2/ros/src/install/ct_description/share/ct_description/package.dsv
-- Symlinking: /home/samuele/dev/minar/minar-challenge-2/ros/src/install/ct_description/share/ament_index/resource_index/packages/ct_description
-- Symlinking: /home/samuele/dev/minar/minar-challenge-2/ros/src/install/ct_description/share/ct_description/cmake/ct_descriptionConfig.cmake
-- Symlinking: /home/samuele/dev/minar/minar-challenge-2/ros/src/install/ct_description/share/ct_description/cmake/ct_descriptionConfig-version.cmake
-- Symlinking: /home/samuele/dev/minar/minar-challenge-2/ros/src/install/ct_description/share/ct_description/package.xml
