[0.580s] Invoking command in '/home/samuele/dev/minar/minar-challenge-2/ros/src/build/ct_description': CMAKE_PREFIX_PATH=${CMAKE_PREFIX_PATH}:/home/samuele/dev/minar/minar-challenge-2/ros/install/ct_teleop:/home/samuele/dev/minar/minar-challenge-2/ros/install/ct_sensors:/home/samuele/dev/minar/minar-challenge-2/ros/install/ct_navigation:/home/samuele/dev/minar/minar-challenge-2/ros/install/ct_control:/home/samuele/dev/minar/minar-challenge-2/ros/install/ct_bringup:/opt/ros/jazzy DEBUGINFOD_URLS=https://debuginfod.ubuntu.com /usr/bin/cmake /home/samuele/dev/minar/minar-challenge-2/ros/src/ct_description -DAMENT_CMAKE_SYMLINK_INSTALL=1 -DCMAKE_INSTALL_PREFIX=/home/samuele/dev/minar/minar-challenge-2/ros/src/install/ct_description
[1.532s] -- The C compiler identification is GNU 13.3.0
[1.533s] -- The CXX compiler identification is GNU 13.3.0
[1.533s] -- Detecting C compiler ABI info
[1.533s] -- Detecting C compiler ABI info - done
[1.533s] -- Check for working C compiler: /usr/bin/cc - skipped
[1.533s] -- Detecting C compile features
[1.533s] -- Detecting C compile features - done
[1.533s] -- Detecting CXX compiler ABI info
[1.533s] -- Detecting CXX compiler ABI info - done
[1.533s] -- Check for working CXX compiler: /usr/bin/c++ - skipped
[1.533s] -- Detecting CXX compile features
[1.533s] -- Detecting CXX compile features - done
[1.534s] -- Found ament_cmake: 2.5.4 (/opt/ros/jazzy/share/ament_cmake/cmake)
[1.534s] -- Found Python3: /usr/bin/python3 (found version "3.12.3") found components: Interpreter 
[1.534s] -- Override CMake install command with custom implementation using symlinks instead of copying resources
[1.534s] -- Found ament_lint_auto: 0.17.3 (/opt/ros/jazzy/share/ament_lint_auto/cmake)
[1.777s] -- Added test 'lint_cmake' to check CMake code style
[1.780s] -- Added test 'xmllint' to check XML markup files
[1.794s] -- Configuring done (1.2s)
[1.806s] -- Generating done (0.0s)
[1.812s] -- Build files have been written to: /home/samuele/dev/minar/minar-challenge-2/ros/src/build/ct_description
[1.830s] Invoked command in '/home/samuele/dev/minar/minar-challenge-2/ros/src/build/ct_description' returned '0': CMAKE_PREFIX_PATH=${CMAKE_PREFIX_PATH}:/home/samuele/dev/minar/minar-challenge-2/ros/install/ct_teleop:/home/samuele/dev/minar/minar-challenge-2/ros/install/ct_sensors:/home/samuele/dev/minar/minar-challenge-2/ros/install/ct_navigation:/home/samuele/dev/minar/minar-challenge-2/ros/install/ct_control:/home/samuele/dev/minar/minar-challenge-2/ros/install/ct_bringup:/opt/ros/jazzy DEBUGINFOD_URLS=https://debuginfod.ubuntu.com /usr/bin/cmake /home/samuele/dev/minar/minar-challenge-2/ros/src/ct_description -DAMENT_CMAKE_SYMLINK_INSTALL=1 -DCMAKE_INSTALL_PREFIX=/home/samuele/dev/minar/minar-challenge-2/ros/src/install/ct_description
[1.831s] Invoking command in '/home/samuele/dev/minar/minar-challenge-2/ros/src/build/ct_description': CMAKE_PREFIX_PATH=${CMAKE_PREFIX_PATH}:/home/samuele/dev/minar/minar-challenge-2/ros/install/ct_teleop:/home/samuele/dev/minar/minar-challenge-2/ros/install/ct_sensors:/home/samuele/dev/minar/minar-challenge-2/ros/install/ct_navigation:/home/samuele/dev/minar/minar-challenge-2/ros/install/ct_control:/home/samuele/dev/minar/minar-challenge-2/ros/install/ct_bringup:/opt/ros/jazzy DEBUGINFOD_URLS=https://debuginfod.ubuntu.com /usr/bin/cmake --build /home/samuele/dev/minar/minar-challenge-2/ros/src/build/ct_description -- -j8 -l8
[1.964s] Invoked command in '/home/samuele/dev/minar/minar-challenge-2/ros/src/build/ct_description' returned '0': CMAKE_PREFIX_PATH=${CMAKE_PREFIX_PATH}:/home/samuele/dev/minar/minar-challenge-2/ros/install/ct_teleop:/home/samuele/dev/minar/minar-challenge-2/ros/install/ct_sensors:/home/samuele/dev/minar/minar-challenge-2/ros/install/ct_navigation:/home/samuele/dev/minar/minar-challenge-2/ros/install/ct_control:/home/samuele/dev/minar/minar-challenge-2/ros/install/ct_bringup:/opt/ros/jazzy DEBUGINFOD_URLS=https://debuginfod.ubuntu.com /usr/bin/cmake --build /home/samuele/dev/minar/minar-challenge-2/ros/src/build/ct_description -- -j8 -l8
[1.994s] Invoking command in '/home/samuele/dev/minar/minar-challenge-2/ros/src/build/ct_description': CMAKE_PREFIX_PATH=${CMAKE_PREFIX_PATH}:/home/samuele/dev/minar/minar-challenge-2/ros/install/ct_teleop:/home/samuele/dev/minar/minar-challenge-2/ros/install/ct_sensors:/home/samuele/dev/minar/minar-challenge-2/ros/install/ct_navigation:/home/samuele/dev/minar/minar-challenge-2/ros/install/ct_control:/home/samuele/dev/minar/minar-challenge-2/ros/install/ct_bringup:/opt/ros/jazzy DEBUGINFOD_URLS=https://debuginfod.ubuntu.com /usr/bin/cmake --install /home/samuele/dev/minar/minar-challenge-2/ros/src/build/ct_description
[2.017s] -- Install configuration: ""
[2.019s] -- Execute custom install script
[2.023s] -- Symlinking: /home/samuele/dev/minar/minar-challenge-2/ros/src/install/ct_description/share/ct_description/urdf/ct.urdf
[2.045s] -- Symlinking: /home/samuele/dev/minar/minar-challenge-2/ros/src/install/ct_description/share/ament_index/resource_index/package_run_dependencies/ct_description
[2.074s] -- Symlinking: /home/samuele/dev/minar/minar-challenge-2/ros/src/install/ct_description/share/ament_index/resource_index/parent_prefix_path/ct_description
[2.121s] -- Symlinking: /home/samuele/dev/minar/minar-challenge-2/ros/src/install/ct_description/share/ct_description/environment/ament_prefix_path.sh
[2.142s] -- Symlinking: /home/samuele/dev/minar/minar-challenge-2/ros/src/install/ct_description/share/ct_description/environment/ament_prefix_path.dsv
[2.177s] -- Symlinking: /home/samuele/dev/minar/minar-challenge-2/ros/src/install/ct_description/share/ct_description/environment/path.sh
[2.225s] -- Symlinking: /home/samuele/dev/minar/minar-challenge-2/ros/src/install/ct_description/share/ct_description/environment/path.dsv
[2.252s] -- Symlinking: /home/samuele/dev/minar/minar-challenge-2/ros/src/install/ct_description/share/ct_description/local_setup.bash
[2.279s] -- Symlinking: /home/samuele/dev/minar/minar-challenge-2/ros/src/install/ct_description/share/ct_description/local_setup.sh
[2.313s] -- Symlinking: /home/samuele/dev/minar/minar-challenge-2/ros/src/install/ct_description/share/ct_description/local_setup.zsh
[2.338s] -- Symlinking: /home/samuele/dev/minar/minar-challenge-2/ros/src/install/ct_description/share/ct_description/local_setup.dsv
[2.366s] -- Symlinking: /home/samuele/dev/minar/minar-challenge-2/ros/src/install/ct_description/share/ct_description/package.dsv
[2.387s] -- Symlinking: /home/samuele/dev/minar/minar-challenge-2/ros/src/install/ct_description/share/ament_index/resource_index/packages/ct_description
[2.417s] -- Symlinking: /home/samuele/dev/minar/minar-challenge-2/ros/src/install/ct_description/share/ct_description/cmake/ct_descriptionConfig.cmake
[2.441s] -- Symlinking: /home/samuele/dev/minar/minar-challenge-2/ros/src/install/ct_description/share/ct_description/cmake/ct_descriptionConfig-version.cmake
[2.457s] -- Symlinking: /home/samuele/dev/minar/minar-challenge-2/ros/src/install/ct_description/share/ct_description/package.xml
[2.476s] Invoked command in '/home/samuele/dev/minar/minar-challenge-2/ros/src/build/ct_description' returned '0': CMAKE_PREFIX_PATH=${CMAKE_PREFIX_PATH}:/home/samuele/dev/minar/minar-challenge-2/ros/install/ct_teleop:/home/samuele/dev/minar/minar-challenge-2/ros/install/ct_sensors:/home/samuele/dev/minar/minar-challenge-2/ros/install/ct_navigation:/home/samuele/dev/minar/minar-challenge-2/ros/install/ct_control:/home/samuele/dev/minar/minar-challenge-2/ros/install/ct_bringup:/opt/ros/jazzy DEBUGINFOD_URLS=https://debuginfod.ubuntu.com /usr/bin/cmake --install /home/samuele/dev/minar/minar-challenge-2/ros/src/build/ct_description
