[1.023s] Invoking command in '/home/samuele/dev/minar/minar-challenge-2/ros/build/ct_bringup': DEBUGINFOD_URLS=https://debuginfod.ubuntu.com PYTHONPATH=/home/samuele/dev/minar/minar-challenge-2/ros/build/ct_bringup/prefix_override:/usr/lib/python3/dist-packages/colcon_core/task/python/colcon_distutils_commands:/home/samuele/dev/minar/minar-challenge-2/ros/install/ct_bringup/lib/python3.12/site-packages:${PYTHONPATH} /usr/bin/python3 -W ignore:setup.py install is deprecated -W ignore:easy_install command is deprecated setup.py develop --editable --build-directory /home/samuele/dev/minar/minar-challenge-2/ros/build/ct_bringup/build --no-deps symlink_data --force
[1.404s] running develop
[1.647s] running egg_info
[1.669s] writing ct_bringup.egg-info/PKG-INFO
[1.669s] writing dependency_links to ct_bringup.egg-info/dependency_links.txt
[1.670s] writing entry points to ct_bringup.egg-info/entry_points.txt
[1.670s] writing requirements to ct_bringup.egg-info/requires.txt
[1.670s] writing top-level names to ct_bringup.egg-info/top_level.txt
[1.714s] reading manifest file 'ct_bringup.egg-info/SOURCES.txt'
[1.715s] writing manifest file 'ct_bringup.egg-info/SOURCES.txt'
[1.740s] running build_ext
[1.740s] Creating /home/samuele/dev/minar/minar-challenge-2/ros/install/ct_bringup/lib/python3.12/site-packages/ct-bringup.egg-link (link to .)
[1.741s] Installing wheel_encoder_node script to /home/samuele/dev/minar/minar-challenge-2/ros/install/ct_bringup/lib/ct_bringup
[1.741s] 
[1.741s] Installed /home/samuele/dev/minar/minar-challenge-2/ros/build/ct_bringup
[1.741s] running symlink_data
[1.741s] symbolically linking /home/samuele/dev/minar/minar-challenge-2/ros/build/ct_bringup/resource/ct_bringup -> /home/samuele/dev/minar/minar-challenge-2/ros/install/ct_bringup/share/ament_index/resource_index/packages
[1.742s] symbolically linking /home/samuele/dev/minar/minar-challenge-2/ros/build/ct_bringup/package.xml -> /home/samuele/dev/minar/minar-challenge-2/ros/install/ct_bringup/share/ct_bringup
[1.742s] symbolically linking /home/samuele/dev/minar/minar-challenge-2/ros/build/ct_bringup/launch/bringup.launch.py -> /home/samuele/dev/minar/minar-challenge-2/ros/install/ct_bringup/share/ct_bringup/launch
[1.742s] symbolically linking /home/samuele/dev/minar/minar-challenge-2/ros/build/ct_bringup/config/slam_toolbox.yaml -> /home/samuele/dev/minar/minar-challenge-2/ros/install/ct_bringup/share/ct_bringup/config
[1.784s] Invoked command in '/home/samuele/dev/minar/minar-challenge-2/ros/build/ct_bringup' returned '0': DEBUGINFOD_URLS=https://debuginfod.ubuntu.com PYTHONPATH=/home/samuele/dev/minar/minar-challenge-2/ros/build/ct_bringup/prefix_override:/usr/lib/python3/dist-packages/colcon_core/task/python/colcon_distutils_commands:/home/samuele/dev/minar/minar-challenge-2/ros/install/ct_bringup/lib/python3.12/site-packages:${PYTHONPATH} /usr/bin/python3 -W ignore:setup.py install is deprecated -W ignore:easy_install command is deprecated setup.py develop --editable --build-directory /home/samuele/dev/minar/minar-challenge-2/ros/build/ct_bringup/build --no-deps symlink_data --force
