[3.113s] Invoking command in '/home/samuele/dev/minar/minar-challenge-2/src/ct_bringup': DEBUGINFOD_URLS=https://debuginfod.ubuntu.com PYTHONPATH=/home/samuele/dev/minar/minar-challenge-2/build/ct_bringup/prefix_override:/usr/lib/python3/dist-packages/colcon_core/task/python/colcon_distutils_commands:/home/samuele/dev/minar/minar-challenge-2/install/ct_bringup/lib/python3.12/site-packages:${PYTHONPATH} /usr/bin/python3 -W ignore:setup.py install is deprecated -W ignore:easy_install command is deprecated setup.py egg_info --egg-base ../../build/ct_bringup build --build-base /home/samuele/dev/minar/minar-challenge-2/build/ct_bringup/build install --record /home/samuele/dev/minar/minar-challenge-2/build/ct_bringup/install.log --single-version-externally-managed install_data
[3.665s] running egg_info
[3.726s] writing ../../build/ct_bringup/ct_bringup.egg-info/PKG-INFO
[3.728s] writing dependency_links to ../../build/ct_bringup/ct_bringup.egg-info/dependency_links.txt
[3.729s] writing requirements to ../../build/ct_bringup/ct_bringup.egg-info/requires.txt
[3.729s] writing top-level names to ../../build/ct_bringup/ct_bringup.egg-info/top_level.txt
[3.840s] reading manifest file '../../build/ct_bringup/ct_bringup.egg-info/SOURCES.txt'
[3.842s] writing manifest file '../../build/ct_bringup/ct_bringup.egg-info/SOURCES.txt'
[3.842s] running build
[3.842s] running build_py
[3.844s] running install
[3.853s] running install_lib
[3.897s] running install_data
[3.898s] copying launch/bringup.launch.py -> /home/samuele/dev/minar/minar-challenge-2/install/ct_bringup/share/ct_bringup/launch
[3.899s] running install_egg_info
[3.946s] removing '/home/samuele/dev/minar/minar-challenge-2/install/ct_bringup/lib/python3.12/site-packages/ct_bringup-0.0.0-py3.12.egg-info' (and everything under it)
[3.946s] Copying ../../build/ct_bringup/ct_bringup.egg-info to /home/samuele/dev/minar/minar-challenge-2/install/ct_bringup/lib/python3.12/site-packages/ct_bringup-0.0.0-py3.12.egg-info
[3.948s] running install_scripts
[4.237s] writing list of installed files to '/home/samuele/dev/minar/minar-challenge-2/build/ct_bringup/install.log'
[4.297s] Invoked command in '/home/samuele/dev/minar/minar-challenge-2/src/ct_bringup' returned '0': DEBUGINFOD_URLS=https://debuginfod.ubuntu.com PYTHONPATH=/home/samuele/dev/minar/minar-challenge-2/build/ct_bringup/prefix_override:/usr/lib/python3/dist-packages/colcon_core/task/python/colcon_distutils_commands:/home/samuele/dev/minar/minar-challenge-2/install/ct_bringup/lib/python3.12/site-packages:${PYTHONPATH} /usr/bin/python3 -W ignore:setup.py install is deprecated -W ignore:easy_install command is deprecated setup.py egg_info --egg-base ../../build/ct_bringup build --build-base /home/samuele/dev/minar/minar-challenge-2/build/ct_bringup/build install --record /home/samuele/dev/minar/minar-challenge-2/build/ct_bringup/install.log --single-version-externally-managed install_data
